#
# A fatal error has been detected by the Java Runtime Environment:
#
#  SIGSEGV (0xb) at pc=0x00007b0afbf6d9ad, pid=22615, tid=23995
#
# JRE version: OpenJDK Runtime Environment Temurin-21.0.5+11 (21.0.5+11) (build 21.0.5+11-LTS)
# Java VM: OpenJDK 64-Bit Server VM Temurin-21.0.5+11 (21.0.5+11-LTS, mixed mode, sharing, tiered, compressed oops, compressed class ptrs, parallel gc, linux-amd64)
# Problematic frame:
# V  [libjvm.so+0x69e9ad]  ConstantPool::klass_ref_at(int, Bytecodes::Code, JavaThread*)+0x2d
#
# Core dump will be written. Default location: Core dumps may be processed with "/sbin/crash_reporter --user=%P:%s:%u:%g:%f" (or dumping to /home/willsonic3/BRICK-BREAKER-JAVA/brick-breaker-java/core.22615)
#
# If you would like to submit a bug report, please visit:
#   https://github.com/adoptium/adoptium-support/issues
#

---------------  S U M M A R Y ------------

Command Line: --add-modules=ALL-SYSTEM --add-opens=java.base/java.util=ALL-UNNAMED --add-opens=java.base/java.lang=ALL-UNNAMED --add-opens=java.base/sun.nio.fs=ALL-UNNAMED -Declipse.application=org.eclipse.jdt.ls.core.id1 -Dosgi.bundles.defaultStartLevel=4 -Declipse.product=org.eclipse.jdt.ls.core.product -Djava.import.generatesMetadataFilesAtProjectRoot=false -DDetectVMInstallationsJob.disabled=true -Dfile.encoding=utf8 -XX:+UseParallelGC -XX:GCTimeRatio=4 -XX:AdaptiveSizePolicyWeight=90 -Dsun.zip.disableMemoryMapping=true -Xmx1G -Xms100m -Xlog:disable -javaagent:/home/willsonic3/.vscode/extensions/redhat.java-1.39.0-linux-x64/lombok/lombok-1.18.34.jar -XX:+HeapDumpOnOutOfMemoryError -XX:HeapDumpPath=/home/willsonic3/.config/Code/User/workspaceStorage/6d8234357a5991e2a9fefcf8a362a54d/redhat.java -Daether.dependencyCollector.impl=bf /home/willsonic3/.vscode/extensions/redhat.java-1.39.0-linux-x64/server/plugins/org.eclipse.equinox.launcher_1.6.900.v20240613-2009.jar -configuration /home/willsonic3/.config/Code/User/globalStorage/redhat.java/1.39.0/config_linux -data /home/willsonic3/.config/Code/User/workspaceStorage/6d8234357a5991e2a9fefcf8a362a54d/redhat.java/jdt_ws --pipe=/run/user/1000/lsp-67f1f2a735425bfb9022209fc4aaae2e.sock

Host: Intel(R) Celeron(R) CPU  N3060  @ 1.60GHz, 2 cores, 2G, Debian GNU/Linux 11 (bullseye)
Time: Tue Feb 25 17:33:55 2025 WAT elapsed time: 408.775025 seconds (0d 0h 6m 48s)

---------------  T H R E A D  ---------------

Current thread (0x00007b0a681c67b0):  JavaThread "pool-1-thread-2"        [_thread_in_vm, id=23995, stack(0x00007b0a595b4000,0x00007b0a596b5000) (1028K)]

Stack: [0x00007b0a595b4000,0x00007b0a596b5000],  sp=0x00007b0a596ab4f0,  free space=989k
Native frames: (J=compiled Java code, j=interpreted, Vv=VM code, C=native code)
V  [libjvm.so+0x69e9ad]  ConstantPool::klass_ref_at(int, Bytecodes::Code, JavaThread*)+0x2d
V  [libjvm.so+0xb8a50a]  LinkInfo::LinkInfo(constantPoolHandle const&, int, methodHandle const&, Bytecodes::Code, JavaThread*)+0x4a
V  [libjvm.so+0xb8d4d0]  LinkResolver::resolve_method_statically(Bytecodes::Code, constantPoolHandle const&, int, JavaThread*)+0x50
V  [libjvm.so+0x4d18ca]  Bytecode_invoke::static_target(JavaThread*)+0x8a
V  [libjvm.so+0xdc92c2]  SharedRuntime::find_callee_info_helper(vframeStream&, Bytecodes::Code&, CallInfo&, JavaThread*)+0x552
V  [libjvm.so+0xdc9fff]  SharedRuntime::find_callee_method(JavaThread*)+0xaf
V  [libjvm.so+0xdca582]  SharedRuntime::reresolve_call_site(JavaThread*)+0x2b2
V  [libjvm.so+0xdca87a]  SharedRuntime::handle_wrong_method(JavaThread*)+0xda
v  ~RuntimeStub::wrong_method_stub 0x00007b0aec53eff5
J 1287 c1
[error occurred during error reporting (printing native stack (with source info)), id 0xb, SIGSEGV (0xb) at pc=0x00007b0afc557c10]

Retrying call stack printing without source information...
Native frames: (J=compiled Java code, j=interpreted, Vv=VM code, C=native code)
V  [libjvm.so+0x69e9ad]  ConstantPool::klass_ref_at(int, Bytecodes::Code, JavaThread*)+0x2d
V  [libjvm.so+0xb8a50a]  LinkInfo::LinkInfo(constantPoolHandle const&, int, methodHandle const&, Bytecodes::Code, JavaThread*)+0x4a
V  [libjvm.so+0xb8d4d0]  LinkResolver::resolve_method_statically(Bytecodes::Code, constantPoolHandle const&, int, JavaThread*)+0x50
V  [libjvm.so+0x4d18ca]  Bytecode_invoke::static_target(JavaThread*)+0x8a
V  [libjvm.so+0xdc92c2]  SharedRuntime::find_callee_info_helper(vframeStream&, Bytecodes::Code&, CallInfo&, JavaThread*)+0x552
V  [libjvm.so+0xdc9fff]  SharedRuntime::find_callee_method(JavaThread*)+0xaf
V  [libjvm.so+0xdca582]  SharedRuntime::reresolve_call_site(JavaThread*)+0x2b2
V  [libjvm.so+0xdca87a]  SharedRuntime::handle_wrong_method(JavaThread*)+0xda
v  ~RuntimeStub::wrong_method_stub 0x00007b0aec53eff5
J 1287 c1
[error occurred during error reporting (retry printing native stack (no source info)), id 0xb, SIGSEGV (0xb) at pc=0x00007b0afc557c10]
Java frames: (J=compiled Java code, j=interpreted, Vv=VM code)
v  ~RuntimeStub::wrong_method_stub 0x00007b0aec53eff5
J 1287 c1
[error occurred during error reporting (printing Java stack), id 0xb, SIGSEGV (0xb) at pc=0x00007b0afc557c10]

siginfo: si_signo: 11 (SIGSEGV), si_code: 1 (SEGV_MAPERR), si_addr: 0x0000000000000010

Registers:
RAX=0x0000000000000000, RBX=0x0000000000000000, RCX=0x00007b0a681c67b0, RDX=0x00007b0a681c67b0
RSP=0x00007b0a596ab4f0, RBP=0x00007b0a596ab530, RSI=0x0000000000000000, RDI=0x0000000000000000
R8 =0x0000000000000000, R9 =0x00007b0a681c67b0, R10=0x00007b0a596ab5b0, R11=0x00007b0af404fb8c
R12=0x00007b0a596ab630, R13=0x00007b0a681c67b0, R14=0x0000000000000000, R15=0x0000000000000000
RIP=0x00007b0afbf6d9ad, EFLAGS=0x0000000000010246, CSGSFS=0x002b000000000033, ERR=0x0000000000000004
  TRAPNO=0x000000000000000e


Register to memory mapping:

RAX=0x0 is null
RBX=0x0 is null
RCX=0x00007b0a681c67b0 is a thread
RDX=0x00007b0a681c67b0 is a thread
RSP=0x00007b0a596ab4f0 is pointing into the stack for thread: 0x00007b0a681c67b0
RBP=0x00007b0a596ab530 is pointing into the stack for thread: 0x00007b0a681c67b0
RSI=0x0 is null
RDI=0x0 is null
R8 =0x0 is null
R9 =0x00007b0a681c67b0 is a thread
R10=0x00007b0a596ab5b0 is pointing into the stack for thread: 0x00007b0a681c67b0
R11=0x00007b0af404fb8c points into unknown readable memory: e2 02 00 00
R12=0x00007b0a596ab630 is pointing into the stack for thread: 0x00007b0a681c67b0
R13=0x00007b0a681c67b0 is a thread
R14=0x0 is null
R15=0x0 is null

Top of Stack: (sp=0x00007b0a596ab4f0)
0x00007b0a596ab4f0:   00007b0a681c67b0 00007b0a596ab6a0
0x00007b0a596ab500:   0000000000000000 00007b0a681c6eb0
0x00007b0a596ab510:   00007b0a596ab5b0 00007b0a596ab630
0x00007b0a596ab520:   00007b0a681c67b0 0000000000000000
0x00007b0a596ab530:   00007b0a596ab580 00007b0afc45950a
0x00007b0a596ab540:   00007b0a596ab5a0 00007b0a596ab5d0
0x00007b0a596ab550:   00007b0a74bbe6f0 0000000000000000
0x00007b0a596ab560:   0000000000000000 00007b0a681c67b0
0x00007b0a596ab570:   00007b0a596ab5a0 00007b0a596ab630
0x00007b0a596ab580:   00007b0a596ab620 00007b0afc45c4d0
0x00007b0a596ab590:   00007b0a596ab760 00007b0a596ab5b0
0x00007b0a596ab5a0:   0000000000000000 0000000000000000
0x00007b0a596ab5b0:   00007b0a596ab6e0 0000003ce520b3fc
0x00007b0a596ab5c0:   00007b0af404facc 00007b0a000000c2
0x00007b0a596ab5d0:   0000000000000000 0000000000000000
0x00007b0a596ab5e0:   00007b0a680067b0 00007b0afc75ff56
0x00007b0a596ab5f0:   00007b0a596ab760 00007b0a596ab6c0
0x00007b0a596ab600:   00007b0a681c67b0 00007b0a596ab630
0x00007b0a596ab610:   00007b0a596ab760 00007b0a596ab6c0
0x00007b0a596ab620:   00007b0a596ab660 00007b0afbda08ca
0x00007b0a596ab630:   0000000000000000 00007b0a681c67b0
0x00007b0a596ab640:   00007b0a596acaa0 00007b0a681c67b0
0x00007b0a596ab650:   00007b0a596acaf0 00007b0a596ab760
0x00007b0a596ab660:   00007b0a596aca10 00007b0afc6982c2
0x00007b0a596ab670:   00000000fc9f20cb 0000000000000000
0x00007b0a596ab680:   00007b0a596ab720 00007b0a681c67b0
0x00007b0a596ab690:   0000006a00000000 0000000000000000
0x00007b0a596ab6a0:   00007b0a9d1680b0 00007b0a681c67b0
0x00007b0a596ab6b0:   0000000000000000 00007b0a681c67b0
0x00007b0a596ab6c0:   00007b0a9d7da6b3 00007b0a00000000
0x00007b0a596ab6d0:   00007b0a9d1680b0 00007b0a9d484708
0x00007b0a596ab6e0:   00007b0a596b1850 00007b0aec53eff5 

Instructions: (pc=0x00007b0afbf6d9ad)
0x00007b0afbf6d8ad:   df 78 67 00 41 f6 45 38 01 0f 85 94 00 00 00 49
0x00007b0afbf6d8bd:   8b 45 00 48 8d 15 e9 a7 ff ff 48 8b 40 60 48 39
0x00007b0afbf6d8cd:   d0 0f 85 92 00 00 00 41 f6 45 38 02 75 25 49 83
0x00007b0afbf6d8dd:   7d 10 00 74 2f e8 29 49 00 00 84 c0 74 26 49 8b
0x00007b0afbf6d8ed:   45 10 48 8b 58 20 e8 18 79 fa ff 48 39 c3 72 14
0x00007b0afbf6d8fd:   0f 1f 00 48 8d 35 b3 67 a8 00 4c 89 e7 31 c0 e8
0x00007b0afbf6d90d:   7f 78 67 00 4c 89 e7 e8 67 7f 67 00 e9 82 fe ff
0x00007b0afbf6d91d:   ff 66 90 31 d2 e9 cb fe ff ff 66 0f 1f 84 00 00
0x00007b0afbf6d92d:   00 00 00 ff d0 48 89 c2 e9 47 fe ff ff 66 0f 1f
0x00007b0afbf6d93d:   44 00 00 31 d2 e9 cd fe ff ff 66 0f 1f 84 00 00
0x00007b0afbf6d94d:   00 00 00 48 8d 35 50 67 a8 00 4c 89 e7 31 c0 e8
0x00007b0afbf6d95d:   2f 78 67 00 e9 56 ff ff ff 4c 89 ef ff d0 84 c0
0x00007b0afbf6d96d:   74 a2 eb 8f 90 66 66 2e 0f 1f 84 00 00 00 00 00
0x00007b0afbf6d97d:   0f 1f 00 55 66 48 0f 6e c7 66 48 0f 6e c9 66 0f
0x00007b0afbf6d98d:   6c c1 48 89 e5 41 56 41 55 41 54 53 48 83 ec 20
0x00007b0afbf6d99d:   85 f6 0f 88 d9 00 00 00 89 d0 48 89 fb 48 89 ca
0x00007b0afbf6d9ad:   48 8b 4f 10 3d ba 00 00 00 74 70 48 63 f6 48 c1
0x00007b0afbf6d9bd:   e6 05 48 8d 44 31 38 48 8b 00 0f b7 c0 44 0f b7
0x00007b0afbf6d9cd:   74 c3 48 0f 29 45 d0 48 85 db 74 22 4c 8b a2 28
0x00007b0afbf6d9dd:   03 00 00 49 63 04 24 41 3b 44 24 04 74 55 8d 48
0x00007b0afbf6d9ed:   01 41 89 0c 24 49 8b 4c 24 08 48 89 1c c1 4c 8d
0x00007b0afbf6d9fd:   6d d0 44 89 f6 4c 89 ef e8 a6 f1 ff ff 4c 89 ef
0x00007b0afbf6da0d:   49 89 c4 e8 0b 01 20 00 48 83 c4 20 4c 89 e0 5b
0x00007b0afbf6da1d:   41 5c 41 5d 41 5e 5d c3 0f 1f 00 f7 d6 48 63 f6
0x00007b0afbf6da2d:   48 c1 e6 04 48 03 71 28 0f b7 46 12 eb 8f 0f 1f
0x00007b0afbf6da3d:   44 00 00 8d 70 01 85 f6 7e 21 85 f0 75 1d 4c 89
0x00007b0afbf6da4d:   e7 48 89 55 c8 e8 b9 65 c4 ff 49 63 04 24 48 8b
0x00007b0afbf6da5d:   55 c8 eb 8a 0f 1f 80 00 00 00 00 0f bd f6 b9 20
0x00007b0afbf6da6d:   00 00 00 83 f6 1f 29 f1 be 01 00 00 00 d3 e6 eb
0x00007b0afbf6da7d:   cd e8 ed a5 ff ff 90 66 66 2e 0f 1f 84 00 00 00
0x00007b0afbf6da8d:   00 00 90 55 41 89 f2 48 89 e5 41 57 49 89 cf 41
0x00007b0afbf6da9d:   56 41 55 4d 89 c5 41 54 41 89 d4 53 48 89 fb 48 


Stack slot to memory mapping:

stack at sp + 0 slots: 0x00007b0a681c67b0 is a thread
stack at sp + 1 slots: 0x00007b0a596ab6a0 is pointing into the stack for thread: 0x00007b0a681c67b0
stack at sp + 2 slots: 0x0 is null
stack at sp + 3 slots: 0x00007b0a681c6eb0 points into unknown readable memory: 0x00007b0a68000702 | 02 07 00 68 0a 7b 00 00
stack at sp + 4 slots: 0x00007b0a596ab5b0 is pointing into the stack for thread: 0x00007b0a681c67b0
stack at sp + 5 slots: 0x00007b0a596ab630 is pointing into the stack for thread: 0x00007b0a681c67b0
stack at sp + 6 slots: 0x00007b0a681c67b0 is a thread
stack at sp + 7 slots: 0x0 is null

--------------------------------------------------------------------------------
Decoding CodeBlob, name: wrong_method_stub, at  [0x00007b0aec53ef80, 0x00007b0aec53f118]  408 bytes
[MachCode]
  0x00007b0aec53ef80: 5548 8bec | 9c48 83ec | 0848 81ec | 8000 0000 | 4889 4424 | 7848 894c | 2470 4889 | 5424 6848 
  0x00007b0aec53efa0: 895c 2460 | 4889 6c24 | 5048 8974 | 2448 4889 | 7c24 404c | 8944 2438 | 4c89 4c24 | 304c 8954 
  0x00007b0aec53efc0: 2428 4c89 | 5c24 204c | 8964 2418 | 4c89 6c24 | 104c 8974 | 2408 4c89 | 3c24 4881 | ec80 0a00 
  0x00007b0aec53efe0: 0048 0fae | 0424 4989 | a798 0300 | 0049 8bff | e8ab a715 | 1049 c787 | 9803 0000 | 0000 0000 
  0x00007b0aec53f000: 49c7 87a0 | 0300 0000 | 0000 0049 | 837f 0800 | 0f85 8700 | 0000 498b | 9ff8 0300 | 0049 c787 
  0x00007b0aec53f020: f803 0000 | 0000 0000 | 4889 9c24 | e00a 0000 | 4889 8424 | f80a 0000 | 480f ae0c | 2448 81c4 
  0x00007b0aec53f040: 800a 0000 | 4c8b 3c24 | 4c8b 7424 | 084c 8b6c | 2410 4c8b | 6424 184c | 8b5c 2420 | 4c8b 5424 
  0x00007b0aec53f060: 284c 8b4c | 2430 4c8b | 4424 3848 | 8b7c 2440 | 488b 7424 | 4848 8b6c | 2450 488b | 5c24 6048 
  0x00007b0aec53f080: 8b54 2468 | 488b 4c24 | 7048 8b44 | 2478 4881 | c480 0000 | 0048 83c4 | 089d 5dff | e048 0fae 
  0x00007b0aec53f0a0: 0c24 4881 | c480 0a00 | 004c 8b3c | 244c 8b74 | 2408 4c8b | 6c24 104c | 8b64 2418 | 4c8b 5c24 
  0x00007b0aec53f0c0: 204c 8b54 | 2428 4c8b | 4c24 304c | 8b44 2438 | 488b 7c24 | 4048 8b74 | 2448 488b | 6c24 5048 
  0x00007b0aec53f0e0: 8b5c 2460 | 488b 5424 | 6848 8b4c | 2470 488b | 4424 7848 | 81c4 8000 | 0000 4883 | c408 9d5d 
  0x00007b0aec53f100: 49c7 87f0 | 0300 0000 | 0000 0049 | 8b47 08e9 | ec9a ffff | f4f4 f4f4 
[/MachCode]
--------------------------------------------------------------------------------


Compiled method (c1) 409541 1287       2      
[error occurred during error reporting (printing code blobs if possible), id 0xb, SIGSEGV (0xb) at pc=0x00007b0afc55a4b7]

---------------  P R O C E S S  ---------------

Threads class SMR info:
_java_thread_list=0x00007b0a680a7e60, length=35, elements={
0x00007b0af402afa0, 0x00007b0af40ae610, 0x00007b0af40afb40, 0x00007b0af40b1290,
0x00007b0af40b2890, 0x00007b0af40b3df0, 0x00007b0af40b58f0, 0x00007b0af40b6f70,
0x00007b0af40cf200, 0x00007b0af4193130, 0x00007b0af42c6090, 0x00007b0af432fb50,
0x00005a08066c4990, 0x00007b0af42acaf0, 0x00007b0a64411980, 0x00007b0a6409eec0,
0x00007b0a64212340, 0x00007b0a64441e40, 0x00007b0a88002930, 0x00007b0a64a6daa0,
0x00007b0a7c011090, 0x00007b0af43471e0, 0x00007b0af43cc030, 0x00007b0af43cd1a0,
0x00007b0a882ddf00, 0x00007b0a8841c130, 0x00005a0806711ad0, 0x00007b0a9800b2a0,
0x00007b0a900806c0, 0x00007b0a98021d20, 0x00007b0a6809c1c0, 0x00007b0a681c67b0,
0x00007b0a681c75b0, 0x00007b0a681c8230, 0x00007b0a681c8eb0
}

Java Threads: ( => current thread )
  0x00007b0af402afa0 JavaThread "main"                              [_thread_blocked, id=22616, stack(0x00007b0afb680000,0x00007b0afb781000) (1028K)]
  0x00007b0af40ae610 JavaThread "Reference Handler"          daemon [_thread_blocked, id=22622, stack(0x00007b0ae40c4000,0x00007b0ae41c5000) (1028K)]
  0x00007b0af40afb40 JavaThread "Finalizer"                  daemon [_thread_blocked, id=22623, stack(0x00007b0a9cc18000,0x00007b0a9cd19000) (1028K)]
  0x00007b0af40b1290 JavaThread "Signal Dispatcher"          daemon [_thread_blocked, id=22624, stack(0x00007b0a9cb17000,0x00007b0a9cc18000) (1028K)]
  0x00007b0af40b2890 JavaThread "Service Thread"             daemon [_thread_blocked, id=22625, stack(0x00007b0a9ca16000,0x00007b0a9cb17000) (1028K)]
  0x00007b0af40b3df0 JavaThread "Monitor Deflation Thread"   daemon [_thread_blocked, id=22626, stack(0x00007b0a9c915000,0x00007b0a9ca16000) (1028K)]
  0x00007b0af40b58f0 JavaThread "C2 CompilerThread0"         daemon [_thread_blocked, id=22628, stack(0x00007b0a9c814000,0x00007b0a9c915000) (1028K)]
  0x00007b0af40b6f70 JavaThread "C1 CompilerThread0"         daemon [_thread_blocked, id=22629, stack(0x00007b0a9c713000,0x00007b0a9c814000) (1028K)]
  0x00007b0af40cf200 JavaThread "Common-Cleaner"             daemon [_thread_blocked, id=22631, stack(0x00007b0a9c612000,0x00007b0a9c713000) (1028K)]
  0x00007b0af4193130 JavaThread "Notification Thread"        daemon [_thread_blocked, id=22632, stack(0x00007b0a9c511000,0x00007b0a9c612000) (1028K)]
  0x00007b0af42c6090 JavaThread "Active Thread: Equinox Container: a53426c5-1c7e-491d-9aec-c8a3b96a58b4"        [_thread_blocked, id=22641, stack(0x00007b0a9c30f000,0x00007b0a9c410000) (1028K)]
  0x00007b0af432fb50 JavaThread "Refresh Thread: Equinox Container: a53426c5-1c7e-491d-9aec-c8a3b96a58b4" daemon [_thread_blocked, id=22642, stack(0x00007b0a9c20e000,0x00007b0a9c30f000) (1028K)]
  0x00005a08066c4990 JavaThread "Framework Event Dispatcher: Equinox Container: a53426c5-1c7e-491d-9aec-c8a3b96a58b4" daemon [_thread_blocked, id=22643, stack(0x00007b0a9c10d000,0x00007b0a9c20e000) (1028K)]
  0x00007b0af42acaf0 JavaThread "Start Level: Equinox Container: a53426c5-1c7e-491d-9aec-c8a3b96a58b4" daemon [_thread_blocked, id=22644, stack(0x00007b0a9c00c000,0x00007b0a9c10d000) (1028K)]
  0x00007b0a64411980 JavaThread "Bundle File Closer"         daemon [_thread_blocked, id=22649, stack(0x00007b0a63eff000,0x00007b0a64000000) (1028K)]
  0x00007b0a6409eec0 JavaThread "SCR Component Actor"        daemon [_thread_blocked, id=22650, stack(0x00007b0a63dfe000,0x00007b0a63eff000) (1028K)]
  0x00007b0a64212340 JavaThread "Worker-JM"                         [_thread_blocked, id=22658, stack(0x00007b0a63bfc000,0x00007b0a63cfd000) (1028K)]
  0x00007b0a64441e40 JavaThread "Worker-1"                          [_thread_blocked, id=22662, stack(0x00007b0a639fa000,0x00007b0a63afb000) (1028K)]
  0x00007b0a88002930 JavaThread "Worker-4"                          [_thread_blocked, id=22672, stack(0x00007b0a636f7000,0x00007b0a637f8000) (1028K)]
  0x00007b0a64a6daa0 JavaThread "Java indexing"              daemon [_thread_blocked, id=22674, stack(0x00007b0a63cfd000,0x00007b0a63dfe000) (1028K)]
  0x00007b0a7c011090 JavaThread "Worker-5"                          [_thread_blocked, id=22679, stack(0x00007b0a5acb1000,0x00007b0a5adb2000) (1028K)]
  0x00007b0af43471e0 JavaThread "pool-2-thread-1"                   [_thread_blocked, id=22681, stack(0x00007b0a5aaaf000,0x00007b0a5abb0000) (1028K)]
  0x00007b0af43cc030 JavaThread "WorkspaceEventsHandler"            [_thread_blocked, id=22682, stack(0x00007b0a5ae41000,0x00007b0a5af42000) (1028K)]
  0x00007b0af43cd1a0 JavaThread "pool-1-thread-1"                   [_thread_blocked, id=22683, stack(0x00007b0a5a9ae000,0x00007b0a5aaaf000) (1028K)]
  0x00007b0a882ddf00 JavaThread "Compiler Class File Writer" daemon [_thread_blocked, id=22692, stack(0x00007b0a5a3c2000,0x00007b0a5a4c3000) (1028K)]
  0x00007b0a8841c130 JavaThread "Attach Listener"            daemon [_thread_blocked, id=22831, stack(0x00007b0a59dbc000,0x00007b0a59ebd000) (1028K)]
  0x00005a0806711ad0 JavaThread "Cleaner-0"                  daemon [_thread_blocked, id=23295, stack(0x00007b0a5a6c5000,0x00007b0a5a7c6000) (1028K)]
  0x00007b0a9800b2a0 JavaThread "Worker-7"                          [_thread_blocked, id=23657, stack(0x00007b0a63afb000,0x00007b0a63bfc000) (1028K)]
  0x00007b0a900806c0 JavaThread "ForkJoinPool.commonPool-worker-2" daemon [_thread_blocked, id=23808, stack(0x00007b0a5abb0000,0x00007b0a5acb1000) (1028K)]
  0x00007b0a98021d20 JavaThread "Compiler Processing Task"   daemon [_thread_blocked, id=23927, stack(0x00007b0a5a5c4000,0x00007b0a5a6c5000) (1028K)]
  0x00007b0a6809c1c0 JavaThread "Thread-144"                        [_thread_blocked, id=23994, stack(0x00007b0a637f8000,0x00007b0a638f9000) (1028K)]
=>0x00007b0a681c67b0 JavaThread "pool-1-thread-2"                   [_thread_in_vm, id=23995, stack(0x00007b0a595b4000,0x00007b0a596b5000) (1028K)]
  0x00007b0a681c75b0 JavaThread "Thread-145"                        [_thread_blocked, id=23996, stack(0x00007b0a638f9000,0x00007b0a639fa000) (1028K)]
  0x00007b0a681c8230 JavaThread "Thread-146"                        [_thread_blocked, id=23997, stack(0x00007b0a5a4c3000,0x00007b0a5a5c4000) (1028K)]
  0x00007b0a681c8eb0 JavaThread "Thread-147"                        [_thread_blocked, id=23998, stack(0x00007b0a59ebd000,0x00007b0a59fbe000) (1028K)]
Total: 35

Other Threads:
  0x00007b0af40a4ee0 VMThread "VM Thread"                           [id=22621, stack(0x00007b0ae41c6000,0x00007b0ae42c6000) (1024K)] _threads_hazard_ptr=0x00007b0a680a7e60
  0x00007b0af4050f70 WatcherThread "VM Periodic Task Thread"        [id=22619, stack(0x00007b0ae48cd000,0x00007b0ae49cd000) (1024K)]
  0x00007b0af4042140 WorkerThread "GC Thread#0"                     [id=22617, stack(0x00007b0af8064000,0x00007b0af8164000) (1024K)]
  0x00007b0a8c000f50 WorkerThread "GC Thread#1"                     [id=22636, stack(0x00007b0a9c411000,0x00007b0a9c511000) (1024K)]
Total: 4

Threads with active compile tasks:
C2 CompilerThread0  409644 15676       4       org.eclipse.jdt.internal.compiler.parser.Parser::concatNodeLists (31 bytes)
C1 CompilerThread0  409645 15786       3       java.lang.Long::formatUnsignedLong0 (47 bytes)
Total: 2

VM state: synchronizing (normal execution)

VM Mutex/Monitor currently owned by a thread:  ([mutex/lock_event])
[0x00007b0afce19e38] Threads_lock - owner thread: 0x00007b0af40a4ee0
[0x00007b0afce19d38] Heap_lock - owner thread: 0x00007b0a681c75b0

Heap address: 0x00000000c0000000, size: 1024 MB, Compressed Oops mode: 32-bit

CDS archive(s) mapped at: [0x00007b0a9d000000-0x00007b0a9dbb8000-0x00007b0a9dbb8000), size 12288000, SharedBaseAddress: 0x00007b0a9d000000, ArchiveRelocationMode: 1.
Compressed class space mapped at: 0x00007b0a9e000000-0x00007b0ade000000, reserved size: 1073741824
Narrow klass base: 0x00007b0a9d000000, Narrow klass shift: 0, Narrow klass range: 0x100000000

GC Precious Log:
 CardTable entry size: 512
 CPUs: 2 total, 2 available
 Memory: 2835M
 Large Page Support: Disabled
 NUMA Support: Disabled
 Compressed Oops: Enabled (32-bit)
 Alignments: Space 512K, Generation 512K, Heap 2M
 Heap Min Capacity: 100M
 Heap Initial Capacity: 100M
 Heap Max Capacity: 1G
 Pre-touch: Disabled
 Parallel Workers: 2

Heap:
 PSYoungGen      total 8704K, used 8576K [0x00000000eab00000, 0x00000000eb580000, 0x0000000100000000)
  eden space 7168K, 100% used [0x00000000eab00000,0x00000000eb200000,0x00000000eb200000)
  from space 1536K, 91% used [0x00000000eb400000,0x00000000eb560040,0x00000000eb580000)
  to   space 1536K, 0% used [0x00000000eb280000,0x00000000eb280000,0x00000000eb400000)
 ParOldGen       total 689152K, used 688940K [0x00000000c0000000, 0x00000000ea100000, 0x00000000eab00000)
  object space 689152K, 99% used [0x00000000c0000000,0x00000000ea0cb3f8,0x00000000ea100000)
 Metaspace       used 72722K, committed 74368K, reserved 1179648K
  class space    used 7494K, committed 8256K, reserved 1048576K

Card table byte_map: [0x00007b0ae4dff000,0x00007b0ae5000000] _byte_map_base: 0x00007b0ae47ff000

Marking Bits: (ParMarkBitMap*) 0x00007b0afce20080
 Begin Bits: [0x00007b0ade000000, 0x00007b0adf000000)
 End Bits:   [0x00007b0adf000000, 0x00007b0ae0000000)

Polling page: 0x00007b0afd053000

Metaspace:

Usage:
  Non-class:     63.70 MB used.
      Class:      7.32 MB used.
       Both:     71.02 MB used.

Virtual space:
  Non-class space:      128.00 MB reserved,      64.56 MB ( 50%) committed,  2 nodes.
      Class space:        1.00 GB reserved,       8.06 MB ( <1%) committed,  1 nodes.
             Both:        1.12 GB reserved,      72.62 MB (  6%) committed. 

Chunk freelists:
   Non-Class:  15.33 MB
       Class:  7.98 MB
        Both:  23.31 MB

MaxMetaspaceSize: unlimited
CompressedClassSpaceSize: 1.00 GB
Initial GC threshold: 21.00 MB
Current GC threshold: 97.31 MB
CDS: on
 - commit_granule_bytes: 65536.
 - commit_granule_words: 8192.
 - virtual_space_node_default_size: 8388608.
 - enlarge_chunks_in_place: 1.
 - use_allocation_guard: 0.


Internal statistics:

num_allocs_failed_limit: 9.
num_arena_births: 1464.
num_arena_deaths: 18.
num_vsnodes_births: 3.
num_vsnodes_deaths: 0.
num_space_committed: 1162.
num_space_uncommitted: 0.
num_chunks_returned_to_freelist: 27.
num_chunks_taken_from_freelist: 5232.
num_chunk_merges: 15.
num_chunk_splits: 3051.
num_chunks_enlarged: 1493.
num_inconsistent_stats: 0.

CodeHeap 'non-profiled nmethods': size=120036Kb used=6142Kb max_used=6142Kb free=113893Kb
 bounds [0x00007b0aecac7000, 0x00007b0aed0c7000, 0x00007b0af4000000]
CodeHeap 'profiled nmethods': size=120032Kb used=28876Kb max_used=28876Kb free=91155Kb
 bounds [0x00007b0ae5000000, 0x00007b0ae6c40000, 0x00007b0aec538000]
CodeHeap 'non-nmethods': size=5692Kb used=1457Kb max_used=1539Kb free=4234Kb
 bounds [0x00007b0aec538000, 0x00007b0aec7a8000, 0x00007b0aecac7000]
 total_blobs=13868 nmethods=13086 adapters=686
 compilation: enabled
              stopped_count=0, restarted_count=0
 full_count=0

Compilation events (20 events):
Event: 408.295 Thread 0x00007b0af40b6f70 nmethod 15779 0x00007b0aed0c4c90 code [0x00007b0aed0c4e20, 0x00007b0aed0c4ee0]
Event: 408.304 Thread 0x00007b0af40b58f0 nmethod 15537 0x00007b0aed0c4f90 code [0x00007b0aed0c5140, 0x00007b0aed0c5528]
Event: 408.304 Thread 0x00007b0af40b58f0 15642       4       java.lang.StringConcatHelper::mix (12 bytes)
Event: 408.320 Thread 0x00007b0af40b58f0 nmethod 15642 0x00007b0aed0c5790 code [0x00007b0aed0c5900, 0x00007b0aed0c59b8]
Event: 408.322 Thread 0x00007b0af40b58f0 15394       4       java.lang.invoke.DirectMethodHandle$Holder::newInvokeSpecial (28 bytes)
Event: 408.336 Thread 0x00007b0af40b6f70 15780       2       java.util.regex.Pattern::single (82 bytes)
Event: 408.342 Thread 0x00007b0af40b6f70 nmethod 15780 0x00007b0ae6c2f210 code [0x00007b0ae6c2f440, 0x00007b0ae6c2f910]
Event: 408.346 Thread 0x00007b0af40b58f0 nmethod 15394 0x00007b0aed0c5a90 code [0x00007b0aed0c5c20, 0x00007b0aed0c5e38]
Event: 408.346 Thread 0x00007b0af40b58f0 15531       4       org.eclipse.jdt.internal.compiler.lookup.ReferenceBinding::isStatic (28 bytes)
Event: 408.347 Thread 0x00007b0af40b58f0 nmethod 15531 0x00007b0aed0c6010 code [0x00007b0aed0c6180, 0x00007b0aed0c6228]
Event: 408.347 Thread 0x00007b0af40b58f0 15372       4       org.eclipse.jdt.internal.compiler.parser.Parser::consumeQualifiedName (30 bytes)
Event: 408.377 Thread 0x00007b0af40b6f70 15781   !   2       sun.nio.ch.SocketChannelImpl::beginRead (37 bytes)
Event: 408.379 Thread 0x00007b0af40b6f70 nmethod 15781 0x00007b0ae6c2fc90 code [0x00007b0ae6c2fe60, 0x00007b0ae6c30210]
Event: 408.381 Thread 0x00007b0af40b6f70 15782       2       sun.nio.ch.IOUtil::read (12 bytes)
Event: 408.382 Thread 0x00007b0af40b6f70 nmethod 15782 0x00007b0ae6c30510 code [0x00007b0ae6c306a0, 0x00007b0ae6c307c0]
Event: 408.382 Thread 0x00007b0af40b6f70 15783       2       sun.nio.ch.SocketDispatcher::read (8 bytes)
Event: 408.382 Thread 0x00007b0af40b6f70 nmethod 15783 0x00007b0ae6c30890 code [0x00007b0ae6c30a20, 0x00007b0ae6c30b48]
Event: 408.385 Thread 0x00007b0af40b6f70 15784       2       java.util.Formatter$FormatSpecifier::<init> (255 bytes)
Event: 408.427 Thread 0x00007b0af40b58f0 nmethod 15372 0x00007b0aed0c6310 code [0x00007b0aed0c64a0, 0x00007b0aed0c6610]
Event: 408.428 Thread 0x00007b0af40b58f0 15363       4       org.eclipse.jdt.internal.compiler.parser.Scanner::getCurrentTokenEndPosition (7 bytes)

GC Heap History (20 events):
Event: 395.850 GC heap before
{Heap before GC invocations=704 (full 3):
 PSYoungGen      total 8704K, used 8608K [0x00000000eab00000, 0x00000000eb600000, 0x0000000100000000)
  eden space 7680K, 100% used [0x00000000eab00000,0x00000000eb280000,0x00000000eb280000)
  from space 1024K, 90% used [0x00000000eb500000,0x00000000eb5e8000,0x00000000eb600000)
  to   space 1024K, 0% used [0x00000000eb400000,0x00000000eb400000,0x00000000eb500000)
 ParOldGen       total 671744K, used 671373K [0x00000000c0000000, 0x00000000e9000000, 0x00000000eab00000)
  object space 671744K, 99% used [0x00000000c0000000,0x00000000e8fa3790,0x00000000e9000000)
 Metaspace       used 71774K, committed 73408K, reserved 1114112K
  class space    used 7402K, committed 8128K, reserved 1048576K
}
Event: 395.997 GC heap after
{Heap after GC invocations=704 (full 3):
 PSYoungGen      total 8704K, used 992K [0x00000000eab00000, 0x00000000eb780000, 0x0000000100000000)
  eden space 7680K, 0% used [0x00000000eab00000,0x00000000eab00000,0x00000000eb280000)
  from space 1024K, 96% used [0x00000000eb400000,0x00000000eb4f8280,0x00000000eb500000)
  to   space 2560K, 0% used [0x00000000eb500000,0x00000000eb500000,0x00000000eb780000)
 ParOldGen       total 672768K, used 672368K [0x00000000c0000000, 0x00000000e9100000, 0x00000000eab00000)
  object space 672768K, 99% used [0x00000000c0000000,0x00000000e909c368,0x00000000e9100000)
 Metaspace       used 71774K, committed 73408K, reserved 1114112K
  class space    used 7402K, committed 8128K, reserved 1048576K
}
Event: 396.749 GC heap before
{Heap before GC invocations=705 (full 3):
 PSYoungGen      total 8704K, used 8672K [0x00000000eab00000, 0x00000000eb780000, 0x0000000100000000)
  eden space 7680K, 100% used [0x00000000eab00000,0x00000000eb280000,0x00000000eb280000)
  from space 1024K, 96% used [0x00000000eb400000,0x00000000eb4f8280,0x00000000eb500000)
  to   space 2560K, 0% used [0x00000000eb500000,0x00000000eb500000,0x00000000eb780000)
 ParOldGen       total 672768K, used 672368K [0x00000000c0000000, 0x00000000e9100000, 0x00000000eab00000)
  object space 672768K, 99% used [0x00000000c0000000,0x00000000e909c368,0x00000000e9100000)
 Metaspace       used 71789K, committed 73408K, reserved 1114112K
  class space    used 7402K, committed 8128K, reserved 1048576K
}
Event: 396.937 GC heap after
{Heap after GC invocations=705 (full 3):
 PSYoungGen      total 7168K, used 2531K [0x00000000eab00000, 0x00000000ebd80000, 0x0000000100000000)
  eden space 4608K, 0% used [0x00000000eab00000,0x00000000eab00000,0x00000000eaf80000)
  from space 2560K, 98% used [0x00000000eb500000,0x00000000eb778e28,0x00000000eb780000)
  to   space 5632K, 0% used [0x00000000eaf80000,0x00000000eaf80000,0x00000000eb500000)
 ParOldGen       total 674816K, used 674714K [0x00000000c0000000, 0x00000000e9300000, 0x00000000eab00000)
  object space 674816K, 99% used [0x00000000c0000000,0x00000000e92e6a90,0x00000000e9300000)
 Metaspace       used 71789K, committed 73408K, reserved 1114112K
  class space    used 7402K, committed 8128K, reserved 1048576K
}
Event: 397.344 GC heap before
{Heap before GC invocations=706 (full 3):
 PSYoungGen      total 7168K, used 7139K [0x00000000eab00000, 0x00000000ebd80000, 0x0000000100000000)
  eden space 4608K, 100% used [0x00000000eab00000,0x00000000eaf80000,0x00000000eaf80000)
  from space 2560K, 98% used [0x00000000eb500000,0x00000000eb778e28,0x00000000eb780000)
  to   space 5632K, 0% used [0x00000000eaf80000,0x00000000eaf80000,0x00000000eb500000)
 ParOldGen       total 674816K, used 674714K [0x00000000c0000000, 0x00000000e9300000, 0x00000000eab00000)
  object space 674816K, 99% used [0x00000000c0000000,0x00000000e92e6a90,0x00000000e9300000)
 Metaspace       used 71799K, committed 73408K, reserved 1114112K
  class space    used 7402K, committed 8128K, reserved 1048576K
}
Event: 397.577 GC heap after
{Heap after GC invocations=706 (full 3):
 PSYoungGen      total 7168K, used 2304K [0x00000000eab00000, 0x00000000eb780000, 0x0000000100000000)
  eden space 4608K, 0% used [0x00000000eab00000,0x00000000eab00000,0x00000000eaf80000)
  from space 2560K, 90% used [0x00000000eaf80000,0x00000000eb1c0000,0x00000000eb200000)
  to   space 3584K, 0% used [0x00000000eb400000,0x00000000eb400000,0x00000000eb780000)
 ParOldGen       total 677376K, used 677210K [0x00000000c0000000, 0x00000000e9580000, 0x00000000eab00000)
  object space 677376K, 99% used [0x00000000c0000000,0x00000000e9556bd8,0x00000000e9580000)
 Metaspace       used 71799K, committed 73408K, reserved 1114112K
  class space    used 7402K, committed 8128K, reserved 1048576K
}
Event: 397.904 GC heap before
{Heap before GC invocations=707 (full 3):
 PSYoungGen      total 7168K, used 6912K [0x00000000eab00000, 0x00000000eb780000, 0x0000000100000000)
  eden space 4608K, 100% used [0x00000000eab00000,0x00000000eaf80000,0x00000000eaf80000)
  from space 2560K, 90% used [0x00000000eaf80000,0x00000000eb1c0000,0x00000000eb200000)
  to   space 3584K, 0% used [0x00000000eb400000,0x00000000eb400000,0x00000000eb780000)
 ParOldGen       total 677376K, used 677210K [0x00000000c0000000, 0x00000000e9580000, 0x00000000eab00000)
  object space 677376K, 99% used [0x00000000c0000000,0x00000000e9556bd8,0x00000000e9580000)
 Metaspace       used 71802K, committed 73408K, reserved 1114112K
  class space    used 7402K, committed 8128K, reserved 1048576K
}
Event: 398.040 GC heap after
{Heap after GC invocations=707 (full 3):
 PSYoungGen      total 8192K, used 2208K [0x00000000eab00000, 0x00000000eb680000, 0x0000000100000000)
  eden space 5632K, 0% used [0x00000000eab00000,0x00000000eab00000,0x00000000eb080000)
  from space 2560K, 86% used [0x00000000eb400000,0x00000000eb628000,0x00000000eb680000)
  to   space 2560K, 0% used [0x00000000eb180000,0x00000000eb180000,0x00000000eb400000)
 ParOldGen       total 679936K, used 679466K [0x00000000c0000000, 0x00000000e9800000, 0x00000000eab00000)
  object space 679936K, 99% used [0x00000000c0000000,0x00000000e978abd8,0x00000000e9800000)
 Metaspace       used 71802K, committed 73408K, reserved 1114112K
  class space    used 7402K, committed 8128K, reserved 1048576K
}
Event: 398.964 GC heap before
{Heap before GC invocations=708 (full 3):
 PSYoungGen      total 8192K, used 7840K [0x00000000eab00000, 0x00000000eb680000, 0x0000000100000000)
  eden space 5632K, 100% used [0x00000000eab00000,0x00000000eb080000,0x00000000eb080000)
  from space 2560K, 86% used [0x00000000eb400000,0x00000000eb628000,0x00000000eb680000)
  to   space 2560K, 0% used [0x00000000eb180000,0x00000000eb180000,0x00000000eb400000)
 ParOldGen       total 679936K, used 679466K [0x00000000c0000000, 0x00000000e9800000, 0x00000000eab00000)
  object space 679936K, 99% used [0x00000000c0000000,0x00000000e978abd8,0x00000000e9800000)
 Metaspace       used 71833K, committed 73472K, reserved 1114112K
  class space    used 7404K, committed 8128K, reserved 1048576K
}
Event: 399.026 GC heap after
{Heap after GC invocations=708 (full 3):
 PSYoungGen      total 8192K, used 2532K [0x00000000eab00000, 0x00000000ebb80000, 0x0000000100000000)
  eden space 5632K, 0% used [0x00000000eab00000,0x00000000eab00000,0x00000000eb080000)
  from space 2560K, 98% used [0x00000000eb180000,0x00000000eb3f90e0,0x00000000eb400000)
  to   space 5632K, 0% used [0x00000000eb600000,0x00000000eb600000,0x00000000ebb80000)
 ParOldGen       total 681984K, used 681834K [0x00000000c0000000, 0x00000000e9a00000, 0x00000000eab00000)
  object space 681984K, 99% used [0x00000000c0000000,0x00000000e99dabd8,0x00000000e9a00000)
 Metaspace       used 71833K, committed 73472K, reserved 1114112K
  class space    used 7404K, committed 8128K, reserved 1048576K
}
Event: 399.343 GC heap before
{Heap before GC invocations=709 (full 3):
 PSYoungGen      total 8192K, used 8164K [0x00000000eab00000, 0x00000000ebb80000, 0x0000000100000000)
  eden space 5632K, 100% used [0x00000000eab00000,0x00000000eb080000,0x00000000eb080000)
  from space 2560K, 98% used [0x00000000eb180000,0x00000000eb3f90e0,0x00000000eb400000)
  to   space 5632K, 0% used [0x00000000eb600000,0x00000000eb600000,0x00000000ebb80000)
 ParOldGen       total 681984K, used 681834K [0x00000000c0000000, 0x00000000e9a00000, 0x00000000eab00000)
  object space 681984K, 99% used [0x00000000c0000000,0x00000000e99dabd8,0x00000000e9a00000)
 Metaspace       used 71837K, committed 73472K, reserved 1114112K
  class space    used 7404K, committed 8128K, reserved 1048576K
}
Event: 399.480 GC heap after
{Heap after GC invocations=709 (full 3):
 PSYoungGen      total 11264K, used 3456K [0x00000000eab00000, 0x00000000eba00000, 0x0000000100000000)
  eden space 7168K, 0% used [0x00000000eab00000,0x00000000eab00000,0x00000000eb200000)
  from space 4096K, 84% used [0x00000000eb600000,0x00000000eb960000,0x00000000eba00000)
  to   space 4096K, 0% used [0x00000000eb200000,0x00000000eb200000,0x00000000eb600000)
 ParOldGen       total 684544K, used 684286K [0x00000000c0000000, 0x00000000e9c80000, 0x00000000eab00000)
  object space 684544K, 99% used [0x00000000c0000000,0x00000000e9c3f848,0x00000000e9c80000)
 Metaspace       used 71837K, committed 73472K, reserved 1114112K
  class space    used 7404K, committed 8128K, reserved 1048576K
}
Event: 403.664 GC heap before
{Heap before GC invocations=710 (full 3):
 PSYoungGen      total 11264K, used 10623K [0x00000000eab00000, 0x00000000eba00000, 0x0000000100000000)
  eden space 7168K, 99% used [0x00000000eab00000,0x00000000eb1ffff8,0x00000000eb200000)
  from space 4096K, 84% used [0x00000000eb600000,0x00000000eb960000,0x00000000eba00000)
  to   space 4096K, 0% used [0x00000000eb200000,0x00000000eb200000,0x00000000eb600000)
 ParOldGen       total 684544K, used 684286K [0x00000000c0000000, 0x00000000e9c80000, 0x00000000eab00000)
  object space 684544K, 99% used [0x00000000c0000000,0x00000000e9c3f848,0x00000000e9c80000)
 Metaspace       used 71918K, committed 73536K, reserved 1114112K
  class space    used 7404K, committed 8128K, reserved 1048576K
}
Event: 403.787 GC heap after
{Heap after GC invocations=710 (full 3):
 PSYoungGen      total 8192K, used 576K [0x00000000eab00000, 0x00000000eb680000, 0x0000000100000000)
  eden space 7168K, 0% used [0x00000000eab00000,0x00000000eab00000,0x00000000eb200000)
  from space 1024K, 56% used [0x00000000eb200000,0x00000000eb290000,0x00000000eb300000)
  to   space 2048K, 0% used [0x00000000eb480000,0x00000000eb480000,0x00000000eb680000)
 ParOldGen       total 688128K, used 687710K [0x00000000c0000000, 0x00000000ea000000, 0x00000000eab00000)
  object space 688128K, 99% used [0x00000000c0000000,0x00000000e9f97848,0x00000000ea000000)
 Metaspace       used 71918K, committed 73536K, reserved 1114112K
  class space    used 7404K, committed 8128K, reserved 1048576K
}
Event: 404.630 GC heap before
{Heap before GC invocations=711 (full 3):
 PSYoungGen      total 8192K, used 7744K [0x00000000eab00000, 0x00000000eb680000, 0x0000000100000000)
  eden space 7168K, 100% used [0x00000000eab00000,0x00000000eb200000,0x00000000eb200000)
  from space 1024K, 56% used [0x00000000eb200000,0x00000000eb290000,0x00000000eb300000)
  to   space 2048K, 0% used [0x00000000eb480000,0x00000000eb480000,0x00000000eb680000)
 ParOldGen       total 688128K, used 687710K [0x00000000c0000000, 0x00000000ea000000, 0x00000000eab00000)
  object space 688128K, 99% used [0x00000000c0000000,0x00000000e9f97848,0x00000000ea000000)
 Metaspace       used 71949K, committed 73600K, reserved 1179648K
  class space    used 7407K, committed 8128K, reserved 1048576K
}
Event: 404.672 GC heap after
{Heap after GC invocations=711 (full 3):
 PSYoungGen      total 7680K, used 352K [0x00000000eab00000, 0x00000000eb500000, 0x0000000100000000)
  eden space 7168K, 0% used [0x00000000eab00000,0x00000000eab00000,0x00000000eb200000)
  from space 512K, 68% used [0x00000000eb480000,0x00000000eb4d8020,0x00000000eb500000)
  to   space 1024K, 0% used [0x00000000eb300000,0x00000000eb300000,0x00000000eb400000)
 ParOldGen       total 688128K, used 687974K [0x00000000c0000000, 0x00000000ea000000, 0x00000000eab00000)
  object space 688128K, 99% used [0x00000000c0000000,0x00000000e9fd9ad8,0x00000000ea000000)
 Metaspace       used 71949K, committed 73600K, reserved 1179648K
  class space    used 7407K, committed 8128K, reserved 1048576K
}
Event: 405.764 GC heap before
{Heap before GC invocations=712 (full 3):
 PSYoungGen      total 7680K, used 7518K [0x00000000eab00000, 0x00000000eb500000, 0x0000000100000000)
  eden space 7168K, 99% used [0x00000000eab00000,0x00000000eb1ff9f0,0x00000000eb200000)
  from space 512K, 68% used [0x00000000eb480000,0x00000000eb4d8020,0x00000000eb500000)
  to   space 1024K, 0% used [0x00000000eb300000,0x00000000eb300000,0x00000000eb400000)
 ParOldGen       total 688128K, used 687974K [0x00000000c0000000, 0x00000000ea000000, 0x00000000eab00000)
  object space 688128K, 99% used [0x00000000c0000000,0x00000000e9fd9ad8,0x00000000ea000000)
 Metaspace       used 71982K, committed 73600K, reserved 1179648K
  class space    used 7408K, committed 8128K, reserved 1048576K
}
Event: 405.797 GC heap after
{Heap after GC invocations=712 (full 3):
 PSYoungGen      total 8192K, used 1009K [0x00000000eab00000, 0x00000000eb600000, 0x0000000100000000)
  eden space 7168K, 0% used [0x00000000eab00000,0x00000000eab00000,0x00000000eb200000)
  from space 1024K, 98% used [0x00000000eb300000,0x00000000eb3fc790,0x00000000eb400000)
  to   space 2048K, 0% used [0x00000000eb400000,0x00000000eb400000,0x00000000eb600000)
 ParOldGen       total 688640K, used 688444K [0x00000000c0000000, 0x00000000ea080000, 0x00000000eab00000)
  object space 688640K, 99% used [0x00000000c0000000,0x00000000ea04f3f8,0x00000000ea080000)
 Metaspace       used 71982K, committed 73600K, reserved 1179648K
  class space    used 7408K, committed 8128K, reserved 1048576K
}
Event: 407.251 GC heap before
{Heap before GC invocations=713 (full 3):
 PSYoungGen      total 8192K, used 8177K [0x00000000eab00000, 0x00000000eb600000, 0x0000000100000000)
  eden space 7168K, 100% used [0x00000000eab00000,0x00000000eb200000,0x00000000eb200000)
  from space 1024K, 98% used [0x00000000eb300000,0x00000000eb3fc790,0x00000000eb400000)
  to   space 2048K, 0% used [0x00000000eb400000,0x00000000eb400000,0x00000000eb600000)
 ParOldGen       total 688640K, used 688444K [0x00000000c0000000, 0x00000000ea080000, 0x00000000eab00000)
  object space 688640K, 99% used [0x00000000c0000000,0x00000000ea04f3f8,0x00000000ea080000)
 Metaspace       used 72123K, committed 73792K, reserved 1179648K
  class space    used 7430K, committed 8192K, reserved 1048576K
}
Event: 407.311 GC heap after
{Heap after GC invocations=713 (full 3):
 PSYoungGen      total 8704K, used 1408K [0x00000000eab00000, 0x00000000eb580000, 0x0000000100000000)
  eden space 7168K, 0% used [0x00000000eab00000,0x00000000eab00000,0x00000000eb200000)
  from space 1536K, 91% used [0x00000000eb400000,0x00000000eb560040,0x00000000eb580000)
  to   space 1536K, 0% used [0x00000000eb280000,0x00000000eb280000,0x00000000eb400000)
 ParOldGen       total 689152K, used 688940K [0x00000000c0000000, 0x00000000ea100000, 0x00000000eab00000)
  object space 689152K, 99% used [0x00000000c0000000,0x00000000ea0cb3f8,0x00000000ea100000)
 Metaspace       used 72123K, committed 73792K, reserved 1179648K
  class space    used 7430K, committed 8192K, reserved 1048576K
}

Dll operation events (9 events):
Event: 0.234 Loaded shared library /home/willsonic3/.vscode/extensions/redhat.java-1.39.0-linux-x64/jre/21.0.5-linux-x86_64/lib/libjava.so
Event: 1.810 Loaded shared library /home/willsonic3/.vscode/extensions/redhat.java-1.39.0-linux-x64/jre/21.0.5-linux-x86_64/lib/libzip.so
Event: 2.279 Loaded shared library /home/willsonic3/.vscode/extensions/redhat.java-1.39.0-linux-x64/jre/21.0.5-linux-x86_64/lib/libinstrument.so
Event: 2.304 Loaded shared library /home/willsonic3/.vscode/extensions/redhat.java-1.39.0-linux-x64/jre/21.0.5-linux-x86_64/lib/libnio.so
Event: 2.356 Loaded shared library /home/willsonic3/.vscode/extensions/redhat.java-1.39.0-linux-x64/jre/21.0.5-linux-x86_64/lib/libzip.so
Event: 2.780 Loaded shared library /home/willsonic3/.vscode/extensions/redhat.java-1.39.0-linux-x64/jre/21.0.5-linux-x86_64/lib/libjimage.so
Event: 4.478 Loaded shared library /home/willsonic3/.vscode/extensions/redhat.java-1.39.0-linux-x64/jre/21.0.5-linux-x86_64/lib/libverify.so
Event: 11.541 Loaded shared library /home/willsonic3/.vscode/extensions/redhat.java-1.39.0-linux-x64/jre/21.0.5-linux-x86_64/lib/libnet.so
Event: 15.269 Loading shared library /home/willsonic3/.config/Code/User/globalStorage/redhat.java/1.39.0/config_linux/org.eclipse.equinox.launcher/org.eclipse.equinox.launcher.gtk.linux.x86_64_1.2.1300.v20241223-1657/eclipse_11906.so failed, /lib/x86_64-linux-gnu/libc.

Deoptimization events (20 events):
Event: 408.336 Thread 0x00007b0a681c67b0 Uncommon trap: trap_request=0xffffffc6 fr.pc=0x00007b0aecd25258 relative=0x0000000000000178
Event: 408.336 Thread 0x00007b0a681c67b0 Uncommon trap: reason=bimorphic_or_optimized_type_check action=maybe_recompile pc=0x00007b0aecd25258 method=java.util.regex.Pattern.lambda$negate$7(Ljava/util/regex/Pattern$CharPredicate;I)Z @ 2 c2
Event: 408.336 Thread 0x00007b0a681c67b0 DEOPT PACKING pc=0x00007b0aecd25258 sp=0x00007b0a596b2c80
Event: 408.336 Thread 0x00007b0a681c67b0 DEOPT UNPACKING pc=0x00007b0aec58b393 sp=0x00007b0a596b2bc0 mode 2
Event: 408.336 Thread 0x00007b0a681c67b0 Uncommon trap: trap_request=0xffffffc6 fr.pc=0x00007b0aecd25258 relative=0x0000000000000178
Event: 408.336 Thread 0x00007b0a681c67b0 Uncommon trap: reason=bimorphic_or_optimized_type_check action=maybe_recompile pc=0x00007b0aecd25258 method=java.util.regex.Pattern.lambda$negate$7(Ljava/util/regex/Pattern$CharPredicate;I)Z @ 2 c2
Event: 408.336 Thread 0x00007b0a681c67b0 DEOPT PACKING pc=0x00007b0aecd25258 sp=0x00007b0a596b2c80
Event: 408.336 Thread 0x00007b0a681c67b0 DEOPT UNPACKING pc=0x00007b0aec58b393 sp=0x00007b0a596b2bc0 mode 2
Event: 408.336 Thread 0x00007b0a681c67b0 Uncommon trap: trap_request=0xffffffc6 fr.pc=0x00007b0aecd25258 relative=0x0000000000000178
Event: 408.336 Thread 0x00007b0a681c67b0 Uncommon trap: reason=bimorphic_or_optimized_type_check action=maybe_recompile pc=0x00007b0aecd25258 method=java.util.regex.Pattern.lambda$negate$7(Ljava/util/regex/Pattern$CharPredicate;I)Z @ 2 c2
Event: 408.336 Thread 0x00007b0a681c67b0 DEOPT PACKING pc=0x00007b0aecd25258 sp=0x00007b0a596b2c80
Event: 408.336 Thread 0x00007b0a681c67b0 DEOPT UNPACKING pc=0x00007b0aec58b393 sp=0x00007b0a596b2bc0 mode 2
Event: 408.336 Thread 0x00007b0a681c67b0 Uncommon trap: trap_request=0xffffffc6 fr.pc=0x00007b0aecd25258 relative=0x0000000000000178
Event: 408.336 Thread 0x00007b0a681c67b0 Uncommon trap: reason=bimorphic_or_optimized_type_check action=maybe_recompile pc=0x00007b0aecd25258 method=java.util.regex.Pattern.lambda$negate$7(Ljava/util/regex/Pattern$CharPredicate;I)Z @ 2 c2
Event: 408.336 Thread 0x00007b0a681c67b0 DEOPT PACKING pc=0x00007b0aecd25258 sp=0x00007b0a596b2c80
Event: 408.336 Thread 0x00007b0a681c67b0 DEOPT UNPACKING pc=0x00007b0aec58b393 sp=0x00007b0a596b2bc0 mode 2
Event: 408.336 Thread 0x00007b0a681c67b0 Uncommon trap: trap_request=0xffffffc6 fr.pc=0x00007b0aecfa05a0 relative=0x0000000000000140
Event: 408.336 Thread 0x00007b0a681c67b0 Uncommon trap: reason=bimorphic_or_optimized_type_check action=maybe_recompile pc=0x00007b0aecfa05a0 method=java.util.regex.Pattern.lambda$negate$7(Ljava/util/regex/Pattern$CharPredicate;I)Z @ 2 c2
Event: 408.336 Thread 0x00007b0a681c67b0 DEOPT PACKING pc=0x00007b0aecfa05a0 sp=0x00007b0a596b2c00
Event: 408.336 Thread 0x00007b0a681c67b0 DEOPT UNPACKING pc=0x00007b0aec58b393 sp=0x00007b0a596b2bb8 mode 2

Classes loaded (20 events):
Event: 340.580 Loading class java/util/stream/Nodes$CollectorTask$OfRef
Event: 340.581 Loading class java/util/stream/Nodes$CollectorTask
Event: 340.582 Loading class java/util/stream/Nodes$CollectorTask done
Event: 340.582 Loading class java/util/stream/Nodes$CollectorTask$OfRef done
Event: 340.583 Loading class java/util/function/LongFunction
Event: 340.602 Loading class java/util/function/LongFunction done
Event: 340.608 Loading class java/util/stream/Nodes$ConcNode
Event: 340.609 Loading class java/util/stream/Nodes$AbstractConcNode
Event: 340.610 Loading class java/util/stream/Nodes$AbstractConcNode done
Event: 340.610 Loading class java/util/stream/Nodes$ConcNode done
Event: 341.038 Loading class java/io/ObjectOutputStream$BlockDataOutputStream
Event: 341.043 Loading class java/io/ObjectOutputStream$BlockDataOutputStream done
Event: 341.043 Loading class java/io/ObjectOutputStream$HandleTable
Event: 341.054 Loading class java/io/ObjectOutputStream$HandleTable done
Event: 341.059 Loading class java/io/ObjectOutputStream$ReplaceTable
Event: 341.060 Loading class java/io/ObjectOutputStream$ReplaceTable done
Event: 392.183 Loading class java/util/stream/ReduceOps$2
Event: 392.184 Loading class java/util/stream/ReduceOps$2 done
Event: 392.184 Loading class java/util/stream/ReduceOps$2ReducingSink
Event: 392.185 Loading class java/util/stream/ReduceOps$2ReducingSink done

Classes unloaded (9 events):
Event: 38.694 Thread 0x00007b0af40a4ee0 Unloading class 0x00007b0a9e198c00 'java/lang/invoke/LambdaForm$MH+0x00007b0a9e198c00'
Event: 38.694 Thread 0x00007b0af40a4ee0 Unloading class 0x00007b0a9e198800 'java/lang/invoke/LambdaForm$MH+0x00007b0a9e198800'
Event: 38.694 Thread 0x00007b0af40a4ee0 Unloading class 0x00007b0a9e198400 'java/lang/invoke/LambdaForm$MH+0x00007b0a9e198400'
Event: 38.694 Thread 0x00007b0af40a4ee0 Unloading class 0x00007b0a9e198000 'java/lang/invoke/LambdaForm$MH+0x00007b0a9e198000'
Event: 38.694 Thread 0x00007b0af40a4ee0 Unloading class 0x00007b0a9e197c00 'java/lang/invoke/LambdaForm$BMH+0x00007b0a9e197c00'
Event: 38.694 Thread 0x00007b0af40a4ee0 Unloading class 0x00007b0a9e197800 'java/lang/invoke/LambdaForm$DMH+0x00007b0a9e197800'
Event: 38.694 Thread 0x00007b0af40a4ee0 Unloading class 0x00007b0a9e196400 'java/lang/invoke/LambdaForm$DMH+0x00007b0a9e196400'
Event: 101.982 Thread 0x00007b0af40a4ee0 Unloading class 0x00007b0a9e63c800 'java/lang/invoke/LambdaForm$DMH+0x00007b0a9e63c800'
Event: 101.982 Thread 0x00007b0af40a4ee0 Unloading class 0x00007b0a9e63c400 'java/lang/invoke/LambdaForm$DMH+0x00007b0a9e63c400'

Classes redefined (0 events):
No events

Internal exceptions (20 events):
Event: 250.689 Thread 0x00007b0a64a6daa0 Exception <a 'sun/nio/fs/UnixException'{0x00000000ead20180}> (0x00000000ead20180) 
thrown [src/hotspot/share/prims/jni.cpp, line 520]
Event: 251.067 Thread 0x00007b0a64a6daa0 Exception <a 'sun/nio/fs/UnixException'{0x00000000eb1440a0}> (0x00000000eb1440a0) 
thrown [src/hotspot/share/prims/jni.cpp, line 520]
Event: 251.093 Thread 0x00007b0a64a6daa0 Exception <a 'sun/nio/fs/UnixException'{0x00000000eb14b728}> (0x00000000eb14b728) 
thrown [src/hotspot/share/prims/jni.cpp, line 520]
Event: 258.807 Thread 0x00007b0a64a6daa0 Exception <a 'sun/nio/fs/UnixException'{0x00000000eae0d790}> (0x00000000eae0d790) 
thrown [src/hotspot/share/prims/jni.cpp, line 520]
Event: 258.819 Thread 0x00007b0a64a6daa0 Exception <a 'sun/nio/fs/UnixException'{0x00000000eae14d50}> (0x00000000eae14d50) 
thrown [src/hotspot/share/prims/jni.cpp, line 520]
Event: 259.955 Thread 0x00007b0a64a6daa0 Exception <a 'sun/nio/fs/UnixException'{0x00000000eab9cfb8}> (0x00000000eab9cfb8) 
thrown [src/hotspot/share/prims/jni.cpp, line 520]
Event: 260.423 Thread 0x00007b0a64a6daa0 Exception <a 'sun/nio/fs/UnixException'{0x00000000eadb74b8}> (0x00000000eadb74b8) 
thrown [src/hotspot/share/prims/jni.cpp, line 520]
Event: 260.476 Thread 0x00007b0a64a6daa0 Exception <a 'sun/nio/fs/UnixException'{0x00000000eae13ef8}> (0x00000000eae13ef8) 
thrown [src/hotspot/share/prims/jni.cpp, line 520]
Event: 260.618 Thread 0x00007b0a64a6daa0 Exception <a 'sun/nio/fs/UnixException'{0x00000000eb151af8}> (0x00000000eb151af8) 
thrown [src/hotspot/share/prims/jni.cpp, line 520]
Event: 260.627 Thread 0x00007b0a64a6daa0 Exception <a 'sun/nio/fs/UnixException'{0x00000000eb16de28}> (0x00000000eb16de28) 
thrown [src/hotspot/share/prims/jni.cpp, line 520]
Event: 261.162 Thread 0x00007b0a64a6daa0 Exception <a 'sun/nio/fs/UnixException'{0x00000000ead1aa68}> (0x00000000ead1aa68) 
thrown [src/hotspot/share/prims/jni.cpp, line 520]
Event: 261.661 Thread 0x00007b0a64a6daa0 Exception <a 'sun/nio/fs/UnixException'{0x00000000eadf8950}> (0x00000000eadf8950) 
thrown [src/hotspot/share/prims/jni.cpp, line 520]
Event: 340.348 Thread 0x00007b0a7c011090 Implicit null exception at 0x00007b0aecc8973a to 0x00007b0aecc89774
Event: 341.662 Thread 0x00007b0a7c011090 Implicit null exception at 0x00007b0aed01f61a to 0x00007b0aed01f654
Event: 341.823 Thread 0x00007b0a7c011090 Exception <a 'java/lang/NoSuchMethodError'{0x00000000eac42718}: static [J.<clinit>()V> (0x00000000eac42718) 
thrown [src/hotspot/share/prims/jni.cpp, line 1111]
Event: 342.210 Thread 0x00007b0a7c011090 Exception <a 'java/lang/NoSuchMethodError'{0x00000000ead18dc0}: 'java.lang.Object java.lang.invoke.DirectMethodHandle$Holder.newInvokeSpecial(java.lang.Object, java.lang.Object, java.lang.Object, java.lang.Object, java.lang.Object, java.lang.Object, java.lang.Object, java.lang.Object)'> (0x00000000ead18dc0) 
thrown [src/hotspot/share/interpreter/linkResolver.cpp, line 772]
Event: 361.973 Thread 0x00007b0a64a6daa0 Exception <a 'sun/nio/fs/UnixException'{0x00000000eae863d0}> (0x00000000eae863d0) 
thrown [src/hotspot/share/prims/jni.cpp, line 520]
Event: 372.123 Thread 0x00007b0a64a6daa0 Exception <a 'sun/nio/fs/UnixException'{0x00000000eab6b8a0}> (0x00000000eab6b8a0) 
thrown [src/hotspot/share/prims/jni.cpp, line 520]
Event: 399.836 Thread 0x00007b0a64a6daa0 Exception <a 'sun/nio/fs/UnixException'{0x00000000eab31680}> (0x00000000eab31680) 
thrown [src/hotspot/share/prims/jni.cpp, line 520]
Event: 407.524 Thread 0x00007b0af43cd1a0 Exception <a 'java/lang/IncompatibleClassChangeError'{0x00000000eace5250}: Found class java.lang.Object, but interface was expected> (0x00000000eace5250) 
thrown [src/hotspot/share/interpreter/linkResolver.cpp, line 840]

ZGC Phase Switch (0 events):
No events

VM Operations (20 events):
Event: 400.481 Executing VM operation: Cleanup
Event: 400.481 Executing VM operation: Cleanup done
Event: 402.481 Executing VM operation: Cleanup
Event: 402.482 Executing VM operation: Cleanup done
Event: 403.482 Executing VM operation: Cleanup
Event: 403.484 Executing VM operation: Cleanup done
Event: 403.664 Executing VM operation: ParallelGCFailedAllocation (Allocation Failure)
Event: 403.787 Executing VM operation: ParallelGCFailedAllocation (Allocation Failure) done
Event: 404.629 Executing VM operation: ParallelGCFailedAllocation (Allocation Failure)
Event: 404.672 Executing VM operation: ParallelGCFailedAllocation (Allocation Failure) done
Event: 405.672 Executing VM operation: Cleanup
Event: 405.673 Executing VM operation: Cleanup done
Event: 405.764 Executing VM operation: ParallelGCFailedAllocation (Allocation Failure)
Event: 405.797 Executing VM operation: ParallelGCFailedAllocation (Allocation Failure) done
Event: 406.797 Executing VM operation: Cleanup
Event: 406.797 Executing VM operation: Cleanup done
Event: 407.251 Executing VM operation: ParallelGCFailedAllocation (Allocation Failure)
Event: 407.311 Executing VM operation: ParallelGCFailedAllocation (Allocation Failure) done
Event: 408.311 Executing VM operation: Cleanup
Event: 408.319 Executing VM operation: Cleanup done

Memory protections (20 events):
Event: 395.368 Protecting memory [0x00007b0a638f9000,0x00007b0a638fd000] with protection modes 0
Event: 396.273 Protecting memory [0x00007b0a5a5c4000,0x00007b0a5a5c8000] with protection modes 0
Event: 396.480 Protecting memory [0x00007b0a5a5c4000,0x00007b0a5a5c8000] with protection modes 0
Event: 398.442 Protecting memory [0x00007b0a638f9000,0x00007b0a638fd000] with protection modes 0
Event: 399.881 Protecting memory [0x00007b0a638f9000,0x00007b0a638fd000] with protection modes 0
Event: 401.782 Protecting memory [0x00007b0a638f9000,0x00007b0a638fd000] with protection modes 0
Event: 401.930 Protecting memory [0x00007b0a5a4c3000,0x00007b0a5a4c7000] with protection modes 0
Event: 402.002 Protecting memory [0x00007b0a637f8000,0x00007b0a637fc000] with protection modes 0
Event: 402.984 Protecting memory [0x00007b0a638f9000,0x00007b0a638fd000] with protection modes 0
Event: 404.422 Protecting memory [0x00007b0a638f9000,0x00007b0a638fd000] with protection modes 0
Event: 404.432 Protecting memory [0x00007b0a637f8000,0x00007b0a637fc000] with protection modes 0
Event: 406.864 Protecting memory [0x00007b0a637f8000,0x00007b0a637fc000] with protection modes 0
Event: 406.956 Protecting memory [0x00007b0a637f8000,0x00007b0a637fc000] with protection modes 0
Event: 406.971 Protecting memory [0x00007b0a638f9000,0x00007b0a638fd000] with protection modes 0
Event: 406.989 Protecting memory [0x00007b0a5a4c3000,0x00007b0a5a4c7000] with protection modes 0
Event: 407.008 Protecting memory [0x00007b0a637f8000,0x00007b0a637fc000] with protection modes 0
Event: 407.026 Protecting memory [0x00007b0a595b4000,0x00007b0a595b8000] with protection modes 0
Event: 407.346 Protecting memory [0x00007b0a637f8000,0x00007b0a637fc000] with protection modes 0
Event: 407.874 Protecting memory [0x00007b0a595b4000,0x00007b0a595b8000] with protection modes 0
Event: 408.425 Protecting memory [0x00007b0a638f9000,0x00007b0a638fd000] with protection modes 0

Nmethod flushes (20 events):
Event: 102.139 Thread 0x00007b0af40a4ee0 flushing  nmethod 0x00007b0ae58ce810
Event: 102.139 Thread 0x00007b0af40a4ee0 flushing  nmethod 0x00007b0ae58d2a10
Event: 102.139 Thread 0x00007b0af40a4ee0 flushing  nmethod 0x00007b0ae58d3010
Event: 102.139 Thread 0x00007b0af40a4ee0 flushing  nmethod 0x00007b0ae58e3690
Event: 102.139 Thread 0x00007b0af40a4ee0 flushing  nmethod 0x00007b0ae58ea010
Event: 102.139 Thread 0x00007b0af40a4ee0 flushing  nmethod 0x00007b0ae58eaa90
Event: 102.139 Thread 0x00007b0af40a4ee0 flushing  nmethod 0x00007b0ae58eb310
Event: 102.139 Thread 0x00007b0af40a4ee0 flushing  nmethod 0x00007b0ae58ec590
Event: 102.139 Thread 0x00007b0af40a4ee0 flushing  nmethod 0x00007b0ae58ec990
Event: 102.139 Thread 0x00007b0af40a4ee0 flushing  nmethod 0x00007b0ae58ed810
Event: 102.139 Thread 0x00007b0af40a4ee0 flushing  nmethod 0x00007b0ae58edd10
Event: 102.139 Thread 0x00007b0af40a4ee0 flushing  nmethod 0x00007b0ae58eee90
Event: 102.139 Thread 0x00007b0af40a4ee0 flushing  nmethod 0x00007b0ae58f0690
Event: 102.139 Thread 0x00007b0af40a4ee0 flushing  nmethod 0x00007b0ae58f0f10
Event: 102.139 Thread 0x00007b0af40a4ee0 flushing  nmethod 0x00007b0ae58f1490
Event: 102.139 Thread 0x00007b0af40a4ee0 flushing  nmethod 0x00007b0ae58f1c10
Event: 102.139 Thread 0x00007b0af40a4ee0 flushing  nmethod 0x00007b0ae58f3310
Event: 102.139 Thread 0x00007b0af40a4ee0 flushing  nmethod 0x00007b0ae58f3a90
Event: 102.139 Thread 0x00007b0af40a4ee0 flushing  nmethod 0x00007b0ae591be90
Event: 102.139 Thread 0x00007b0af40a4ee0 flushing  nmethod 0x00007b0ae591c390

Events (20 events):
Event: 403.370 Thread 0x00007b0a6809c1c0 Thread exited: 0x00007b0a6809c1c0
Event: 404.421 Thread 0x00007b0af43cd1a0 Thread added: 0x00007b0a6809c1c0
Event: 404.431 Thread 0x00007b0af43cd1a0 Thread added: 0x00007b0a680e4990
Event: 404.984 Thread 0x00007b0a680e4990 Thread exited: 0x00007b0a680e4990
Event: 406.858 Thread 0x00007b0af43cd1a0 Thread added: 0x00007b0a6816c370
Event: 406.861 Thread 0x00007b0a6809c1c0 Thread exited: 0x00007b0a6809c1c0
Event: 406.865 Thread 0x00007b0a6816c370 Thread exited: 0x00007b0a6816c370
Event: 406.954 Thread 0x00007b0af43cd1a0 Thread added: 0x00007b0a6809c1c0
Event: 406.969 Thread 0x00007b0af43cd1a0 Thread added: 0x00007b0a6816c370
Event: 406.986 Thread 0x00007b0af43cd1a0 Thread added: 0x00007b0a6816d630
Event: 406.988 Thread 0x00007b0a6809c1c0 Thread exited: 0x00007b0a6809c1c0
Event: 406.999 Thread 0x00007b0af43cd1a0 Thread added: 0x00007b0a6809c1c0
Event: 407.017 Thread 0x00007b0af43cd1a0 Thread added: 0x00007b0a6816e410
Event: 407.048 Thread 0x00007b0a6816d630 Thread exited: 0x00007b0a6816d630
Event: 407.060 Thread 0x00007b0a6816c370 Thread exited: 0x00007b0a6816c370
Event: 407.090 Thread 0x00007b0a6809c1c0 Thread exited: 0x00007b0a6809c1c0
Event: 407.346 Thread 0x00007b0af43cd1a0 Thread added: 0x00007b0a6809c1c0
Event: 407.760 Thread 0x00007b0a6816e410 Thread exited: 0x00007b0a6816e410
Event: 407.874 Thread 0x00007b0af43cd1a0 Thread added: 0x00007b0a681c67b0
Event: 408.422 Thread 0x00007b0af43cd1a0 Thread added: 0x00007b0a681c75b0


Dynamic libraries:
c0000000-ea100000 rw-p 00000000 00:00 0 
ea100000-eab00000 ---p 00000000 00:00 0 
eab00000-eb580000 rw-p 00000000 00:00 0 
eb580000-100000000 ---p 00000000 00:00 0 
5a0804f56000-5a0804f57000 r-xp 00000000 00:2a 62033                      /home/willsonic3/.vscode/extensions/redhat.java-1.39.0-linux-x64/jre/21.0.5-linux-x86_64/bin/java
5a0804f58000-5a0804f59000 r--p 00001000 00:2a 62033                      /home/willsonic3/.vscode/extensions/redhat.java-1.39.0-linux-x64/jre/21.0.5-linux-x86_64/bin/java
5a0804f59000-5a0804f5a000 rw-p 00002000 00:2a 62033                      /home/willsonic3/.vscode/extensions/redhat.java-1.39.0-linux-x64/jre/21.0.5-linux-x86_64/bin/java
5a0806693000-5a0806742000 rw-p 00000000 00:00 0                          [heap]
7b0a54000000-7b0a540b0000 rw-p 00000000 00:00 0 
7b0a540b0000-7b0a58000000 ---p 00000000 00:00 0 
7b0a58ead000-7b0a58eb1000 ---p 00000000 00:00 0 
7b0a58eb1000-7b0a58fae000 rw-p 00000000 00:00 0 
7b0a58fae000-7b0a58fb2000 ---p 00000000 00:00 0 
7b0a58fb2000-7b0a590af000 rw-p 00000000 00:00 0 
7b0a590af000-7b0a590b3000 ---p 00000000 00:00 0 
7b0a590b3000-7b0a591b0000 rw-p 00000000 00:00 0 
7b0a591b0000-7b0a591b4000 ---p 00000000 00:00 0 
7b0a591b4000-7b0a592b1000 rw-p 00000000 00:00 0 
7b0a592b1000-7b0a592b5000 ---p 00000000 00:00 0 
7b0a592b5000-7b0a593b2000 rw-p 00000000 00:00 0 
7b0a593b2000-7b0a593b6000 ---p 00000000 00:00 0 
7b0a593b6000-7b0a594b3000 rw-p 00000000 00:00 0 
7b0a594b3000-7b0a594b7000 ---p 00000000 00:00 0 
7b0a594b7000-7b0a595b4000 rw-p 00000000 00:00 0 
7b0a595b4000-7b0a595b8000 ---p 00000000 00:00 0 
7b0a595b8000-7b0a596b5000 rw-p 00000000 00:00 0 
7b0a596b5000-7b0a596b9000 ---p 00000000 00:00 0 
7b0a596b9000-7b0a597b6000 rw-p 00000000 00:00 0 
7b0a597b6000-7b0a597ba000 ---p 00000000 00:00 0 
7b0a597ba000-7b0a598b7000 rw-p 00000000 00:00 0 
7b0a598b7000-7b0a598bb000 ---p 00000000 00:00 0 
7b0a598bb000-7b0a599b8000 rw-p 00000000 00:00 0 
7b0a599b8000-7b0a599bc000 ---p 00000000 00:00 0 
7b0a599bc000-7b0a59ab9000 rw-p 00000000 00:00 0 
7b0a59ab9000-7b0a59abd000 ---p 00000000 00:00 0 
7b0a59abd000-7b0a59bba000 rw-p 00000000 00:00 0 
7b0a59bba000-7b0a59bbe000 ---p 00000000 00:00 0 
7b0a59bbe000-7b0a59cbb000 rw-p 00000000 00:00 0 
7b0a59cbb000-7b0a59cbf000 ---p 00000000 00:00 0 
7b0a59cbf000-7b0a59dbc000 rw-p 00000000 00:00 0 
7b0a59dbc000-7b0a59dc0000 ---p 00000000 00:00 0 
7b0a59dc0000-7b0a59ebd000 rw-p 00000000 00:00 0 
7b0a59ebd000-7b0a59ec1000 ---p 00000000 00:00 0 
7b0a59ec1000-7b0a59fbe000 rw-p 00000000 00:00 0 
7b0a59fbe000-7b0a59fc2000 ---p 00000000 00:00 0 
7b0a59fc2000-7b0a5a0bf000 rw-p 00000000 00:00 0 
7b0a5a0bf000-7b0a5a0c3000 ---p 00000000 00:00 0 
7b0a5a0c3000-7b0a5a1c0000 rw-p 00000000 00:00 0 
7b0a5a1c0000-7b0a5a1c4000 ---p 00000000 00:00 0 
7b0a5a1c4000-7b0a5a2c1000 rw-p 00000000 00:00 0 
7b0a5a2c1000-7b0a5a2c5000 ---p 00000000 00:00 0 
7b0a5a2c5000-7b0a5a3c2000 rw-p 00000000 00:00 0 
7b0a5a3c2000-7b0a5a3c6000 ---p 00000000 00:00 0 
7b0a5a3c6000-7b0a5a4c3000 rw-p 00000000 00:00 0 
7b0a5a4c3000-7b0a5a4c7000 ---p 00000000 00:00 0 
7b0a5a4c7000-7b0a5a5c4000 rw-p 00000000 00:00 0 
7b0a5a5c4000-7b0a5a5c8000 ---p 00000000 00:00 0 
7b0a5a5c8000-7b0a5a6c5000 rw-p 00000000 00:00 0 
7b0a5a6c5000-7b0a5a6c9000 ---p 00000000 00:00 0 
7b0a5a6c9000-7b0a5a7c6000 rw-p 00000000 00:00 0 
7b0a5a9ae000-7b0a5a9b2000 ---p 00000000 00:00 0 
7b0a5a9b2000-7b0a5aaaf000 rw-p 00000000 00:00 0 
7b0a5aaaf000-7b0a5aab3000 ---p 00000000 00:00 0 
7b0a5aab3000-7b0a5abb0000 rw-p 00000000 00:00 0 
7b0a5abb0000-7b0a5abb4000 ---p 00000000 00:00 0 
7b0a5abb4000-7b0a5acb1000 rw-p 00000000 00:00 0 
7b0a5acb1000-7b0a5acb5000 ---p 00000000 00:00 0 
7b0a5acb5000-7b0a5adb2000 rw-p 00000000 00:00 0 
7b0a5ae41000-7b0a5ae45000 ---p 00000000 00:00 0 
7b0a5ae45000-7b0a5af42000 rw-p 00000000 00:00 0 
7b0a5af42000-7b0a636f7000 r--s 00000000 00:2a 87410                      /usr/lib/jvm/jdk-23.0.2-oracle-x64/lib/modules
7b0a636f7000-7b0a636fb000 ---p 00000000 00:00 0 
7b0a636fb000-7b0a637f8000 rw-p 00000000 00:00 0 
7b0a637f8000-7b0a637fc000 ---p 00000000 00:00 0 
7b0a637fc000-7b0a638f9000 rw-p 00000000 00:00 0 
7b0a638f9000-7b0a638fd000 ---p 00000000 00:00 0 
7b0a638fd000-7b0a639fa000 rw-p 00000000 00:00 0 
7b0a639fa000-7b0a639fe000 ---p 00000000 00:00 0 
7b0a639fe000-7b0a63afb000 rw-p 00000000 00:00 0 
7b0a63afb000-7b0a63aff000 ---p 00000000 00:00 0 
7b0a63aff000-7b0a63bfc000 rw-p 00000000 00:00 0 
7b0a63bfc000-7b0a63c00000 ---p 00000000 00:00 0 
7b0a63c00000-7b0a63cfd000 rw-p 00000000 00:00 0 
7b0a63cfd000-7b0a63d01000 ---p 00000000 00:00 0 
7b0a63d01000-7b0a63dfe000 rw-p 00000000 00:00 0 
7b0a63dfe000-7b0a63e02000 ---p 00000000 00:00 0 
7b0a63e02000-7b0a63eff000 rw-p 00000000 00:00 0 
7b0a63eff000-7b0a63f03000 ---p 00000000 00:00 0 
7b0a63f03000-7b0a64000000 rw-p 00000000 00:00 0 
7b0a64000000-7b0a64bf7000 rw-p 00000000 00:00 0 
7b0a64bf7000-7b0a68000000 ---p 00000000 00:00 0 
7b0a68000000-7b0a681d4000 rw-p 00000000 00:00 0 
7b0a681d4000-7b0a6c000000 ---p 00000000 00:00 0 
7b0a6c000000-7b0a6c070000 rw-p 00000000 00:00 0 
7b0a6c070000-7b0a70000000 ---p 00000000 00:00 0 
7b0a70000000-7b0a70038000 rw-p 00000000 00:00 0 
7b0a70038000-7b0a74000000 ---p 00000000 00:00 0 
7b0a74000000-7b0a7728e000 rw-p 00000000 00:00 0 
7b0a7728e000-7b0a78000000 ---p 00000000 00:00 0 
7b0a78000000-7b0a78de4000 rw-p 00000000 00:00 0 
7b0a78de4000-7b0a7c000000 ---p 00000000 00:00 0 
7b0a7c000000-7b0a7c1b6000 rw-p 00000000 00:00 0 
7b0a7c1b6000-7b0a80000000 ---p 00000000 00:00 0 
7b0a80000000-7b0a8062f000 rw-p 00000000 00:00 0 
7b0a8062f000-7b0a84000000 ---p 00000000 00:00 0 
7b0a84000000-7b0a840d0000 rw-p 00000000 00:00 0 
7b0a840d0000-7b0a88000000 ---p 00000000 00:00 0 
7b0a88000000-7b0a88460000 rw-p 00000000 00:00 0 
7b0a88460000-7b0a8c000000 ---p 00000000 00:00 0 
7b0a8c000000-7b0a8c124000 rw-p 00000000 00:00 0 
7b0a8c124000-7b0a90000000 ---p 00000000 00:00 0 
7b0a90000000-7b0a900dc000 rw-p 00000000 00:00 0 
7b0a900dc000-7b0a94000000 ---p 00000000 00:00 0 
7b0a94000000-7b0a94400000 rw-p 00000000 00:00 0 
7b0a94400000-7b0a94800000 rw-p 00000000 00:00 0 
7b0a94800000-7b0a94900000 rw-p 00000000 00:00 0 
7b0a94900000-7b0a94b00000 rw-p 00000000 00:00 0 
7b0a94b00000-7b0a94c00000 rw-p 00000000 00:00 0 
7b0a94c00000-7b0a95180000 rw-p 00000000 00:00 0 
7b0a95180000-7b0a95200000 rw-p 00000000 00:00 0 
7b0a95200000-7b0a95700000 rw-p 00000000 00:00 0 
7b0a95700000-7b0a95800000 rw-p 00000000 00:00 0 
7b0a95800000-7b0a95d00000 rw-p 00000000 00:00 0 
7b0a95d00000-7b0a95e00000 rw-p 00000000 00:00 0 
7b0a95e00000-7b0a96180000 rw-p 00000000 00:00 0 
7b0a96180000-7b0a96200000 rw-p 00000000 00:00 0 
7b0a96200000-7b0a96900000 rw-p 00000000 00:00 0 
7b0a96900000-7b0a96a00000 rw-p 00000000 00:00 0 
7b0a96a00000-7b0a97d80000 rw-p 00000000 00:00 0 
7b0a97d80000-7b0a97de0000 rw-p 00000000 00:00 0 
7b0a97de0000-7b0a97e00000 ---p 00000000 00:00 0 
7b0a97e00000-7b0a98000000 rw-p 00000000 00:00 0 
7b0a98000000-7b0a9802f000 rw-p 00000000 00:00 0 
7b0a9802f000-7b0a9c000000 ---p 00000000 00:00 0 
7b0a9c00c000-7b0a9c010000 ---p 00000000 00:00 0 
7b0a9c010000-7b0a9c10d000 rw-p 00000000 00:00 0 
7b0a9c10d000-7b0a9c111000 ---p 00000000 00:00 0 
7b0a9c111000-7b0a9c20e000 rw-p 00000000 00:00 0 
7b0a9c20e000-7b0a9c212000 ---p 00000000 00:00 0 
7b0a9c212000-7b0a9c30f000 rw-p 00000000 00:00 0 
7b0a9c30f000-7b0a9c313000 ---p 00000000 00:00 0 
7b0a9c313000-7b0a9c410000 rw-p 00000000 00:00 0 
7b0a9c410000-7b0a9c411000 ---p 00000000 00:00 0 
7b0a9c411000-7b0a9c511000 rw-p 00000000 00:00 0 
7b0a9c511000-7b0a9c515000 ---p 00000000 00:00 0 
7b0a9c515000-7b0a9c612000 rw-p 00000000 00:00 0 
7b0a9c612000-7b0a9c616000 ---p 00000000 00:00 0 
7b0a9c616000-7b0a9c713000 rw-p 00000000 00:00 0 
7b0a9c713000-7b0a9c717000 ---p 00000000 00:00 0 
7b0a9c717000-7b0a9c814000 rw-p 00000000 00:00 0 
7b0a9c814000-7b0a9c818000 ---p 00000000 00:00 0 
7b0a9c818000-7b0a9c915000 rw-p 00000000 00:00 0 
7b0a9c915000-7b0a9c919000 ---p 00000000 00:00 0 
7b0a9c919000-7b0a9ca16000 rw-p 00000000 00:00 0 
7b0a9ca16000-7b0a9ca1a000 ---p 00000000 00:00 0 
7b0a9ca1a000-7b0a9cb17000 rw-p 00000000 00:00 0 
7b0a9cb17000-7b0a9cb1b000 ---p 00000000 00:00 0 
7b0a9cb1b000-7b0a9cc18000 rw-p 00000000 00:00 0 
7b0a9cc18000-7b0a9cc1c000 ---p 00000000 00:00 0 
7b0a9cc1c000-7b0a9cd19000 rw-p 00000000 00:00 0 
7b0a9cd19000-7b0a9d000000 r--p 00000000 00:2a 2162                       /usr/lib/locale/locale-archive
7b0a9d000000-7b0a9dbb8000 rw-p 00001000 00:2a 65996                      /home/willsonic3/.vscode/extensions/redhat.java-1.39.0-linux-x64/jre/21.0.5-linux-x86_64/lib/server/classes.jsa
7b0a9dbb8000-7b0a9e000000 ---p 00000000 00:00 0 
7b0a9e000000-7b0a9e040000 rw-p 00000000 00:00 0 
7b0a9e040000-7b0a9e0c0000 rw-p 00000000 00:00 0 
7b0a9e0c0000-7b0a9e100000 rw-p 00000000 00:00 0 
7b0a9e100000-7b0a9e240000 rw-p 00000000 00:00 0 
7b0a9e240000-7b0a9e280000 rw-p 00000000 00:00 0 
7b0a9e280000-7b0a9e3e0000 rw-p 00000000 00:00 0 
7b0a9e3e0000-7b0a9e400000 rw-p 00000000 00:00 0 
7b0a9e400000-7b0a9e810000 rw-p 00000000 00:00 0 
7b0a9e810000-7b0ade000000 ---p 00000000 00:00 0 
7b0ade000000-7b0ae0000000 rw-p 00000000 00:00 0 
7b0ae0000000-7b0ae015c000 rw-p 00000000 00:00 0 
7b0ae015c000-7b0ae4000000 ---p 00000000 00:00 0 
7b0ae4081000-7b0ae408e000 r-xp 00000000 00:2a 63831                      /home/willsonic3/.vscode/extensions/redhat.java-1.39.0-linux-x64/jre/21.0.5-linux-x86_64/lib/libverify.so
7b0ae408e000-7b0ae4090000 r--p 0000c000 00:2a 63831                      /home/willsonic3/.vscode/extensions/redhat.java-1.39.0-linux-x64/jre/21.0.5-linux-x86_64/lib/libverify.so
7b0ae4090000-7b0ae4091000 rw-p 0000e000 00:2a 63831                      /home/willsonic3/.vscode/extensions/redhat.java-1.39.0-linux-x64/jre/21.0.5-linux-x86_64/lib/libverify.so
7b0ae4091000-7b0ae40a5000 r-xp 00000000 00:2a 63808                      /home/willsonic3/.vscode/extensions/redhat.java-1.39.0-linux-x64/jre/21.0.5-linux-x86_64/lib/libnio.so
7b0ae40a5000-7b0ae40a6000 r--p 00013000 00:2a 63808                      /home/willsonic3/.vscode/extensions/redhat.java-1.39.0-linux-x64/jre/21.0.5-linux-x86_64/lib/libnio.so
7b0ae40a6000-7b0ae40a7000 rw-p 00014000 00:2a 63808                      /home/willsonic3/.vscode/extensions/redhat.java-1.39.0-linux-x64/jre/21.0.5-linux-x86_64/lib/libnio.so
7b0ae40a7000-7b0ae40c2000 r-xp 00000000 00:2a 63834                      /home/willsonic3/.vscode/extensions/redhat.java-1.39.0-linux-x64/jre/21.0.5-linux-x86_64/lib/libzip.so
7b0ae40c2000-7b0ae40c3000 r--p 0001a000 00:2a 63834                      /home/willsonic3/.vscode/extensions/redhat.java-1.39.0-linux-x64/jre/21.0.5-linux-x86_64/lib/libzip.so
7b0ae40c3000-7b0ae40c4000 rw-p 0001b000 00:2a 63834                      /home/willsonic3/.vscode/extensions/redhat.java-1.39.0-linux-x64/jre/21.0.5-linux-x86_64/lib/libzip.so
7b0ae40c4000-7b0ae40c8000 ---p 00000000 00:00 0 
7b0ae40c8000-7b0ae41c5000 rw-p 00000000 00:00 0 
7b0ae41c5000-7b0ae41c6000 ---p 00000000 00:00 0 
7b0ae41c6000-7b0ae48cc000 rw-p 00000000 00:00 0 
7b0ae48cc000-7b0ae48cd000 ---p 00000000 00:00 0 
7b0ae48cd000-7b0ae4dfa000 rw-p 00000000 00:00 0 
7b0ae4dfa000-7b0ae4dff000 ---p 00000000 00:00 0 
7b0ae4dff000-7b0ae4f50000 rw-p 00000000 00:00 0 
7b0ae4f50000-7b0ae4f54000 ---p 00000000 00:00 0 
7b0ae4f54000-7b0ae4f5a000 rw-p 00000000 00:00 0 
7b0ae4f5a000-7b0ae5000000 ---p 00000000 00:00 0 
7b0ae5000000-7b0ae6c40000 rwxp 00000000 00:00 0 
7b0ae6c40000-7b0aec538000 ---p 00000000 00:00 0 
7b0aec538000-7b0aec7a8000 rwxp 00000000 00:00 0 
7b0aec7a8000-7b0aecac7000 ---p 00000000 00:00 0 
7b0aecac7000-7b0aed0c7000 rwxp 00000000 00:00 0 
7b0aed0c7000-7b0af4000000 ---p 00000000 00:00 0 
7b0af4000000-7b0af43dc000 rw-p 00000000 00:00 0 
7b0af43dc000-7b0af8000000 ---p 00000000 00:00 0 
7b0af8000000-7b0af800c000 r-xp 00000000 00:2a 63806                      /home/willsonic3/.vscode/extensions/redhat.java-1.39.0-linux-x64/jre/21.0.5-linux-x86_64/lib/libnet.so
7b0af800c000-7b0af800d000 r--p 0000b000 00:2a 63806                      /home/willsonic3/.vscode/extensions/redhat.java-1.39.0-linux-x64/jre/21.0.5-linux-x86_64/lib/libnet.so
7b0af800d000-7b0af800e000 rw-p 0000c000 00:2a 63806                      /home/willsonic3/.vscode/extensions/redhat.java-1.39.0-linux-x64/jre/21.0.5-linux-x86_64/lib/libnet.so
7b0af800e000-7b0af8063000 rw-p 00000000 00:00 0 
7b0af8063000-7b0af8064000 ---p 00000000 00:00 0 
7b0af8064000-7b0af8170000 rw-p 00000000 00:00 0 
7b0af8170000-7b0af824f000 ---p 00000000 00:00 0 
7b0af824f000-7b0af8288000 rw-p 00000000 00:00 0 
7b0af8288000-7b0af833a000 ---p 00000000 00:00 0 
7b0af833a000-7b0af833f000 rw-p 00000000 00:00 0 
7b0af833f000-7b0af8346000 ---p 00000000 00:00 0 
7b0af8346000-7b0af8349000 r--p 00000000 00:2a 102437                     /usr/lib/x86_64-linux-gnu/libnss_files-2.31.so
7b0af8349000-7b0af8350000 r-xp 00003000 00:2a 102437                     /usr/lib/x86_64-linux-gnu/libnss_files-2.31.so
7b0af8350000-7b0af8352000 r--p 0000a000 00:2a 102437                     /usr/lib/x86_64-linux-gnu/libnss_files-2.31.so
7b0af8352000-7b0af8353000 r--p 0000b000 00:2a 102437                     /usr/lib/x86_64-linux-gnu/libnss_files-2.31.so
7b0af8353000-7b0af8354000 rw-p 0000c000 00:2a 102437                     /usr/lib/x86_64-linux-gnu/libnss_files-2.31.so
7b0af8354000-7b0af835a000 rw-p 00000000 00:00 0 
7b0af835b000-7b0af8363000 rw-s 00000000 00:2a 143156                     /tmp/hsperfdata_willsonic3/22615
7b0af8363000-7b0af8383000 r-xp 00000000 00:2a 63741                      /home/willsonic3/.vscode/extensions/redhat.java-1.39.0-linux-x64/jre/21.0.5-linux-x86_64/lib/libjava.so
7b0af8383000-7b0af8384000 ---p 00020000 00:2a 63741                      /home/willsonic3/.vscode/extensions/redhat.java-1.39.0-linux-x64/jre/21.0.5-linux-x86_64/lib/libjava.so
7b0af8384000-7b0af8385000 r--p 00020000 00:2a 63741                      /home/willsonic3/.vscode/extensions/redhat.java-1.39.0-linux-x64/jre/21.0.5-linux-x86_64/lib/libjava.so
7b0af8385000-7b0af8386000 rw-p 00021000 00:2a 63741                      /home/willsonic3/.vscode/extensions/redhat.java-1.39.0-linux-x64/jre/21.0.5-linux-x86_64/lib/libjava.so
7b0af8386000-7b0af8387000 rw-p 00000000 00:00 0 
7b0af8387000-7b0af8391000 r-xp 00000000 00:2a 63719                      /home/willsonic3/.vscode/extensions/redhat.java-1.39.0-linux-x64/jre/21.0.5-linux-x86_64/lib/libinstrument.so
7b0af8391000-7b0af8392000 ---p 0000a000 00:2a 63719                      /home/willsonic3/.vscode/extensions/redhat.java-1.39.0-linux-x64/jre/21.0.5-linux-x86_64/lib/libinstrument.so
7b0af8392000-7b0af8393000 r--p 0000a000 00:2a 63719                      /home/willsonic3/.vscode/extensions/redhat.java-1.39.0-linux-x64/jre/21.0.5-linux-x86_64/lib/libinstrument.so
7b0af8393000-7b0af8394000 rw-p 0000b000 00:2a 63719                      /home/willsonic3/.vscode/extensions/redhat.java-1.39.0-linux-x64/jre/21.0.5-linux-x86_64/lib/libinstrument.so
7b0af8394000-7b0afb661000 r--s 00000000 00:2a 63838                      /home/willsonic3/.vscode/extensions/redhat.java-1.39.0-linux-x64/jre/21.0.5-linux-x86_64/lib/modules
7b0afb661000-7b0afb67c000 r-xp 00000000 00:2a 63762                      /home/willsonic3/.vscode/extensions/redhat.java-1.39.0-linux-x64/jre/21.0.5-linux-x86_64/lib/libjimage.so
7b0afb67c000-7b0afb67d000 ---p 0001b000 00:2a 63762                      /home/willsonic3/.vscode/extensions/redhat.java-1.39.0-linux-x64/jre/21.0.5-linux-x86_64/lib/libjimage.so
7b0afb67d000-7b0afb67f000 r--p 0001b000 00:2a 63762                      /home/willsonic3/.vscode/extensions/redhat.java-1.39.0-linux-x64/jre/21.0.5-linux-x86_64/lib/libjimage.so
7b0afb67f000-7b0afb680000 rw-p 0001d000 00:2a 63762                      /home/willsonic3/.vscode/extensions/redhat.java-1.39.0-linux-x64/jre/21.0.5-linux-x86_64/lib/libjimage.so
7b0afb680000-7b0afb684000 ---p 00000000 00:00 0 
7b0afb684000-7b0afb781000 rw-p 00000000 00:00 0 
7b0afb781000-7b0afb78e000 r--p 00000000 00:2a 102431                     /usr/lib/x86_64-linux-gnu/libm-2.31.so
7b0afb78e000-7b0afb828000 r-xp 0000d000 00:2a 102431                     /usr/lib/x86_64-linux-gnu/libm-2.31.so
7b0afb828000-7b0afb8c3000 r--p 000a7000 00:2a 102431                     /usr/lib/x86_64-linux-gnu/libm-2.31.so
7b0afb8c3000-7b0afb8c4000 r--p 00141000 00:2a 102431                     /usr/lib/x86_64-linux-gnu/libm-2.31.so
7b0afb8c4000-7b0afb8c5000 rw-p 00142000 00:2a 102431                     /usr/lib/x86_64-linux-gnu/libm-2.31.so
7b0afb8c5000-7b0afb8c7000 r--p 00000000 00:2a 102442                     /usr/lib/x86_64-linux-gnu/librt-2.31.so
7b0afb8c7000-7b0afb8cb000 r-xp 00002000 00:2a 102442                     /usr/lib/x86_64-linux-gnu/librt-2.31.so
7b0afb8cb000-7b0afb8cd000 r--p 00006000 00:2a 102442                     /usr/lib/x86_64-linux-gnu/librt-2.31.so
7b0afb8cd000-7b0afb8ce000 r--p 00007000 00:2a 102442                     /usr/lib/x86_64-linux-gnu/librt-2.31.so
7b0afb8ce000-7b0afb8cf000 rw-p 00008000 00:2a 102442                     /usr/lib/x86_64-linux-gnu/librt-2.31.so
7b0afb8cf000-7b0afcce3000 r-xp 00000000 00:2a 66317                      /home/willsonic3/.vscode/extensions/redhat.java-1.39.0-linux-x64/jre/21.0.5-linux-x86_64/lib/server/libjvm.so
7b0afcce3000-7b0afcce4000 ---p 01414000 00:2a 66317                      /home/willsonic3/.vscode/extensions/redhat.java-1.39.0-linux-x64/jre/21.0.5-linux-x86_64/lib/server/libjvm.so
7b0afcce4000-7b0afcdb8000 r--p 01414000 00:2a 66317                      /home/willsonic3/.vscode/extensions/redhat.java-1.39.0-linux-x64/jre/21.0.5-linux-x86_64/lib/server/libjvm.so
7b0afcdb8000-7b0afcde8000 rw-p 014e8000 00:2a 66317                      /home/willsonic3/.vscode/extensions/redhat.java-1.39.0-linux-x64/jre/21.0.5-linux-x86_64/lib/server/libjvm.so
7b0afcde8000-7b0afce50000 rw-p 00000000 00:00 0 
7b0afce50000-7b0afce72000 r--p 00000000 00:2a 102429                     /usr/lib/x86_64-linux-gnu/libc-2.31.so
7b0afce72000-7b0afcfcb000 r-xp 00022000 00:2a 102429                     /usr/lib/x86_64-linux-gnu/libc-2.31.so
7b0afcfcb000-7b0afd01a000 r--p 0017b000 00:2a 102429                     /usr/lib/x86_64-linux-gnu/libc-2.31.so
7b0afd01a000-7b0afd01e000 r--p 001c9000 00:2a 102429                     /usr/lib/x86_64-linux-gnu/libc-2.31.so
7b0afd01e000-7b0afd020000 rw-p 001cd000 00:2a 102429                     /usr/lib/x86_64-linux-gnu/libc-2.31.so
7b0afd020000-7b0afd024000 rw-p 00000000 00:00 0 
7b0afd024000-7b0afd025000 r--p 00000000 00:2a 102430                     /usr/lib/x86_64-linux-gnu/libdl-2.31.so
7b0afd025000-7b0afd027000 r-xp 00001000 00:2a 102430                     /usr/lib/x86_64-linux-gnu/libdl-2.31.so
7b0afd027000-7b0afd028000 r--p 00003000 00:2a 102430                     /usr/lib/x86_64-linux-gnu/libdl-2.31.so
7b0afd028000-7b0afd029000 r--p 00003000 00:2a 102430                     /usr/lib/x86_64-linux-gnu/libdl-2.31.so
7b0afd029000-7b0afd02a000 rw-p 00004000 00:2a 102430                     /usr/lib/x86_64-linux-gnu/libdl-2.31.so
7b0afd02a000-7b0afd030000 r--p 00000000 00:2a 102440                     /usr/lib/x86_64-linux-gnu/libpthread-2.31.so
7b0afd030000-7b0afd040000 r-xp 00006000 00:2a 102440                     /usr/lib/x86_64-linux-gnu/libpthread-2.31.so
7b0afd040000-7b0afd046000 r--p 00016000 00:2a 102440                     /usr/lib/x86_64-linux-gnu/libpthread-2.31.so
7b0afd046000-7b0afd047000 r--p 0001b000 00:2a 102440                     /usr/lib/x86_64-linux-gnu/libpthread-2.31.so
7b0afd047000-7b0afd048000 rw-p 0001c000 00:2a 102440                     /usr/lib/x86_64-linux-gnu/libpthread-2.31.so
7b0afd048000-7b0afd04c000 rw-p 00000000 00:00 0 
7b0afd04c000-7b0afd053000 r--s 00000000 00:2a 102694                     /usr/lib/x86_64-linux-gnu/gconv/gconv-modules.cache
7b0afd053000-7b0afd054000 ---p 00000000 00:00 0 
7b0afd054000-7b0afd055000 r--p 00000000 00:00 0 
7b0afd055000-7b0afd06e000 r-xp 00000000 00:2a 63765                      /home/willsonic3/.vscode/extensions/redhat.java-1.39.0-linux-x64/jre/21.0.5-linux-x86_64/lib/libjli.so
7b0afd06e000-7b0afd06f000 r--p 00018000 00:2a 63765                      /home/willsonic3/.vscode/extensions/redhat.java-1.39.0-linux-x64/jre/21.0.5-linux-x86_64/lib/libjli.so
7b0afd06f000-7b0afd070000 rw-p 00019000 00:2a 63765                      /home/willsonic3/.vscode/extensions/redhat.java-1.39.0-linux-x64/jre/21.0.5-linux-x86_64/lib/libjli.so
7b0afd070000-7b0afd072000 rw-p 00000000 00:00 0 
7b0afd072000-7b0afd073000 r--p 00000000 00:2a 102425                     /usr/lib/x86_64-linux-gnu/ld-2.31.so
7b0afd073000-7b0afd093000 r-xp 00001000 00:2a 102425                     /usr/lib/x86_64-linux-gnu/ld-2.31.so
7b0afd093000-7b0afd09b000 r--p 00021000 00:2a 102425                     /usr/lib/x86_64-linux-gnu/ld-2.31.so
7b0afd09b000-7b0afd09c000 ---p 00000000 00:00 0 
7b0afd09c000-7b0afd09d000 r--p 00029000 00:2a 102425                     /usr/lib/x86_64-linux-gnu/ld-2.31.so
7b0afd09d000-7b0afd09e000 rw-p 0002a000 00:2a 102425                     /usr/lib/x86_64-linux-gnu/ld-2.31.so
7b0afd09e000-7b0afd09f000 rw-p 00000000 00:00 0 
7ffd709f1000-7ffd70a12000 rw-p 00000000 00:00 0                          [stack]
7ffd70af8000-7ffd70afc000 r--p 00000000 00:00 0                          [vvar]
7ffd70afc000-7ffd70afe000 r-xp 00000000 00:00 0                          [vdso]
ffffffffff600000-ffffffffff601000 --xp 00000000 00:00 0                  [vsyscall]
Total number of mappings: 287


VM Arguments:
jvm_args: --add-modules=ALL-SYSTEM --add-opens=java.base/java.util=ALL-UNNAMED --add-opens=java.base/java.lang=ALL-UNNAMED --add-opens=java.base/sun.nio.fs=ALL-UNNAMED -Declipse.application=org.eclipse.jdt.ls.core.id1 -Dosgi.bundles.defaultStartLevel=4 -Declipse.product=org.eclipse.jdt.ls.core.product -Djava.import.generatesMetadataFilesAtProjectRoot=false -DDetectVMInstallationsJob.disabled=true -Dfile.encoding=utf8 -XX:+UseParallelGC -XX:GCTimeRatio=4 -XX:AdaptiveSizePolicyWeight=90 -Dsun.zip.disableMemoryMapping=true -Xmx1G -Xms100m -Xlog:disable -javaagent:/home/willsonic3/.vscode/extensions/redhat.java-1.39.0-linux-x64/lombok/lombok-1.18.34.jar -XX:+HeapDumpOnOutOfMemoryError -XX:HeapDumpPath=/home/willsonic3/.config/Code/User/workspaceStorage/6d8234357a5991e2a9fefcf8a362a54d/redhat.java -Daether.dependencyCollector.impl=bf 
java_command: /home/willsonic3/.vscode/extensions/redhat.java-1.39.0-linux-x64/server/plugins/org.eclipse.equinox.launcher_1.6.900.v20240613-2009.jar -configuration /home/willsonic3/.config/Code/User/globalStorage/redhat.java/1.39.0/config_linux -data /home/willsonic3/.config/Code/User/workspaceStorage/6d8234357a5991e2a9fefcf8a362a54d/redhat.java/jdt_ws --pipe=/run/user/1000/lsp-67f1f2a735425bfb9022209fc4aaae2e.sock
java_class_path (initial): /home/willsonic3/.vscode/extensions/redhat.java-1.39.0-linux-x64/server/plugins/org.eclipse.equinox.launcher_1.6.900.v20240613-2009.jar
Launcher Type: SUN_STANDARD

[Global flags]
    uintx AdaptiveSizePolicyWeight                 = 90                                        {product} {command line}
     intx CICompilerCount                          = 2                                         {product} {ergonomic}
    uintx GCTimeRatio                              = 4                                         {product} {command line}
     bool HeapDumpOnOutOfMemoryError               = true                                   {manageable} {command line}
    ccstr HeapDumpPath                             = /home/willsonic3/.config/Code/User/workspaceStorage/6d8234357a5991e2a9fefcf8a362a54d/redhat.java         {manageable} {command line}
   size_t InitialHeapSize                          = 104857600                                 {product} {command line}
   size_t MaxHeapSize                              = 1073741824                                {product} {command line}
   size_t MaxNewSize                               = 357564416                                 {product} {ergonomic}
   size_t MinHeapDeltaBytes                        = 524288                                    {product} {ergonomic}
   size_t MinHeapSize                              = 104857600                                 {product} {command line}
   size_t NewSize                                  = 34603008                                  {product} {ergonomic}
    uintx NonNMethodCodeHeapSize                   = 5826188                                {pd product} {ergonomic}
    uintx NonProfiledCodeHeapSize                  = 122916026                              {pd product} {ergonomic}
   size_t OldSize                                  = 70254592                                  {product} {ergonomic}
    uintx ProfiledCodeHeapSize                     = 122916026                              {pd product} {ergonomic}
    uintx ReservedCodeCacheSize                    = 251658240                              {pd product} {ergonomic}
     bool SegmentedCodeCache                       = true                                      {product} {ergonomic}
   size_t SoftMaxHeapSize                          = 1073741824                             {manageable} {ergonomic}
     bool UseCompressedOops                        = true                           {product lp64_product} {ergonomic}
     bool UseParallelGC                            = true                                      {product} {command line}

Logging:
Log output configuration:
 #0: stdout all=off uptime,level,tags foldmultilines=false
 #1: stderr all=off uptime,level,tags foldmultilines=false

Environment Variables:
PATH=/home/willsonic3/BRICK-BREAKER-JAVA/Maven/apache-maven-3.9.9/bin:/usr/local/bin:/usr/bin:/bin:/usr/local/games:/usr/games
XDG_CONFIG_HOME=/home/willsonic3/.config
SHELL=/bin/bash
DISPLAY=:0
LANG=en_US.UTF-8

Active Locale:
LC_ALL=en_US.UTF-8
LC_COLLATE=en_US.UTF-8
LC_CTYPE=en_US.UTF-8
LC_MESSAGES=en_US.UTF-8
LC_MONETARY=en_US.UTF-8
LC_NUMERIC=en_US.UTF-8
LC_TIME=en_US.UTF-8

Signal Handlers:
   SIGSEGV: crash_handler in libjvm.so, mask=11100100010111111101111111111110, flags=SA_RESTART|SA_SIGINFO, unblocked
    SIGBUS: crash_handler in libjvm.so, mask=11100100010111111101111111111110, flags=SA_RESTART|SA_SIGINFO, unblocked
    SIGFPE: crash_handler in libjvm.so, mask=11100100010111111101111111111110, flags=SA_RESTART|SA_SIGINFO, unblocked
   SIGPIPE: javaSignalHandler in libjvm.so, mask=11100100010111111101111111111110, flags=SA_RESTART|SA_SIGINFO, blocked
   SIGXFSZ: javaSignalHandler in libjvm.so, mask=11100100010111111101111111111110, flags=SA_RESTART|SA_SIGINFO, blocked
    SIGILL: crash_handler in libjvm.so, mask=11100100010111111101111111111110, flags=SA_RESTART|SA_SIGINFO, unblocked
   SIGUSR2: SR_handler in libjvm.so, mask=00000000000000000000000000000000, flags=SA_RESTART|SA_SIGINFO, blocked
    SIGHUP: UserHandler in libjvm.so, mask=11100100010111111101111111111110, flags=SA_RESTART|SA_SIGINFO, blocked
    SIGINT: UserHandler in libjvm.so, mask=11100100010111111101111111111110, flags=SA_RESTART|SA_SIGINFO, blocked
   SIGTERM: UserHandler in libjvm.so, mask=11100100010111111101111111111110, flags=SA_RESTART|SA_SIGINFO, blocked
   SIGQUIT: UserHandler in libjvm.so, mask=11100100010111111101111111111110, flags=SA_RESTART|SA_SIGINFO, blocked
   SIGTRAP: crash_handler in libjvm.so, mask=11100100010111111101111111111110, flags=SA_RESTART|SA_SIGINFO, unblocked


Periodic native trim disabled

---------------  S Y S T E M  ---------------

OS:
PRETTY_NAME="Debian GNU/Linux 11 (bullseye)"
NAME="Debian GNU/Linux"
VERSION_ID="11"
VERSION="11 (bullseye)"
VERSION_CODENAME=bullseye
ID=debian
HOME_URL="https://www.debian.org/"
SUPPORT_URL="https://www.debian.org/support"
BUG_REPORT_URL="https://bugs.debian.org/"
uname: Linux 5.10.114-16025-ge75506b9d98e #1 SMP PREEMPT Sat Jul 16 18:54:29 PDT 2022 x86_64
OS uptime: 0 days 2:25 hours
libc: glibc 2.31 NPTL 2.31 
rlimit (soft/hard): STACK 8192k/infinity , CORE 0k/infinity , NPROC 11324/11324 , NOFILE 1048576/1048576 , AS infinity/infinity , CPU infinity/infinity , DATA infinity/infinity , FSIZE infinity/infinity , MEMLOCK infinity/infinity
load average: 7.25 6.83 5.73

/proc/meminfo:
MemTotal:        2903820 kB
MemFree:         2887204 kB
MemAvailable:    2899216 kB
Buffers:               0 kB
Cached:            12012 kB
SwapCached:            0 kB
Active:            10052 kB
Inactive:           4904 kB
Active(anon):          0 kB
Inactive(anon):     3036 kB
Active(file):      10052 kB
Inactive(file):     1868 kB
Unevictable:           0 kB
Mlocked:               0 kB
SwapTotal:             0 kB
SwapFree:              0 kB
Dirty:               344 kB
Writeback:             0 kB
AnonPages:       1865112 kB
Mapped:           377432 kB
Shmem:                 0 kB
KReclaimable:      29312 kB
Slab:               0 kB
SReclaimable:          0 kB
SUnreclaim:            0 kB
KernelStack:        7472 kB
PageTables:        18768 kB
NFS_Unstable:          0 kB
Bounce:                0 kB
WritebackTmp:          0 kB
CommitLimit:     1451908 kB
Committed_AS:    9443692 kB
VmallocTotal:   34359738367 kB
VmallocUsed:       10228 kB
VmallocChunk:          0 kB
Percpu:              848 kB
AnonHugePages:         0 kB
ShmemHugePages:        0 kB
ShmemPmdMapped:        0 kB
FileHugePages:         0 kB
FilePmdMapped:         0 kB
HugePages_Total:       0
HugePages_Free:        0
HugePages_Rsvd:        0
HugePages_Surp:        0
Hugepagesize:       2048 kB
Hugetlb:               0 kB
DirectMap4k:      159744 kB
DirectMap2M:     3250176 kB

/sys/kernel/mm/transparent_hugepage/enabled: always [madvise] never
/sys/kernel/mm/transparent_hugepage/hpage_pmd_size: 2097152
/sys/kernel/mm/transparent_hugepage/defrag (defrag/compaction efforts parameter): always defer defer+madvise [madvise] never

Process Memory:
Virtual Size: 3800856K (peak: 3817212K)
Resident Set Size: 1080868K (peak: 1082136K) (anon: 915336K, file: 165532K, shmem: 0K)
Swapped out: 0K
C-Heap outstanding allocations: 55469K, retained: 38502K
glibc malloc tunables: (default)

/proc/sys/kernel/threads-max (system-wide limit on the number of threads): 22648
/proc/sys/vm/max_map_count (maximum number of memory map areas a process may have): 262144
/proc/sys/vm/swappiness (control to define how aggressively the kernel swaps out anonymous memory): 60
/proc/sys/kernel/pid_max (system-wide limit on number of process identifiers): 32768

container (cgroup) information:
container_type: cgroupv1
cpu_cpuset_cpus: 0-1
cpu_memory_nodes: 0
active_processor_count: 2
cpu_quota: no quota
cpu_period: 100000
cpu_shares: no shares
memory_limit_in_bytes: unlimited
memory_and_swap_limit_in_bytes: unlimited
memory_soft_limit_in_bytes: unlimited
memory_usage_in_bytes: 2558984 k
memory_max_usage_in_bytes: 2586452 k
kernel_memory_usage_in_bytes: 40696 k
kernel_memory_max_usage_in_bytes: unlimited
kernel_memory_limit_in_bytes: 43044 k
maximum number of tasks: unlimited
current number of tasks: 314

KVM virtualization detected
Steal ticks since vm start: 26190
Steal ticks percentage since vm start:  0.327

CPU: total 2 (initial active 2) (2 cores per cpu, 1 threads per core) family 6 model 76 stepping 4 microcode 0x1, cx8, cmov, fxsr, mmx, 3dnowpref, sse, sse2, sse3, ssse3, sse4.1, sse4.2, popcnt, tsc, tscinvbit, aes, erms, clmul, clflush, hv, rdtscp
CPU Model and flags from /proc/cpuinfo:
model name	: Intel(R) Celeron(R) CPU  N3060  @ 1.60GHz
flags		: fpu vme de pse tsc msr pae mce cx8 apic sep mtrr pge mca cmov pat pse36 clflush mmx fxsr sse sse2 ss ht syscall nx rdtscp lm constant_tsc arch_perfmon rep_good nopl xtopology nonstop_tsc cpuid tsc_known_freq pni pclmulqdq vmx ssse3 cx16 sse4_1 sse4_2 x2apic movbe popcnt tsc_deadline_timer aes rdrand hypervisor lahf_lm 3dnowprefetch cpuid_fault pti ibrs ibpb stibp tpr_shadow vnmi flexpriority ept vpid tsc_adjust smep erms arat umip md_clear arch_capabilities

Online cpus: 0-1
Offline cpus: 
BIOS frequency limitation: <Not Available>
Frequency switch latency (ns): <Not Available>
Available cpu frequencies: <Not Available>
Current governor: <Not Available>
Core performance/turbo boost: <Not Available>

Memory: 4k page, physical 2903820k(2899216k free), swap 0k(0k free)
Page Sizes: 4k

vm_info: OpenJDK 64-Bit Server VM (21.0.5+11-LTS) for linux-amd64 JRE (21.0.5+11-LTS), built on 2024-10-15T00:00:00Z by "admin" with gcc 11.3.0

END.
