#
# A fatal error has been detected by the Java Runtime Environment:
#
#  SIGSEGV (0xb) at pc=0x00007f75d4e5f1ff, pid=707, tid=710
#
# JRE version: OpenJDK Runtime Environment Temurin-21.0.5+11 (21.0.5+11) (build 21.0.5+11-LTS)
# Java VM: OpenJDK 64-Bit Server VM Temurin-21.0.5+11 (21.0.5+11-LTS, mixed mode, sharing, tiered, compressed oops, compressed class ptrs, parallel gc, linux-amd64)
# Problematic frame:
# V  [libjvm.so+0xd691ff]  PSCardTable::scavenge_contents_parallel(ObjectStartArray*, HeapWordImpl**, HeapWordImpl**, PSPromotionManager*, unsigned int, unsigned int)+0x2df
#
# Core dump will be written. Default location: Core dumps may be processed with "/sbin/crash_reporter --user=%P:%s:%u:%g:%f" (or dumping to /home/willsonic3/BRICK-BREAKER-JAVA/brick-breaker-java/core.707)
#
# If you would like to submit a bug report, please visit:
#   https://github.com/adoptium/adoptium-support/issues
#

---------------  S U M M A R Y ------------

Command Line: --add-modules=ALL-SYSTEM --add-opens=java.base/java.util=ALL-UNNAMED --add-opens=java.base/java.lang=ALL-UNNAMED --add-opens=java.base/sun.nio.fs=ALL-UNNAMED -Declipse.application=org.eclipse.jdt.ls.core.id1 -Dosgi.bundles.defaultStartLevel=4 -Declipse.product=org.eclipse.jdt.ls.core.product -Djava.import.generatesMetadataFilesAtProjectRoot=false -DDetectVMInstallationsJob.disabled=true -Dfile.encoding=utf8 -XX:+UseParallelGC -XX:GCTimeRatio=4 -XX:AdaptiveSizePolicyWeight=90 -Dsun.zip.disableMemoryMapping=true -Xmx1G -Xms100m -Xlog:disable -javaagent:/home/willsonic3/.vscode/extensions/redhat.java-1.39.0-linux-x64/lombok/lombok-1.18.34.jar -XX:+HeapDumpOnOutOfMemoryError -XX:HeapDumpPath=/home/willsonic3/.config/Code/User/workspaceStorage/6d8234357a5991e2a9fefcf8a362a54d/redhat.java -Daether.dependencyCollector.impl=bf /home/willsonic3/.vscode/extensions/redhat.java-1.39.0-linux-x64/server/plugins/org.eclipse.equinox.launcher_1.6.900.v20240613-2009.jar -configuration /home/willsonic3/.config/Code/User/globalStorage/redhat.java/1.39.0/config_linux -data /home/willsonic3/.config/Code/User/workspaceStorage/6d8234357a5991e2a9fefcf8a362a54d/redhat.java/jdt_ws --pipe=/run/user/1000/lsp-bcb5ec1c85de2cc885926c1e3e9dfa36.sock

Host: Intel(R) Celeron(R) CPU  N3060  @ 1.60GHz, 2 cores, 2G, Debian GNU/Linux 11 (bullseye)
Time: Mon Feb 24 23:57:06 2025 WAT elapsed time: 6323.992459 seconds (0d 1h 45m 23s)

---------------  T H R E A D  ---------------

Current thread (0x00007f75cc042120):  WorkerThread "GC Thread#0"    [id=710, stack(0x00007f75d068a000,0x00007f75d078a000) (1024K)]

Stack: [0x00007f75d068a000,0x00007f75d078a000],  sp=0x00007f75d0788b40,  free space=1018k
Native frames: (J=compiled Java code, j=interpreted, Vv=VM code, C=native code)
V  [libjvm.so+0xd691ff]  PSCardTable::scavenge_contents_parallel(ObjectStartArray*, HeapWordImpl**, HeapWordImpl**, PSPromotionManager*, unsigned int, unsigned int)+0x2df
V  [libjvm.so+0xd89c54]  ScavengeRootsTask::work(unsigned int)+0x3d4
V  [libjvm.so+0x103c540]  WorkerThread::run()+0x80
V  [libjvm.so+0xf7eeb8]  Thread::call_run()+0xa8
V  [libjvm.so+0xd08a8a]  thread_native_entry(Thread*)+0xda

siginfo: si_signo: 11 (SIGSEGV), si_code: 1 (SEGV_MAPERR), si_addr: 0x0000000000000100

Registers:
RAX=0x0000000000000000, RBX=0x0000000000000100, RCX=0x0000000000000000, RDX=0x0000000000000100
RSP=0x00007f75d0788b40, RBP=0x00007f75d0788cf0, RSI=0x0000000000000001, RDI=0x00007f7575000000
R8 =0x00007f75cc041fa0, R9 =0x00000000d241ffd8, R10=0x00007f75d082b9b3, R11=0x00000000d241fe00
R12=0x00000000d2420000, R13=0x00007f75d082b9b3, R14=0x00007f75d43db730, R15=0x00007f75d081c100
RIP=0x00007f75d4e5f1ff, EFLAGS=0x0000000000010246, CSGSFS=0x002b000000000033, ERR=0x0000000000000004
  TRAPNO=0x000000000000000e


Register to memory mapping:

RAX=0x0 is null
RBX=0x0000000000000100 is an unknown value
RCX=0x0 is null
RDX=0x0000000000000100 is an unknown value
RSP=0x00007f75d0788b40 points into unknown readable memory: 0x00007f75cc0a2c80 | 80 2c 0a cc 75 7f 00 00
RBP=0x00007f75d0788cf0 points into unknown readable memory: 0x00007f75d0788e10 | 10 8e 78 d0 75 7f 00 00
RSI=0x0000000000000001 is an unknown value
RDI=0x00007f7575000000 is pointing into metadata
R8 =0x00007f75cc041fa0 points into unknown readable memory: 0x00007f75d55d8b70 | 70 8b 5d d5 75 7f 00 00
R9 =
[error occurred during error reporting (printing register info), id 0xb, SIGSEGV (0xb) at pc=0x00007f75d4e276a3]
R10=0x00007f75d082b9b3 points into unknown readable memory: ff ff ff ff ff
R11=
[error occurred during error reporting (printing register info, attempt 2), id 0xb, SIGSEGV (0xb) at pc=0x00007f75d4e276a3]
R12=
[error occurred during error reporting (printing register info, attempt 3), id 0xb, SIGSEGV (0xb) at pc=0x00007f75d4e276a3]
Top of Stack: (sp=0x00007f75d0788b40)
0x00007f75d0788b40:   00007f75cc0a2c80 0000000000000005
0x00007f75d0788b50:   00000000eacefc78 00007f75cc041fa0
0x00007f75d0788b60:   00007f75d0788bc0 00000000d4336428
0x00007f75d0788b70:   00007f75cc004230 00000000d23fffe8
0x00007f75d0788b80:   00007f75d0788c00 00000000eba51be0
0x00007f75d0788b90:   00007f75cc041fa0 00007f75cc041fa0
0x00007f75d0788ba0:   00000000c0000000 0000000000000000
0x00007f75d0788bb0:   0000000000000002 00007f75cc0a2880
0x00007f75d0788bc0:   00007f75d55e5890 00007f75cc004230
0x00007f75d0788bd0:   00007f75d551f640 00007f75d5647460
0x00007f75d0788be0:   0000000000000018 00000000d4334428
0x00007f75d0788bf0:   00000000eba51be0 0000000000000001
0x00007f75d0788c00:   00007f75d551f640 00007f75cc060c40
0x00007f75d0788c10:   00007f75cc0a2c80 00007f75cc0a2c80
0x00007f75d0788c20:   00007f75d0788ca0 00007f75bcaf96a8
0x00007f75d0788c30:   00007f75bcaf97b8 0000000000000000
0x00007f75d0788c40:   0000000000000001 00007f75d503db20
0x00007f75d0788c50:   00007f75cc042120 00007f75d4e7b41c
0x00007f75d0788c60:   ffffffffffffffff 00007f75d55e4030
0x00007f75d0788c70:   000000001f0c22d3 00007f75d0788dc0
0x00007f75d0788c80:   00007f75d0788cd0 0000000000000000
0x00007f75d0788c90:   0000000000000000 00007f75d55f2710
0x00007f75d0788ca0:   0000000000000001 00007f75d5739121
0x00007f75d0788cb0:   00007f75d0788d00 62042a82f63af100
0x00007f75d0788cc0:   00007f75cc42fd40 00007f75bcaf9550
0x00007f75d0788cd0:   00007f75cc0a2880 00007f75cc042120
0x00007f75d0788ce0:   0000000000000001 0000000000000000
0x00007f75d0788cf0:   00007f75d0788e10 00007f75d4e7fc54
0x00007f75d0788d00:   0000000000000002 00007f75d4e7fc17
0x00007f75d0788d10:   00007f75cc03baa0 00007f75cc03bab0
0x00007f75d0788d20:   0000000000000000 00007f75cc03baa0
0x00007f75d0788d30:   00007f75cc03bab0 00000000000003d8 

Instructions: (pc=0x00007f75d4e5f1ff)
0x00007f75d4e5f0ff:   4c 39 f0 0f 85 22 0b 00 00 c1 f9 03 48 63 c1 49
0x00007f75d4e5f10f:   8d 04 c1 49 39 c4 72 72 49 89 c1 40 84 f6 0f 84
0x00007f75d4e5f11f:   d0 00 00 00 48 8d 05 f6 4e 78 00 41 8b 79 08 8b
0x00007f75d4e5f12f:   48 08 48 d3 e7 48 03 38 8b 4f 08 85 c9 7f b2 0f
0x00007f75d4e5f13f:   84 b8 00 00 00 48 8d 05 e1 59 78 00 40 80 fe 01
0x00007f75d4e5f14f:   4d 19 d2 8b 38 41 83 e2 04 89 c8 4f 63 54 11 0c
0x00007f75d4e5f15f:   c1 f8 10 44 8d 5f ff 0f b6 c0 f7 df 4d 63 db 49
0x00007f75d4e5f16f:   d3 e2 48 63 cf 4c 01 d8 4c 01 d0 48 21 c8 48 83
0x00007f75d4e5f17f:   e0 f8 4c 01 c8 49 39 c4 73 8e 48 89 da 4d 89 ea
0x00007f75d4e5f18f:   4c 89 8d 88 fe ff ff 4d 89 fd 4c 89 cb 4c 8b bd
0x00007f75d4e5f19f:   d8 fe ff ff 40 84 f6 0f 84 db 0a 00 00 48 8d 05
0x00007f75d4e5f1af:   6d 4e 78 00 41 8b 79 08 8b 48 08 48 d3 e7 48 03
0x00007f75d4e5f1bf:   38 8b 4f 08 85 c9 0f 8e 77 0a 00 00 f6 c1 01 74
0x00007f75d4e5f1cf:   13 48 8b 07 48 8b 80 00 01 00 00 4c 39 f0 0f 85
0x00007f75d4e5f1df:   09 0b 00 00 89 c8 c1 f8 03 48 98 48 8d 34 c3 e9
0x00007f75d4e5f1ef:   ed fd ff ff 49 8b 79 08 e9 3b ff ff ff 48 8b 07
0x00007f75d4e5f1ff:   48 8b 88 00 01 00 00 4c 89 c8 4c 39 f1 0f 84 00
0x00007f75d4e5f20f:   ff ff ff 4c 89 85 a0 fe ff ff 4c 89 ce 4c 89 8d
0x00007f75d4e5f21f:   a8 fe ff ff ff d1 48 8b b5 d0 fe ff ff 4c 8b 8d
0x00007f75d4e5f22f:   a8 fe ff ff 4c 8b 85 a0 fe ff ff 0f b6 36 49 8d
0x00007f75d4e5f23f:   04 c1 e9 cc fe ff ff 48 8b 43 08 e9 b9 fd ff ff
0x00007f75d4e5f24f:   4c 8b b5 68 fe ff ff b8 ff ff ff ff 49 8d 56 68
0x00007f75d4e5f25f:   f0 0f c1 02 b9 e8 03 00 00 ba 40 00 00 00 be 00
0x00007f75d4e5f26f:   10 00 00 48 8d 9d 00 ff ff ff 48 89 df e8 1f 05
0x00007f75d4e5f27f:   11 00 41 8b 46 68 85 c0 7f 23 eb 45 0f 1f 44 00
0x00007f75d4e5f28f:   00 83 c0 01 89 85 10 ff ff ff e8 52 88 e2 ff 48
0x00007f75d4e5f29f:   8b 85 68 fe ff ff 8b 40 68 85 c0 7e 24 8b 85 10
0x00007f75d4e5f2af:   ff ff ff 3b 85 18 ff ff ff 72 d6 48 89 df e8 1e
0x00007f75d4e5f2bf:   05 11 00 48 8b 85 68 fe ff ff 8b 40 68 85 c0 7f
0x00007f75d4e5f2cf:   dc 48 8d 05 21 68 7b 00 48 8b 9d b0 fe ff ff 48
0x00007f75d4e5f2df:   c7 85 88 fe ff ff 00 00 00 00 8b 00 48 89 9d 90
0x00007f75d4e5f2ef:   fe ff ff 48 c1 e0 0a 48 89 c6 48 89 85 60 fe ff 


Stack slot to memory mapping:

stack at sp + 0 slots: 0x00007f75cc0a2c80 points into unknown readable memory: 0x00007f75d55d8c90 | 90 8c 5d d5 75 7f 00 00
stack at sp + 1 slots: 0x0000000000000005 is an unknown value
stack at sp + 2 slots: 0x00000000eacefc78 points into unknown readable memory: 0x00760061006a002f | 2f 00 6a 00 61 00 76 00
stack at sp + 3 slots: 0x00007f75cc041fa0 points into unknown readable memory: 0x00007f75d55d8b70 | 70 8b 5d d5 75 7f 00 00
stack at sp + 4 slots: 0x00007f75d0788bc0 points into unknown readable memory: 0x00007f75d55e5890 | 90 58 5e d5 75 7f 00 00
stack at sp + 5 slots: 
[error occurred during error reporting (inspecting top of stack), id 0xb, SIGSEGV (0xb) at pc=0x00007f75d4e276a3]
stack at sp + 6 slots: 0x00007f75cc004230 points into unknown readable memory: 0x7115824ed5ba505a | 5a 50 ba d5 4e 82 15 71
stack at sp + 7 slots: 0x00000000d23fffe8 is an oop: [C 
{0x00000000d23fffe8} - klass: {type array char}
 - length: 47


---------------  P R O C E S S  ---------------

Threads class SMR info:
_java_thread_list=0x00007f75cc4064d0, length=27, elements={
0x00007f75cc02af80, 0x00007f75cc0ae5f0, 0x00007f75cc0afb20, 0x00007f75cc0b1270,
0x00007f75cc0b2870, 0x00007f75cc0b3dd0, 0x00007f75cc0b58d0, 0x00007f75cc0b6f50,
0x00007f75cc0cf390, 0x00007f75cc183dc0, 0x00007f75cc2cdfa0, 0x00007f75cc346a10,
0x00005c9586104a70, 0x00007f75cc348f30, 0x00007f753c3b7840, 0x00007f753c3a02e0,
0x00007f753c4088e0, 0x00007f753ca34190, 0x00007f75cc30a260, 0x00007f75cc3edf80,
0x00007f75cc3f1cc0, 0x00007f75600014d0, 0x00007f754c5d8bf0, 0x00007f75cc40d6b0,
0x00007f754cd23040, 0x00005c95862a2a00, 0x00007f75cc473fe0
}

Java Threads: ( => current thread )
  0x00007f75cc02af80 JavaThread "main"                              [_thread_blocked, id=708, stack(0x00007f75d3ea7000,0x00007f75d3fa8000) (1028K)]
  0x00007f75cc0ae5f0 JavaThread "Reference Handler"          daemon [_thread_blocked, id=716, stack(0x00007f75bc612000,0x00007f75bc713000) (1028K)]
  0x00007f75cc0afb20 JavaThread "Finalizer"                  daemon [_thread_blocked, id=717, stack(0x00007f75bc511000,0x00007f75bc612000) (1028K)]
  0x00007f75cc0b1270 JavaThread "Signal Dispatcher"          daemon [_thread_blocked, id=718, stack(0x00007f75bc410000,0x00007f75bc511000) (1028K)]
  0x00007f75cc0b2870 JavaThread "Service Thread"             daemon [_thread_blocked, id=719, stack(0x00007f75bc30f000,0x00007f75bc410000) (1028K)]
  0x00007f75cc0b3dd0 JavaThread "Monitor Deflation Thread"   daemon [_thread_blocked, id=720, stack(0x00007f75bc20e000,0x00007f75bc30f000) (1028K)]
  0x00007f75cc0b58d0 JavaThread "C2 CompilerThread0"         daemon [_thread_blocked, id=721, stack(0x00007f75bc10d000,0x00007f75bc20e000) (1028K)]
  0x00007f75cc0b6f50 JavaThread "C1 CompilerThread0"         daemon [_thread_blocked, id=722, stack(0x00007f75bc00c000,0x00007f75bc10d000) (1028K)]
  0x00007f75cc0cf390 JavaThread "Common-Cleaner"             daemon [_thread_blocked, id=724, stack(0x00007f7574eff000,0x00007f7575000000) (1028K)]
  0x00007f75cc183dc0 JavaThread "Notification Thread"        daemon [_thread_blocked, id=725, stack(0x00007f7574dad000,0x00007f7574eae000) (1028K)]
  0x00007f75cc2cdfa0 JavaThread "Active Thread: Equinox Container: 114dd996-8edc-4863-befa-323c1a6772fb"        [_thread_blocked, id=757, stack(0x00007f7574bab000,0x00007f7574cac000) (1028K)]
  0x00007f75cc346a10 JavaThread "Refresh Thread: Equinox Container: 114dd996-8edc-4863-befa-323c1a6772fb" daemon [_thread_blocked, id=760, stack(0x00007f7574aaa000,0x00007f7574bab000) (1028K)]
  0x00005c9586104a70 JavaThread "Framework Event Dispatcher: Equinox Container: 114dd996-8edc-4863-befa-323c1a6772fb" daemon [_thread_blocked, id=761, stack(0x00007f75749a9000,0x00007f7574aaa000) (1028K)]
  0x00007f75cc348f30 JavaThread "Start Level: Equinox Container: 114dd996-8edc-4863-befa-323c1a6772fb" daemon [_thread_blocked, id=762, stack(0x00007f75748a8000,0x00007f75749a9000) (1028K)]
  0x00007f753c3b7840 JavaThread "Bundle File Closer"         daemon [_thread_blocked, id=764, stack(0x00007f75747a7000,0x00007f75748a8000) (1028K)]
  0x00007f753c3a02e0 JavaThread "SCR Component Actor"        daemon [_thread_blocked, id=766, stack(0x00007f75746a6000,0x00007f75747a7000) (1028K)]
  0x00007f753c4088e0 JavaThread "Worker-JM"                         [_thread_blocked, id=773, stack(0x00007f75744a4000,0x00007f75745a5000) (1028K)]
  0x00007f753ca34190 JavaThread "Java indexing"              daemon [_thread_blocked, id=783, stack(0x00007f75742a2000,0x00007f75743a3000) (1028K)]
  0x00007f75cc30a260 JavaThread "pool-2-thread-1"                   [_thread_blocked, id=786, stack(0x00007f753bdfe000,0x00007f753beff000) (1028K)]
  0x00007f75cc3edf80 JavaThread "WorkspaceEventsHandler"            [_thread_blocked, id=787, stack(0x00007f753bcfd000,0x00007f753bdfe000) (1028K)]
  0x00007f75cc3f1cc0 JavaThread "pool-1-thread-1"                   [_thread_in_native, id=788, stack(0x00007f753bbfc000,0x00007f753bcfd000) (1028K)]
  0x00007f75600014d0 JavaThread "Attach Listener"            daemon [_thread_blocked, id=883, stack(0x00007f7532653000,0x00007f7532754000) (1028K)]
  0x00007f754c5d8bf0 JavaThread "Cleaner-0"                  daemon [_thread_blocked, id=2472, stack(0x00007f75745a5000,0x00007f75746a6000) (1028K)]
  0x00007f75cc40d6b0 JavaThread "Worker-12"                         [_thread_blocked, id=8484, stack(0x00007f7532e5b000,0x00007f7532f5c000) (1028K)]
  0x00007f754cd23040 JavaThread "Worker-13"                         [_thread_blocked, id=17600, stack(0x00007f7532956000,0x00007f7532a57000) (1028K)]
  0x00005c95862a2a00 JavaThread "Thread-998"                        [_thread_blocked, id=26189, stack(0x00007f753beff000,0x00007f753c000000) (1028K)]
  0x00007f75cc473fe0 JavaThread "ForkJoinPool.commonPool-worker-7" daemon [_thread_blocked, id=26192, stack(0x00007f7532855000,0x00007f7532956000) (1028K)]
Total: 27

Other Threads:
  0x00007f75cc0a4ec0 VMThread "VM Thread"                           [id=715, stack(0x00007f75bc9fb000,0x00007f75bcafb000) (1024K)]
  0x00007f75cc050f50 WatcherThread "VM Periodic Task Thread"        [id=713, stack(0x00007f75d0102000,0x00007f75d0202000) (1024K)]
=>0x00007f75cc042120 WorkerThread "GC Thread#0"                     [id=710, stack(0x00007f75d068a000,0x00007f75d078a000) (1024K)]
  0x00007f7564000f50 WorkerThread "GC Thread#1"                     [id=741, stack(0x00007f7574cad000,0x00007f7574dad000) (1024K)]
Total: 4

Threads with active compile tasks:
C2 CompilerThread0  6324503 22111   !   4       lombok.core.configuration.FileSystemSourceCache::parseIfNeccesary (124 bytes)
Total: 1

VM state: at safepoint (normal execution)

VM Mutex/Monitor currently owned by a thread:  ([mutex/lock_event])
[0x00007f75d5640e38] Threads_lock - owner thread: 0x00007f75cc0a4ec0
[0x00007f75d5640d38] Heap_lock - owner thread: 0x00007f75cc473fe0

Heap address: 0x00000000c0000000, size: 1024 MB, Compressed Oops mode: 32-bit

CDS archive(s) mapped at: [0x00007f7575000000-0x00007f7575bb8000-0x00007f7575bb8000), size 12288000, SharedBaseAddress: 0x00007f7575000000, ArchiveRelocationMode: 1.
Compressed class space mapped at: 0x00007f7576000000-0x00007f75b6000000, reserved size: 1073741824
Narrow klass base: 0x00007f7575000000, Narrow klass shift: 0, Narrow klass range: 0x100000000

GC Precious Log:
 CardTable entry size: 512
 CPUs: 2 total, 2 available
 Memory: 2835M
 Large Page Support: Disabled
 NUMA Support: Disabled
 Compressed Oops: Enabled (32-bit)
 Alignments: Space 512K, Generation 512K, Heap 2M
 Heap Min Capacity: 100M
 Heap Initial Capacity: 100M
 Heap Max Capacity: 1G
 Pre-touch: Disabled
 Parallel Workers: 2

Heap:
 PSYoungGen      total 14848K, used 14607K [0x00000000eab00000, 0x00000000ebe00000, 0x0000000100000000)
  eden space 12800K, 100% used [0x00000000eab00000,0x00000000eb780000,0x00000000eb780000)
  from space 2048K, 88% used [0x00000000eb980000,0x00000000ebb43e90,0x00000000ebb80000)
  to   space 2048K, 0% used [0x00000000ebc00000,0x00000000ebc00000,0x00000000ebe00000)
 ParOldGen       total 331264K, used 330969K [0x00000000c0000000, 0x00000000d4380000, 0x00000000eab00000)
  object space 331264K, 99% used [0x00000000c0000000,0x00000000d4336428,0x00000000d4380000)
 Metaspace       used 81151K, committed 82624K, reserved 1179648K
  class space    used 7977K, committed 8640K, reserved 1048576K

Card table byte_map: [0x00007f75d078a000,0x00007f75d098b000] _byte_map_base: 0x00007f75d018a000

Marking Bits: (ParMarkBitMap*) 0x00007f75d5647080
 Begin Bits: [0x00007f75b6000000, 0x00007f75b7000000)
 End Bits:   [0x00007f75b7000000, 0x00007f75b8000000)

Polling page: 0x00007f75d587a000

Metaspace:

Usage:
  Non-class:     71.46 MB used.
      Class:      7.79 MB used.
       Both:     79.25 MB used.

Virtual space:
  Non-class space:      128.00 MB reserved,      72.25 MB ( 56%) committed,  2 nodes.
      Class space:        1.00 GB reserved,       8.44 MB ( <1%) committed,  1 nodes.
             Both:        1.12 GB reserved,      80.69 MB (  7%) committed. 

Chunk freelists:
   Non-Class:  7.59 MB
       Class:  7.58 MB
        Both:  15.17 MB

MaxMetaspaceSize: unlimited
CompressedClassSpaceSize: 1.00 GB
Initial GC threshold: 21.00 MB
Current GC threshold: 132.19 MB
CDS: on
 - commit_granule_bytes: 65536.
 - commit_granule_words: 8192.
 - virtual_space_node_default_size: 8388608.
 - enlarge_chunks_in_place: 1.
 - use_allocation_guard: 0.


Internal statistics:

num_allocs_failed_limit: 11.
num_arena_births: 1640.
num_arena_deaths: 352.
num_vsnodes_births: 3.
num_vsnodes_deaths: 0.
num_space_committed: 1291.
num_space_uncommitted: 0.
num_chunks_returned_to_freelist: 434.
num_chunks_taken_from_freelist: 6102.
num_chunk_merges: 131.
num_chunk_splits: 3367.
num_chunks_enlarged: 1623.
num_inconsistent_stats: 0.

CodeHeap 'non-profiled nmethods': size=120036Kb used=11884Kb max_used=11884Kb free=108151Kb
 bounds [0x00007f75c4ac7000, 0x00007f75c5667000, 0x00007f75cc000000]
CodeHeap 'profiled nmethods': size=120032Kb used=37081Kb max_used=40231Kb free=82950Kb
 bounds [0x00007f75bd000000, 0x00007f75bf750000, 0x00007f75c4538000]
CodeHeap 'non-nmethods': size=5692Kb used=1457Kb max_used=1530Kb free=4234Kb
 bounds [0x00007f75c4538000, 0x00007f75c47a8000, 0x00007f75c4ac7000]
 total_blobs=17703 nmethods=16918 adapters=688
 compilation: enabled
              stopped_count=0, restarted_count=0
 full_count=0

Compilation events (20 events):
Event: 3912.635 Thread 0x00007f75cc0b6f50 nmethod 22101 0x00007f75be5a6010 code [0x00007f75be5a6220, 0x00007f75be5a6828]
Event: 3945.519 Thread 0x00007f75cc0b58d0 22102       4       java.util.concurrent.atomic.AtomicLong::weakCompareAndSetVolatile (13 bytes)
Event: 3945.524 Thread 0x00007f75cc0b58d0 nmethod 22102 0x00007f75c565b810 code [0x00007f75c565b980, 0x00007f75c565ba20]
Event: 3945.525 Thread 0x00007f75cc0b58d0 22103       4       java.util.concurrent.atomic.AtomicLong::updateAndGet (59 bytes)
Event: 3945.545 Thread 0x00007f75cc0b58d0 nmethod 22103 0x00007f75c565bb10 code [0x00007f75c565bca0, 0x00007f75c565be28]
Event: 3945.545 Thread 0x00007f75cc0b58d0 22104       4       org.eclipse.core.internal.jobs.JobManager::lifeTimeInMs (19 bytes)
Event: 3945.549 Thread 0x00007f75cc0b58d0 nmethod 22104 0x00007f75c565bf90 code [0x00007f75c565c100, 0x00007f75c565c1d0]
Event: 4065.535 Thread 0x00007f75cc0b58d0 22105   !   4       java.lang.Object::wait (50 bytes)
Event: 4065.554 Thread 0x00007f75cc0b58d0 nmethod 22105 0x00007f75c565c290 code [0x00007f75c565c440, 0x00007f75c565c600]
Event: 4212.680 Thread 0x00007f75cc0b6f50 22106       3       java.util.concurrent.TimeUnit::convert (73 bytes)
Event: 4212.683 Thread 0x00007f75cc0b6f50 nmethod 22106 0x00007f75be5a5890 code [0x00007f75be5a5aa0, 0x00007f75be5a5e30]
Event: 6312.877 Thread 0x00007f75cc0b6f50 22107       3       java.util.concurrent.locks.AbstractQueuedSynchronizer$Node::clearStatus (12 bytes)
Event: 6312.880 Thread 0x00007f75cc0b6f50 nmethod 22107 0x00007f75bd4c6690 code [0x00007f75bd4c6840, 0x00007f75bd4c6998]
Event: 6318.424 Thread 0x00007f75cc0b58d0 22108       4       org.eclipse.jdt.core.dom.SimpleType::accept0 (46 bytes)
Event: 6319.787 Thread 0x00007f75cc0b58d0 nmethod 22108 0x00007f75c565c810 code [0x00007f75c565cac0, 0x00007f75c565dad0]
Event: 6321.229 Thread 0x00007f75cc0b58d0 22109       4       org.eclipse.jdt.internal.core.SourceMapper::getUnqualifiedTypeSignature (515 bytes)
Event: 6322.051 Thread 0x00007f75cc0b58d0 nmethod 22109 0x00007f75c565e410 code [0x00007f75c565ea80, 0x00007f75c56608d8]
Event: 6322.718 Thread 0x00007f75cc0b6f50 22110       3       lombok.core.configuration.ConfigurationFile$RegularConfigurationFile::parent (39 bytes)
Event: 6322.790 Thread 0x00007f75cc0b6f50 nmethod 22110 0x00007f75bd4c5b90 code [0x00007f75bd4c5da0, 0x00007f75bd4c63c8]
Event: 6322.792 Thread 0x00007f75cc0b58d0 22111   !   4       lombok.core.configuration.FileSystemSourceCache::parseIfNeccesary (124 bytes)

GC Heap History (20 events):
Event: 1583.210 GC heap after
{Heap after GC invocations=933 (full 5):
 PSYoungGen      total 14336K, used 64K [0x00000000eab00000, 0x00000000ebc00000, 0x0000000100000000)
  eden space 13824K, 0% used [0x00000000eab00000,0x00000000eab00000,0x00000000eb880000)
  from space 512K, 12% used [0x00000000ebb80000,0x00000000ebb90000,0x00000000ebc00000)
  to   space 512K, 0% used [0x00000000ebb00000,0x00000000ebb00000,0x00000000ebb80000)
 ParOldGen       total 311808K, used 311381K [0x00000000c0000000, 0x00000000d3080000, 0x00000000eab00000)
  object space 311808K, 99% used [0x00000000c0000000,0x00000000d3015438,0x00000000d3080000)
 Metaspace       used 80833K, committed 82304K, reserved 1179648K
  class space    used 7956K, committed 8640K, reserved 1048576K
}
Event: 1583.449 GC heap before
{Heap before GC invocations=934 (full 5):
 PSYoungGen      total 14336K, used 12546K [0x00000000eab00000, 0x00000000ebc00000, 0x0000000100000000)
  eden space 13824K, 90% used [0x00000000eab00000,0x00000000eb730b70,0x00000000eb880000)
  from space 512K, 12% used [0x00000000ebb80000,0x00000000ebb90000,0x00000000ebc00000)
  to   space 512K, 0% used [0x00000000ebb00000,0x00000000ebb00000,0x00000000ebb80000)
 ParOldGen       total 311808K, used 311381K [0x00000000c0000000, 0x00000000d3080000, 0x00000000eab00000)
  object space 311808K, 99% used [0x00000000c0000000,0x00000000d3015438,0x00000000d3080000)
 Metaspace       used 80835K, committed 82304K, reserved 1179648K
  class space    used 7956K, committed 8640K, reserved 1048576K
}
Event: 1583.458 GC heap after
{Heap after GC invocations=934 (full 5):
 PSYoungGen      total 14336K, used 288K [0x00000000eab00000, 0x00000000ebc00000, 0x0000000100000000)
  eden space 13824K, 0% used [0x00000000eab00000,0x00000000eab00000,0x00000000eb880000)
  from space 512K, 56% used [0x00000000ebb00000,0x00000000ebb48000,0x00000000ebb80000)
  to   space 512K, 0% used [0x00000000ebb80000,0x00000000ebb80000,0x00000000ebc00000)
 ParOldGen       total 311808K, used 311397K [0x00000000c0000000, 0x00000000d3080000, 0x00000000eab00000)
  object space 311808K, 99% used [0x00000000c0000000,0x00000000d3019438,0x00000000d3080000)
 Metaspace       used 80835K, committed 82304K, reserved 1179648K
  class space    used 7956K, committed 8640K, reserved 1048576K
}
Event: 1600.834 GC heap before
{Heap before GC invocations=935 (full 5):
 PSYoungGen      total 14336K, used 14112K [0x00000000eab00000, 0x00000000ebc00000, 0x0000000100000000)
  eden space 13824K, 100% used [0x00000000eab00000,0x00000000eb880000,0x00000000eb880000)
  from space 512K, 56% used [0x00000000ebb00000,0x00000000ebb48000,0x00000000ebb80000)
  to   space 512K, 0% used [0x00000000ebb80000,0x00000000ebb80000,0x00000000ebc00000)
 ParOldGen       total 311808K, used 311397K [0x00000000c0000000, 0x00000000d3080000, 0x00000000eab00000)
  object space 311808K, 99% used [0x00000000c0000000,0x00000000d3019438,0x00000000d3080000)
 Metaspace       used 80854K, committed 82304K, reserved 1179648K
  class space    used 7959K, committed 8640K, reserved 1048576K
}
Event: 1600.855 GC heap after
{Heap after GC invocations=935 (full 5):
 PSYoungGen      total 14336K, used 304K [0x00000000eab00000, 0x00000000ebc00000, 0x0000000100000000)
  eden space 13824K, 0% used [0x00000000eab00000,0x00000000eab00000,0x00000000eb880000)
  from space 512K, 59% used [0x00000000ebb80000,0x00000000ebbcc050,0x00000000ebc00000)
  to   space 512K, 0% used [0x00000000ebb00000,0x00000000ebb00000,0x00000000ebb80000)
 ParOldGen       total 311808K, used 311420K [0x00000000c0000000, 0x00000000d3080000, 0x00000000eab00000)
  object space 311808K, 99% used [0x00000000c0000000,0x00000000d301f200,0x00000000d3080000)
 Metaspace       used 80854K, committed 82304K, reserved 1179648K
  class space    used 7959K, committed 8640K, reserved 1048576K
}
Event: 1602.028 GC heap before
{Heap before GC invocations=936 (full 5):
 PSYoungGen      total 14336K, used 14111K [0x00000000eab00000, 0x00000000ebc00000, 0x0000000100000000)
  eden space 13824K, 99% used [0x00000000eab00000,0x00000000eb87bf10,0x00000000eb880000)
  from space 512K, 59% used [0x00000000ebb80000,0x00000000ebbcc050,0x00000000ebc00000)
  to   space 512K, 0% used [0x00000000ebb00000,0x00000000ebb00000,0x00000000ebb80000)
 ParOldGen       total 311808K, used 311420K [0x00000000c0000000, 0x00000000d3080000, 0x00000000eab00000)
  object space 311808K, 99% used [0x00000000c0000000,0x00000000d301f200,0x00000000d3080000)
 Metaspace       used 80857K, committed 82304K, reserved 1179648K
  class space    used 7959K, committed 8640K, reserved 1048576K
}
Event: 1602.217 GC heap after
{Heap after GC invocations=936 (full 5):
 PSYoungGen      total 14336K, used 482K [0x00000000eab00000, 0x00000000ecc80000, 0x0000000100000000)
  eden space 13824K, 0% used [0x00000000eab00000,0x00000000eab00000,0x00000000eb880000)
  from space 512K, 94% used [0x00000000ebb00000,0x00000000ebb78848,0x00000000ebb80000)
  to   space 10240K, 0% used [0x00000000ec280000,0x00000000ec280000,0x00000000ecc80000)
 ParOldGen       total 320000K, used 319711K [0x00000000c0000000, 0x00000000d3880000, 0x00000000eab00000)
  object space 320000K, 99% used [0x00000000c0000000,0x00000000d3837d40,0x00000000d3880000)
 Metaspace       used 80857K, committed 82304K, reserved 1179648K
  class space    used 7959K, committed 8640K, reserved 1048576K
}
Event: 1603.644 GC heap before
{Heap before GC invocations=937 (full 5):
 PSYoungGen      total 14336K, used 14306K [0x00000000eab00000, 0x00000000ecc80000, 0x0000000100000000)
  eden space 13824K, 100% used [0x00000000eab00000,0x00000000eb880000,0x00000000eb880000)
  from space 512K, 94% used [0x00000000ebb00000,0x00000000ebb78848,0x00000000ebb80000)
  to   space 10240K, 0% used [0x00000000ec280000,0x00000000ec280000,0x00000000ecc80000)
 ParOldGen       total 320000K, used 319711K [0x00000000c0000000, 0x00000000d3880000, 0x00000000eab00000)
  object space 320000K, 99% used [0x00000000c0000000,0x00000000d3837d40,0x00000000d3880000)
 Metaspace       used 80867K, committed 82304K, reserved 1179648K
  class space    used 7959K, committed 8640K, reserved 1048576K
}
Event: 1603.767 GC heap after
{Heap after GC invocations=937 (full 5):
 PSYoungGen      total 18432K, used 4164K [0x00000000eab00000, 0x00000000ec700000, 0x0000000100000000)
  eden space 13824K, 0% used [0x00000000eab00000,0x00000000eab00000,0x00000000eb880000)
  from space 4608K, 90% used [0x00000000ec280000,0x00000000ec691100,0x00000000ec700000)
  to   space 6144K, 0% used [0x00000000ebb00000,0x00000000ebb00000,0x00000000ec100000)
 ParOldGen       total 320000K, used 319759K [0x00000000c0000000, 0x00000000d3880000, 0x00000000eab00000)
  object space 320000K, 99% used [0x00000000c0000000,0x00000000d3843d40,0x00000000d3880000)
 Metaspace       used 80867K, committed 82304K, reserved 1179648K
  class space    used 7959K, committed 8640K, reserved 1048576K
}
Event: 1605.112 GC heap before
{Heap before GC invocations=938 (full 5):
 PSYoungGen      total 18432K, used 17988K [0x00000000eab00000, 0x00000000ec700000, 0x0000000100000000)
  eden space 13824K, 100% used [0x00000000eab00000,0x00000000eb880000,0x00000000eb880000)
  from space 4608K, 90% used [0x00000000ec280000,0x00000000ec691100,0x00000000ec700000)
  to   space 6144K, 0% used [0x00000000ebb00000,0x00000000ebb00000,0x00000000ec100000)
 ParOldGen       total 320000K, used 319759K [0x00000000c0000000, 0x00000000d3880000, 0x00000000eab00000)
  object space 320000K, 99% used [0x00000000c0000000,0x00000000d3843d40,0x00000000d3880000)
 Metaspace       used 80903K, committed 82368K, reserved 1179648K
  class space    used 7959K, committed 8640K, reserved 1048576K
}
Event: 1605.158 GC heap after
{Heap after GC invocations=938 (full 5):
 PSYoungGen      total 15360K, used 1168K [0x00000000eab00000, 0x00000000ec300000, 0x0000000100000000)
  eden space 13824K, 0% used [0x00000000eab00000,0x00000000eab00000,0x00000000eb880000)
  from space 1536K, 76% used [0x00000000ebb00000,0x00000000ebc24050,0x00000000ebc80000)
  to   space 2560K, 0% used [0x00000000ec080000,0x00000000ec080000,0x00000000ec300000)
 ParOldGen       total 324096K, used 323731K [0x00000000c0000000, 0x00000000d3c80000, 0x00000000eab00000)
  object space 324096K, 99% used [0x00000000c0000000,0x00000000d3c24e20,0x00000000d3c80000)
 Metaspace       used 80903K, committed 82368K, reserved 1179648K
  class space    used 7959K, committed 8640K, reserved 1048576K
}
Event: 1606.647 GC heap before
{Heap before GC invocations=939 (full 5):
 PSYoungGen      total 15360K, used 14992K [0x00000000eab00000, 0x00000000ec300000, 0x0000000100000000)
  eden space 13824K, 100% used [0x00000000eab00000,0x00000000eb880000,0x00000000eb880000)
  from space 1536K, 76% used [0x00000000ebb00000,0x00000000ebc24050,0x00000000ebc80000)
  to   space 2560K, 0% used [0x00000000ec080000,0x00000000ec080000,0x00000000ec300000)
 ParOldGen       total 324096K, used 323731K [0x00000000c0000000, 0x00000000d3c80000, 0x00000000eab00000)
  object space 324096K, 99% used [0x00000000c0000000,0x00000000d3c24e20,0x00000000d3c80000)
 Metaspace       used 80909K, committed 82432K, reserved 1179648K
  class space    used 7959K, committed 8640K, reserved 1048576K
}
Event: 1606.765 GC heap after
{Heap after GC invocations=939 (full 5):
 PSYoungGen      total 15360K, used 2553K [0x00000000eab00000, 0x00000000eca80000, 0x0000000100000000)
  eden space 12800K, 0% used [0x00000000eab00000,0x00000000eab00000,0x00000000eb780000)
  from space 2560K, 99% used [0x00000000ec080000,0x00000000ec2fe460,0x00000000ec300000)
  to   space 9216K, 0% used [0x00000000eb780000,0x00000000eb780000,0x00000000ec080000)
 ParOldGen       total 329216K, used 329168K [0x00000000c0000000, 0x00000000d4180000, 0x00000000eab00000)
  object space 329216K, 99% used [0x00000000c0000000,0x00000000d41743f8,0x00000000d4180000)
 Metaspace       used 80909K, committed 82432K, reserved 1179648K
  class space    used 7959K, committed 8640K, reserved 1048576K
}
Event: 1607.541 GC heap before
{Heap before GC invocations=940 (full 5):
 PSYoungGen      total 15360K, used 15219K [0x00000000eab00000, 0x00000000eca80000, 0x0000000100000000)
  eden space 12800K, 98% used [0x00000000eab00000,0x00000000eb75eab0,0x00000000eb780000)
  from space 2560K, 99% used [0x00000000ec080000,0x00000000ec2fe460,0x00000000ec300000)
  to   space 9216K, 0% used [0x00000000eb780000,0x00000000eb780000,0x00000000ec080000)
 ParOldGen       total 329216K, used 329168K [0x00000000c0000000, 0x00000000d4180000, 0x00000000eab00000)
  object space 329216K, 99% used [0x00000000c0000000,0x00000000d41743f8,0x00000000d4180000)
 Metaspace       used 80915K, committed 82432K, reserved 1179648K
  class space    used 7959K, committed 8640K, reserved 1048576K
}
Event: 1607.599 GC heap after
{Heap after GC invocations=940 (full 5):
 PSYoungGen      total 17920K, used 4784K [0x00000000eab00000, 0x00000000ec380000, 0x0000000100000000)
  eden space 12800K, 0% used [0x00000000eab00000,0x00000000eab00000,0x00000000eb780000)
  from space 5120K, 93% used [0x00000000eb780000,0x00000000ebc2c0c0,0x00000000ebc80000)
  to   space 6144K, 0% used [0x00000000ebd80000,0x00000000ebd80000,0x00000000ec380000)
 ParOldGen       total 330240K, used 330161K [0x00000000c0000000, 0x00000000d4280000, 0x00000000eab00000)
  object space 330240K, 99% used [0x00000000c0000000,0x00000000d426c428,0x00000000d4280000)
 Metaspace       used 80915K, committed 82432K, reserved 1179648K
  class space    used 7959K, committed 8640K, reserved 1048576K
}
Event: 1620.951 GC heap before
{Heap before GC invocations=941 (full 5):
 PSYoungGen      total 17920K, used 17584K [0x00000000eab00000, 0x00000000ec380000, 0x0000000100000000)
  eden space 12800K, 100% used [0x00000000eab00000,0x00000000eb780000,0x00000000eb780000)
  from space 5120K, 93% used [0x00000000eb780000,0x00000000ebc2c0c0,0x00000000ebc80000)
  to   space 6144K, 0% used [0x00000000ebd80000,0x00000000ebd80000,0x00000000ec380000)
 ParOldGen       total 330240K, used 330161K [0x00000000c0000000, 0x00000000d4280000, 0x00000000eab00000)
  object space 330240K, 99% used [0x00000000c0000000,0x00000000d426c428,0x00000000d4280000)
 Metaspace       used 81081K, committed 82624K, reserved 1179648K
  class space    used 7975K, committed 8640K, reserved 1048576K
}
Event: 1620.980 GC heap after
{Heap after GC invocations=941 (full 5):
 PSYoungGen      total 14848K, used 1751K [0x00000000eab00000, 0x00000000ebf80000, 0x0000000100000000)
  eden space 12800K, 0% used [0x00000000eab00000,0x00000000eab00000,0x00000000eb780000)
  from space 2048K, 85% used [0x00000000ebd80000,0x00000000ebf35e00,0x00000000ebf80000)
  to   space 3072K, 0% used [0x00000000eb980000,0x00000000eb980000,0x00000000ebc80000)
 ParOldGen       total 331264K, used 330889K [0x00000000c0000000, 0x00000000d4380000, 0x00000000eab00000)
  object space 331264K, 99% used [0x00000000c0000000,0x00000000d4322428,0x00000000d4380000)
 Metaspace       used 81081K, committed 82624K, reserved 1179648K
  class space    used 7975K, committed 8640K, reserved 1048576K
}
Event: 1739.496 GC heap before
{Heap before GC invocations=942 (full 5):
 PSYoungGen      total 14848K, used 14551K [0x00000000eab00000, 0x00000000ebf80000, 0x0000000100000000)
  eden space 12800K, 100% used [0x00000000eab00000,0x00000000eb780000,0x00000000eb780000)
  from space 2048K, 85% used [0x00000000ebd80000,0x00000000ebf35e00,0x00000000ebf80000)
  to   space 3072K, 0% used [0x00000000eb980000,0x00000000eb980000,0x00000000ebc80000)
 ParOldGen       total 331264K, used 330889K [0x00000000c0000000, 0x00000000d4380000, 0x00000000eab00000)
  object space 331264K, 99% used [0x00000000c0000000,0x00000000d4322428,0x00000000d4380000)
 Metaspace       used 81093K, committed 82624K, reserved 1179648K
  class space    used 7975K, committed 8640K, reserved 1048576K
}
Event: 1739.614 GC heap after
{Heap after GC invocations=942 (full 5):
 PSYoungGen      total 14848K, used 1807K [0x00000000eab00000, 0x00000000ebe00000, 0x0000000100000000)
  eden space 12800K, 0% used [0x00000000eab00000,0x00000000eab00000,0x00000000eb780000)
  from space 2048K, 88% used [0x00000000eb980000,0x00000000ebb43e90,0x00000000ebb80000)
  to   space 2048K, 0% used [0x00000000ebc00000,0x00000000ebc00000,0x00000000ebe00000)
 ParOldGen       total 331264K, used 330969K [0x00000000c0000000, 0x00000000d4380000, 0x00000000eab00000)
  object space 331264K, 99% used [0x00000000c0000000,0x00000000d4336428,0x00000000d4380000)
 Metaspace       used 81093K, committed 82624K, reserved 1179648K
  class space    used 7975K, committed 8640K, reserved 1048576K
}
Event: 6323.029 GC heap before
{Heap before GC invocations=943 (full 5):
 PSYoungGen      total 14848K, used 14607K [0x00000000eab00000, 0x00000000ebe00000, 0x0000000100000000)
  eden space 12800K, 100% used [0x00000000eab00000,0x00000000eb780000,0x00000000eb780000)
  from space 2048K, 88% used [0x00000000eb980000,0x00000000ebb43e90,0x00000000ebb80000)
  to   space 2048K, 0% used [0x00000000ebc00000,0x00000000ebc00000,0x00000000ebe00000)
 ParOldGen       total 331264K, used 330969K [0x00000000c0000000, 0x00000000d4380000, 0x00000000eab00000)
  object space 331264K, 99% used [0x00000000c0000000,0x00000000d4336428,0x00000000d4380000)
 Metaspace       used 81151K, committed 82624K, reserved 1179648K
  class space    used 7977K, committed 8640K, reserved 1048576K
}

Dll operation events (9 events):
Event: 0.049 Loaded shared library /home/willsonic3/.vscode/extensions/redhat.java-1.39.0-linux-x64/jre/21.0.5-linux-x86_64/lib/libjava.so
Event: 1.879 Loaded shared library /home/willsonic3/.vscode/extensions/redhat.java-1.39.0-linux-x64/jre/21.0.5-linux-x86_64/lib/libzip.so
Event: 2.365 Loaded shared library /home/willsonic3/.vscode/extensions/redhat.java-1.39.0-linux-x64/jre/21.0.5-linux-x86_64/lib/libinstrument.so
Event: 2.397 Loaded shared library /home/willsonic3/.vscode/extensions/redhat.java-1.39.0-linux-x64/jre/21.0.5-linux-x86_64/lib/libnio.so
Event: 2.446 Loaded shared library /home/willsonic3/.vscode/extensions/redhat.java-1.39.0-linux-x64/jre/21.0.5-linux-x86_64/lib/libzip.so
Event: 2.881 Loaded shared library /home/willsonic3/.vscode/extensions/redhat.java-1.39.0-linux-x64/jre/21.0.5-linux-x86_64/lib/libjimage.so
Event: 4.454 Loaded shared library /home/willsonic3/.vscode/extensions/redhat.java-1.39.0-linux-x64/jre/21.0.5-linux-x86_64/lib/libverify.so
Event: 14.958 Loaded shared library /home/willsonic3/.vscode/extensions/redhat.java-1.39.0-linux-x64/jre/21.0.5-linux-x86_64/lib/libnet.so
Event: 20.815 Loading shared library /home/willsonic3/.config/Code/User/globalStorage/redhat.java/1.39.0/config_linux/org.eclipse.equinox.launcher/org.eclipse.equinox.launcher.gtk.linux.x86_64_1.2.1300.v20241223-1657/eclipse_11906.so failed, /lib/x86_64-linux-gnu/libc.

Deoptimization events (20 events):
Event: 6322.669 Thread 0x00005c95862a2a00 Uncommon trap: trap_request=0xfffffff4 fr.pc=0x00007f75c558c0a4 relative=0x0000000000000184
Event: 6322.669 Thread 0x00005c95862a2a00 Uncommon trap: reason=null_check action=make_not_entrant pc=0x00007f75c558c0a4 method=lombok.core.configuration.FileSystemSourceCache.ensureContent(Llombok/core/configuration/ConfigurationFile;)Llombok/core/configuration/FileSystemSourceCache$Content; @ 1
Event: 6322.681 Thread 0x00005c95862a2a00 DEOPT PACKING pc=0x00007f75c558c0a4 sp=0x00007f753bffd960
Event: 6322.681 Thread 0x00005c95862a2a00 DEOPT UNPACKING pc=0x00007f75c458b393 sp=0x00007f753bffd738 mode 2
Event: 6322.682 Thread 0x00005c95862a2a00 Uncommon trap: trap_request=0xffffff45 fr.pc=0x00007f75c5487594 relative=0x00000000000000d4
Event: 6322.695 Thread 0x00005c95862a2a00 Uncommon trap: reason=unstable_if action=reinterpret pc=0x00007f75c5487594 method=lombok.core.configuration.ConfigurationFile$RegularConfigurationFile.parent()Llombok/core/configuration/ConfigurationFile; @ 20 c2
Event: 6322.695 Thread 0x00005c95862a2a00 DEOPT PACKING pc=0x00007f75c5487594 sp=0x00007f753bffd8f0
Event: 6322.696 Thread 0x00005c95862a2a00 DEOPT UNPACKING pc=0x00007f75c458b393 sp=0x00007f753bffd8b0 mode 2
Event: 6322.697 Thread 0x00005c95862a2a00 Uncommon trap: trap_request=0xfffffff4 fr.pc=0x00007f75c5462a9c relative=0x000000000000037c
Event: 6322.697 Thread 0x00005c95862a2a00 Uncommon trap: reason=null_check action=make_not_entrant pc=0x00007f75c5462a9c method=lombok.core.configuration.FileSystemSourceCache.ensureContent(Llombok/core/configuration/ConfigurationFile;)Llombok/core/configuration/FileSystemSourceCache$Content; @ 1
Event: 6322.697 Thread 0x00005c95862a2a00 DEOPT PACKING pc=0x00007f75c5462a9c sp=0x00007f753bffd860
Event: 6322.697 Thread 0x00005c95862a2a00 DEOPT UNPACKING pc=0x00007f75c458b393 sp=0x00007f753bffd798 mode 2
Event: 6322.698 Thread 0x00005c95862a2a00 Uncommon trap: trap_request=0xfffffff4 fr.pc=0x00007f75c5463cf8 relative=0x00000000000001f8
Event: 6322.698 Thread 0x00005c95862a2a00 Uncommon trap: reason=null_check action=make_not_entrant pc=0x00007f75c5463cf8 method=lombok.core.configuration.FileSystemSourceCache.ensureContent(Llombok/core/configuration/ConfigurationFile;)Llombok/core/configuration/FileSystemSourceCache$Content; @ 1
Event: 6322.698 Thread 0x00005c95862a2a00 DEOPT PACKING pc=0x00007f75c5463cf8 sp=0x00007f753bffd7b0
Event: 6322.698 Thread 0x00005c95862a2a00 DEOPT UNPACKING pc=0x00007f75c458b393 sp=0x00007f753bffd788 mode 2
Event: 6322.809 Thread 0x00005c95862a2a00 Uncommon trap: trap_request=0xffffff45 fr.pc=0x00007f75c4cac5a0 relative=0x00000000000000e0
Event: 6322.810 Thread 0x00005c95862a2a00 Uncommon trap: reason=unstable_if action=reinterpret pc=0x00007f75c4cac5a0 method=org.eclipse.jdt.internal.core.PackageFragment.equals(Ljava/lang/Object;)Z @ 49 c2
Event: 6322.810 Thread 0x00005c95862a2a00 DEOPT PACKING pc=0x00007f75c4cac5a0 sp=0x00007f753bffe050
Event: 6322.810 Thread 0x00005c95862a2a00 DEOPT UNPACKING pc=0x00007f75c458b393 sp=0x00007f753bffe018 mode 2

Classes loaded (20 events):
Event: 1039.091 Loading class java/util/stream/IntPipeline$1
Event: 1039.092 Loading class java/util/stream/IntPipeline$1 done
Event: 1039.092 Loading class java/util/stream/IntPipeline$1$1
Event: 1039.096 Loading class java/util/stream/IntPipeline$1$1 done
Event: 1051.804 Loading class java/util/ArrayDeque$DeqSpliterator
Event: 1051.805 Loading class java/util/ArrayDeque$DeqSpliterator done
Event: 1084.149 Loading class java/util/concurrent/ConcurrentHashMap$TreeNode
Event: 1084.150 Loading class java/util/concurrent/ConcurrentHashMap$TreeNode done
Event: 1084.150 Loading class java/util/concurrent/ConcurrentHashMap$TreeBin
Event: 1084.151 Loading class java/util/concurrent/ConcurrentHashMap$TreeBin done
Event: 1149.535 Loading class java/io/CharArrayReader
Event: 1149.536 Loading class java/io/CharArrayReader done
Event: 1149.537 Loading class java/util/regex/Pattern$Bound
Event: 1149.553 Loading class java/util/regex/Pattern$Bound done
Event: 1396.324 Loading class java/util/stream/ReduceOps$5
Event: 1396.325 Loading class java/util/stream/ReduceOps$5 done
Event: 1396.325 Loading class java/util/stream/ReduceOps$CountingSink$OfRef
Event: 1396.325 Loading class java/util/stream/ReduceOps$CountingSink
Event: 1396.326 Loading class java/util/stream/ReduceOps$CountingSink done
Event: 1396.326 Loading class java/util/stream/ReduceOps$CountingSink$OfRef done

Classes unloaded (20 events):
Event: 1367.423 Thread 0x00007f75cc0a4ec0 Unloading class 0x00007f7576765c00 'java/lang/invoke/LambdaForm$MH+0x00007f7576765c00'
Event: 1367.423 Thread 0x00007f75cc0a4ec0 Unloading class 0x00007f7576765800 'java/lang/invoke/LambdaForm$MH+0x00007f7576765800'
Event: 1367.423 Thread 0x00007f75cc0a4ec0 Unloading class 0x00007f7576765400 'java/lang/invoke/LambdaForm$MH+0x00007f7576765400'
Event: 1367.423 Thread 0x00007f75cc0a4ec0 Unloading class 0x00007f7576765000 'java/lang/invoke/LambdaForm$MH+0x00007f7576765000'
Event: 1367.423 Thread 0x00007f75cc0a4ec0 Unloading class 0x00007f7576764800 'java/lang/invoke/LambdaForm$MH+0x00007f7576764800'
Event: 1367.423 Thread 0x00007f75cc0a4ec0 Unloading class 0x00007f7576764400 'java/lang/invoke/LambdaForm$MH+0x00007f7576764400'
Event: 1367.423 Thread 0x00007f75cc0a4ec0 Unloading class 0x00007f7576764000 'java/lang/invoke/LambdaForm$MH+0x00007f7576764000'
Event: 1367.423 Thread 0x00007f75cc0a4ec0 Unloading class 0x00007f7576763c00 'java/lang/invoke/LambdaForm$MH+0x00007f7576763c00'
Event: 1367.423 Thread 0x00007f75cc0a4ec0 Unloading class 0x00007f7576763800 'java/lang/invoke/LambdaForm$MH+0x00007f7576763800'
Event: 1367.423 Thread 0x00007f75cc0a4ec0 Unloading class 0x00007f7576763400 'java/lang/invoke/LambdaForm$MH+0x00007f7576763400'
Event: 1367.423 Thread 0x00007f75cc0a4ec0 Unloading class 0x00007f7576763000 'java/lang/invoke/LambdaForm$MH+0x00007f7576763000'
Event: 1367.423 Thread 0x00007f75cc0a4ec0 Unloading class 0x00007f7576762c00 'java/lang/invoke/LambdaForm$MH+0x00007f7576762c00'
Event: 1367.423 Thread 0x00007f75cc0a4ec0 Unloading class 0x00007f7576762400 'java/lang/invoke/LambdaForm$MH+0x00007f7576762400'
Event: 1367.423 Thread 0x00007f75cc0a4ec0 Unloading class 0x00007f7576761800 'java/lang/invoke/LambdaForm$MH+0x00007f7576761800'
Event: 1367.423 Thread 0x00007f75cc0a4ec0 Unloading class 0x00007f7576761400 'java/lang/invoke/LambdaForm$MH+0x00007f7576761400'
Event: 1367.423 Thread 0x00007f75cc0a4ec0 Unloading class 0x00007f7576761000 'java/lang/invoke/LambdaForm$MH+0x00007f7576761000'
Event: 1367.423 Thread 0x00007f75cc0a4ec0 Unloading class 0x00007f7576760800 'java/lang/invoke/LambdaForm$MH+0x00007f7576760800'
Event: 1367.423 Thread 0x00007f75cc0a4ec0 Unloading class 0x00007f7576760400 'java/lang/invoke/LambdaForm$MH+0x00007f7576760400'
Event: 1367.423 Thread 0x00007f75cc0a4ec0 Unloading class 0x00007f7576760000 'java/lang/invoke/LambdaForm$MH+0x00007f7576760000'
Event: 1367.423 Thread 0x00007f75cc0a4ec0 Unloading class 0x00007f75764cac00 'java/lang/invoke/LambdaForm$MH+0x00007f75764cac00'

Classes redefined (0 events):
No events

Internal exceptions (20 events):
Event: 1518.069 Thread 0x00007f753ca34190 Exception <a 'sun/nio/fs/UnixException'{0x00000000eb238dc0}> (0x00000000eb238dc0) 
thrown [src/hotspot/share/prims/jni.cpp, line 520]
Event: 1580.448 Thread 0x00005c9586261070 Implicit null exception at 0x00007f75c53aab46 to 0x00007f75c53aabb4
Event: 1583.571 Thread 0x00005c9586261070 Exception <a 'java/lang/ClassNotFoundException'{0x00000000eb00bd78}: sun/net/www/protocol/jdt/Handler> (0x00000000eb00bd78) 
thrown [src/hotspot/share/classfile/systemDictionary.cpp, line 312]
Event: 1583.572 Thread 0x00005c9586261070 Exception <a 'java/lang/ClassNotFoundException'{0x00000000eb00e1e0}: sun/net/www/protocol/jdt/Handler> (0x00000000eb00e1e0) 
thrown [src/hotspot/share/classfile/systemDictionary.cpp, line 312]
Event: 1583.572 Thread 0x00005c9586261070 Exception <a 'java/lang/ClassNotFoundException'{0x00000000eb0108e8}: sun/net/www/protocol/jdt/Handler> (0x00000000eb0108e8) 
thrown [src/hotspot/share/classfile/systemDictionary.cpp, line 312]
Event: 1583.573 Thread 0x00005c9586261070 Exception <a 'java/lang/ClassNotFoundException'{0x00000000eb013380}: sun/net/www/protocol/jdt/Handler> (0x00000000eb013380) 
thrown [src/hotspot/share/classfile/systemDictionary.cpp, line 312]
Event: 1583.573 Thread 0x00005c9586261070 Exception <a 'java/lang/ClassNotFoundException'{0x00000000eb015c68}: sun/net/www/protocol/jdt/Handler> (0x00000000eb015c68) 
thrown [src/hotspot/share/classfile/systemDictionary.cpp, line 312]
Event: 1583.575 Thread 0x00005c9586261070 Exception <a 'java/lang/ClassNotFoundException'{0x00000000eb01b430}: sun/net/www/protocol/jdt/Handler> (0x00000000eb01b430) 
thrown [src/hotspot/share/classfile/systemDictionary.cpp, line 312]
Event: 1583.575 Thread 0x00005c9586261070 Exception <a 'java/lang/ClassNotFoundException'{0x00000000eb01dae0}: sun/net/www/protocol/jdt/Handler> (0x00000000eb01dae0) 
thrown [src/hotspot/share/classfile/systemDictionary.cpp, line 312]
Event: 1583.576 Thread 0x00005c9586261070 Exception <a 'java/lang/ClassNotFoundException'{0x00000000eb020698}: sun/net/www/protocol/jdt/Handler> (0x00000000eb020698) 
thrown [src/hotspot/share/classfile/systemDictionary.cpp, line 312]
Event: 1583.577 Thread 0x00005c9586261070 Exception <a 'java/lang/ClassNotFoundException'{0x00000000eb0240c8}: sun/net/www/protocol/jdt/Handler> (0x00000000eb0240c8) 
thrown [src/hotspot/share/classfile/systemDictionary.cpp, line 312]
Event: 1601.773 Thread 0x00007f753ca34190 Exception <a 'sun/nio/fs/UnixException'{0x00000000eb01c3d0}> (0x00000000eb01c3d0) 
thrown [src/hotspot/share/prims/jni.cpp, line 520]
Event: 1603.419 Thread 0x00007f753ca34190 Exception <a 'sun/nio/fs/UnixException'{0x00000000eb7bc630}> (0x00000000eb7bc630) 
thrown [src/hotspot/share/prims/jni.cpp, line 520]
Event: 1606.257 Thread 0x00007f753ca34190 Exception <a 'sun/nio/fs/UnixException'{0x00000000ead5af00}> (0x00000000ead5af00) 
thrown [src/hotspot/share/prims/jni.cpp, line 520]
Event: 1607.796 Thread 0x00007f753ca34190 Exception <a 'sun/nio/fs/UnixException'{0x00000000eac2f6b8}> (0x00000000eac2f6b8) 
thrown [src/hotspot/share/prims/jni.cpp, line 520]
Event: 1610.054 Thread 0x00007f75cc3f1cc0 Exception <a 'java/lang/IncompatibleClassChangeError'{0x00000000eb2c9f18}: Found class java.lang.Object, but interface was expected> (0x00000000eb2c9f18) 
thrown [src/hotspot/share/interpreter/linkResolver.cpp, line 840]
Event: 1620.703 Thread 0x00005c9586261070 Exception <a 'java/lang/NoSuchMethodError'{0x00000000eb4043e0}: 'java.lang.Object java.lang.invoke.DirectMethodHandle$Holder.invokeStaticInit(java.lang.Object, java.lang.Object, java.lang.Object)'> (0x00000000eb4043e0) 
thrown [src/hotspot/share/interpreter/linkResolver.cpp, line 772]
Event: 6322.669 Thread 0x00005c95862a2a00 Implicit null exception at 0x00007f75c558c3b7 to 0x00007f75c558c06f
Event: 6322.696 Thread 0x00005c95862a2a00 Implicit null exception at 0x00007f75c54627ea to 0x00007f75c5462a72
Event: 6322.697 Thread 0x00005c95862a2a00 Implicit null exception at 0x00007f75c5463ba1 to 0x00007f75c5463ced

ZGC Phase Switch (0 events):
No events

VM Operations (20 events):
Event: 5473.149 Executing VM operation: HandshakeAllThreads (HandshakeForDeflation) done
Event: 5473.150 Executing VM operation: RendezvousGCThreads
Event: 5473.150 Executing VM operation: RendezvousGCThreads done
Event: 5773.807 Executing VM operation: HandshakeAllThreads (HandshakeForDeflation)
Event: 5773.808 Executing VM operation: HandshakeAllThreads (HandshakeForDeflation) done
Event: 5773.808 Executing VM operation: RendezvousGCThreads
Event: 5773.808 Executing VM operation: RendezvousGCThreads done
Event: 5833.978 Executing VM operation: HandshakeAllThreads (HandshakeForDeflation)
Event: 5833.979 Executing VM operation: HandshakeAllThreads (HandshakeForDeflation) done
Event: 5833.979 Executing VM operation: RendezvousGCThreads
Event: 5833.979 Executing VM operation: RendezvousGCThreads done
Event: 6194.557 Executing VM operation: HandshakeAllThreads (HandshakeForDeflation)
Event: 6194.558 Executing VM operation: HandshakeAllThreads (HandshakeForDeflation) done
Event: 6194.558 Executing VM operation: RendezvousGCThreads
Event: 6194.559 Executing VM operation: RendezvousGCThreads done
Event: 6321.620 Executing VM operation: Cleanup
Event: 6321.620 Executing VM operation: Cleanup done
Event: 6322.620 Executing VM operation: Cleanup
Event: 6322.634 Executing VM operation: Cleanup done
Event: 6323.029 Executing VM operation: ParallelGCFailedAllocation (Allocation Failure)

Memory protections (20 events):
Event: 1629.912 Protecting memory [0x00007f753315e000,0x00007f7533162000] with protection modes 0
Event: 1671.087 Protecting memory [0x00007f7532956000,0x00007f753295a000] with protection modes 0
Event: 1738.474 Protecting memory [0x00007f75743a3000,0x00007f75743a7000] with protection modes 0
Event: 1738.681 Protecting memory [0x00007f7532956000,0x00007f753295a000] with protection modes 0
Event: 1739.150 Protecting memory [0x00007f75743a3000,0x00007f75743a7000] with protection modes 0
Event: 1757.128 Protecting memory [0x00007f75743a3000,0x00007f75743a7000] with protection modes 0
Event: 1757.622 Protecting memory [0x00007f7532855000,0x00007f7532859000] with protection modes 0
Event: 1780.917 Protecting memory [0x00007f7532855000,0x00007f7532859000] with protection modes 0
Event: 1780.995 Protecting memory [0x00007f7532855000,0x00007f7532859000] with protection modes 0
Event: 1874.224 Protecting memory [0x00007f7532956000,0x00007f753295a000] with protection modes 0
Event: 1874.302 Protecting memory [0x00007f7532956000,0x00007f753295a000] with protection modes 0
Event: 2278.400 Protecting memory [0x00007f7532956000,0x00007f753295a000] with protection modes 0
Event: 2278.553 Protecting memory [0x00007f7532956000,0x00007f753295a000] with protection modes 0
Event: 3945.533 Protecting memory [0x00007f7532956000,0x00007f753295a000] with protection modes 0
Event: 6316.214 Protecting memory [0x00007f753beff000,0x00007f753bf03000] with protection modes 0
Event: 6316.239 Protecting memory [0x00007f7532855000,0x00007f7532859000] with protection modes 0
Event: 6318.362 Protecting memory [0x00007f753beff000,0x00007f753bf03000] with protection modes 0
Event: 6321.051 Protecting memory [0x00007f753beff000,0x00007f753bf03000] with protection modes 0
Event: 6322.164 Protecting memory [0x00007f753beff000,0x00007f753bf03000] with protection modes 0
Event: 6323.002 Protecting memory [0x00007f7532855000,0x00007f7532859000] with protection modes 0

Nmethod flushes (20 events):
Event: 1367.676 Thread 0x00007f75cc0a4ec0 flushing  nmethod 0x00007f75be8f8490
Event: 1367.676 Thread 0x00007f75cc0a4ec0 flushing  nmethod 0x00007f75be8f8c90
Event: 1367.676 Thread 0x00007f75cc0a4ec0 flushing  nmethod 0x00007f75be8f9510
Event: 1367.676 Thread 0x00007f75cc0a4ec0 flushing  nmethod 0x00007f75be8f9e10
Event: 1367.676 Thread 0x00007f75cc0a4ec0 flushing  nmethod 0x00007f75be8fa210
Event: 1367.676 Thread 0x00007f75cc0a4ec0 flushing  nmethod 0x00007f75be8fa710
Event: 1367.676 Thread 0x00007f75cc0a4ec0 flushing  nmethod 0x00007f75be8fb310
Event: 1367.676 Thread 0x00007f75cc0a4ec0 flushing  nmethod 0x00007f75be8fba10
Event: 1367.676 Thread 0x00007f75cc0a4ec0 flushing  nmethod 0x00007f75be905510
Event: 1367.676 Thread 0x00007f75cc0a4ec0 flushing  nmethod 0x00007f75be905d90
Event: 1367.676 Thread 0x00007f75cc0a4ec0 flushing  nmethod 0x00007f75be906190
Event: 1367.676 Thread 0x00007f75cc0a4ec0 flushing  nmethod 0x00007f75be909590
Event: 1367.676 Thread 0x00007f75cc0a4ec0 flushing  nmethod 0x00007f75be928c90
Event: 1367.676 Thread 0x00007f75cc0a4ec0 flushing  nmethod 0x00007f75be96a390
Event: 1367.676 Thread 0x00007f75cc0a4ec0 flushing  nmethod 0x00007f75be982210
Event: 1367.676 Thread 0x00007f75cc0a4ec0 flushing  nmethod 0x00007f75bea1f790
Event: 1367.676 Thread 0x00007f75cc0a4ec0 flushing  nmethod 0x00007f75bea1fe90
Event: 1367.676 Thread 0x00007f75cc0a4ec0 flushing  nmethod 0x00007f75bea51690
Event: 1367.676 Thread 0x00007f75cc0a4ec0 flushing  nmethod 0x00007f75beb84d10
Event: 1367.676 Thread 0x00007f75cc0a4ec0 flushing  nmethod 0x00007f75bebc7890

Events (20 events):
Event: 1874.224 Thread 0x00007f75cc3f1cc0 Thread added: 0x00005c9586261070
Event: 1874.254 Thread 0x00005c9586261070 Thread exited: 0x00005c9586261070
Event: 1874.302 Thread 0x00007f75cc3f1cc0 Thread added: 0x00005c9586261070
Event: 1874.380 Thread 0x00005c9586261070 Thread exited: 0x00005c9586261070
Event: 2278.400 Thread 0x00007f75cc3f1cc0 Thread added: 0x00005c9586261070
Event: 2278.424 Thread 0x00005c9586261070 Thread exited: 0x00005c9586261070
Event: 2278.552 Thread 0x00007f75cc3f1cc0 Thread added: 0x00005c9586261070
Event: 2278.610 Thread 0x00005c9586261070 Thread exited: 0x00005c9586261070
Event: 3945.533 Thread 0x00007f75cc40d6b0 Thread added: 0x00007f754cd23040
Event: 3945.536 Thread 0x00007f7540031030 Thread exited: 0x00007f7540031030
Event: 6316.206 Thread 0x00007f75cc3f1cc0 Thread added: 0x00005c9586261070
Event: 6316.239 Thread 0x00007f75cc3f1cc0 Thread added: 0x00005c95862a2a00
Event: 6316.641 Thread 0x00005c95862a2a00 Thread exited: 0x00005c95862a2a00
Event: 6316.686 Thread 0x00005c9586261070 Thread exited: 0x00005c9586261070
Event: 6318.362 Thread 0x00007f75cc3f1cc0 Thread added: 0x00005c95862a2a00
Event: 6319.000 Thread 0x00005c95862a2a00 Thread exited: 0x00005c95862a2a00
Event: 6321.050 Thread 0x00007f75cc3f1cc0 Thread added: 0x00005c95862a2a00
Event: 6321.275 Thread 0x00005c95862a2a00 Thread exited: 0x00005c95862a2a00
Event: 6322.161 Thread 0x00007f75cc3f1cc0 Thread added: 0x00005c95862a2a00
Event: 6323.002 Thread 0x00005c95862a2a00 Thread added: 0x00007f75cc473fe0


Dynamic libraries:
c0000000-d4380000 rw-p 00000000 00:00 0 
d4380000-eab00000 ---p 00000000 00:00 0 
eab00000-ebe00000 rw-p 00000000 00:00 0 
ebe00000-100000000 ---p 00000000 00:00 0 
5c95851f0000-5c95851f1000 r-xp 00000000 00:2a 62033                      /home/willsonic3/.vscode/extensions/redhat.java-1.39.0-linux-x64/jre/21.0.5-linux-x86_64/bin/java
5c95851f2000-5c95851f3000 r--p 00001000 00:2a 62033                      /home/willsonic3/.vscode/extensions/redhat.java-1.39.0-linux-x64/jre/21.0.5-linux-x86_64/bin/java
5c95851f3000-5c95851f4000 rw-p 00002000 00:2a 62033                      /home/willsonic3/.vscode/extensions/redhat.java-1.39.0-linux-x64/jre/21.0.5-linux-x86_64/bin/java
5c95860d3000-5c95862e8000 rw-p 00000000 00:00 0                          [heap]
7f752e000000-7f752e870000 rw-p 00000000 00:00 0 
7f752e870000-7f7532000000 ---p 00000000 00:00 0 
7f753224f000-7f7532253000 ---p 00000000 00:00 0 
7f7532253000-7f7532350000 rw-p 00000000 00:00 0 
7f7532350000-7f7532354000 ---p 00000000 00:00 0 
7f7532354000-7f7532451000 rw-p 00000000 00:00 0 
7f7532451000-7f7532455000 ---p 00000000 00:00 0 
7f7532455000-7f7532552000 rw-p 00000000 00:00 0 
7f7532552000-7f7532556000 ---p 00000000 00:00 0 
7f7532556000-7f7532653000 rw-p 00000000 00:00 0 
7f7532653000-7f7532657000 ---p 00000000 00:00 0 
7f7532657000-7f7532754000 rw-p 00000000 00:00 0 
7f7532754000-7f7532758000 ---p 00000000 00:00 0 
7f7532758000-7f7532855000 rw-p 00000000 00:00 0 
7f7532855000-7f7532859000 ---p 00000000 00:00 0 
7f7532859000-7f7532956000 rw-p 00000000 00:00 0 
7f7532956000-7f753295a000 ---p 00000000 00:00 0 
7f753295a000-7f7532a57000 rw-p 00000000 00:00 0 
7f7532a57000-7f7532a5b000 ---p 00000000 00:00 0 
7f7532a5b000-7f7532b58000 rw-p 00000000 00:00 0 
7f7532b58000-7f7532b5c000 ---p 00000000 00:00 0 
7f7532b5c000-7f7532c59000 rw-p 00000000 00:00 0 
7f7532c59000-7f7532c5d000 ---p 00000000 00:00 0 
7f7532c5d000-7f7532d5a000 rw-p 00000000 00:00 0 
7f7532d5a000-7f7532d5e000 ---p 00000000 00:00 0 
7f7532d5e000-7f7532e5b000 rw-p 00000000 00:00 0 
7f7532e5b000-7f7532e5f000 ---p 00000000 00:00 0 
7f7532e5f000-7f7532f5c000 rw-p 00000000 00:00 0 
7f7532f5c000-7f7532f60000 ---p 00000000 00:00 0 
7f7532f60000-7f753305d000 rw-p 00000000 00:00 0 
7f753305d000-7f7533061000 ---p 00000000 00:00 0 
7f7533061000-7f753315e000 rw-p 00000000 00:00 0 
7f753315e000-7f7533162000 ---p 00000000 00:00 0 
7f7533162000-7f753325f000 rw-p 00000000 00:00 0 
7f7533346000-7f753334a000 ---p 00000000 00:00 0 
7f753334a000-7f7533447000 rw-p 00000000 00:00 0 
7f7533447000-7f753bbfc000 r--s 00000000 00:2a 87410                      /usr/lib/jvm/jdk-23.0.2-oracle-x64/lib/modules
7f753bbfc000-7f753bc00000 ---p 00000000 00:00 0 
7f753bc00000-7f753bcfd000 rw-p 00000000 00:00 0 
7f753bcfd000-7f753bd01000 ---p 00000000 00:00 0 
7f753bd01000-7f753bdfe000 rw-p 00000000 00:00 0 
7f753bdfe000-7f753be02000 ---p 00000000 00:00 0 
7f753be02000-7f753beff000 rw-p 00000000 00:00 0 
7f753beff000-7f753bf03000 ---p 00000000 00:00 0 
7f753bf03000-7f753c000000 rw-p 00000000 00:00 0 
7f753c000000-7f753cc36000 rw-p 00000000 00:00 0 
7f753cc36000-7f7540000000 ---p 00000000 00:00 0 
7f7540000000-7f754005d000 rw-p 00000000 00:00 0 
7f754005d000-7f7544000000 ---p 00000000 00:00 0 
7f7544000000-7f7544023000 rw-p 00000000 00:00 0 
7f7544023000-7f7548000000 ---p 00000000 00:00 0 
7f7548000000-7f75480cd000 rw-p 00000000 00:00 0 
7f75480cd000-7f754c000000 ---p 00000000 00:00 0 
7f754c000000-7f754f2ef000 rw-p 00000000 00:00 0 
7f754f2ef000-7f7550000000 ---p 00000000 00:00 0 
7f7550000000-7f7551182000 rw-p 00000000 00:00 0 
7f7551182000-7f7554000000 ---p 00000000 00:00 0 
7f7554000000-7f755425b000 rw-p 00000000 00:00 0 
7f755425b000-7f7558000000 ---p 00000000 00:00 0 
7f7558000000-7f755869a000 rw-p 00000000 00:00 0 
7f755869a000-7f755c000000 ---p 00000000 00:00 0 
7f755c000000-7f755c1db000 rw-p 00000000 00:00 0 
7f755c1db000-7f7560000000 ---p 00000000 00:00 0 
7f7560000000-7f75600b0000 rw-p 00000000 00:00 0 
7f75600b0000-7f7564000000 ---p 00000000 00:00 0 
7f7564000000-7f756430a000 rw-p 00000000 00:00 0 
7f756430a000-7f7568000000 ---p 00000000 00:00 0 
7f7568000000-7f7568110000 rw-p 00000000 00:00 0 
7f7568110000-7f756c000000 ---p 00000000 00:00 0 
7f756c000000-7f756c400000 rw-p 00000000 00:00 0 
7f756c400000-7f756c7e0000 rw-p 00000000 00:00 0 
7f756c7e0000-7f756c900000 rw-p 00000000 00:00 0 
7f756c900000-7f756cb00000 rw-p 00000000 00:00 0 
7f756cb00000-7f756cc00000 rw-p 00000000 00:00 0 
7f756cc00000-7f756d180000 rw-p 00000000 00:00 0 
7f756d180000-7f756d300000 rw-p 00000000 00:00 0 
7f756d300000-7f756d400000 rw-p 00000000 00:00 0 
7f756d400000-7f756dd00000 rw-p 00000000 00:00 0 
7f756dd00000-7f756de00000 rw-p 00000000 00:00 0 
7f756de00000-7f756e380000 rw-p 00000000 00:00 0 
7f756e380000-7f756e400000 rw-p 00000000 00:00 0 
7f756e400000-7f756eb00000 rw-p 00000000 00:00 0 
7f756eb00000-7f756ec00000 rw-p 00000000 00:00 0 
7f756ec00000-7f756f7c0000 rw-p 00000000 00:00 0 
7f756f7c0000-7f756f800000 rw-p 00000000 00:00 0 
7f756f800000-7f756fdd0000 rw-p 00000000 00:00 0 
7f756fdd0000-7f756fe00000 ---p 00000000 00:00 0 
7f756fe00000-7f7570000000 rw-p 00000000 00:00 0 
7f7570000000-7f7570032000 rw-p 00000000 00:00 0 
7f7570032000-7f7574000000 ---p 00000000 00:00 0 
7f75740a0000-7f75740a4000 ---p 00000000 00:00 0 
7f75740a4000-7f75741a1000 rw-p 00000000 00:00 0 
7f75741a1000-7f75741a5000 ---p 00000000 00:00 0 
7f75741a5000-7f75742a2000 rw-p 00000000 00:00 0 
7f75742a2000-7f75742a6000 ---p 00000000 00:00 0 
7f75742a6000-7f75743a3000 rw-p 00000000 00:00 0 
7f75743a3000-7f75743a7000 ---p 00000000 00:00 0 
7f75743a7000-7f75744a4000 rw-p 00000000 00:00 0 
7f75744a4000-7f75744a8000 ---p 00000000 00:00 0 
7f75744a8000-7f75745a5000 rw-p 00000000 00:00 0 
7f75745a5000-7f75745a9000 ---p 00000000 00:00 0 
7f75745a9000-7f75746a6000 rw-p 00000000 00:00 0 
7f75746a6000-7f75746aa000 ---p 00000000 00:00 0 
7f75746aa000-7f75747a7000 rw-p 00000000 00:00 0 
7f75747a7000-7f75747ab000 ---p 00000000 00:00 0 
7f75747ab000-7f75748a8000 rw-p 00000000 00:00 0 
7f75748a8000-7f75748ac000 ---p 00000000 00:00 0 
7f75748ac000-7f75749a9000 rw-p 00000000 00:00 0 
7f75749a9000-7f75749ad000 ---p 00000000 00:00 0 
7f75749ad000-7f7574aaa000 rw-p 00000000 00:00 0 
7f7574aaa000-7f7574aae000 ---p 00000000 00:00 0 
7f7574aae000-7f7574bab000 rw-p 00000000 00:00 0 
7f7574bab000-7f7574baf000 ---p 00000000 00:00 0 
7f7574baf000-7f7574cac000 rw-p 00000000 00:00 0 
7f7574cac000-7f7574cad000 ---p 00000000 00:00 0 
7f7574cad000-7f7574dad000 rw-p 00000000 00:00 0 
7f7574dad000-7f7574db1000 ---p 00000000 00:00 0 
7f7574db1000-7f7574eae000 rw-p 00000000 00:00 0 
7f7574eae000-7f7574ebb000 r-xp 00000000 00:2a 63831                      /home/willsonic3/.vscode/extensions/redhat.java-1.39.0-linux-x64/jre/21.0.5-linux-x86_64/lib/libverify.so
7f7574ebb000-7f7574ebd000 r--p 0000c000 00:2a 63831                      /home/willsonic3/.vscode/extensions/redhat.java-1.39.0-linux-x64/jre/21.0.5-linux-x86_64/lib/libverify.so
7f7574ebd000-7f7574ebe000 rw-p 0000e000 00:2a 63831                      /home/willsonic3/.vscode/extensions/redhat.java-1.39.0-linux-x64/jre/21.0.5-linux-x86_64/lib/libverify.so
7f7574ebe000-7f7574eca000 r-xp 00000000 00:2a 63806                      /home/willsonic3/.vscode/extensions/redhat.java-1.39.0-linux-x64/jre/21.0.5-linux-x86_64/lib/libnet.so
7f7574eca000-7f7574ecb000 r--p 0000b000 00:2a 63806                      /home/willsonic3/.vscode/extensions/redhat.java-1.39.0-linux-x64/jre/21.0.5-linux-x86_64/lib/libnet.so
7f7574ecb000-7f7574ecc000 rw-p 0000c000 00:2a 63806                      /home/willsonic3/.vscode/extensions/redhat.java-1.39.0-linux-x64/jre/21.0.5-linux-x86_64/lib/libnet.so
7f7574ecc000-7f7574ee0000 r-xp 00000000 00:2a 63808                      /home/willsonic3/.vscode/extensions/redhat.java-1.39.0-linux-x64/jre/21.0.5-linux-x86_64/lib/libnio.so
7f7574ee0000-7f7574ee1000 r--p 00013000 00:2a 63808                      /home/willsonic3/.vscode/extensions/redhat.java-1.39.0-linux-x64/jre/21.0.5-linux-x86_64/lib/libnio.so
7f7574ee1000-7f7574ee2000 rw-p 00014000 00:2a 63808                      /home/willsonic3/.vscode/extensions/redhat.java-1.39.0-linux-x64/jre/21.0.5-linux-x86_64/lib/libnio.so
7f7574ee2000-7f7574efd000 r-xp 00000000 00:2a 63834                      /home/willsonic3/.vscode/extensions/redhat.java-1.39.0-linux-x64/jre/21.0.5-linux-x86_64/lib/libzip.so
7f7574efd000-7f7574efe000 r--p 0001a000 00:2a 63834                      /home/willsonic3/.vscode/extensions/redhat.java-1.39.0-linux-x64/jre/21.0.5-linux-x86_64/lib/libzip.so
7f7574efe000-7f7574eff000 rw-p 0001b000 00:2a 63834                      /home/willsonic3/.vscode/extensions/redhat.java-1.39.0-linux-x64/jre/21.0.5-linux-x86_64/lib/libzip.so
7f7574eff000-7f7574f03000 ---p 00000000 00:00 0 
7f7574f03000-7f7575000000 rw-p 00000000 00:00 0 
7f7575000000-7f7575bb8000 rw-p 00001000 00:2a 65996                      /home/willsonic3/.vscode/extensions/redhat.java-1.39.0-linux-x64/jre/21.0.5-linux-x86_64/lib/server/classes.jsa
7f7575bb8000-7f7576000000 ---p 00000000 00:00 0 
7f7576000000-7f7576040000 rw-p 00000000 00:00 0 
7f7576040000-7f75760c0000 rw-p 00000000 00:00 0 
7f75760c0000-7f7576100000 rw-p 00000000 00:00 0 
7f7576100000-7f7576240000 rw-p 00000000 00:00 0 
7f7576240000-7f7576280000 rw-p 00000000 00:00 0 
7f7576280000-7f7576440000 rw-p 00000000 00:00 0 
7f7576440000-7f7576480000 rw-p 00000000 00:00 0 
7f7576480000-7f7576870000 rw-p 00000000 00:00 0 
7f7576870000-7f75b6000000 ---p 00000000 00:00 0 
7f75b6000000-7f75b8000000 rw-p 00000000 00:00 0 
7f75b8000000-7f75b84ba000 rw-p 00000000 00:00 0 
7f75b84ba000-7f75bc000000 ---p 00000000 00:00 0 
7f75bc00c000-7f75bc010000 ---p 00000000 00:00 0 
7f75bc010000-7f75bc10d000 rw-p 00000000 00:00 0 
7f75bc10d000-7f75bc111000 ---p 00000000 00:00 0 
7f75bc111000-7f75bc20e000 rw-p 00000000 00:00 0 
7f75bc20e000-7f75bc212000 ---p 00000000 00:00 0 
7f75bc212000-7f75bc30f000 rw-p 00000000 00:00 0 
7f75bc30f000-7f75bc313000 ---p 00000000 00:00 0 
7f75bc313000-7f75bc410000 rw-p 00000000 00:00 0 
7f75bc410000-7f75bc414000 ---p 00000000 00:00 0 
7f75bc414000-7f75bc511000 rw-p 00000000 00:00 0 
7f75bc511000-7f75bc515000 ---p 00000000 00:00 0 
7f75bc515000-7f75bc612000 rw-p 00000000 00:00 0 
7f75bc612000-7f75bc616000 ---p 00000000 00:00 0 
7f75bc616000-7f75bc713000 rw-p 00000000 00:00 0 
7f75bc713000-7f75bc9fa000 r--p 00000000 00:2a 2162                       /usr/lib/locale/locale-archive
7f75bc9fa000-7f75bc9fb000 ---p 00000000 00:00 0 
7f75bc9fb000-7f75bd000000 rw-p 00000000 00:00 0 
7f75bd000000-7f75bf750000 rwxp 00000000 00:00 0 
7f75bf750000-7f75c4538000 ---p 00000000 00:00 0 
7f75c4538000-7f75c47a8000 rwxp 00000000 00:00 0 
7f75c47a8000-7f75c4ac7000 ---p 00000000 00:00 0 
7f75c4ac7000-7f75c5667000 rwxp 00000000 00:00 0 
7f75c5667000-7f75cc000000 ---p 00000000 00:00 0 
7f75cc000000-7f75cc50f000 rw-p 00000000 00:00 0 
7f75cc50f000-7f75d0000000 ---p 00000000 00:00 0 
7f75d0000000-7f75d0101000 rw-p 00000000 00:00 0 
7f75d0101000-7f75d0102000 ---p 00000000 00:00 0 
7f75d0102000-7f75d05d5000 rw-p 00000000 00:00 0 
7f75d05d5000-7f75d0689000 ---p 00000000 00:00 0 
7f75d0689000-7f75d068a000 ---p 00000000 00:00 0 
7f75d068a000-7f75d082c000 rw-p 00000000 00:00 0 
7f75d082c000-7f75d08df000 ---p 00000000 00:00 0 
7f75d08df000-7f75d08e9000 rw-p 00000000 00:00 0 
7f75d08e9000-7f75d098b000 ---p 00000000 00:00 0 
7f75d098b000-7f75d09a3000 rw-p 00000000 00:00 0 
7f75d09a3000-7f75d0a76000 ---p 00000000 00:00 0 
7f75d0a76000-7f75d0ac5000 rw-p 00000000 00:00 0 
7f75d0ac5000-7f75d0b61000 ---p 00000000 00:00 0 
7f75d0b61000-7f75d0b66000 rw-p 00000000 00:00 0 
7f75d0b66000-7f75d0b6d000 ---p 00000000 00:00 0 
7f75d0b6d000-7f75d0b70000 r--p 00000000 00:2a 102437                     /usr/lib/x86_64-linux-gnu/libnss_files-2.31.so
7f75d0b70000-7f75d0b77000 r-xp 00003000 00:2a 102437                     /usr/lib/x86_64-linux-gnu/libnss_files-2.31.so
7f75d0b77000-7f75d0b79000 r--p 0000a000 00:2a 102437                     /usr/lib/x86_64-linux-gnu/libnss_files-2.31.so
7f75d0b79000-7f75d0b7a000 r--p 0000b000 00:2a 102437                     /usr/lib/x86_64-linux-gnu/libnss_files-2.31.so
7f75d0b7a000-7f75d0b7b000 rw-p 0000c000 00:2a 102437                     /usr/lib/x86_64-linux-gnu/libnss_files-2.31.so
7f75d0b7b000-7f75d0b81000 rw-p 00000000 00:00 0 
7f75d0b82000-7f75d0b8a000 rw-s 00000000 00:2a 134724                     /tmp/hsperfdata_willsonic3/707
7f75d0b8a000-7f75d0baa000 r-xp 00000000 00:2a 63741                      /home/willsonic3/.vscode/extensions/redhat.java-1.39.0-linux-x64/jre/21.0.5-linux-x86_64/lib/libjava.so
7f75d0baa000-7f75d0bab000 ---p 00020000 00:2a 63741                      /home/willsonic3/.vscode/extensions/redhat.java-1.39.0-linux-x64/jre/21.0.5-linux-x86_64/lib/libjava.so
7f75d0bab000-7f75d0bac000 r--p 00020000 00:2a 63741                      /home/willsonic3/.vscode/extensions/redhat.java-1.39.0-linux-x64/jre/21.0.5-linux-x86_64/lib/libjava.so
7f75d0bac000-7f75d0bad000 rw-p 00021000 00:2a 63741                      /home/willsonic3/.vscode/extensions/redhat.java-1.39.0-linux-x64/jre/21.0.5-linux-x86_64/lib/libjava.so
7f75d0bad000-7f75d0bae000 rw-p 00000000 00:00 0 
7f75d0bae000-7f75d0bb8000 r-xp 00000000 00:2a 63719                      /home/willsonic3/.vscode/extensions/redhat.java-1.39.0-linux-x64/jre/21.0.5-linux-x86_64/lib/libinstrument.so
7f75d0bb8000-7f75d0bb9000 ---p 0000a000 00:2a 63719                      /home/willsonic3/.vscode/extensions/redhat.java-1.39.0-linux-x64/jre/21.0.5-linux-x86_64/lib/libinstrument.so
7f75d0bb9000-7f75d0bba000 r--p 0000a000 00:2a 63719                      /home/willsonic3/.vscode/extensions/redhat.java-1.39.0-linux-x64/jre/21.0.5-linux-x86_64/lib/libinstrument.so
7f75d0bba000-7f75d0bbb000 rw-p 0000b000 00:2a 63719                      /home/willsonic3/.vscode/extensions/redhat.java-1.39.0-linux-x64/jre/21.0.5-linux-x86_64/lib/libinstrument.so
7f75d0bbb000-7f75d3e88000 r--s 00000000 00:2a 63838                      /home/willsonic3/.vscode/extensions/redhat.java-1.39.0-linux-x64/jre/21.0.5-linux-x86_64/lib/modules
7f75d3e88000-7f75d3ea3000 r-xp 00000000 00:2a 63762                      /home/willsonic3/.vscode/extensions/redhat.java-1.39.0-linux-x64/jre/21.0.5-linux-x86_64/lib/libjimage.so
7f75d3ea3000-7f75d3ea4000 ---p 0001b000 00:2a 63762                      /home/willsonic3/.vscode/extensions/redhat.java-1.39.0-linux-x64/jre/21.0.5-linux-x86_64/lib/libjimage.so
7f75d3ea4000-7f75d3ea6000 r--p 0001b000 00:2a 63762                      /home/willsonic3/.vscode/extensions/redhat.java-1.39.0-linux-x64/jre/21.0.5-linux-x86_64/lib/libjimage.so
7f75d3ea6000-7f75d3ea7000 rw-p 0001d000 00:2a 63762                      /home/willsonic3/.vscode/extensions/redhat.java-1.39.0-linux-x64/jre/21.0.5-linux-x86_64/lib/libjimage.so
7f75d3ea7000-7f75d3eab000 ---p 00000000 00:00 0 
7f75d3eab000-7f75d3fa8000 rw-p 00000000 00:00 0 
7f75d3fa8000-7f75d3fb5000 r--p 00000000 00:2a 102431                     /usr/lib/x86_64-linux-gnu/libm-2.31.so
7f75d3fb5000-7f75d404f000 r-xp 0000d000 00:2a 102431                     /usr/lib/x86_64-linux-gnu/libm-2.31.so
7f75d404f000-7f75d40ea000 r--p 000a7000 00:2a 102431                     /usr/lib/x86_64-linux-gnu/libm-2.31.so
7f75d40ea000-7f75d40eb000 r--p 00141000 00:2a 102431                     /usr/lib/x86_64-linux-gnu/libm-2.31.so
7f75d40eb000-7f75d40ec000 rw-p 00142000 00:2a 102431                     /usr/lib/x86_64-linux-gnu/libm-2.31.so
7f75d40ec000-7f75d40ee000 r--p 00000000 00:2a 102442                     /usr/lib/x86_64-linux-gnu/librt-2.31.so
7f75d40ee000-7f75d40f2000 r-xp 00002000 00:2a 102442                     /usr/lib/x86_64-linux-gnu/librt-2.31.so
7f75d40f2000-7f75d40f4000 r--p 00006000 00:2a 102442                     /usr/lib/x86_64-linux-gnu/librt-2.31.so
7f75d40f4000-7f75d40f5000 r--p 00007000 00:2a 102442                     /usr/lib/x86_64-linux-gnu/librt-2.31.so
7f75d40f5000-7f75d40f6000 rw-p 00008000 00:2a 102442                     /usr/lib/x86_64-linux-gnu/librt-2.31.so
7f75d40f6000-7f75d550a000 r-xp 00000000 00:2a 66317                      /home/willsonic3/.vscode/extensions/redhat.java-1.39.0-linux-x64/jre/21.0.5-linux-x86_64/lib/server/libjvm.so
7f75d550a000-7f75d550b000 ---p 01414000 00:2a 66317                      /home/willsonic3/.vscode/extensions/redhat.java-1.39.0-linux-x64/jre/21.0.5-linux-x86_64/lib/server/libjvm.so
7f75d550b000-7f75d55df000 r--p 01414000 00:2a 66317                      /home/willsonic3/.vscode/extensions/redhat.java-1.39.0-linux-x64/jre/21.0.5-linux-x86_64/lib/server/libjvm.so
7f75d55df000-7f75d560f000 rw-p 014e8000 00:2a 66317                      /home/willsonic3/.vscode/extensions/redhat.java-1.39.0-linux-x64/jre/21.0.5-linux-x86_64/lib/server/libjvm.so
7f75d560f000-7f75d5677000 rw-p 00000000 00:00 0 
7f75d5677000-7f75d5699000 r--p 00000000 00:2a 102429                     /usr/lib/x86_64-linux-gnu/libc-2.31.so
7f75d5699000-7f75d57f2000 r-xp 00022000 00:2a 102429                     /usr/lib/x86_64-linux-gnu/libc-2.31.so
7f75d57f2000-7f75d5841000 r--p 0017b000 00:2a 102429                     /usr/lib/x86_64-linux-gnu/libc-2.31.so
7f75d5841000-7f75d5845000 r--p 001c9000 00:2a 102429                     /usr/lib/x86_64-linux-gnu/libc-2.31.so
7f75d5845000-7f75d5847000 rw-p 001cd000 00:2a 102429                     /usr/lib/x86_64-linux-gnu/libc-2.31.so
7f75d5847000-7f75d584b000 rw-p 00000000 00:00 0 
7f75d584b000-7f75d584c000 r--p 00000000 00:2a 102430                     /usr/lib/x86_64-linux-gnu/libdl-2.31.so
7f75d584c000-7f75d584e000 r-xp 00001000 00:2a 102430                     /usr/lib/x86_64-linux-gnu/libdl-2.31.so
7f75d584e000-7f75d584f000 r--p 00003000 00:2a 102430                     /usr/lib/x86_64-linux-gnu/libdl-2.31.so
7f75d584f000-7f75d5850000 r--p 00003000 00:2a 102430                     /usr/lib/x86_64-linux-gnu/libdl-2.31.so
7f75d5850000-7f75d5851000 rw-p 00004000 00:2a 102430                     /usr/lib/x86_64-linux-gnu/libdl-2.31.so
7f75d5851000-7f75d5857000 r--p 00000000 00:2a 102440                     /usr/lib/x86_64-linux-gnu/libpthread-2.31.so
7f75d5857000-7f75d5867000 r-xp 00006000 00:2a 102440                     /usr/lib/x86_64-linux-gnu/libpthread-2.31.so
7f75d5867000-7f75d586d000 r--p 00016000 00:2a 102440                     /usr/lib/x86_64-linux-gnu/libpthread-2.31.so
7f75d586d000-7f75d586e000 r--p 0001b000 00:2a 102440                     /usr/lib/x86_64-linux-gnu/libpthread-2.31.so
7f75d586e000-7f75d586f000 rw-p 0001c000 00:2a 102440                     /usr/lib/x86_64-linux-gnu/libpthread-2.31.so
7f75d586f000-7f75d5873000 rw-p 00000000 00:00 0 
7f75d5873000-7f75d587a000 r--s 00000000 00:2a 102694                     /usr/lib/x86_64-linux-gnu/gconv/gconv-modules.cache
7f75d587a000-7f75d587b000 ---p 00000000 00:00 0 
7f75d587b000-7f75d587c000 r--p 00000000 00:00 0 
7f75d587c000-7f75d5895000 r-xp 00000000 00:2a 63765                      /home/willsonic3/.vscode/extensions/redhat.java-1.39.0-linux-x64/jre/21.0.5-linux-x86_64/lib/libjli.so
7f75d5895000-7f75d5896000 r--p 00018000 00:2a 63765                      /home/willsonic3/.vscode/extensions/redhat.java-1.39.0-linux-x64/jre/21.0.5-linux-x86_64/lib/libjli.so
7f75d5896000-7f75d5897000 rw-p 00019000 00:2a 63765                      /home/willsonic3/.vscode/extensions/redhat.java-1.39.0-linux-x64/jre/21.0.5-linux-x86_64/lib/libjli.so
7f75d5897000-7f75d5899000 rw-p 00000000 00:00 0 
7f75d5899000-7f75d589a000 r--p 00000000 00:2a 102425                     /usr/lib/x86_64-linux-gnu/ld-2.31.so
7f75d589a000-7f75d58ba000 r-xp 00001000 00:2a 102425                     /usr/lib/x86_64-linux-gnu/ld-2.31.so
7f75d58ba000-7f75d58c2000 r--p 00021000 00:2a 102425                     /usr/lib/x86_64-linux-gnu/ld-2.31.so
7f75d58c2000-7f75d58c3000 ---p 00000000 00:00 0 
7f75d58c3000-7f75d58c4000 r--p 00029000 00:2a 102425                     /usr/lib/x86_64-linux-gnu/ld-2.31.so
7f75d58c4000-7f75d58c5000 rw-p 0002a000 00:2a 102425                     /usr/lib/x86_64-linux-gnu/ld-2.31.so
7f75d58c5000-7f75d58c6000 rw-p 00000000 00:00 0 
7fffae1ee000-7fffae20f000 rw-p 00000000 00:00 0                          [stack]
7fffae31c000-7fffae320000 r--p 00000000 00:00 0                          [vvar]
7fffae320000-7fffae322000 r-xp 00000000 00:00 0                          [vdso]
ffffffffff600000-ffffffffff601000 --xp 00000000 00:00 0                  [vsyscall]
Total number of mappings: 267


VM Arguments:
jvm_args: --add-modules=ALL-SYSTEM --add-opens=java.base/java.util=ALL-UNNAMED --add-opens=java.base/java.lang=ALL-UNNAMED --add-opens=java.base/sun.nio.fs=ALL-UNNAMED -Declipse.application=org.eclipse.jdt.ls.core.id1 -Dosgi.bundles.defaultStartLevel=4 -Declipse.product=org.eclipse.jdt.ls.core.product -Djava.import.generatesMetadataFilesAtProjectRoot=false -DDetectVMInstallationsJob.disabled=true -Dfile.encoding=utf8 -XX:+UseParallelGC -XX:GCTimeRatio=4 -XX:AdaptiveSizePolicyWeight=90 -Dsun.zip.disableMemoryMapping=true -Xmx1G -Xms100m -Xlog:disable -javaagent:/home/willsonic3/.vscode/extensions/redhat.java-1.39.0-linux-x64/lombok/lombok-1.18.34.jar -XX:+HeapDumpOnOutOfMemoryError -XX:HeapDumpPath=/home/willsonic3/.config/Code/User/workspaceStorage/6d8234357a5991e2a9fefcf8a362a54d/redhat.java -Daether.dependencyCollector.impl=bf 
java_command: /home/willsonic3/.vscode/extensions/redhat.java-1.39.0-linux-x64/server/plugins/org.eclipse.equinox.launcher_1.6.900.v20240613-2009.jar -configuration /home/willsonic3/.config/Code/User/globalStorage/redhat.java/1.39.0/config_linux -data /home/willsonic3/.config/Code/User/workspaceStorage/6d8234357a5991e2a9fefcf8a362a54d/redhat.java/jdt_ws --pipe=/run/user/1000/lsp-bcb5ec1c85de2cc885926c1e3e9dfa36.sock
java_class_path (initial): /home/willsonic3/.vscode/extensions/redhat.java-1.39.0-linux-x64/server/plugins/org.eclipse.equinox.launcher_1.6.900.v20240613-2009.jar
Launcher Type: SUN_STANDARD

[Global flags]
    uintx AdaptiveSizePolicyWeight                 = 90                                        {product} {command line}
     intx CICompilerCount                          = 2                                         {product} {ergonomic}
    uintx GCTimeRatio                              = 4                                         {product} {command line}
     bool HeapDumpOnOutOfMemoryError               = true                                   {manageable} {command line}
    ccstr HeapDumpPath                             = /home/willsonic3/.config/Code/User/workspaceStorage/6d8234357a5991e2a9fefcf8a362a54d/redhat.java         {manageable} {command line}
   size_t InitialHeapSize                          = 104857600                                 {product} {command line}
   size_t MaxHeapSize                              = 1073741824                                {product} {command line}
   size_t MaxNewSize                               = 357564416                                 {product} {ergonomic}
   size_t MinHeapDeltaBytes                        = 524288                                    {product} {ergonomic}
   size_t MinHeapSize                              = 104857600                                 {product} {command line}
   size_t NewSize                                  = 34603008                                  {product} {ergonomic}
    uintx NonNMethodCodeHeapSize                   = 5826188                                {pd product} {ergonomic}
    uintx NonProfiledCodeHeapSize                  = 122916026                              {pd product} {ergonomic}
   size_t OldSize                                  = 70254592                                  {product} {ergonomic}
    uintx ProfiledCodeHeapSize                     = 122916026                              {pd product} {ergonomic}
    uintx ReservedCodeCacheSize                    = 251658240                              {pd product} {ergonomic}
     bool SegmentedCodeCache                       = true                                      {product} {ergonomic}
   size_t SoftMaxHeapSize                          = 1073741824                             {manageable} {ergonomic}
     bool UseCompressedOops                        = true                           {product lp64_product} {ergonomic}
     bool UseParallelGC                            = true                                      {product} {command line}

Logging:
Log output configuration:
 #0: stdout all=off uptime,level,tags foldmultilines=false
 #1: stderr all=off uptime,level,tags foldmultilines=false

Environment Variables:
PATH=/home/willsonic3/BRICK-BREAKER-JAVA/Maven/apache-maven-3.9.9/bin:/usr/local/bin:/usr/bin:/bin:/usr/local/games:/usr/games
XDG_CONFIG_HOME=/home/willsonic3/.config
SHELL=/bin/bash
DISPLAY=:0
LANG=en_US.UTF-8

Active Locale:
LC_ALL=en_US.UTF-8
LC_COLLATE=en_US.UTF-8
LC_CTYPE=en_US.UTF-8
LC_MESSAGES=en_US.UTF-8
LC_MONETARY=en_US.UTF-8
LC_NUMERIC=en_US.UTF-8
LC_TIME=en_US.UTF-8

Signal Handlers:
   SIGSEGV: crash_handler in libjvm.so, mask=11100100010111111101111111111110, flags=SA_RESTART|SA_SIGINFO, unblocked
    SIGBUS: crash_handler in libjvm.so, mask=11100100010111111101111111111110, flags=SA_RESTART|SA_SIGINFO, unblocked
    SIGFPE: crash_handler in libjvm.so, mask=11100100010111111101111111111110, flags=SA_RESTART|SA_SIGINFO, unblocked
   SIGPIPE: javaSignalHandler in libjvm.so, mask=11100100010111111101111111111110, flags=SA_RESTART|SA_SIGINFO, blocked
   SIGXFSZ: javaSignalHandler in libjvm.so, mask=11100100010111111101111111111110, flags=SA_RESTART|SA_SIGINFO, blocked
    SIGILL: crash_handler in libjvm.so, mask=11100100010111111101111111111110, flags=SA_RESTART|SA_SIGINFO, unblocked
   SIGUSR2: SR_handler in libjvm.so, mask=00000000000000000000000000000000, flags=SA_RESTART|SA_SIGINFO, blocked
    SIGHUP: UserHandler in libjvm.so, mask=11100100010111111101111111111110, flags=SA_RESTART|SA_SIGINFO, blocked
    SIGINT: UserHandler in libjvm.so, mask=11100100010111111101111111111110, flags=SA_RESTART|SA_SIGINFO, blocked
   SIGTERM: UserHandler in libjvm.so, mask=11100100010111111101111111111110, flags=SA_RESTART|SA_SIGINFO, blocked
   SIGQUIT: UserHandler in libjvm.so, mask=11100100010111111101111111111110, flags=SA_RESTART|SA_SIGINFO, blocked
   SIGTRAP: crash_handler in libjvm.so, mask=11100100010111111101111111111110, flags=SA_RESTART|SA_SIGINFO, unblocked


Periodic native trim disabled

---------------  S Y S T E M  ---------------

OS:
PRETTY_NAME="Debian GNU/Linux 11 (bullseye)"
NAME="Debian GNU/Linux"
VERSION_ID="11"
VERSION="11 (bullseye)"
VERSION_CODENAME=bullseye
ID=debian
HOME_URL="https://www.debian.org/"
SUPPORT_URL="https://www.debian.org/support"
BUG_REPORT_URL="https://bugs.debian.org/"
uname: Linux 5.10.114-16025-ge75506b9d98e #1 SMP PREEMPT Sat Jul 16 18:54:29 PDT 2022 x86_64
OS uptime: 0 days 1:47 hours
libc: glibc 2.31 NPTL 2.31 
rlimit (soft/hard): STACK 8192k/infinity , CORE 0k/infinity , NPROC 11324/11324 , NOFILE 1048576/1048576 , AS infinity/infinity , CPU infinity/infinity , DATA infinity/infinity , FSIZE infinity/infinity , MEMLOCK infinity/infinity
load average: 1.58 0.63 0.71

/proc/meminfo:
MemTotal:        2903820 kB
MemFree:         2881308 kB
MemAvailable:    2899260 kB
Buffers:               0 kB
Cached:            17952 kB
SwapCached:            0 kB
Active:            13340 kB
Inactive:           7440 kB
Active(anon):          0 kB
Inactive(anon):     2904 kB
Active(file):      13340 kB
Inactive(file):     4536 kB
Unevictable:           0 kB
Mlocked:               0 kB
SwapTotal:             0 kB
SwapFree:              0 kB
Dirty:              1064 kB
Writeback:             0 kB
AnonPages:       1399156 kB
Mapped:           263340 kB
Shmem:                 0 kB
KReclaimable:      30052 kB
Slab:               0 kB
SReclaimable:          0 kB
SUnreclaim:            0 kB
KernelStack:        6048 kB
PageTables:        14112 kB
NFS_Unstable:          0 kB
Bounce:                0 kB
WritebackTmp:          0 kB
CommitLimit:     1451908 kB
Committed_AS:    7141656 kB
VmallocTotal:   34359738367 kB
VmallocUsed:        8760 kB
VmallocChunk:          0 kB
Percpu:              848 kB
AnonHugePages:         0 kB
ShmemHugePages:        0 kB
ShmemPmdMapped:        0 kB
FileHugePages:         0 kB
FilePmdMapped:         0 kB
HugePages_Total:       0
HugePages_Free:        0
HugePages_Rsvd:        0
HugePages_Surp:        0
Hugepagesize:       2048 kB
Hugetlb:               0 kB
DirectMap4k:      141312 kB
DirectMap2M:     3268608 kB

/sys/kernel/mm/transparent_hugepage/enabled: always [madvise] never
/sys/kernel/mm/transparent_hugepage/hpage_pmd_size: 2097152
/sys/kernel/mm/transparent_hugepage/defrag (defrag/compaction efforts parameter): always defer defer+madvise [madvise] never

Process Memory:
Virtual Size: 3792008K (peak: 3803224K)
Resident Set Size: 674968K (peak: 1147832K) (anon: 624528K, file: 50440K, shmem: 0K)
Swapped out: 0K
C-Heap outstanding allocations: 53394K, retained: 54738K
glibc malloc tunables: (default)

/proc/sys/kernel/threads-max (system-wide limit on the number of threads): 22648
/proc/sys/vm/max_map_count (maximum number of memory map areas a process may have): 262144
/proc/sys/vm/swappiness (control to define how aggressively the kernel swaps out anonymous memory): 60
/proc/sys/kernel/pid_max (system-wide limit on number of process identifiers): 32768

container (cgroup) information:
container_type: cgroupv1
cpu_cpuset_cpus: 0-1
cpu_memory_nodes: 0
active_processor_count: 2
cpu_quota: no quota
cpu_period: 100000
cpu_shares: no shares
memory_limit_in_bytes: unlimited
memory_and_swap_limit_in_bytes: unlimited
memory_soft_limit_in_bytes: unlimited
memory_usage_in_bytes: 2065372 k
memory_max_usage_in_bytes: 2486316 k
kernel_memory_usage_in_bytes: 31944 k
kernel_memory_max_usage_in_bytes: unlimited
kernel_memory_limit_in_bytes: 41424 k
maximum number of tasks: unlimited
current number of tasks: 232

KVM virtualization detected
Steal ticks since vm start: 113301
Steal ticks percentage since vm start:  0.090

CPU: total 2 (initial active 2) (2 cores per cpu, 1 threads per core) family 6 model 76 stepping 4 microcode 0x1, cx8, cmov, fxsr, mmx, 3dnowpref, sse, sse2, sse3, ssse3, sse4.1, sse4.2, popcnt, tsc, tscinvbit, aes, erms, clmul, clflush, hv, rdtscp
CPU Model and flags from /proc/cpuinfo:
model name	: Intel(R) Celeron(R) CPU  N3060  @ 1.60GHz
flags		: fpu vme de pse tsc msr pae mce cx8 apic sep mtrr pge mca cmov pat pse36 clflush mmx fxsr sse sse2 ss ht syscall nx rdtscp lm constant_tsc arch_perfmon rep_good nopl xtopology nonstop_tsc cpuid tsc_known_freq pni pclmulqdq vmx ssse3 cx16 sse4_1 sse4_2 x2apic movbe popcnt tsc_deadline_timer aes rdrand hypervisor lahf_lm 3dnowprefetch cpuid_fault pti ibrs ibpb stibp tpr_shadow vnmi flexpriority ept vpid tsc_adjust smep erms arat umip md_clear arch_capabilities

Online cpus: 0-1
Offline cpus: 
BIOS frequency limitation: <Not Available>
Frequency switch latency (ns): <Not Available>
Available cpu frequencies: <Not Available>
Current governor: <Not Available>
Core performance/turbo boost: <Not Available>

Memory: 4k page, physical 2903820k(2899260k free), swap 0k(0k free)
Page Sizes: 4k

vm_info: OpenJDK 64-Bit Server VM (21.0.5+11-LTS) for linux-amd64 JRE (21.0.5+11-LTS), built on 2024-10-15T00:00:00Z by "admin" with gcc 11.3.0

END.
