#
# A fatal error has been detected by the Java Runtime Environment:
#
#  SIGSEGV (0xb) at pc=0x00007c2a2a542c4d, pid=24139, tid=24141
#
# JRE version: OpenJDK Runtime Environment Temurin-21.0.5+11 (21.0.5+11) (build 21.0.5+11-LTS)
# Java VM: OpenJDK 64-Bit Server VM Temurin-21.0.5+11 (21.0.5+11-LTS, mixed mode, sharing, tiered, compressed oops, compressed class ptrs, parallel gc, linux-amd64)
# Problematic frame:
# V  [libjvm.so+0xd85c4d]  oopDesc* PSPromotionManager::copy_unmarked_to_survivor_space<false>(oopDesc*, markWord)+0x60d
#
# Core dump will be written. Default location: Core dumps may be processed with "/sbin/crash_reporter --user=%P:%s:%u:%g:%f" (or dumping to /home/willsonic3/BRICK-BREAKER-JAVA/brick-breaker-java/core.24139)
#
# If you would like to submit a bug report, please visit:
#   https://github.com/adoptium/adoptium-support/issues
#

---------------  S U M M A R Y ------------

Command Line: --add-modules=ALL-SYSTEM --add-opens=java.base/java.util=ALL-UNNAMED --add-opens=java.base/java.lang=ALL-UNNAMED --add-opens=java.base/sun.nio.fs=ALL-UNNAMED -Declipse.application=org.eclipse.jdt.ls.core.id1 -Dosgi.bundles.defaultStartLevel=4 -Declipse.product=org.eclipse.jdt.ls.core.product -Djava.import.generatesMetadataFilesAtProjectRoot=false -DDetectVMInstallationsJob.disabled=true -Dfile.encoding=utf8 -XX:+UseParallelGC -XX:GCTimeRatio=4 -XX:AdaptiveSizePolicyWeight=90 -Dsun.zip.disableMemoryMapping=true -Xmx1G -Xms100m -Xlog:disable -javaagent:/home/willsonic3/.vscode/extensions/redhat.java-1.39.0-linux-x64/lombok/lombok-1.18.34.jar -XX:+HeapDumpOnOutOfMemoryError -XX:HeapDumpPath=/home/willsonic3/.config/Code/User/workspaceStorage/6d8234357a5991e2a9fefcf8a362a54d/redhat.java -Daether.dependencyCollector.impl=bf /home/willsonic3/.vscode/extensions/redhat.java-1.39.0-linux-x64/server/plugins/org.eclipse.equinox.launcher_1.6.900.v20240613-2009.jar -configuration /home/willsonic3/.config/Code/User/globalStorage/redhat.java/1.39.0/config_linux -data /home/willsonic3/.config/Code/User/workspaceStorage/6d8234357a5991e2a9fefcf8a362a54d/redhat.java/jdt_ws --pipe=/run/user/1000/lsp-677b6c0c8f1bdfb424ca45fede58df81.sock

Host: Intel(R) Celeron(R) CPU  N3060  @ 1.60GHz, 2 cores, 2G, Debian GNU/Linux 11 (bullseye)
Time: Tue Feb 25 17:52:19 2025 WAT elapsed time: 1065.750826 seconds (0d 0h 17m 45s)

---------------  T H R E A D  ---------------

Current thread (0x00007c2a24042130):  WorkerThread "GC Thread#0"    [id=24141, stack(0x00007c2a2901e000,0x00007c2a2911e000) (1024K)]

Stack: [0x00007c2a2901e000,0x00007c2a2911e000],  sp=0x00007c2a2911cb60,  free space=1018k
Native frames: (J=compiled Java code, j=interpreted, Vv=VM code, C=native code)
V  [libjvm.so+0xd85c4d]  oopDesc* PSPromotionManager::copy_unmarked_to_survivor_space<false>(oopDesc*, markWord)+0x60d
V  [libjvm.so+0xd8541c]  PSPromotionManager::drain_stacks_depth(bool)+0x22c
V  [libjvm.so+0xd88917]  PSThreadRootsTaskClosure::do_thread(Thread*)+0x77
V  [libjvm.so+0xf8a219]  Threads::possibly_parallel_threads_do(bool, ThreadClosure*)+0xe9
V  [libjvm.so+0xd89a16]  ScavengeRootsTask::work(unsigned int)+0x196
V  [libjvm.so+0x103c540]  WorkerThread::run()+0x80
V  [libjvm.so+0xf7eeb8]  Thread::call_run()+0xa8
V  [libjvm.so+0xd08a8a]  thread_native_entry(Thread*)+0xda

siginfo: si_signo: 11 (SIGSEGV), si_code: 1 (SEGV_MAPERR), si_addr: 0x0000000000000100

Registers:
RAX=0x0000000000000000, RBX=0x00007c2a240a2c80, RCX=0x0000000000000000, RDX=0x00007c2a29aa2730
RSP=0x00007c2a2911cb60, RBP=0x00007c2a2911cbe0, RSI=0x00000000eafe2f18, RDI=0x00007c29ca603b70
R8 =0x00007c2a2acab030, R9 =0x0000000000000000, R10=0x00000000eb1dbd60, R11=0x00000000eb1dbd60
R12=0x00007c2a240a2c80, R13=0x0000000000000000, R14=0x00000000eafe2f18, R15=0x00000000eb1dbd84
RIP=0x00007c2a2a542c4d, EFLAGS=0x0000000000010246, CSGSFS=0x002b000000000033, ERR=0x0000000000000004
  TRAPNO=0x000000000000000e


Register to memory mapping:

RAX=0x0 is null
RBX=0x00007c2a240a2c80 points into unknown readable memory: 0x00007c2a2ac9fc90 | 90 fc c9 2a 2a 7c 00 00
RCX=0x0 is null
RDX=0x00007c2a29aa2730: <offset 0x00000000002e5730> in /home/willsonic3/.vscode/extensions/redhat.java-1.39.0-linux-x64/jre/21.0.5-linux-x86_64/lib/server/libjvm.so at 0x00007c2a297bd000
RSP=0x00007c2a2911cb60 points into unknown readable memory: 0x0003000300030003 | 03 00 03 00 03 00 03 00
RBP=0x00007c2a2911cbe0 points into unknown readable memory: 0x00007c2a2911cc30 | 30 cc 11 29 2a 7c 00 00
RSI=0x00000000eafe2f18 points into unknown readable memory: 0x0000000000000001 | 01 00 00 00 00 00 00 00
RDI=0x00007c29ca603b70 is pointing into metadata
R8 =0x00007c2a2acab030: <offset 0x00000000014ee030> in /home/willsonic3/.vscode/extensions/redhat.java-1.39.0-linux-x64/jre/21.0.5-linux-x86_64/lib/server/libjvm.so at 0x00007c2a297bd000
R9 =0x0 is null
R10=0x00000000eb1dbd60 is an oop: org.eclipse.jdt.internal.compiler.lookup.FieldBinding 
{0x00000000eb1dbd60} - klass: 'org/eclipse/jdt/internal/compiler/lookup/FieldBinding'
 - ---- fields (total size 8 words):
 - public 'modifiers' 'I' @12  33554458 (0x0200001a)
 - public 'tagBits' 'J' @16  0 (0x0000000000000000)
 - public 'id' 'I' @24  9 (0x00000009)
 - public 'type' 'Lorg/eclipse/jdt/internal/compiler/lookup/TypeBinding;' @28  a 'org/eclipse/jdt/internal/compiler/lookup/BaseTypeBinding'{0x00000000c0d378f8} (0xc0d378f8)
 - public 'name' '[C' @32  [C{0x00000000eb06d600} (0xeb06d600)
 - protected 'constant' 'Lorg/eclipse/jdt/internal/compiler/impl/Constant;' @36  
[error occurred during error reporting (printing register info), id 0xb, SIGSEGV (0xb) at pc=0x00007c2a2a4ab7e2]
R11=0x00000000eb1dbd60 is an oop: org.eclipse.jdt.internal.compiler.lookup.FieldBinding 
{0x00000000eb1dbd60} - klass: 'org/eclipse/jdt/internal/compiler/lookup/FieldBinding'
 - ---- fields (total size 8 words):
 - public 'modifiers' 'I' @12  33554458 (0x0200001a)
 - public 'tagBits' 'J' @16  0 (0x0000000000000000)
 - public 'id' 'I' @24  9 (0x00000009)
 - public 'type' 'Lorg/eclipse/jdt/internal/compiler/lookup/TypeBinding;' @28  a 'org/eclipse/jdt/internal/compiler/lookup/BaseTypeBinding'{0x00000000c0d378f8} (0xc0d378f8)
 - public 'name' '[C' @32  [C{0x00000000eb06d600} (0xeb06d600)
 - protected 'constant' 'Lorg/eclipse/jdt/internal/compiler/impl/Constant;' @36  
[error occurred during error reporting (printing register info, attempt 2), id 0xb, SIGSEGV (0xb) at pc=0x00007c2a2a4ab7e2]
R12=0x00007c2a240a2c80 points into unknown readable memory: 0x00007c2a2ac9fc90 | 90 fc c9 2a 2a 7c 00 00
R13=0x0 is null
R14=0x00000000eafe2f18 points into unknown readable memory: 0x0000000000000001 | 01 00 00 00 00 00 00 00
R15=0x00000000eb1dbd84 points into unknown readable memory: 18 2f fe ea

Top of Stack: (sp=0x00007c2a2911cb60)
0x00007c2a2911cb60:   0003000300030003 0003000300030003
0x00007c2a2911cb70:   00007c2a2ad0e460 00000000eb1ddb70
0x00007c2a2911cb80:   00000000eb1dbd60 0000000000000001
0x00007c2a2911cb90:   00007c2a2abe6640 00007c2a24060c50
0x00007c2a2911cba0:   00007c2a240a2c80 00007c29b40b9780
0x00007c2a2911cbb0:   0000000000000000 00007c2a240a2c80
0x00007c2a2911cbc0:   0000000000000040 00007c2a240a2de0
0x00007c2a2911cbd0:   00000000eb1dbd85 00000000eb1dbd84
0x00007c2a2911cbe0:   00007c2a2911cc30 00007c2a2a54241c
0x00007c2a2911cbf0:   00007c2a2911cc60 00007c2a2acab030
0x00007c2a2911cc00:   00007c2a2911cc30 00007c29b40f3ef8
0x00007c2a2911cc10:   00007c2a240a2c80 00007c29b40b9780
0x00007c2a2911cc20:   00007c2a2911cc50 00007c2a2911cda0
0x00007c2a2911cc30:   00007c2a2911cca0 00007c2a2a545917
0x00007c2a2911cc40:   00007c2a2abdf9d0 00007c2a2911cc50
0x00007c2a2911cc50:   00007c2a2abe6b10 00007c2a240a2c80
0x00007c2a2911cc60:   00007c2a2abdf9d0 00007c2a2911cc50
0x00007c2a2911cc70:   ffffffffffff0001 ffffffffffffffff
0x00007c2a2911cc80:   ffffffffffffffff 00007c29b40f3f00
0x00007c2a2911cc90:   000000000000035f 00007c2a2acabc98
0x00007c2a2911cca0:   00007c2a2911cd00 00007c2a2a747219
0x00007c2a2911ccb0:   00007c2a2911cd00 00007c29b40b9780
0x00007c2a2911ccc0:   00007c29b809e180 00007c2a2848d550
0x00007c2a2911ccd0:   00007c2a240a2c80 0000000000000001
0x00007c2a2911cce0:   00007c2a2911cda0 00007c2a2848d688
0x00007c2a2911ccf0:   00007c2a240a2c80 0000000000000001
0x00007c2a2911cd00:   00007c2a2911ce10 00007c2a2a546a16
0x00007c2a2911cd10:   00007c2a2403bab0 00007c2a2403bac0
0x00007c2a2911cd20:   0000000000000000 00007c2a2403bab0
0x00007c2a2911cd30:   00007c2a2403bac0 00000000000003d8
0x00007c2a2911cd40:   00007c2a2403be98 00007c2a240424d0
0x00007c2a2911cd50:   00007c2a2848d550 00007c2a2911cdc0 

Instructions: (pc=0x00007c2a2a542c4d)
0x00007c2a2a542b4d:   4a 0c 48 8d 05 ea b3 7c 00 ff 14 c8 4c 8b 55 a0
0x00007c2a2a542b5d:   48 8d 05 fc d7 7c 00 80 38 00 0f 84 3b fe ff ff
0x00007c2a2a542b6d:   48 8d 05 1c 9d 76 00 80 38 00 0f 84 4b 03 00 00
0x00007c2a2a542b7d:   48 8d 15 9c 84 76 00 41 8b 42 08 8b 4a 08 48 d3
0x00007c2a2a542b8d:   e0 48 03 02 48 8d 15 88 c4 7e 00 48 39 42 08 0f
0x00007c2a2a542b9d:   85 06 fe ff ff 48 8d 05 87 95 76 00 49 8b 12 8b
0x00007c2a2a542bad:   00 83 e2 03 84 db 0f 84 f7 04 00 00 83 f8 02 0f
0x00007c2a2a542bbd:   84 4b 05 00 00 83 e2 01 0f 84 4c 05 00 00 49 8b
0x00007c2a2a542bcd:   02 48 c1 e8 03 83 e0 0f 48 8d 15 64 d5 7c 00 39
0x00007c2a2a542bdd:   02 0f 86 c4 fd ff ff 49 8d bc 24 70 03 00 00 4c
0x00007c2a2a542bed:   89 f6 4c 89 55 a0 e8 08 f7 10 00 4c 8b 55 a0 e9
0x00007c2a2a542bfd:   a7 fd ff ff 0f 1f 80 00 00 00 00 48 8b 7e 08 e9
0x00007c2a2a542c0d:   6f fa ff ff 0f 1f 80 00 00 00 00 49 8b 42 08 e9
0x00007c2a2a542c1d:   04 fe ff ff 0f 1f 80 00 00 00 00 4c 89 d6 4c 89
0x00007c2a2a542c2d:   ea 4c 89 e7 e8 aa e1 ff ff 4d 89 fa e9 6a fd ff
0x00007c2a2a542c3d:   ff 66 90 48 8b 07 48 8d 15 e6 fa 55 ff 45 31 ed
0x00007c2a2a542c4d:   48 8b 80 00 01 00 00 48 39 d0 0f 84 3d fa ff ff
0x00007c2a2a542c5d:   e9 f0 fb ff ff 66 0f 1f 44 00 00 49 8b 42 08 8b
0x00007c2a2a542c6d:   48 0c 48 89 c2 83 f9 06 0f 85 a3 fe ff ff 48 8d
0x00007c2a2a542c7d:   15 66 93 76 00 80 3a 00 0f 85 5d 02 00 00 8b 48
0x00007c2a2a542c8d:   0c 48 89 c2 e9 88 fe ff ff 66 2e 0f 1f 84 00 00
0x00007c2a2a542c9d:   00 00 00 4c 89 d7 4c 89 55 a0 e8 14 9b 0f 00 4c
0x00007c2a2a542cad:   8b 55 a0 e9 8e fd ff ff 0f 1f 00 84 d2 0f 84 80
0x00007c2a2a542cbd:   03 00 00 48 8d 05 59 83 76 00 41 8b 72 08 8b 48
0x00007c2a2a542ccd:   08 48 d3 e6 48 03 30 8b 4e 0c 48 89 f2 e9 3f fe
0x00007c2a2a542cdd:   ff ff 90 49 8b 02 48 8d 35 46 94 76 00 83 e0 03
0x00007c2a2a542ced:   83 3e 02 0f 84 5a 03 00 00 a8 01 0f 84 5c 03 00
0x00007c2a2a542cfd:   00 49 8b 02 48 89 c2 48 c1 ea 03 83 e2 0f 48 83
0x00007c2a2a542d0d:   fa 0f 74 0f 48 8d 14 d5 08 00 00 00 48 83 e0 87
0x00007c2a2a542d1d:   48 09 d0 49 89 02 e9 b0 fd ff ff 0f 1f 84 00 00
0x00007c2a2a542d2d:   00 00 00 49 8d 44 24 28 48 89 c7 48 89 45 98 e8
0x00007c2a2a542d3d:   ef df ff ff 48 8d 05 b8 8e 76 00 4c 8b 3d c9 b6 


Stack slot to memory mapping:

stack at sp + 0 slots: 0x0003000300030003 is an unknown value
stack at sp + 1 slots: 0x0003000300030003 is an unknown value
stack at sp + 2 slots: 0x00007c2a2ad0e460: <offset 0x0000000001551460> in /home/willsonic3/.vscode/extensions/redhat.java-1.39.0-linux-x64/jre/21.0.5-linux-x86_64/lib/server/libjvm.so at 0x00007c2a297bd000
stack at sp + 3 slots: 0x00000000eb1ddb70 is an oop: [B 
{0x00000000eb1ddb70} - klass: {type array byte}
 - length: 68419
stack at sp + 4 slots: 0x00000000eb1dbd60 is an oop: org.eclipse.jdt.internal.compiler.lookup.FieldBinding 
{0x00000000eb1dbd60} - klass: 'org/eclipse/jdt/internal/compiler/lookup/FieldBinding'
 - ---- fields (total size 8 words):
 - public 'modifiers' 'I' @12  33554458 (0x0200001a)
 - public 'tagBits' 'J' @16  0 (0x0000000000000000)
 - public 'id' 'I' @24  9 (0x00000009)
 - public 'type' 'Lorg/eclipse/jdt/internal/compiler/lookup/TypeBinding;' @28  a 'org/eclipse/jdt/internal/compiler/lookup/BaseTypeBinding'{0x00000000c0d378f8} (0xc0d378f8)
 - public 'name' '[C' @32  [C{0x00000000eb06d600} (0xeb06d600)
 - protected 'constant' 'Lorg/eclipse/jdt/internal/compiler/impl/Constant;' @36  
[error occurred during error reporting (inspecting top of stack), id 0xb, SIGSEGV (0xb) at pc=0x00007c2a2a4ab7e2]
stack at sp + 5 slots: 0x0000000000000001 is an unknown value
stack at sp + 6 slots: 0x00007c2a2abe6640: <offset 0x0000000001429640> in /home/willsonic3/.vscode/extensions/redhat.java-1.39.0-linux-x64/jre/21.0.5-linux-x86_64/lib/server/libjvm.so at 0x00007c2a297bd000
stack at sp + 7 slots: 0x00007c2a24060c50 points into unknown readable memory: 0x00007c2a2abe6c78 | 78 6c be 2a 2a 7c 00 00


---------------  P R O C E S S  ---------------

Threads class SMR info:
_java_thread_list=0x00007c29b40f2440, length=30, elements={
0x00007c2a2402af30, 0x00007c2a240ae600, 0x00007c2a240afb30, 0x00007c2a240b1280,
0x00007c2a240b2880, 0x00007c2a240b3de0, 0x00007c2a240b58e0, 0x00007c2a240b6f60,
0x00007c2a240c7250, 0x00007c2a241a48d0, 0x00007c2a242f51b0, 0x00007c2a2432fb10,
0x00005a30b640f8b0, 0x00007c2a24331fc0, 0x00007c2990428400, 0x00007c2990492510,
0x00007c29901f9aa0, 0x00007c29a8011060, 0x00007c2990a29260, 0x00007c2a243423b0,
0x00007c2a243f9680, 0x00007c2a243fa7f0, 0x00007c29b4007c90, 0x00007c29b4074f10,
0x00007c29a80bc8c0, 0x00007c299c17ba40, 0x00007c29c42e2ac0, 0x00007c299c18bab0,
0x00007c299c1611f0, 0x00007c29b40b9780
}

Java Threads: ( => current thread )
  0x00007c2a2402af30 JavaThread "main"                              [_thread_blocked, id=24140, stack(0x00007c2a2956e000,0x00007c2a2966f000) (1028K)]
  0x00007c2a240ae600 JavaThread "Reference Handler"          daemon [_thread_blocked, id=24144, stack(0x00007c2a11c32000,0x00007c2a11d33000) (1028K)]
  0x00007c2a240afb30 JavaThread "Finalizer"                  daemon [_thread_blocked, id=24145, stack(0x00007c2a11b31000,0x00007c2a11c32000) (1028K)]
  0x00007c2a240b1280 JavaThread "Signal Dispatcher"          daemon [_thread_blocked, id=24146, stack(0x00007c2a11a30000,0x00007c2a11b31000) (1028K)]
  0x00007c2a240b2880 JavaThread "Service Thread"             daemon [_thread_blocked, id=24147, stack(0x00007c2a1192f000,0x00007c2a11a30000) (1028K)]
  0x00007c2a240b3de0 JavaThread "Monitor Deflation Thread"   daemon [_thread_blocked, id=24148, stack(0x00007c2a1182e000,0x00007c2a1192f000) (1028K)]
  0x00007c2a240b58e0 JavaThread "C2 CompilerThread0"         daemon [_thread_blocked, id=24149, stack(0x00007c2a1172d000,0x00007c2a1182e000) (1028K)]
  0x00007c2a240b6f60 JavaThread "C1 CompilerThread0"         daemon [_thread_blocked, id=24151, stack(0x00007c2a1162c000,0x00007c2a1172d000) (1028K)]
  0x00007c2a240c7250 JavaThread "Common-Cleaner"             daemon [_thread_blocked, id=24152, stack(0x00007c2a1152b000,0x00007c2a1162c000) (1028K)]
  0x00007c2a241a48d0 JavaThread "Notification Thread"        daemon [_thread_blocked, id=24153, stack(0x00007c2a1142a000,0x00007c2a1152b000) (1028K)]
  0x00007c2a242f51b0 JavaThread "Active Thread: Equinox Container: 158445c3-0513-4692-8203-4d2919b280ae"        [_thread_blocked, id=24166, stack(0x00007c2a11228000,0x00007c2a11329000) (1028K)]
  0x00007c2a2432fb10 JavaThread "Refresh Thread: Equinox Container: 158445c3-0513-4692-8203-4d2919b280ae" daemon [_thread_blocked, id=24168, stack(0x00007c2a11127000,0x00007c2a11228000) (1028K)]
  0x00005a30b640f8b0 JavaThread "Framework Event Dispatcher: Equinox Container: 158445c3-0513-4692-8203-4d2919b280ae" daemon [_thread_blocked, id=24169, stack(0x00007c2a11026000,0x00007c2a11127000) (1028K)]
  0x00007c2a24331fc0 JavaThread "Start Level: Equinox Container: 158445c3-0513-4692-8203-4d2919b280ae" daemon [_thread_blocked, id=24170, stack(0x00007c2a10f25000,0x00007c2a11026000) (1028K)]
  0x00007c2990428400 JavaThread "Bundle File Closer"         daemon [_thread_blocked, id=24172, stack(0x00007c2a10e24000,0x00007c2a10f25000) (1028K)]
  0x00007c2990492510 JavaThread "SCR Component Actor"        daemon [_thread_blocked, id=24176, stack(0x00007c2a10d23000,0x00007c2a10e24000) (1028K)]
  0x00007c29901f9aa0 JavaThread "Worker-JM"                         [_thread_blocked, id=24179, stack(0x00007c2a10b21000,0x00007c2a10c22000) (1028K)]
  0x00007c29a8011060 JavaThread "Worker-4"                          [_thread_blocked, id=24195, stack(0x00007c2a1061c000,0x00007c2a1071d000) (1028K)]
  0x00007c2990a29260 JavaThread "Java indexing"              daemon [_thread_blocked, id=24196, stack(0x00007c2a1091f000,0x00007c2a10a20000) (1028K)]
  0x00007c2a243423b0 JavaThread "pool-2-thread-1"                   [_thread_blocked, id=24199, stack(0x00007c2a10319000,0x00007c2a1041a000) (1028K)]
  0x00007c2a243f9680 JavaThread "WorkspaceEventsHandler"            [_thread_blocked, id=24200, stack(0x00007c2a10218000,0x00007c2a10319000) (1028K)]
  0x00007c2a243fa7f0 JavaThread "pool-1-thread-1"                   [_thread_blocked, id=24201, stack(0x00007c2a10117000,0x00007c2a10218000) (1028K)]
  0x00007c29b4007c90 JavaThread "Attach Listener"            daemon [_thread_blocked, id=24317, stack(0x00007c29c820c000,0x00007c29c830d000) (1028K)]
  0x00007c29b4074f10 JavaThread "Cleaner-0"                  daemon [_thread_blocked, id=24412, stack(0x00007c29c810b000,0x00007c29c820c000) (1028K)]
  0x00007c29a80bc8c0 JavaThread "Worker-9: Building"                [_thread_blocked, id=24850, stack(0x00007c298774a000,0x00007c298784b000) (1028K)]
  0x00007c299c17ba40 JavaThread "pool-1-thread-4"                   [_thread_blocked, id=27934, stack(0x00007c29c8b15000,0x00007c29c8c16000) (1028K)]
  0x00007c29c42e2ac0 JavaThread "Worker-10"                         [_thread_blocked, id=27936, stack(0x00007c29c8c16000,0x00007c29c8d17000) (1028K)]
  0x00007c299c18bab0 JavaThread "Thread-579"                        [_thread_blocked, id=27957, stack(0x00007c2a1081e000,0x00007c2a1091f000) (1028K)]
  0x00007c299c1611f0 JavaThread "Thread-581"                        [_thread_blocked, id=27967, stack(0x00007c2a1071d000,0x00007c2a1081e000) (1028K)]
  0x00007c29b40b9780 JavaThread "Compiler Processing Task"   daemon [_thread_blocked, id=27968, stack(0x00007c2a10a20000,0x00007c2a10b21000) (1028K)]
Total: 30

Other Threads:
  0x00007c2a240a4ed0 VMThread "VM Thread"                           [id=24143, stack(0x00007c2a2838f000,0x00007c2a2848f000) (1024K)]
  0x00007c2a24050f60 WatcherThread "VM Periodic Task Thread"        [id=24142, stack(0x00007c2a28a96000,0x00007c2a28b96000) (1024K)]
=>0x00007c2a24042130 WorkerThread "GC Thread#0"                     [id=24141, stack(0x00007c2a2901e000,0x00007c2a2911e000) (1024K)]
  0x00007c29b8000f70 WorkerThread "GC Thread#1"                     [id=24161, stack(0x00007c2a1132a000,0x00007c2a1142a000) (1024K)]
Total: 4

Threads with active compile tasks:
C2 CompilerThread0  1066037 21832       4       org.eclipse.jdt.internal.compiler.lookup.BinaryTypeBinding::createTypeVariables (359 bytes)
Total: 1

VM state: at safepoint (normal execution)

VM Mutex/Monitor currently owned by a thread:  ([mutex/lock_event])
[0x00007c2a2ad07e38] Threads_lock - owner thread: 0x00007c2a240a4ed0
[0x00007c2a2ad07d38] Heap_lock - owner thread: 0x00007c2990a29260

Heap address: 0x00000000c0000000, size: 1024 MB, Compressed Oops mode: 32-bit

CDS archive(s) mapped at: [0x00007c29c9000000-0x00007c29c9bb8000-0x00007c29c9bb8000), size 12288000, SharedBaseAddress: 0x00007c29c9000000, ArchiveRelocationMode: 1.
Compressed class space mapped at: 0x00007c29ca000000-0x00007c2a0a000000, reserved size: 1073741824
Narrow klass base: 0x00007c29c9000000, Narrow klass shift: 0, Narrow klass range: 0x100000000

GC Precious Log:
 CardTable entry size: 512
 CPUs: 2 total, 2 available
 Memory: 2835M
 Large Page Support: Disabled
 NUMA Support: Disabled
 Compressed Oops: Enabled (32-bit)
 Alignments: Space 512K, Generation 512K, Heap 2M
 Heap Min Capacity: 100M
 Heap Initial Capacity: 100M
 Heap Max Capacity: 1G
 Pre-touch: Disabled
 Parallel Workers: 2

Heap:
 PSYoungGen      total 6144K, used 6116K [0x00000000eab00000, 0x00000000ec400000, 0x0000000100000000)
  eden space 5120K, 100% used [0x00000000eab00000,0x00000000eb000000,0x00000000eb000000)
  from space 1024K, 97% used [0x00000000eb800000,0x00000000eb8f9120,0x00000000eb900000)
  to   space 8192K, 25% used [0x00000000eb000000,0x00000000eb20e6c8,0x00000000eb800000)
 ParOldGen       total 626176K, used 626021K [0x00000000c0000000, 0x00000000e6380000, 0x00000000eab00000)
  object space 626176K, 99% used [0x00000000c0000000,0x00000000e6359570,0x00000000e6380000)
 Metaspace       used 79938K, committed 81536K, reserved 1179648K
  class space    used 7898K, committed 8576K, reserved 1048576K

Card table byte_map: [0x00007c2a2911e000,0x00007c2a2931f000] _byte_map_base: 0x00007c2a28b1e000

Marking Bits: (ParMarkBitMap*) 0x00007c2a2ad0e080
 Begin Bits: [0x00007c2a0a000000, 0x00007c2a0b000000)
 End Bits:   [0x00007c2a0b000000, 0x00007c2a0c000000)

Polling page: 0x00007c2a2af41000

Metaspace:

Usage:
  Non-class:     70.35 MB used.
      Class:      7.71 MB used.
       Both:     78.06 MB used.

Virtual space:
  Non-class space:      128.00 MB reserved,      71.25 MB ( 56%) committed,  2 nodes.
      Class space:        1.00 GB reserved,       8.38 MB ( <1%) committed,  1 nodes.
             Both:        1.12 GB reserved,      79.62 MB (  7%) committed. 

Chunk freelists:
   Non-Class:  8.32 MB
       Class:  7.59 MB
        Both:  15.91 MB

MaxMetaspaceSize: unlimited
CompressedClassSpaceSize: 1.00 GB
Initial GC threshold: 21.00 MB
Current GC threshold: 128.56 MB
CDS: on
 - commit_granule_bytes: 65536.
 - commit_granule_words: 8192.
 - virtual_space_node_default_size: 8388608.
 - enlarge_chunks_in_place: 1.
 - use_allocation_guard: 0.


Internal statistics:

num_allocs_failed_limit: 9.
num_arena_births: 1572.
num_arena_deaths: 18.
num_vsnodes_births: 3.
num_vsnodes_deaths: 0.
num_space_committed: 1274.
num_space_uncommitted: 0.
num_chunks_returned_to_freelist: 28.
num_chunks_taken_from_freelist: 5754.
num_chunk_merges: 14.
num_chunk_splits: 3354.
num_chunks_enlarged: 1615.
num_inconsistent_stats: 0.

CodeHeap 'non-profiled nmethods': size=120036Kb used=8285Kb max_used=8285Kb free=111751Kb
 bounds [0x00007c2a197fa000, 0x00007c2a1a01a000, 0x00007c2a20d33000]
CodeHeap 'profiled nmethods': size=120032Kb used=40242Kb max_used=40242Kb free=79789Kb
 bounds [0x00007c2a11d33000, 0x00007c2a14483000, 0x00007c2a1926b000]
CodeHeap 'non-nmethods': size=5692Kb used=1461Kb max_used=1546Kb free=4230Kb
 bounds [0x00007c2a1926b000, 0x00007c2a194db000, 0x00007c2a197fa000]
 total_blobs=18543 nmethods=17753 adapters=693
 compilation: enabled
              stopped_count=0, restarted_count=0
 full_count=0

Compilation events (20 events):
Event: 1064.965 Thread 0x00007c2a240b6f60 21877   !   2       org.eclipse.core.internal.filebuffers.ResourceExtensionRegistry::findContentTypes (53 bytes)
Event: 1064.996 Thread 0x00007c2a240b6f60 nmethod 21877 0x00007c2a1447b810 code [0x00007c2a1447ba00, 0x00007c2a1447be90]
Event: 1064.997 Thread 0x00007c2a240b6f60 21883       2       org.eclipse.jdt.internal.corext.dom.GenericVisitor::visit (6 bytes)
Event: 1065.007 Thread 0x00007c2a240b6f60 nmethod 21883 0x00007c2a1447c290 code [0x00007c2a1447c440, 0x00007c2a1447c568]
Event: 1065.197 Thread 0x00007c2a240b6f60 21885       2       org.eclipse.jdt.core.dom.rewrite.ASTRewrite::createMoveTarget (7 bytes)
Event: 1065.198 Thread 0x00007c2a240b6f60 nmethod 21885 0x00007c2a1447c610 code [0x00007c2a1447c7a0, 0x00007c2a1447c8c8]
Event: 1065.199 Thread 0x00007c2a240b6f60 21886       2       org.eclipse.jdt.core.dom.rewrite.ListRewrite::validatePropertyType (74 bytes)
Event: 1065.200 Thread 0x00007c2a240b6f60 nmethod 21886 0x00007c2a1447c990 code [0x00007c2a1447cba0, 0x00007c2a1447cf38]
Event: 1065.202 Thread 0x00007c2a240b6f60 21888       2       org.eclipse.jdt.internal.core.dom.rewrite.RewriteEventStore::doMarkMovedAsRemoved (79 bytes)
Event: 1065.204 Thread 0x00007c2a240b6f60 nmethod 21888 0x00007c2a1447d210 code [0x00007c2a1447d440, 0x00007c2a1447d838]
Event: 1065.204 Thread 0x00007c2a240b6f60 21887       2       org.eclipse.jdt.core.dom.rewrite.ListRewrite::replace (43 bytes)
Event: 1065.206 Thread 0x00007c2a240b6f60 nmethod 21887 0x00007c2a1447db90 code [0x00007c2a1447dd80, 0x00007c2a1447e158]
Event: 1065.211 Thread 0x00007c2a240b6f60 21890       2       org.eclipse.jdt.internal.core.dom.rewrite.ASTRewriteAnalyzer$ListRewriter::getNodeIndent (66 bytes)
Event: 1065.213 Thread 0x00007c2a240b6f60 nmethod 21890 0x00007c2a1447e410 code [0x00007c2a1447e640, 0x00007c2a1447ea70]
Event: 1065.213 Thread 0x00007c2a240b6f60 21889       2       org.eclipse.jdt.internal.core.dom.rewrite.ASTRewriteAnalyzer$ListRewriter::updateIndent (1 bytes)
Event: 1065.214 Thread 0x00007c2a240b6f60 nmethod 21889 0x00007c2a1447ed90 code [0x00007c2a1447ef20, 0x00007c2a1447f020]
Event: 1065.357 Thread 0x00007c2a240b6f60 21892       3       java.lang.Math::min (45 bytes)
Event: 1065.366 Thread 0x00007c2a240b6f60 nmethod 21892 0x00007c2a1447f090 code [0x00007c2a1447f240, 0x00007c2a1447f558]
Event: 1065.387 Thread 0x00007c2a240b6f60 21893       2       org.eclipse.text.edits.MoveTargetEdit::<init> (11 bytes)
Event: 1065.388 Thread 0x00007c2a240b6f60 nmethod 21893 0x00007c2a1447f610 code [0x00007c2a1447f7c0, 0x00007c2a1447f918]

GC Heap History (20 events):
Event: 609.831 GC heap after
{Heap after GC invocations=848 (full 4):
 PSYoungGen      total 11776K, used 2542K [0x00000000eab00000, 0x00000000ec400000, 0x0000000100000000)
  eden space 9216K, 0% used [0x00000000eab00000,0x00000000eab00000,0x00000000eb400000)
  from space 2560K, 99% used [0x00000000eb600000,0x00000000eb87b8c0,0x00000000eb880000)
  to   space 8192K, 0% used [0x00000000ebc00000,0x00000000ebc00000,0x00000000ec400000)
 ParOldGen       total 608256K, used 608015K [0x00000000c0000000, 0x00000000e5200000, 0x00000000eab00000)
  object space 608256K, 99% used [0x00000000c0000000,0x00000000e51c3ea0,0x00000000e5200000)
 Metaspace       used 79774K, committed 81408K, reserved 1179648K
  class space    used 7893K, committed 8576K, reserved 1048576K
}
Event: 610.207 GC heap before
{Heap before GC invocations=849 (full 4):
 PSYoungGen      total 11776K, used 11758K [0x00000000eab00000, 0x00000000ec400000, 0x0000000100000000)
  eden space 9216K, 100% used [0x00000000eab00000,0x00000000eb400000,0x00000000eb400000)
  from space 2560K, 99% used [0x00000000eb600000,0x00000000eb87b8c0,0x00000000eb880000)
  to   space 8192K, 0% used [0x00000000ebc00000,0x00000000ebc00000,0x00000000ec400000)
 ParOldGen       total 608256K, used 608015K [0x00000000c0000000, 0x00000000e5200000, 0x00000000eab00000)
  object space 608256K, 99% used [0x00000000c0000000,0x00000000e51c3ea0,0x00000000e5200000)
 Metaspace       used 79780K, committed 81408K, reserved 1179648K
  class space    used 7893K, committed 8576K, reserved 1048576K
}
Event: 610.326 GC heap after
{Heap after GC invocations=849 (full 4):
 PSYoungGen      total 12800K, used 3488K [0x00000000eab00000, 0x00000000ebf80000, 0x0000000100000000)
  eden space 9216K, 0% used [0x00000000eab00000,0x00000000eab00000,0x00000000eb400000)
  from space 3584K, 97% used [0x00000000ebc00000,0x00000000ebf68170,0x00000000ebf80000)
  to   space 5120K, 0% used [0x00000000eb580000,0x00000000eb580000,0x00000000eba80000)
 ParOldGen       total 609280K, used 609207K [0x00000000c0000000, 0x00000000e5300000, 0x00000000eab00000)
  object space 609280K, 99% used [0x00000000c0000000,0x00000000e52edea0,0x00000000e5300000)
 Metaspace       used 79780K, committed 81408K, reserved 1179648K
  class space    used 7893K, committed 8576K, reserved 1048576K
}
Event: 611.021 GC heap before
{Heap before GC invocations=850 (full 4):
 PSYoungGen      total 12800K, used 12704K [0x00000000eab00000, 0x00000000ebf80000, 0x0000000100000000)
  eden space 9216K, 100% used [0x00000000eab00000,0x00000000eb400000,0x00000000eb400000)
  from space 3584K, 97% used [0x00000000ebc00000,0x00000000ebf68170,0x00000000ebf80000)
  to   space 5120K, 0% used [0x00000000eb580000,0x00000000eb580000,0x00000000eba80000)
 ParOldGen       total 609280K, used 609207K [0x00000000c0000000, 0x00000000e5300000, 0x00000000eab00000)
  object space 609280K, 99% used [0x00000000c0000000,0x00000000e52edea0,0x00000000e5300000)
 Metaspace       used 79790K, committed 81408K, reserved 1179648K
  class space    used 7893K, committed 8576K, reserved 1048576K
}
Event: 611.130 GC heap after
{Heap after GC invocations=850 (full 4):
 PSYoungGen      total 13312K, used 4076K [0x00000000eab00000, 0x00000000ebd00000, 0x0000000100000000)
  eden space 9216K, 0% used [0x00000000eab00000,0x00000000eab00000,0x00000000eb400000)
  from space 4096K, 99% used [0x00000000eb580000,0x00000000eb97b0c0,0x00000000eb980000)
  to   space 3584K, 0% used [0x00000000eb980000,0x00000000eb980000,0x00000000ebd00000)
 ParOldGen       total 611328K, used 611167K [0x00000000c0000000, 0x00000000e5500000, 0x00000000eab00000)
  object space 611328K, 99% used [0x00000000c0000000,0x00000000e54d7ea0,0x00000000e5500000)
 Metaspace       used 79790K, committed 81408K, reserved 1179648K
  class space    used 7893K, committed 8576K, reserved 1048576K
}
Event: 613.804 GC heap before
{Heap before GC invocations=851 (full 4):
 PSYoungGen      total 13312K, used 13292K [0x00000000eab00000, 0x00000000ebd00000, 0x0000000100000000)
  eden space 9216K, 100% used [0x00000000eab00000,0x00000000eb400000,0x00000000eb400000)
  from space 4096K, 99% used [0x00000000eb580000,0x00000000eb97b0c0,0x00000000eb980000)
  to   space 3584K, 0% used [0x00000000eb980000,0x00000000eb980000,0x00000000ebd00000)
 ParOldGen       total 611328K, used 611167K [0x00000000c0000000, 0x00000000e5500000, 0x00000000eab00000)
  object space 611328K, 99% used [0x00000000c0000000,0x00000000e54d7ea0,0x00000000e5500000)
 Metaspace       used 79795K, committed 81408K, reserved 1179648K
  class space    used 7893K, committed 8576K, reserved 1048576K
}
Event: 613.846 GC heap after
{Heap after GC invocations=851 (full 4):
 PSYoungGen      total 10752K, used 1376K [0x00000000eab00000, 0x00000000ebb00000, 0x0000000100000000)
  eden space 9216K, 0% used [0x00000000eab00000,0x00000000eab00000,0x00000000eb400000)
  from space 1536K, 89% used [0x00000000eb980000,0x00000000ebad8000,0x00000000ebb00000)
  to   space 2560K, 0% used [0x00000000eb600000,0x00000000eb600000,0x00000000eb880000)
 ParOldGen       total 615424K, used 615027K [0x00000000c0000000, 0x00000000e5900000, 0x00000000eab00000)
  object space 615424K, 99% used [0x00000000c0000000,0x00000000e589cf60,0x00000000e5900000)
 Metaspace       used 79795K, committed 81408K, reserved 1179648K
  class space    used 7893K, committed 8576K, reserved 1048576K
}
Event: 1053.671 GC heap before
{Heap before GC invocations=852 (full 4):
 PSYoungGen      total 10752K, used 10592K [0x00000000eab00000, 0x00000000ebb00000, 0x0000000100000000)
  eden space 9216K, 100% used [0x00000000eab00000,0x00000000eb400000,0x00000000eb400000)
  from space 1536K, 89% used [0x00000000eb980000,0x00000000ebad8000,0x00000000ebb00000)
  to   space 2560K, 0% used [0x00000000eb600000,0x00000000eb600000,0x00000000eb880000)
 ParOldGen       total 615424K, used 615027K [0x00000000c0000000, 0x00000000e5900000, 0x00000000eab00000)
  object space 615424K, 99% used [0x00000000c0000000,0x00000000e589cf60,0x00000000e5900000)
 Metaspace       used 79857K, committed 81472K, reserved 1179648K
  class space    used 7895K, committed 8576K, reserved 1048576K
}
Event: 1054.626 GC heap after
{Heap after GC invocations=852 (full 4):
 PSYoungGen      total 11776K, used 416K [0x00000000eab00000, 0x00000000eba00000, 0x0000000100000000)
  eden space 9216K, 0% used [0x00000000eab00000,0x00000000eab00000,0x00000000eb400000)
  from space 2560K, 16% used [0x00000000eb600000,0x00000000eb668040,0x00000000eb880000)
  to   space 1024K, 0% used [0x00000000eb900000,0x00000000eb900000,0x00000000eba00000)
 ParOldGen       total 616448K, used 616299K [0x00000000c0000000, 0x00000000e5a00000, 0x00000000eab00000)
  object space 616448K, 99% used [0x00000000c0000000,0x00000000e59daf60,0x00000000e5a00000)
 Metaspace       used 79857K, committed 81472K, reserved 1179648K
  class space    used 7895K, committed 8576K, reserved 1048576K
}
Event: 1057.803 GC heap before
{Heap before GC invocations=853 (full 4):
 PSYoungGen      total 11776K, used 9632K [0x00000000eab00000, 0x00000000eba00000, 0x0000000100000000)
  eden space 9216K, 100% used [0x00000000eab00000,0x00000000eb400000,0x00000000eb400000)
  from space 2560K, 16% used [0x00000000eb600000,0x00000000eb668040,0x00000000eb880000)
  to   space 1024K, 0% used [0x00000000eb900000,0x00000000eb900000,0x00000000eba00000)
 ParOldGen       total 616448K, used 616299K [0x00000000c0000000, 0x00000000e5a00000, 0x00000000eab00000)
  object space 616448K, 99% used [0x00000000c0000000,0x00000000e59daf60,0x00000000e5a00000)
 Metaspace       used 79866K, committed 81472K, reserved 1179648K
  class space    used 7895K, committed 8576K, reserved 1048576K
}
Event: 1057.881 GC heap after
{Heap after GC invocations=853 (full 4):
 PSYoungGen      total 10240K, used 1024K [0x00000000eab00000, 0x00000000eba00000, 0x0000000100000000)
  eden space 9216K, 0% used [0x00000000eab00000,0x00000000eab00000,0x00000000eb400000)
  from space 1024K, 100% used [0x00000000eb900000,0x00000000eba00000,0x00000000eba00000)
  to   space 1536K, 0% used [0x00000000eb700000,0x00000000eb700000,0x00000000eb880000)
 ParOldGen       total 616960K, used 616603K [0x00000000c0000000, 0x00000000e5a80000, 0x00000000eab00000)
  object space 616960K, 99% used [0x00000000c0000000,0x00000000e5a26f90,0x00000000e5a80000)
 Metaspace       used 79866K, committed 81472K, reserved 1179648K
  class space    used 7895K, committed 8576K, reserved 1048576K
}
Event: 1060.219 GC heap before
{Heap before GC invocations=854 (full 4):
 PSYoungGen      total 10240K, used 10240K [0x00000000eab00000, 0x00000000eba00000, 0x0000000100000000)
  eden space 9216K, 100% used [0x00000000eab00000,0x00000000eb400000,0x00000000eb400000)
  from space 1024K, 100% used [0x00000000eb900000,0x00000000eba00000,0x00000000eba00000)
  to   space 1536K, 0% used [0x00000000eb700000,0x00000000eb700000,0x00000000eb880000)
 ParOldGen       total 616960K, used 616603K [0x00000000c0000000, 0x00000000e5a80000, 0x00000000eab00000)
  object space 616960K, 99% used [0x00000000c0000000,0x00000000e5a26f90,0x00000000e5a80000)
 Metaspace       used 79892K, committed 81472K, reserved 1179648K
  class space    used 7898K, committed 8576K, reserved 1048576K
}
Event: 1060.461 GC heap after
{Heap after GC invocations=854 (full 4):
 PSYoungGen      total 10752K, used 1520K [0x00000000eab00000, 0x00000000eb980000, 0x0000000100000000)
  eden space 9216K, 0% used [0x00000000eab00000,0x00000000eab00000,0x00000000eb400000)
  from space 1536K, 98% used [0x00000000eb700000,0x00000000eb87c030,0x00000000eb880000)
  to   space 1024K, 0% used [0x00000000eb880000,0x00000000eb880000,0x00000000eb980000)
 ParOldGen       total 617984K, used 617584K [0x00000000c0000000, 0x00000000e5b80000, 0x00000000eab00000)
  object space 617984K, 99% used [0x00000000c0000000,0x00000000e5b1c190,0x00000000e5b80000)
 Metaspace       used 79892K, committed 81472K, reserved 1179648K
  class space    used 7898K, committed 8576K, reserved 1048576K
}
Event: 1063.193 GC heap before
{Heap before GC invocations=855 (full 4):
 PSYoungGen      total 10752K, used 10736K [0x00000000eab00000, 0x00000000eb980000, 0x0000000100000000)
  eden space 9216K, 100% used [0x00000000eab00000,0x00000000eb400000,0x00000000eb400000)
  from space 1536K, 98% used [0x00000000eb700000,0x00000000eb87c030,0x00000000eb880000)
  to   space 1024K, 0% used [0x00000000eb880000,0x00000000eb880000,0x00000000eb980000)
 ParOldGen       total 617984K, used 617584K [0x00000000c0000000, 0x00000000e5b80000, 0x00000000eab00000)
  object space 617984K, 99% used [0x00000000c0000000,0x00000000e5b1c190,0x00000000e5b80000)
 Metaspace       used 79901K, committed 81536K, reserved 1179648K
  class space    used 7898K, committed 8576K, reserved 1048576K
}
Event: 1063.259 GC heap after
{Heap after GC invocations=855 (full 4):
 PSYoungGen      total 10240K, used 992K [0x00000000eab00000, 0x00000000eb980000, 0x0000000100000000)
  eden space 9216K, 0% used [0x00000000eab00000,0x00000000eab00000,0x00000000eb400000)
  from space 1024K, 96% used [0x00000000eb880000,0x00000000eb978040,0x00000000eb980000)
  to   space 1536K, 0% used [0x00000000eb680000,0x00000000eb680000,0x00000000eb800000)
 ParOldGen       total 618496K, used 618016K [0x00000000c0000000, 0x00000000e5c00000, 0x00000000eab00000)
  object space 618496K, 99% used [0x00000000c0000000,0x00000000e5b88190,0x00000000e5c00000)
 Metaspace       used 79901K, committed 81536K, reserved 1179648K
  class space    used 7898K, committed 8576K, reserved 1048576K
}
Event: 1064.408 GC heap before
{Heap before GC invocations=856 (full 4):
 PSYoungGen      total 10240K, used 10208K [0x00000000eab00000, 0x00000000eb980000, 0x0000000100000000)
  eden space 9216K, 99% used [0x00000000eab00000,0x00000000eb3ffff8,0x00000000eb400000)
  from space 1024K, 96% used [0x00000000eb880000,0x00000000eb978040,0x00000000eb980000)
  to   space 1536K, 0% used [0x00000000eb680000,0x00000000eb680000,0x00000000eb800000)
 ParOldGen       total 618496K, used 618016K [0x00000000c0000000, 0x00000000e5c00000, 0x00000000eab00000)
  object space 618496K, 99% used [0x00000000c0000000,0x00000000e5b88190,0x00000000e5c00000)
 Metaspace       used 79925K, committed 81536K, reserved 1179648K
  class space    used 7898K, committed 8576K, reserved 1048576K
}
Event: 1064.457 GC heap after
{Heap after GC invocations=856 (full 4):
 PSYoungGen      total 10752K, used 64K [0x00000000eab00000, 0x00000000eb900000, 0x0000000100000000)
  eden space 9216K, 0% used [0x00000000eab00000,0x00000000eab00000,0x00000000eb400000)
  from space 1536K, 4% used [0x00000000eb680000,0x00000000eb690000,0x00000000eb800000)
  to   space 1024K, 0% used [0x00000000eb800000,0x00000000eb800000,0x00000000eb900000)
 ParOldGen       total 619008K, used 618998K [0x00000000c0000000, 0x00000000e5c80000, 0x00000000eab00000)
  object space 619008K, 99% used [0x00000000c0000000,0x00000000e5c7db00,0x00000000e5c80000)
 Metaspace       used 79925K, committed 81536K, reserved 1179648K
  class space    used 7898K, committed 8576K, reserved 1048576K
}
Event: 1065.026 GC heap before
{Heap before GC invocations=857 (full 4):
 PSYoungGen      total 10752K, used 9280K [0x00000000eab00000, 0x00000000eb900000, 0x0000000100000000)
  eden space 9216K, 100% used [0x00000000eab00000,0x00000000eb400000,0x00000000eb400000)
  from space 1536K, 4% used [0x00000000eb680000,0x00000000eb690000,0x00000000eb800000)
  to   space 1024K, 0% used [0x00000000eb800000,0x00000000eb800000,0x00000000eb900000)
 ParOldGen       total 619008K, used 618998K [0x00000000c0000000, 0x00000000e5c80000, 0x00000000eab00000)
  object space 619008K, 99% used [0x00000000c0000000,0x00000000e5c7db00,0x00000000e5c80000)
 Metaspace       used 79929K, committed 81536K, reserved 1179648K
  class space    used 7898K, committed 8576K, reserved 1048576K
}
Event: 1065.185 GC heap after
{Heap after GC invocations=857 (full 4):
 PSYoungGen      total 6144K, used 996K [0x00000000eab00000, 0x00000000ec400000, 0x0000000100000000)
  eden space 5120K, 0% used [0x00000000eab00000,0x00000000eab00000,0x00000000eb000000)
  from space 1024K, 97% used [0x00000000eb800000,0x00000000eb8f9120,0x00000000eb900000)
  to   space 8192K, 0% used [0x00000000eb000000,0x00000000eb000000,0x00000000eb800000)
 ParOldGen       total 625152K, used 624817K [0x00000000c0000000, 0x00000000e6280000, 0x00000000eab00000)
  object space 625152K, 99% used [0x00000000c0000000,0x00000000e622c7b0,0x00000000e6280000)
 Metaspace       used 79929K, committed 81536K, reserved 1179648K
  class space    used 7898K, committed 8576K, reserved 1048576K
}
Event: 1065.408 GC heap before
{Heap before GC invocations=858 (full 4):
 PSYoungGen      total 6144K, used 6116K [0x00000000eab00000, 0x00000000ec400000, 0x0000000100000000)
  eden space 5120K, 100% used [0x00000000eab00000,0x00000000eb000000,0x00000000eb000000)
  from space 1024K, 97% used [0x00000000eb800000,0x00000000eb8f9120,0x00000000eb900000)
  to   space 8192K, 0% used [0x00000000eb000000,0x00000000eb000000,0x00000000eb800000)
 ParOldGen       total 625152K, used 624817K [0x00000000c0000000, 0x00000000e6280000, 0x00000000eab00000)
  object space 625152K, 99% used [0x00000000c0000000,0x00000000e622c7b0,0x00000000e6280000)
 Metaspace       used 79938K, committed 81536K, reserved 1179648K
  class space    used 7898K, committed 8576K, reserved 1048576K
}

Dll operation events (9 events):
Event: 0.093 Loaded shared library /home/willsonic3/.vscode/extensions/redhat.java-1.39.0-linux-x64/jre/21.0.5-linux-x86_64/lib/libjava.so
Event: 1.445 Loaded shared library /home/willsonic3/.vscode/extensions/redhat.java-1.39.0-linux-x64/jre/21.0.5-linux-x86_64/lib/libzip.so
Event: 1.913 Loaded shared library /home/willsonic3/.vscode/extensions/redhat.java-1.39.0-linux-x64/jre/21.0.5-linux-x86_64/lib/libinstrument.so
Event: 1.987 Loaded shared library /home/willsonic3/.vscode/extensions/redhat.java-1.39.0-linux-x64/jre/21.0.5-linux-x86_64/lib/libnio.so
Event: 2.040 Loaded shared library /home/willsonic3/.vscode/extensions/redhat.java-1.39.0-linux-x64/jre/21.0.5-linux-x86_64/lib/libzip.so
Event: 2.653 Loaded shared library /home/willsonic3/.vscode/extensions/redhat.java-1.39.0-linux-x64/jre/21.0.5-linux-x86_64/lib/libjimage.so
Event: 3.739 Loaded shared library /home/willsonic3/.vscode/extensions/redhat.java-1.39.0-linux-x64/jre/21.0.5-linux-x86_64/lib/libverify.so
Event: 15.805 Loaded shared library /home/willsonic3/.vscode/extensions/redhat.java-1.39.0-linux-x64/jre/21.0.5-linux-x86_64/lib/libnet.so
Event: 23.708 Loading shared library /home/willsonic3/.config/Code/User/globalStorage/redhat.java/1.39.0/config_linux/org.eclipse.equinox.launcher/org.eclipse.equinox.launcher.gtk.linux.x86_64_1.2.1300.v20241223-1657/eclipse_11906.so failed, /lib/x86_64-linux-gnu/libc.

Deoptimization events (20 events):
Event: 1064.540 Thread 0x00007c2a243f9680 DEOPT PACKING pc=0x00007c2a1a00f338 sp=0x00007c2a10316680
Event: 1064.540 Thread 0x00007c2a243f9680 DEOPT UNPACKING pc=0x00007c2a192be393 sp=0x00007c2a10316618 mode 2
Event: 1064.544 Thread 0x00007c2a243f9680 Uncommon trap: trap_request=0xffffffd6 fr.pc=0x00007c2a1a00f338 relative=0x0000000000000218
Event: 1064.544 Thread 0x00007c2a243f9680 Uncommon trap: reason=array_check action=maybe_recompile pc=0x00007c2a1a00f338 method=java.util.HashMap.keysToArray([Ljava/lang/Object;)[Ljava/lang/Object; @ 62 c2
Event: 1064.544 Thread 0x00007c2a243f9680 DEOPT PACKING pc=0x00007c2a1a00f338 sp=0x00007c2a10316680
Event: 1064.544 Thread 0x00007c2a243f9680 DEOPT UNPACKING pc=0x00007c2a192be393 sp=0x00007c2a10316618 mode 2
Event: 1064.561 Thread 0x00007c2a243f9680 Uncommon trap: trap_request=0xffffffd6 fr.pc=0x00007c2a1a00f338 relative=0x0000000000000218
Event: 1064.561 Thread 0x00007c2a243f9680 Uncommon trap: reason=array_check action=maybe_recompile pc=0x00007c2a1a00f338 method=java.util.HashMap.keysToArray([Ljava/lang/Object;)[Ljava/lang/Object; @ 62 c2
Event: 1064.561 Thread 0x00007c2a243f9680 DEOPT PACKING pc=0x00007c2a1a00f338 sp=0x00007c2a103166a0
Event: 1064.561 Thread 0x00007c2a243f9680 DEOPT UNPACKING pc=0x00007c2a192be393 sp=0x00007c2a10316638 mode 2
Event: 1064.561 Thread 0x00007c2a243f9680 Uncommon trap: trap_request=0xffffffd6 fr.pc=0x00007c2a1a00f338 relative=0x0000000000000218
Event: 1064.562 Thread 0x00007c2a243f9680 Uncommon trap: reason=array_check action=maybe_recompile pc=0x00007c2a1a00f338 method=java.util.HashMap.keysToArray([Ljava/lang/Object;)[Ljava/lang/Object; @ 62 c2
Event: 1064.562 Thread 0x00007c2a243f9680 DEOPT PACKING pc=0x00007c2a1a00f338 sp=0x00007c2a103166a0
Event: 1064.562 Thread 0x00007c2a243f9680 DEOPT UNPACKING pc=0x00007c2a192be393 sp=0x00007c2a10316638 mode 2
Event: 1064.696 Thread 0x00007c2a243fa7f0 Uncommon trap: trap_request=0xffffffd6 fr.pc=0x00007c2a1a008364 relative=0x0000000000000824
Event: 1064.696 Thread 0x00007c2a243fa7f0 Uncommon trap: reason=array_check action=maybe_recompile pc=0x00007c2a1a008364 method=com.google.gson.internal.$Gson$Types$ParameterizedTypeImpl.<init>(Ljava/lang/reflect/Type;Ljava/lang/reflect/Type;[Ljava/lang/reflect/Type;)V @ 136 c2
Event: 1064.696 Thread 0x00007c2a243fa7f0 DEOPT PACKING pc=0x00007c2a1a008364 sp=0x00007c2a10216010
Event: 1064.696 Thread 0x00007c2a243fa7f0 DEOPT UNPACKING pc=0x00007c2a192be393 sp=0x00007c2a10215f40 mode 2
Event: 1064.979 Thread 0x00007c29a80bc8c0 DEOPT PACKING pc=0x00007c2a12596f99 sp=0x00007c29878480a0
Event: 1064.979 Thread 0x00007c29a80bc8c0 DEOPT UNPACKING pc=0x00007c2a192beb10 sp=0x00007c2987847620 mode 0

Classes loaded (20 events):
Event: 368.507 Loading class java/util/stream/Nodes$CollectorTask$OfRef
Event: 368.508 Loading class java/util/stream/Nodes$CollectorTask
Event: 368.509 Loading class java/util/stream/Nodes$CollectorTask done
Event: 368.509 Loading class java/util/stream/Nodes$CollectorTask$OfRef done
Event: 368.510 Loading class java/util/function/LongFunction
Event: 368.510 Loading class java/util/function/LongFunction done
Event: 368.512 Loading class java/util/stream/Nodes$ConcNode
Event: 368.523 Loading class java/util/stream/Nodes$AbstractConcNode
Event: 368.523 Loading class java/util/stream/Nodes$AbstractConcNode done
Event: 368.523 Loading class java/util/stream/Nodes$ConcNode done
Event: 368.634 Loading class java/io/ObjectOutputStream$BlockDataOutputStream
Event: 368.635 Loading class java/io/ObjectOutputStream$BlockDataOutputStream done
Event: 368.635 Loading class java/io/ObjectOutputStream$HandleTable
Event: 368.636 Loading class java/io/ObjectOutputStream$HandleTable done
Event: 368.636 Loading class java/io/ObjectOutputStream$ReplaceTable
Event: 368.636 Loading class java/io/ObjectOutputStream$ReplaceTable done
Event: 414.070 Loading class java/io/CharArrayReader
Event: 414.071 Loading class java/io/CharArrayReader done
Event: 414.072 Loading class java/util/regex/Pattern$Bound
Event: 414.073 Loading class java/util/regex/Pattern$Bound done

Classes unloaded (9 events):
Event: 65.719 Thread 0x00007c2a240a4ed0 Unloading class 0x00007c29ca19c800 'java/lang/invoke/LambdaForm$MH+0x00007c29ca19c800'
Event: 65.719 Thread 0x00007c2a240a4ed0 Unloading class 0x00007c29ca19c400 'java/lang/invoke/LambdaForm$MH+0x00007c29ca19c400'
Event: 65.719 Thread 0x00007c2a240a4ed0 Unloading class 0x00007c29ca19c000 'java/lang/invoke/LambdaForm$MH+0x00007c29ca19c000'
Event: 65.719 Thread 0x00007c2a240a4ed0 Unloading class 0x00007c29ca19bc00 'java/lang/invoke/LambdaForm$MH+0x00007c29ca19bc00'
Event: 65.719 Thread 0x00007c2a240a4ed0 Unloading class 0x00007c29ca19b800 'java/lang/invoke/LambdaForm$BMH+0x00007c29ca19b800'
Event: 65.719 Thread 0x00007c2a240a4ed0 Unloading class 0x00007c29ca19b400 'java/lang/invoke/LambdaForm$DMH+0x00007c29ca19b400'
Event: 65.719 Thread 0x00007c2a240a4ed0 Unloading class 0x00007c29ca19a000 'java/lang/invoke/LambdaForm$DMH+0x00007c29ca19a000'
Event: 181.035 Thread 0x00007c2a240a4ed0 Unloading class 0x00007c29ca638800 'java/lang/invoke/LambdaForm$DMH+0x00007c29ca638800'
Event: 451.681 Thread 0x00007c2a240a4ed0 Unloading class 0x00007c29ca710800 'java/lang/invoke/LambdaForm$MH+0x00007c29ca710800'

Classes redefined (0 events):
No events

Internal exceptions (20 events):
Event: 595.081 Thread 0x00007c299c1634b0 Exception <a 'java/lang/ArrayIndexOutOfBoundsException'{0x00000000eb27b518}> (0x00000000eb27b518) 
thrown [src/hotspot/share/runtime/sharedRuntime.cpp, line 625]
Event: 595.081 Thread 0x00007c299c1634b0 Exception <a 'java/lang/ArrayIndexOutOfBoundsException'{0x00000000eb27b888}> (0x00000000eb27b888) 
thrown [src/hotspot/share/runtime/sharedRuntime.cpp, line 625]
Event: 600.125 Thread 0x00007c2a243fa7f0 Exception <a 'java/lang/ArrayIndexOutOfBoundsException'{0x00000000eae04128}> (0x00000000eae04128) 
thrown [src/hotspot/share/runtime/sharedRuntime.cpp, line 625]
Event: 600.125 Thread 0x00007c2a243fa7f0 Exception <a 'java/lang/ArrayIndexOutOfBoundsException'{0x00000000eae04748}> (0x00000000eae04748) 
thrown [src/hotspot/share/runtime/sharedRuntime.cpp, line 625]
Event: 600.125 Thread 0x00007c2a243fa7f0 Exception <a 'java/lang/ArrayIndexOutOfBoundsException'{0x00000000eae04ab8}> (0x00000000eae04ab8) 
thrown [src/hotspot/share/runtime/sharedRuntime.cpp, line 625]
Event: 602.667 Thread 0x00007c2990a29260 Exception <a 'sun/nio/fs/UnixException'{0x00000000eb3ea1a0}> (0x00000000eb3ea1a0) 
thrown [src/hotspot/share/prims/jni.cpp, line 520]
Event: 604.710 Thread 0x00007c2a243fa7f0 Exception <a 'java/lang/ArrayIndexOutOfBoundsException'{0x00000000eab83920}> (0x00000000eab83920) 
thrown [src/hotspot/share/runtime/sharedRuntime.cpp, line 625]
Event: 604.710 Thread 0x00007c2a243fa7f0 Exception <a 'java/lang/ArrayIndexOutOfBoundsException'{0x00000000eab83f40}> (0x00000000eab83f40) 
thrown [src/hotspot/share/runtime/sharedRuntime.cpp, line 625]
Event: 604.710 Thread 0x00007c2a243fa7f0 Exception <a 'java/lang/ArrayIndexOutOfBoundsException'{0x00000000eab842b0}> (0x00000000eab842b0) 
thrown [src/hotspot/share/runtime/sharedRuntime.cpp, line 625]
Event: 604.836 Thread 0x00007c2990a29260 Exception <a 'sun/nio/fs/UnixException'{0x00000000ead37ff0}> (0x00000000ead37ff0) 
thrown [src/hotspot/share/prims/jni.cpp, line 520]
Event: 607.580 Thread 0x00007c2a243fa7f0 Exception <a 'java/lang/ArrayIndexOutOfBoundsException'{0x00000000eab717a0}> (0x00000000eab717a0) 
thrown [src/hotspot/share/runtime/sharedRuntime.cpp, line 625]
Event: 607.580 Thread 0x00007c2a243fa7f0 Exception <a 'java/lang/ArrayIndexOutOfBoundsException'{0x00000000eab72a70}> (0x00000000eab72a70) 
thrown [src/hotspot/share/runtime/sharedRuntime.cpp, line 625]
Event: 607.580 Thread 0x00007c2a243fa7f0 Exception <a 'java/lang/ArrayIndexOutOfBoundsException'{0x00000000eab72de0}> (0x00000000eab72de0) 
thrown [src/hotspot/share/runtime/sharedRuntime.cpp, line 625]
Event: 609.636 Thread 0x00007c2990a29260 Exception <a 'sun/nio/fs/UnixException'{0x00000000eace7208}> (0x00000000eace7208) 
thrown [src/hotspot/share/prims/jni.cpp, line 520]
Event: 611.657 Thread 0x00007c2990a29260 Exception <a 'sun/nio/fs/UnixException'{0x00000000eadc6a60}> (0x00000000eadc6a60) 
thrown [src/hotspot/share/prims/jni.cpp, line 520]
Event: 647.498 Thread 0x00007c2a243fa7f0 Exception <a 'java/lang/IncompatibleClassChangeError'{0x00000000eb0c7dc8}: Found class java.lang.Object, but interface was expected> (0x00000000eb0c7dc8) 
thrown [src/hotspot/share/interpreter/linkResolver.cpp, line 840]
Event: 1056.038 Thread 0x00007c2a243fa7f0 Exception <a 'java/lang/ArrayIndexOutOfBoundsException'{0x00000000ead5d440}> (0x00000000ead5d440) 
thrown [src/hotspot/share/runtime/sharedRuntime.cpp, line 625]
Event: 1056.038 Thread 0x00007c2a243fa7f0 Exception <a 'java/lang/ArrayIndexOutOfBoundsException'{0x00000000ead5da60}> (0x00000000ead5da60) 
thrown [src/hotspot/share/runtime/sharedRuntime.cpp, line 625]
Event: 1056.038 Thread 0x00007c2a243fa7f0 Exception <a 'java/lang/ArrayIndexOutOfBoundsException'{0x00000000ead5ddd0}> (0x00000000ead5ddd0) 
thrown [src/hotspot/share/runtime/sharedRuntime.cpp, line 625]
Event: 1064.586 Thread 0x00007c2990a29260 Exception <a 'sun/nio/fs/UnixException'{0x00000000eab29c20}> (0x00000000eab29c20) 
thrown [src/hotspot/share/prims/jni.cpp, line 520]

ZGC Phase Switch (0 events):
No events

VM Operations (20 events):
Event: 1057.684 Executing VM operation: Cleanup done
Event: 1057.803 Executing VM operation: ParallelGCFailedAllocation (Allocation Failure)
Event: 1057.881 Executing VM operation: ParallelGCFailedAllocation (Allocation Failure) done
Event: 1058.881 Executing VM operation: Cleanup
Event: 1058.889 Executing VM operation: Cleanup done
Event: 1059.889 Executing VM operation: Cleanup
Event: 1059.889 Executing VM operation: Cleanup done
Event: 1060.219 Executing VM operation: ParallelGCFailedAllocation (Allocation Failure)
Event: 1060.461 Executing VM operation: ParallelGCFailedAllocation (Allocation Failure) done
Event: 1061.462 Executing VM operation: Cleanup
Event: 1061.462 Executing VM operation: Cleanup done
Event: 1063.193 Executing VM operation: ParallelGCFailedAllocation (Allocation Failure)
Event: 1063.259 Executing VM operation: ParallelGCFailedAllocation (Allocation Failure) done
Event: 1064.259 Executing VM operation: Cleanup
Event: 1064.260 Executing VM operation: Cleanup done
Event: 1064.408 Executing VM operation: ParallelGCFailedAllocation (Allocation Failure)
Event: 1064.458 Executing VM operation: ParallelGCFailedAllocation (Allocation Failure) done
Event: 1065.025 Executing VM operation: ParallelGCFailedAllocation (Allocation Failure)
Event: 1065.186 Executing VM operation: ParallelGCFailedAllocation (Allocation Failure) done
Event: 1065.404 Executing VM operation: ParallelGCFailedAllocation (Allocation Failure)

Memory protections (20 events):
Event: 1057.912 Protecting memory [0x00007c29c8b15000,0x00007c29c8b19000] with protection modes 0
Event: 1058.342 Protecting memory [0x00007c29c8b15000,0x00007c29c8b19000] with protection modes 0
Event: 1058.384 Protecting memory [0x00007c2a10a20000,0x00007c2a10a24000] with protection modes 0
Event: 1058.424 Protecting memory [0x00007c29c8c16000,0x00007c29c8c1a000] with protection modes 0
Event: 1058.673 Protecting memory [0x00007c29c8c16000,0x00007c29c8c1a000] with protection modes 0
Event: 1059.637 Protecting memory [0x00007c29c8c16000,0x00007c29c8c1a000] with protection modes 0
Event: 1060.551 Protecting memory [0x00007c29c8b15000,0x00007c29c8b19000] with protection modes 0
Event: 1061.215 Protecting memory [0x00007c29c8c16000,0x00007c29c8c1a000] with protection modes 0
Event: 1062.223 Protecting memory [0x00007c2a10a20000,0x00007c2a10a24000] with protection modes 0
Event: 1062.673 Protecting memory [0x00007c2a10a20000,0x00007c2a10a24000] with protection modes 0
Event: 1062.683 Protecting memory [0x00007c2a1081e000,0x00007c2a10822000] with protection modes 0
Event: 1062.896 Protecting memory [0x00007c2a10a20000,0x00007c2a10a24000] with protection modes 0
Event: 1062.911 Protecting memory [0x00007c2a1071d000,0x00007c2a10721000] with protection modes 0
Event: 1063.193 Protecting memory [0x00007c2a10a20000,0x00007c2a10a24000] with protection modes 0
Event: 1063.712 Protecting memory [0x00007c2a1081e000,0x00007c2a10822000] with protection modes 0
Event: 1063.720 Protecting memory [0x00007c2a10a20000,0x00007c2a10a24000] with protection modes 0
Event: 1064.667 Protecting memory [0x00007c2a1081e000,0x00007c2a10822000] with protection modes 0
Event: 1065.228 Protecting memory [0x00007c2a10a20000,0x00007c2a10a24000] with protection modes 0
Event: 1065.254 Protecting memory [0x00007c2a1071d000,0x00007c2a10721000] with protection modes 0
Event: 1065.308 Protecting memory [0x00007c2a10a20000,0x00007c2a10a24000] with protection modes 0

Nmethod flushes (20 events):
Event: 452.406 Thread 0x00007c2a240a4ed0 flushing  nmethod 0x00007c2a12bb6690
Event: 452.406 Thread 0x00007c2a240a4ed0 flushing  nmethod 0x00007c2a12bb7710
Event: 452.406 Thread 0x00007c2a240a4ed0 flushing  nmethod 0x00007c2a12bb8410
Event: 452.406 Thread 0x00007c2a240a4ed0 flushing  nmethod 0x00007c2a12bb9f90
Event: 452.406 Thread 0x00007c2a240a4ed0 flushing  nmethod 0x00007c2a12bbb810
Event: 452.406 Thread 0x00007c2a240a4ed0 flushing  nmethod 0x00007c2a12bbc290
Event: 452.406 Thread 0x00007c2a240a4ed0 flushing  nmethod 0x00007c2a12bbce90
Event: 452.406 Thread 0x00007c2a240a4ed0 flushing  nmethod 0x00007c2a12bbd790
Event: 452.406 Thread 0x00007c2a240a4ed0 flushing  nmethod 0x00007c2a12bbe610
Event: 452.406 Thread 0x00007c2a240a4ed0 flushing  nmethod 0x00007c2a12bbfa10
Event: 452.406 Thread 0x00007c2a240a4ed0 flushing  nmethod 0x00007c2a12bc7c90
Event: 452.406 Thread 0x00007c2a240a4ed0 flushing  nmethod 0x00007c2a12bc8610
Event: 452.406 Thread 0x00007c2a240a4ed0 flushing  nmethod 0x00007c2a12bc9410
Event: 452.406 Thread 0x00007c2a240a4ed0 flushing  nmethod 0x00007c2a12bc9a10
Event: 452.406 Thread 0x00007c2a240a4ed0 flushing  nmethod 0x00007c2a12be6a10
Event: 452.406 Thread 0x00007c2a240a4ed0 flushing  nmethod 0x00007c2a12be7190
Event: 452.406 Thread 0x00007c2a240a4ed0 flushing  nmethod 0x00007c2a12bec010
Event: 452.406 Thread 0x00007c2a240a4ed0 flushing  nmethod 0x00007c2a12c10210
Event: 452.406 Thread 0x00007c2a240a4ed0 flushing  nmethod 0x00007c2a12c1eb10
Event: 452.406 Thread 0x00007c2a240a4ed0 flushing  nmethod 0x00007c2a12c6bf10

Events (20 events):
Event: 1062.276 Thread 0x00007c299c18bab0 Thread exited: 0x00007c299c18bab0
Event: 1062.669 Thread 0x00007c2a243fa7f0 Thread added: 0x00007c299c18bab0
Event: 1062.682 Thread 0x00007c2a243fa7f0 Thread added: 0x00007c299c1611f0
Event: 1062.710 Thread 0x00007c299c18bab0 Thread exited: 0x00007c299c18bab0
Event: 1062.893 Thread 0x00007c2a243fa7f0 Thread added: 0x00007c299c18bab0
Event: 1062.911 Thread 0x00007c2a243fa7f0 Thread added: 0x00007c299c1633d0
Event: 1063.141 Thread 0x00007c299c1633d0 Thread exited: 0x00007c299c1633d0
Event: 1063.147 Thread 0x00007c299c18bab0 Thread exited: 0x00007c299c18bab0
Event: 1063.192 Thread 0x00007c2a243fa7f0 Thread added: 0x00007c299c18bab0
Event: 1063.267 Thread 0x00007c299c18bab0 Thread exited: 0x00007c299c18bab0
Event: 1063.507 Thread 0x00007c299c1611f0 Thread exited: 0x00007c299c1611f0
Event: 1063.705 Thread 0x00007c2a243fa7f0 Thread added: 0x00007c299c18bab0
Event: 1063.720 Thread 0x00007c2a243fa7f0 Thread added: 0x00007c299c1611f0
Event: 1063.734 Thread 0x00007c299c1611f0 Thread exited: 0x00007c299c1611f0
Event: 1063.747 Thread 0x00007c299c18bab0 Thread exited: 0x00007c299c18bab0
Event: 1064.659 Thread 0x00007c2a243fa7f0 Thread added: 0x00007c299c18bab0
Event: 1065.228 Thread 0x00007c2a243fa7f0 Thread added: 0x00007c299c15b4b0
Event: 1065.231 Thread 0x00007c299c15b4b0 Thread exited: 0x00007c299c15b4b0
Event: 1065.251 Thread 0x00007c2a243fa7f0 Thread added: 0x00007c299c1611f0
Event: 1065.308 Thread 0x00007c29a80bc8c0 Thread added: 0x00007c29b40b9780


Dynamic libraries:
c0000000-e6380000 rw-p 00000000 00:00 0 
e6380000-eab00000 ---p 00000000 00:00 0 
eab00000-ec400000 rw-p 00000000 00:00 0 
ec400000-100000000 ---p 00000000 00:00 0 
5a30b6077000-5a30b6078000 r-xp 00000000 00:2a 62033                      /home/willsonic3/.vscode/extensions/redhat.java-1.39.0-linux-x64/jre/21.0.5-linux-x86_64/bin/java
5a30b6079000-5a30b607a000 r--p 00001000 00:2a 62033                      /home/willsonic3/.vscode/extensions/redhat.java-1.39.0-linux-x64/jre/21.0.5-linux-x86_64/bin/java
5a30b607a000-5a30b607b000 rw-p 00002000 00:2a 62033                      /home/willsonic3/.vscode/extensions/redhat.java-1.39.0-linux-x64/jre/21.0.5-linux-x86_64/bin/java
5a30b6388000-5a30b6581000 rw-p 00000000 00:00 0                          [heap]
7c2983000000-7c2983180000 rw-p 00000000 00:00 0 
7c2983180000-7c2983200000 rw-p 00000000 00:00 0 
7c2983200000-7c2983730000 rw-p 00000000 00:00 0 
7c2983730000-7c2983780000 ---p 00000000 00:00 0 
7c2983780000-7c2983790000 rw-p 00000000 00:00 0 
7c2983790000-7c2987000000 ---p 00000000 00:00 0 
7c2987649000-7c298764d000 ---p 00000000 00:00 0 
7c298764d000-7c298774a000 rw-p 00000000 00:00 0 
7c298774a000-7c298774e000 ---p 00000000 00:00 0 
7c298774e000-7c298784b000 rw-p 00000000 00:00 0 
7c298784b000-7c2990000000 r--s 00000000 00:2a 87410                      /usr/lib/jvm/jdk-23.0.2-oracle-x64/lib/modules
7c2990000000-7c2990bac000 rw-p 00000000 00:00 0 
7c2990bac000-7c2994000000 ---p 00000000 00:00 0 
7c2994000000-7c2994042000 rw-p 00000000 00:00 0 
7c2994042000-7c2998000000 ---p 00000000 00:00 0 
7c2998000000-7c2998021000 rw-p 00000000 00:00 0 
7c2998021000-7c299c000000 ---p 00000000 00:00 0 
7c299c000000-7c299c1d3000 rw-p 00000000 00:00 0 
7c299c1d3000-7c29a0000000 ---p 00000000 00:00 0 
7c29a0000000-7c29a31e1000 rw-p 00000000 00:00 0 
7c29a31e1000-7c29a4000000 ---p 00000000 00:00 0 
7c29a4000000-7c29a5682000 rw-p 00000000 00:00 0 
7c29a5682000-7c29a8000000 ---p 00000000 00:00 0 
7c29a8000000-7c29a814a000 rw-p 00000000 00:00 0 
7c29a814a000-7c29ac000000 ---p 00000000 00:00 0 
7c29ac000000-7c29ac0f0000 rw-p 00000000 00:00 0 
7c29ac0f0000-7c29b0000000 ---p 00000000 00:00 0 
7c29b0000000-7c29b05f8000 rw-p 00000000 00:00 0 
7c29b05f8000-7c29b4000000 ---p 00000000 00:00 0 
7c29b4000000-7c29b412c000 rw-p 00000000 00:00 0 
7c29b412c000-7c29b8000000 ---p 00000000 00:00 0 
7c29b8000000-7c29b81e3000 rw-p 00000000 00:00 0 
7c29b81e3000-7c29bc000000 ---p 00000000 00:00 0 
7c29bc000000-7c29bc111000 rw-p 00000000 00:00 0 
7c29bc111000-7c29c0000000 ---p 00000000 00:00 0 
7c29c0000000-7c29c0400000 rw-p 00000000 00:00 0 
7c29c0400000-7c29c07e0000 rw-p 00000000 00:00 0 
7c29c07e0000-7c29c0900000 rw-p 00000000 00:00 0 
7c29c0900000-7c29c0b00000 rw-p 00000000 00:00 0 
7c29c0b00000-7c29c0c00000 rw-p 00000000 00:00 0 
7c29c0c00000-7c29c1100000 rw-p 00000000 00:00 0 
7c29c1100000-7c29c1b00000 rw-p 00000000 00:00 0 
7c29c1b00000-7c29c1c00000 rw-p 00000000 00:00 0 
7c29c1c00000-7c29c1f00000 rw-p 00000000 00:00 0 
7c29c1f00000-7c29c2000000 rw-p 00000000 00:00 0 
7c29c2000000-7c29c2900000 rw-p 00000000 00:00 0 
7c29c2900000-7c29c2a00000 rw-p 00000000 00:00 0 
7c29c2a00000-7c29c3780000 rw-p 00000000 00:00 0 
7c29c3780000-7c29c3800000 rw-p 00000000 00:00 0 
7c29c3800000-7c29c4000000 rw-p 00000000 00:00 0 
7c29c4000000-7c29c4516000 rw-p 00000000 00:00 0 
7c29c4516000-7c29c8000000 ---p 00000000 00:00 0 
7c29c800a000-7c29c800e000 ---p 00000000 00:00 0 
7c29c800e000-7c29c810b000 rw-p 00000000 00:00 0 
7c29c810b000-7c29c810f000 ---p 00000000 00:00 0 
7c29c810f000-7c29c820c000 rw-p 00000000 00:00 0 
7c29c820c000-7c29c8210000 ---p 00000000 00:00 0 
7c29c8210000-7c29c830d000 rw-p 00000000 00:00 0 
7c29c830d000-7c29c8311000 ---p 00000000 00:00 0 
7c29c8311000-7c29c840e000 rw-p 00000000 00:00 0 
7c29c840e000-7c29c8412000 ---p 00000000 00:00 0 
7c29c8412000-7c29c850f000 rw-p 00000000 00:00 0 
7c29c850f000-7c29c8513000 ---p 00000000 00:00 0 
7c29c8513000-7c29c8610000 rw-p 00000000 00:00 0 
7c29c8610000-7c29c8614000 ---p 00000000 00:00 0 
7c29c8614000-7c29c8711000 rw-p 00000000 00:00 0 
7c29c8711000-7c29c8715000 ---p 00000000 00:00 0 
7c29c8715000-7c29c8812000 rw-p 00000000 00:00 0 
7c29c8812000-7c29c8816000 ---p 00000000 00:00 0 
7c29c8816000-7c29c8913000 rw-p 00000000 00:00 0 
7c29c8913000-7c29c8917000 ---p 00000000 00:00 0 
7c29c8917000-7c29c8a14000 rw-p 00000000 00:00 0 
7c29c8a14000-7c29c8a18000 ---p 00000000 00:00 0 
7c29c8a18000-7c29c8b15000 rw-p 00000000 00:00 0 
7c29c8b15000-7c29c8b19000 ---p 00000000 00:00 0 
7c29c8b19000-7c29c8c16000 rw-p 00000000 00:00 0 
7c29c8c16000-7c29c8c1a000 ---p 00000000 00:00 0 
7c29c8c1a000-7c29c8d17000 rw-p 00000000 00:00 0 
7c29c8d17000-7c29c8d1b000 ---p 00000000 00:00 0 
7c29c8d1b000-7c29c9000000 rw-p 00000000 00:00 0 
7c29c9000000-7c29c9bb8000 rw-p 00001000 00:2a 65996                      /home/willsonic3/.vscode/extensions/redhat.java-1.39.0-linux-x64/jre/21.0.5-linux-x86_64/lib/server/classes.jsa
7c29c9bb8000-7c29ca000000 ---p 00000000 00:00 0 
7c29ca000000-7c29ca040000 rw-p 00000000 00:00 0 
7c29ca040000-7c29ca0c0000 rw-p 00000000 00:00 0 
7c29ca0c0000-7c29ca100000 rw-p 00000000 00:00 0 
7c29ca100000-7c29ca240000 rw-p 00000000 00:00 0 
7c29ca240000-7c29ca280000 rw-p 00000000 00:00 0 
7c29ca280000-7c29ca400000 rw-p 00000000 00:00 0 
7c29ca400000-7c29ca6f0000 rw-p 00000000 00:00 0 
7c29ca6f0000-7c29ca700000 ---p 00000000 00:00 0 
7c29ca700000-7c29ca870000 rw-p 00000000 00:00 0 
7c29ca870000-7c2a0a000000 ---p 00000000 00:00 0 
7c2a0a000000-7c2a0c000000 rw-p 00000000 00:00 0 
7c2a0c000000-7c2a0c55f000 rw-p 00000000 00:00 0 
7c2a0c55f000-7c2a10000000 ---p 00000000 00:00 0 
7c2a10016000-7c2a1001a000 ---p 00000000 00:00 0 
7c2a1001a000-7c2a10117000 rw-p 00000000 00:00 0 
7c2a10117000-7c2a1011b000 ---p 00000000 00:00 0 
7c2a1011b000-7c2a10218000 rw-p 00000000 00:00 0 
7c2a10218000-7c2a1021c000 ---p 00000000 00:00 0 
7c2a1021c000-7c2a10319000 rw-p 00000000 00:00 0 
7c2a10319000-7c2a1031d000 ---p 00000000 00:00 0 
7c2a1031d000-7c2a1041a000 rw-p 00000000 00:00 0 
7c2a1041a000-7c2a1041e000 ---p 00000000 00:00 0 
7c2a1041e000-7c2a1051b000 rw-p 00000000 00:00 0 
7c2a1051b000-7c2a1051f000 ---p 00000000 00:00 0 
7c2a1051f000-7c2a1061c000 rw-p 00000000 00:00 0 
7c2a1061c000-7c2a10620000 ---p 00000000 00:00 0 
7c2a10620000-7c2a1071d000 rw-p 00000000 00:00 0 
7c2a1071d000-7c2a10721000 ---p 00000000 00:00 0 
7c2a10721000-7c2a1081e000 rw-p 00000000 00:00 0 
7c2a1081e000-7c2a10822000 ---p 00000000 00:00 0 
7c2a10822000-7c2a1091f000 rw-p 00000000 00:00 0 
7c2a1091f000-7c2a10923000 ---p 00000000 00:00 0 
7c2a10923000-7c2a10a20000 rw-p 00000000 00:00 0 
7c2a10a20000-7c2a10a24000 ---p 00000000 00:00 0 
7c2a10a24000-7c2a10b21000 rw-p 00000000 00:00 0 
7c2a10b21000-7c2a10b25000 ---p 00000000 00:00 0 
7c2a10b25000-7c2a10c22000 rw-p 00000000 00:00 0 
7c2a10c22000-7c2a10c26000 ---p 00000000 00:00 0 
7c2a10c26000-7c2a10d23000 rw-p 00000000 00:00 0 
7c2a10d23000-7c2a10d27000 ---p 00000000 00:00 0 
7c2a10d27000-7c2a10e24000 rw-p 00000000 00:00 0 
7c2a10e24000-7c2a10e28000 ---p 00000000 00:00 0 
7c2a10e28000-7c2a10f25000 rw-p 00000000 00:00 0 
7c2a10f25000-7c2a10f29000 ---p 00000000 00:00 0 
7c2a10f29000-7c2a11026000 rw-p 00000000 00:00 0 
7c2a11026000-7c2a1102a000 ---p 00000000 00:00 0 
7c2a1102a000-7c2a11127000 rw-p 00000000 00:00 0 
7c2a11127000-7c2a1112b000 ---p 00000000 00:00 0 
7c2a1112b000-7c2a11228000 rw-p 00000000 00:00 0 
7c2a11228000-7c2a1122c000 ---p 00000000 00:00 0 
7c2a1122c000-7c2a11329000 rw-p 00000000 00:00 0 
7c2a11329000-7c2a1132a000 ---p 00000000 00:00 0 
7c2a1132a000-7c2a1142a000 rw-p 00000000 00:00 0 
7c2a1142a000-7c2a1142e000 ---p 00000000 00:00 0 
7c2a1142e000-7c2a1152b000 rw-p 00000000 00:00 0 
7c2a1152b000-7c2a1152f000 ---p 00000000 00:00 0 
7c2a1152f000-7c2a1162c000 rw-p 00000000 00:00 0 
7c2a1162c000-7c2a11630000 ---p 00000000 00:00 0 
7c2a11630000-7c2a1172d000 rw-p 00000000 00:00 0 
7c2a1172d000-7c2a11731000 ---p 00000000 00:00 0 
7c2a11731000-7c2a1182e000 rw-p 00000000 00:00 0 
7c2a1182e000-7c2a11832000 ---p 00000000 00:00 0 
7c2a11832000-7c2a1192f000 rw-p 00000000 00:00 0 
7c2a1192f000-7c2a11933000 ---p 00000000 00:00 0 
7c2a11933000-7c2a11a30000 rw-p 00000000 00:00 0 
7c2a11a30000-7c2a11a34000 ---p 00000000 00:00 0 
7c2a11a34000-7c2a11b31000 rw-p 00000000 00:00 0 
7c2a11b31000-7c2a11b35000 ---p 00000000 00:00 0 
7c2a11b35000-7c2a11c32000 rw-p 00000000 00:00 0 
7c2a11c32000-7c2a11c36000 ---p 00000000 00:00 0 
7c2a11c36000-7c2a11d33000 rw-p 00000000 00:00 0 
7c2a11d33000-7c2a14483000 rwxp 00000000 00:00 0 
7c2a14483000-7c2a1926b000 ---p 00000000 00:00 0 
7c2a1926b000-7c2a194db000 rwxp 00000000 00:00 0 
7c2a194db000-7c2a197fa000 ---p 00000000 00:00 0 
7c2a197fa000-7c2a1a01a000 rwxp 00000000 00:00 0 
7c2a1a01a000-7c2a20d33000 ---p 00000000 00:00 0 
7c2a20d33000-7c2a24000000 r--s 00000000 00:2a 63838                      /home/willsonic3/.vscode/extensions/redhat.java-1.39.0-linux-x64/jre/21.0.5-linux-x86_64/lib/modules
7c2a24000000-7c2a24413000 rw-p 00000000 00:00 0 
7c2a24413000-7c2a28000000 ---p 00000000 00:00 0 
7c2a28056000-7c2a28063000 r-xp 00000000 00:2a 63831                      /home/willsonic3/.vscode/extensions/redhat.java-1.39.0-linux-x64/jre/21.0.5-linux-x86_64/lib/libverify.so
7c2a28063000-7c2a28065000 r--p 0000c000 00:2a 63831                      /home/willsonic3/.vscode/extensions/redhat.java-1.39.0-linux-x64/jre/21.0.5-linux-x86_64/lib/libverify.so
7c2a28065000-7c2a28066000 rw-p 0000e000 00:2a 63831                      /home/willsonic3/.vscode/extensions/redhat.java-1.39.0-linux-x64/jre/21.0.5-linux-x86_64/lib/libverify.so
7c2a28066000-7c2a28072000 r-xp 00000000 00:2a 63806                      /home/willsonic3/.vscode/extensions/redhat.java-1.39.0-linux-x64/jre/21.0.5-linux-x86_64/lib/libnet.so
7c2a28072000-7c2a28073000 r--p 0000b000 00:2a 63806                      /home/willsonic3/.vscode/extensions/redhat.java-1.39.0-linux-x64/jre/21.0.5-linux-x86_64/lib/libnet.so
7c2a28073000-7c2a28074000 rw-p 0000c000 00:2a 63806                      /home/willsonic3/.vscode/extensions/redhat.java-1.39.0-linux-x64/jre/21.0.5-linux-x86_64/lib/libnet.so
7c2a28074000-7c2a28088000 r-xp 00000000 00:2a 63808                      /home/willsonic3/.vscode/extensions/redhat.java-1.39.0-linux-x64/jre/21.0.5-linux-x86_64/lib/libnio.so
7c2a28088000-7c2a28089000 r--p 00013000 00:2a 63808                      /home/willsonic3/.vscode/extensions/redhat.java-1.39.0-linux-x64/jre/21.0.5-linux-x86_64/lib/libnio.so
7c2a28089000-7c2a2808a000 rw-p 00014000 00:2a 63808                      /home/willsonic3/.vscode/extensions/redhat.java-1.39.0-linux-x64/jre/21.0.5-linux-x86_64/lib/libnio.so
7c2a2808a000-7c2a280a5000 r-xp 00000000 00:2a 63834                      /home/willsonic3/.vscode/extensions/redhat.java-1.39.0-linux-x64/jre/21.0.5-linux-x86_64/lib/libzip.so
7c2a280a5000-7c2a280a6000 r--p 0001a000 00:2a 63834                      /home/willsonic3/.vscode/extensions/redhat.java-1.39.0-linux-x64/jre/21.0.5-linux-x86_64/lib/libzip.so
7c2a280a6000-7c2a280a7000 rw-p 0001b000 00:2a 63834                      /home/willsonic3/.vscode/extensions/redhat.java-1.39.0-linux-x64/jre/21.0.5-linux-x86_64/lib/libzip.so
7c2a280a7000-7c2a2838e000 r--p 00000000 00:2a 2162                       /usr/lib/locale/locale-archive
7c2a2838e000-7c2a2838f000 ---p 00000000 00:00 0 
7c2a2838f000-7c2a28a95000 rw-p 00000000 00:00 0 
7c2a28a95000-7c2a28a96000 ---p 00000000 00:00 0 
7c2a28a96000-7c2a28ff9000 rw-p 00000000 00:00 0 
7c2a28ff9000-7c2a2901d000 ---p 00000000 00:00 0 
7c2a2901d000-7c2a2901e000 ---p 00000000 00:00 0 
7c2a2901e000-7c2a29250000 rw-p 00000000 00:00 0 
7c2a29250000-7c2a29273000 ---p 00000000 00:00 0 
7c2a29273000-7c2a29280000 rw-p 00000000 00:00 0 
7c2a29280000-7c2a2931f000 ---p 00000000 00:00 0 
7c2a2931f000-7c2a29330000 rw-p 00000000 00:00 0 
7c2a29330000-7c2a2940a000 ---p 00000000 00:00 0 
7c2a2940a000-7c2a29459000 rw-p 00000000 00:00 0 
7c2a29459000-7c2a294f5000 ---p 00000000 00:00 0 
7c2a294f5000-7c2a294fa000 rw-p 00000000 00:00 0 
7c2a294fa000-7c2a29501000 ---p 00000000 00:00 0 
7c2a29501000-7c2a29504000 r--p 00000000 00:2a 102437                     /usr/lib/x86_64-linux-gnu/libnss_files-2.31.so
7c2a29504000-7c2a2950b000 r-xp 00003000 00:2a 102437                     /usr/lib/x86_64-linux-gnu/libnss_files-2.31.so
7c2a2950b000-7c2a2950d000 r--p 0000a000 00:2a 102437                     /usr/lib/x86_64-linux-gnu/libnss_files-2.31.so
7c2a2950d000-7c2a2950e000 r--p 0000b000 00:2a 102437                     /usr/lib/x86_64-linux-gnu/libnss_files-2.31.so
7c2a2950e000-7c2a2950f000 rw-p 0000c000 00:2a 102437                     /usr/lib/x86_64-linux-gnu/libnss_files-2.31.so
7c2a2950f000-7c2a29515000 rw-p 00000000 00:00 0 
7c2a29516000-7c2a2951e000 rw-s 00000000 00:2a 143382                     /tmp/hsperfdata_willsonic3/24139
7c2a2951e000-7c2a2953e000 r-xp 00000000 00:2a 63741                      /home/willsonic3/.vscode/extensions/redhat.java-1.39.0-linux-x64/jre/21.0.5-linux-x86_64/lib/libjava.so
7c2a2953e000-7c2a2953f000 ---p 00020000 00:2a 63741                      /home/willsonic3/.vscode/extensions/redhat.java-1.39.0-linux-x64/jre/21.0.5-linux-x86_64/lib/libjava.so
7c2a2953f000-7c2a29540000 r--p 00020000 00:2a 63741                      /home/willsonic3/.vscode/extensions/redhat.java-1.39.0-linux-x64/jre/21.0.5-linux-x86_64/lib/libjava.so
7c2a29540000-7c2a29541000 rw-p 00021000 00:2a 63741                      /home/willsonic3/.vscode/extensions/redhat.java-1.39.0-linux-x64/jre/21.0.5-linux-x86_64/lib/libjava.so
7c2a29541000-7c2a29542000 rw-p 00000000 00:00 0 
7c2a29542000-7c2a2954c000 r-xp 00000000 00:2a 63719                      /home/willsonic3/.vscode/extensions/redhat.java-1.39.0-linux-x64/jre/21.0.5-linux-x86_64/lib/libinstrument.so
7c2a2954c000-7c2a2954d000 ---p 0000a000 00:2a 63719                      /home/willsonic3/.vscode/extensions/redhat.java-1.39.0-linux-x64/jre/21.0.5-linux-x86_64/lib/libinstrument.so
7c2a2954d000-7c2a2954e000 r--p 0000a000 00:2a 63719                      /home/willsonic3/.vscode/extensions/redhat.java-1.39.0-linux-x64/jre/21.0.5-linux-x86_64/lib/libinstrument.so
7c2a2954e000-7c2a2954f000 rw-p 0000b000 00:2a 63719                      /home/willsonic3/.vscode/extensions/redhat.java-1.39.0-linux-x64/jre/21.0.5-linux-x86_64/lib/libinstrument.so
7c2a2954f000-7c2a2956a000 r-xp 00000000 00:2a 63762                      /home/willsonic3/.vscode/extensions/redhat.java-1.39.0-linux-x64/jre/21.0.5-linux-x86_64/lib/libjimage.so
7c2a2956a000-7c2a2956b000 ---p 0001b000 00:2a 63762                      /home/willsonic3/.vscode/extensions/redhat.java-1.39.0-linux-x64/jre/21.0.5-linux-x86_64/lib/libjimage.so
7c2a2956b000-7c2a2956d000 r--p 0001b000 00:2a 63762                      /home/willsonic3/.vscode/extensions/redhat.java-1.39.0-linux-x64/jre/21.0.5-linux-x86_64/lib/libjimage.so
7c2a2956d000-7c2a2956e000 rw-p 0001d000 00:2a 63762                      /home/willsonic3/.vscode/extensions/redhat.java-1.39.0-linux-x64/jre/21.0.5-linux-x86_64/lib/libjimage.so
7c2a2956e000-7c2a29572000 ---p 00000000 00:00 0 
7c2a29572000-7c2a2966f000 rw-p 00000000 00:00 0 
7c2a2966f000-7c2a2967c000 r--p 00000000 00:2a 102431                     /usr/lib/x86_64-linux-gnu/libm-2.31.so
7c2a2967c000-7c2a29716000 r-xp 0000d000 00:2a 102431                     /usr/lib/x86_64-linux-gnu/libm-2.31.so
7c2a29716000-7c2a297b1000 r--p 000a7000 00:2a 102431                     /usr/lib/x86_64-linux-gnu/libm-2.31.so
7c2a297b1000-7c2a297b2000 r--p 00141000 00:2a 102431                     /usr/lib/x86_64-linux-gnu/libm-2.31.so
7c2a297b2000-7c2a297b3000 rw-p 00142000 00:2a 102431                     /usr/lib/x86_64-linux-gnu/libm-2.31.so
7c2a297b3000-7c2a297b5000 r--p 00000000 00:2a 102442                     /usr/lib/x86_64-linux-gnu/librt-2.31.so
7c2a297b5000-7c2a297b9000 r-xp 00002000 00:2a 102442                     /usr/lib/x86_64-linux-gnu/librt-2.31.so
7c2a297b9000-7c2a297bb000 r--p 00006000 00:2a 102442                     /usr/lib/x86_64-linux-gnu/librt-2.31.so
7c2a297bb000-7c2a297bc000 r--p 00007000 00:2a 102442                     /usr/lib/x86_64-linux-gnu/librt-2.31.so
7c2a297bc000-7c2a297bd000 rw-p 00008000 00:2a 102442                     /usr/lib/x86_64-linux-gnu/librt-2.31.so
7c2a297bd000-7c2a2abd1000 r-xp 00000000 00:2a 66317                      /home/willsonic3/.vscode/extensions/redhat.java-1.39.0-linux-x64/jre/21.0.5-linux-x86_64/lib/server/libjvm.so
7c2a2abd1000-7c2a2abd2000 ---p 01414000 00:2a 66317                      /home/willsonic3/.vscode/extensions/redhat.java-1.39.0-linux-x64/jre/21.0.5-linux-x86_64/lib/server/libjvm.so
7c2a2abd2000-7c2a2aca6000 r--p 01414000 00:2a 66317                      /home/willsonic3/.vscode/extensions/redhat.java-1.39.0-linux-x64/jre/21.0.5-linux-x86_64/lib/server/libjvm.so
7c2a2aca6000-7c2a2acd6000 rw-p 014e8000 00:2a 66317                      /home/willsonic3/.vscode/extensions/redhat.java-1.39.0-linux-x64/jre/21.0.5-linux-x86_64/lib/server/libjvm.so
7c2a2acd6000-7c2a2ad3e000 rw-p 00000000 00:00 0 
7c2a2ad3e000-7c2a2ad60000 r--p 00000000 00:2a 102429                     /usr/lib/x86_64-linux-gnu/libc-2.31.so
7c2a2ad60000-7c2a2aeb9000 r-xp 00022000 00:2a 102429                     /usr/lib/x86_64-linux-gnu/libc-2.31.so
7c2a2aeb9000-7c2a2af08000 r--p 0017b000 00:2a 102429                     /usr/lib/x86_64-linux-gnu/libc-2.31.so
7c2a2af08000-7c2a2af0c000 r--p 001c9000 00:2a 102429                     /usr/lib/x86_64-linux-gnu/libc-2.31.so
7c2a2af0c000-7c2a2af0e000 rw-p 001cd000 00:2a 102429                     /usr/lib/x86_64-linux-gnu/libc-2.31.so
7c2a2af0e000-7c2a2af12000 rw-p 00000000 00:00 0 
7c2a2af12000-7c2a2af13000 r--p 00000000 00:2a 102430                     /usr/lib/x86_64-linux-gnu/libdl-2.31.so
7c2a2af13000-7c2a2af15000 r-xp 00001000 00:2a 102430                     /usr/lib/x86_64-linux-gnu/libdl-2.31.so
7c2a2af15000-7c2a2af16000 r--p 00003000 00:2a 102430                     /usr/lib/x86_64-linux-gnu/libdl-2.31.so
7c2a2af16000-7c2a2af17000 r--p 00003000 00:2a 102430                     /usr/lib/x86_64-linux-gnu/libdl-2.31.so
7c2a2af17000-7c2a2af18000 rw-p 00004000 00:2a 102430                     /usr/lib/x86_64-linux-gnu/libdl-2.31.so
7c2a2af18000-7c2a2af1e000 r--p 00000000 00:2a 102440                     /usr/lib/x86_64-linux-gnu/libpthread-2.31.so
7c2a2af1e000-7c2a2af2e000 r-xp 00006000 00:2a 102440                     /usr/lib/x86_64-linux-gnu/libpthread-2.31.so
7c2a2af2e000-7c2a2af34000 r--p 00016000 00:2a 102440                     /usr/lib/x86_64-linux-gnu/libpthread-2.31.so
7c2a2af34000-7c2a2af35000 r--p 0001b000 00:2a 102440                     /usr/lib/x86_64-linux-gnu/libpthread-2.31.so
7c2a2af35000-7c2a2af36000 rw-p 0001c000 00:2a 102440                     /usr/lib/x86_64-linux-gnu/libpthread-2.31.so
7c2a2af36000-7c2a2af3a000 rw-p 00000000 00:00 0 
7c2a2af3a000-7c2a2af41000 r--s 00000000 00:2a 102694                     /usr/lib/x86_64-linux-gnu/gconv/gconv-modules.cache
7c2a2af41000-7c2a2af42000 ---p 00000000 00:00 0 
7c2a2af42000-7c2a2af43000 r--p 00000000 00:00 0 
7c2a2af43000-7c2a2af5c000 r-xp 00000000 00:2a 63765                      /home/willsonic3/.vscode/extensions/redhat.java-1.39.0-linux-x64/jre/21.0.5-linux-x86_64/lib/libjli.so
7c2a2af5c000-7c2a2af5d000 r--p 00018000 00:2a 63765                      /home/willsonic3/.vscode/extensions/redhat.java-1.39.0-linux-x64/jre/21.0.5-linux-x86_64/lib/libjli.so
7c2a2af5d000-7c2a2af5e000 rw-p 00019000 00:2a 63765                      /home/willsonic3/.vscode/extensions/redhat.java-1.39.0-linux-x64/jre/21.0.5-linux-x86_64/lib/libjli.so
7c2a2af5e000-7c2a2af60000 rw-p 00000000 00:00 0 
7c2a2af60000-7c2a2af61000 r--p 00000000 00:2a 102425                     /usr/lib/x86_64-linux-gnu/ld-2.31.so
7c2a2af61000-7c2a2af81000 r-xp 00001000 00:2a 102425                     /usr/lib/x86_64-linux-gnu/ld-2.31.so
7c2a2af81000-7c2a2af89000 r--p 00021000 00:2a 102425                     /usr/lib/x86_64-linux-gnu/ld-2.31.so
7c2a2af89000-7c2a2af8a000 ---p 00000000 00:00 0 
7c2a2af8a000-7c2a2af8b000 r--p 00029000 00:2a 102425                     /usr/lib/x86_64-linux-gnu/ld-2.31.so
7c2a2af8b000-7c2a2af8c000 rw-p 0002a000 00:2a 102425                     /usr/lib/x86_64-linux-gnu/ld-2.31.so
7c2a2af8c000-7c2a2af8d000 rw-p 00000000 00:00 0 
7ffcd593a000-7ffcd595b000 rw-p 00000000 00:00 0                          [stack]
7ffcd59d6000-7ffcd59da000 r--p 00000000 00:00 0                          [vvar]
7ffcd59da000-7ffcd59dc000 r-xp 00000000 00:00 0                          [vdso]
ffffffffff600000-ffffffffff601000 --xp 00000000 00:00 0                  [vsyscall]
Total number of mappings: 271


VM Arguments:
jvm_args: --add-modules=ALL-SYSTEM --add-opens=java.base/java.util=ALL-UNNAMED --add-opens=java.base/java.lang=ALL-UNNAMED --add-opens=java.base/sun.nio.fs=ALL-UNNAMED -Declipse.application=org.eclipse.jdt.ls.core.id1 -Dosgi.bundles.defaultStartLevel=4 -Declipse.product=org.eclipse.jdt.ls.core.product -Djava.import.generatesMetadataFilesAtProjectRoot=false -DDetectVMInstallationsJob.disabled=true -Dfile.encoding=utf8 -XX:+UseParallelGC -XX:GCTimeRatio=4 -XX:AdaptiveSizePolicyWeight=90 -Dsun.zip.disableMemoryMapping=true -Xmx1G -Xms100m -Xlog:disable -javaagent:/home/willsonic3/.vscode/extensions/redhat.java-1.39.0-linux-x64/lombok/lombok-1.18.34.jar -XX:+HeapDumpOnOutOfMemoryError -XX:HeapDumpPath=/home/willsonic3/.config/Code/User/workspaceStorage/6d8234357a5991e2a9fefcf8a362a54d/redhat.java -Daether.dependencyCollector.impl=bf 
java_command: /home/willsonic3/.vscode/extensions/redhat.java-1.39.0-linux-x64/server/plugins/org.eclipse.equinox.launcher_1.6.900.v20240613-2009.jar -configuration /home/willsonic3/.config/Code/User/globalStorage/redhat.java/1.39.0/config_linux -data /home/willsonic3/.config/Code/User/workspaceStorage/6d8234357a5991e2a9fefcf8a362a54d/redhat.java/jdt_ws --pipe=/run/user/1000/lsp-677b6c0c8f1bdfb424ca45fede58df81.sock
java_class_path (initial): /home/willsonic3/.vscode/extensions/redhat.java-1.39.0-linux-x64/server/plugins/org.eclipse.equinox.launcher_1.6.900.v20240613-2009.jar
Launcher Type: SUN_STANDARD

[Global flags]
    uintx AdaptiveSizePolicyWeight                 = 90                                        {product} {command line}
     intx CICompilerCount                          = 2                                         {product} {ergonomic}
    uintx GCTimeRatio                              = 4                                         {product} {command line}
     bool HeapDumpOnOutOfMemoryError               = true                                   {manageable} {command line}
    ccstr HeapDumpPath                             = /home/willsonic3/.config/Code/User/workspaceStorage/6d8234357a5991e2a9fefcf8a362a54d/redhat.java         {manageable} {command line}
   size_t InitialHeapSize                          = 104857600                                 {product} {command line}
   size_t MaxHeapSize                              = 1073741824                                {product} {command line}
   size_t MaxNewSize                               = 357564416                                 {product} {ergonomic}
   size_t MinHeapDeltaBytes                        = 524288                                    {product} {ergonomic}
   size_t MinHeapSize                              = 104857600                                 {product} {command line}
   size_t NewSize                                  = 34603008                                  {product} {ergonomic}
    uintx NonNMethodCodeHeapSize                   = 5826188                                {pd product} {ergonomic}
    uintx NonProfiledCodeHeapSize                  = 122916026                              {pd product} {ergonomic}
   size_t OldSize                                  = 70254592                                  {product} {ergonomic}
    uintx ProfiledCodeHeapSize                     = 122916026                              {pd product} {ergonomic}
    uintx ReservedCodeCacheSize                    = 251658240                              {pd product} {ergonomic}
     bool SegmentedCodeCache                       = true                                      {product} {ergonomic}
   size_t SoftMaxHeapSize                          = 1073741824                             {manageable} {ergonomic}
     bool UseCompressedOops                        = true                           {product lp64_product} {ergonomic}
     bool UseParallelGC                            = true                                      {product} {command line}

Logging:
Log output configuration:
 #0: stdout all=off uptime,level,tags foldmultilines=false
 #1: stderr all=off uptime,level,tags foldmultilines=false

Environment Variables:
PATH=/home/willsonic3/BRICK-BREAKER-JAVA/Maven/apache-maven-3.9.9/bin:/usr/local/bin:/usr/bin:/bin:/usr/local/games:/usr/games
XDG_CONFIG_HOME=/home/willsonic3/.config
SHELL=/bin/bash
DISPLAY=:0
LANG=en_US.UTF-8

Active Locale:
LC_ALL=en_US.UTF-8
LC_COLLATE=en_US.UTF-8
LC_CTYPE=en_US.UTF-8
LC_MESSAGES=en_US.UTF-8
LC_MONETARY=en_US.UTF-8
LC_NUMERIC=en_US.UTF-8
LC_TIME=en_US.UTF-8

Signal Handlers:
   SIGSEGV: crash_handler in libjvm.so, mask=11100100010111111101111111111110, flags=SA_RESTART|SA_SIGINFO, unblocked
    SIGBUS: crash_handler in libjvm.so, mask=11100100010111111101111111111110, flags=SA_RESTART|SA_SIGINFO, unblocked
    SIGFPE: crash_handler in libjvm.so, mask=11100100010111111101111111111110, flags=SA_RESTART|SA_SIGINFO, unblocked
   SIGPIPE: javaSignalHandler in libjvm.so, mask=11100100010111111101111111111110, flags=SA_RESTART|SA_SIGINFO, blocked
   SIGXFSZ: javaSignalHandler in libjvm.so, mask=11100100010111111101111111111110, flags=SA_RESTART|SA_SIGINFO, blocked
    SIGILL: crash_handler in libjvm.so, mask=11100100010111111101111111111110, flags=SA_RESTART|SA_SIGINFO, unblocked
   SIGUSR2: SR_handler in libjvm.so, mask=00000000000000000000000000000000, flags=SA_RESTART|SA_SIGINFO, blocked
    SIGHUP: UserHandler in libjvm.so, mask=11100100010111111101111111111110, flags=SA_RESTART|SA_SIGINFO, blocked
    SIGINT: UserHandler in libjvm.so, mask=11100100010111111101111111111110, flags=SA_RESTART|SA_SIGINFO, blocked
   SIGTERM: UserHandler in libjvm.so, mask=11100100010111111101111111111110, flags=SA_RESTART|SA_SIGINFO, blocked
   SIGQUIT: UserHandler in libjvm.so, mask=11100100010111111101111111111110, flags=SA_RESTART|SA_SIGINFO, blocked
   SIGTRAP: crash_handler in libjvm.so, mask=11100100010111111101111111111110, flags=SA_RESTART|SA_SIGINFO, unblocked


Periodic native trim disabled

---------------  S Y S T E M  ---------------

OS:
PRETTY_NAME="Debian GNU/Linux 11 (bullseye)"
NAME="Debian GNU/Linux"
VERSION_ID="11"
VERSION="11 (bullseye)"
VERSION_CODENAME=bullseye
ID=debian
HOME_URL="https://www.debian.org/"
SUPPORT_URL="https://www.debian.org/support"
BUG_REPORT_URL="https://bugs.debian.org/"
uname: Linux 5.10.114-16025-ge75506b9d98e #1 SMP PREEMPT Sat Jul 16 18:54:29 PDT 2022 x86_64
OS uptime: 0 days 2:43 hours
libc: glibc 2.31 NPTL 2.31 
rlimit (soft/hard): STACK 8192k/infinity , CORE 0k/infinity , NPROC 11324/11324 , NOFILE 1048576/1048576 , AS infinity/infinity , CPU infinity/infinity , DATA infinity/infinity , FSIZE infinity/infinity , MEMLOCK infinity/infinity
load average: 0.93 1.99 4.39

/proc/meminfo:
MemTotal:        2903820 kB
MemFree:         2890712 kB
MemAvailable:    2899160 kB
Buffers:               0 kB
Cached:             8448 kB
SwapCached:            0 kB
Active:             5292 kB
Inactive:           6144 kB
Active(anon):          0 kB
Inactive(anon):     3036 kB
Active(file):       5292 kB
Inactive(file):     3108 kB
Unevictable:           0 kB
Mlocked:               0 kB
SwapTotal:             0 kB
SwapFree:              0 kB
Dirty:               560 kB
Writeback:             0 kB
AnonPages:       1913872 kB
Mapped:           376380 kB
Shmem:                 0 kB
KReclaimable:      29820 kB
Slab:               0 kB
SReclaimable:          0 kB
SUnreclaim:            0 kB
KernelStack:        7376 kB
PageTables:        18852 kB
NFS_Unstable:          0 kB
Bounce:                0 kB
WritebackTmp:          0 kB
CommitLimit:     1451908 kB
Committed_AS:    9465076 kB
VmallocTotal:   34359738367 kB
VmallocUsed:       10132 kB
VmallocChunk:          0 kB
Percpu:              848 kB
AnonHugePages:         0 kB
ShmemHugePages:        0 kB
ShmemPmdMapped:        0 kB
FileHugePages:         0 kB
FilePmdMapped:         0 kB
HugePages_Total:       0
HugePages_Free:        0
HugePages_Rsvd:        0
HugePages_Surp:        0
Hugepagesize:       2048 kB
Hugetlb:               0 kB
DirectMap4k:      159744 kB
DirectMap2M:     3250176 kB

/sys/kernel/mm/transparent_hugepage/enabled: always [madvise] never
/sys/kernel/mm/transparent_hugepage/hpage_pmd_size: 2097152
/sys/kernel/mm/transparent_hugepage/defrag (defrag/compaction efforts parameter): always defer defer+madvise [madvise] never

Process Memory:
Virtual Size: 3795904K (peak: 3812260K)
Resident Set Size: 1082928K (peak: 1153496K) (anon: 923476K, file: 159452K, shmem: 0K)
Swapped out: 0K
C-Heap outstanding allocations: 64121K, retained: 55798K
glibc malloc tunables: (default)

/proc/sys/kernel/threads-max (system-wide limit on the number of threads): 22648
/proc/sys/vm/max_map_count (maximum number of memory map areas a process may have): 262144
/proc/sys/vm/swappiness (control to define how aggressively the kernel swaps out anonymous memory): 60
/proc/sys/kernel/pid_max (system-wide limit on number of process identifiers): 32768

container (cgroup) information:
container_type: cgroupv1
cpu_cpuset_cpus: 0-1
cpu_memory_nodes: 0
active_processor_count: 2
cpu_quota: no quota
cpu_period: 100000
cpu_shares: no shares
memory_limit_in_bytes: unlimited
memory_and_swap_limit_in_bytes: unlimited
memory_soft_limit_in_bytes: unlimited
memory_usage_in_bytes: 2606412 k
memory_max_usage_in_bytes: 2611028 k
kernel_memory_usage_in_bytes: 40972 k
kernel_memory_max_usage_in_bytes: unlimited
kernel_memory_limit_in_bytes: 44080 k
maximum number of tasks: unlimited
current number of tasks: 311

KVM virtualization detected
Steal ticks since vm start: 44865
Steal ticks percentage since vm start:  0.213

CPU: total 2 (initial active 2) (2 cores per cpu, 1 threads per core) family 6 model 76 stepping 4 microcode 0x1, cx8, cmov, fxsr, mmx, 3dnowpref, sse, sse2, sse3, ssse3, sse4.1, sse4.2, popcnt, tsc, tscinvbit, aes, erms, clmul, clflush, hv, rdtscp
CPU Model and flags from /proc/cpuinfo:
model name	: Intel(R) Celeron(R) CPU  N3060  @ 1.60GHz
flags		: fpu vme de pse tsc msr pae mce cx8 apic sep mtrr pge mca cmov pat pse36 clflush mmx fxsr sse sse2 ss ht syscall nx rdtscp lm constant_tsc arch_perfmon rep_good nopl xtopology nonstop_tsc cpuid tsc_known_freq pni pclmulqdq vmx ssse3 cx16 sse4_1 sse4_2 x2apic movbe popcnt tsc_deadline_timer aes rdrand hypervisor lahf_lm 3dnowprefetch cpuid_fault pti ibrs ibpb stibp tpr_shadow vnmi flexpriority ept vpid tsc_adjust smep erms arat umip md_clear arch_capabilities

Online cpus: 0-1
Offline cpus: 
BIOS frequency limitation: <Not Available>
Frequency switch latency (ns): <Not Available>
Available cpu frequencies: <Not Available>
Current governor: <Not Available>
Core performance/turbo boost: <Not Available>

Memory: 4k page, physical 2903820k(2899160k free), swap 0k(0k free)
Page Sizes: 4k

vm_info: OpenJDK 64-Bit Server VM (21.0.5+11-LTS) for linux-amd64 JRE (21.0.5+11-LTS), built on 2024-10-15T00:00:00Z by "admin" with gcc 11.3.0

END.
