#
# A fatal error has been detected by the Java Runtime Environment:
#
#  SIGSEGV (0xb) at pc=0x00007b7ef92293ff, pid=19941, tid=19984
#
# JRE version: OpenJDK Runtime Environment Temurin-21.0.5+11 (21.0.5+11) (build 21.0.5+11-LTS)
# Java VM: OpenJDK 64-Bit Server VM Temurin-21.0.5+11 (21.0.5+11-LTS, mixed mode, sharing, tiered, compressed oops, compressed class ptrs, parallel gc, linux-amd64)
# Problematic frame:
# V  [libjvm.so+0x9083ff]  InterpreterRuntime::_new(JavaThread*, ConstantPool*, int)+0x11f
#
# Core dump will be written. Default location: Core dumps may be processed with "/sbin/crash_reporter --user=%P:%s:%u:%g:%f" (or dumping to /home/willsonic3/BRICK-BREAKER-JAVA/brick-breaker-java/core.19941)
#
# If you would like to submit a bug report, please visit:
#   https://github.com/adoptium/adoptium-support/issues
#

---------------  S U M M A R Y ------------

Command Line: --add-modules=ALL-SYSTEM --add-opens=java.base/java.util=ALL-UNNAMED --add-opens=java.base/java.lang=ALL-UNNAMED --add-opens=java.base/sun.nio.fs=ALL-UNNAMED -Declipse.application=org.eclipse.jdt.ls.core.id1 -Dosgi.bundles.defaultStartLevel=4 -Declipse.product=org.eclipse.jdt.ls.core.product -Djava.import.generatesMetadataFilesAtProjectRoot=false -DDetectVMInstallationsJob.disabled=true -Dfile.encoding=utf8 -XX:+UseParallelGC -XX:GCTimeRatio=4 -XX:AdaptiveSizePolicyWeight=90 -Dsun.zip.disableMemoryMapping=true -Xmx1G -Xms100m -Xlog:disable -javaagent:/home/willsonic3/.vscode/extensions/redhat.java-1.39.0-linux-x64/lombok/lombok-1.18.34.jar -XX:+HeapDumpOnOutOfMemoryError -XX:HeapDumpPath=/home/willsonic3/.config/Code/User/workspaceStorage/6d8234357a5991e2a9fefcf8a362a54d/redhat.java -Daether.dependencyCollector.impl=bf /home/willsonic3/.vscode/extensions/redhat.java-1.39.0-linux-x64/server/plugins/org.eclipse.equinox.launcher_1.6.900.v20240613-2009.jar -configuration /home/willsonic3/.config/Code/User/globalStorage/redhat.java/1.39.0/config_linux -data /home/willsonic3/.config/Code/User/workspaceStorage/6d8234357a5991e2a9fefcf8a362a54d/redhat.java/jdt_ws --pipe=/run/user/1000/lsp-9e89a15ee8675817137c8baed8f3256d.sock

Host: Intel(R) Celeron(R) CPU  N3060  @ 1.60GHz, 2 cores, 2G, Debian GNU/Linux 11 (bullseye)
Time: Tue Feb 25 23:08:57 2025 WAT elapsed time: 337.747416 seconds (0d 0h 5m 37s)

---------------  T H R E A D  ---------------

Current thread (0x00007b7e7c006be0):  JavaThread "Worker-3: Periodic workspace save."        [_thread_in_vm, id=19984, stack(0x00007b7e98516000,0x00007b7e98617000) (1028K)]

Stack: [0x00007b7e98516000,0x00007b7e98617000],  sp=0x00007b7e98614e60,  free space=1019k
Native frames: (J=compiled Java code, j=interpreted, Vv=VM code, C=native code)
V  [libjvm.so+0x9083ff]  InterpreterRuntime::_new(JavaThread*, ConstantPool*, int)+0x11f
j  com.sun.org.apache.xerces.internal.impl.XMLScanner.<init>()V+97 java.xml@21.0.5
j  com.sun.org.apache.xerces.internal.impl.XMLDocumentFragmentScannerImpl.<init>()V+1 java.xml@21.0.5
j  com.sun.org.apache.xerces.internal.impl.XMLDocumentScannerImpl.<init>()V+1 java.xml@21.0.5
j  com.sun.org.apache.xerces.internal.impl.XMLNSDocumentScannerImpl.<init>()V+1 java.xml@21.0.5
j  com.sun.org.apache.xerces.internal.parsers.XML11Configuration.<init>(Lcom/sun/org/apache/xerces/internal/util/SymbolTable;Lcom/sun/org/apache/xerces/internal/xni/grammars/XMLGrammarPool;Lcom/sun/org/apache/xerces/internal/xni/parser/XMLComponentManager;)V+997 java.xml@21.0.5
j  com.sun.org.apache.xerces.internal.parsers.XIncludeAwareParserConfiguration.<init>(Lcom/sun/org/apache/xerces/internal/util/SymbolTable;Lcom/sun/org/apache/xerces/internal/xni/grammars/XMLGrammarPool;Lcom/sun/org/apache/xerces/internal/xni/parser/XMLComponentManager;)V+4 java.xml@21.0.5
j  com.sun.org.apache.xerces.internal.parsers.XIncludeAwareParserConfiguration.<init>()V+4 java.xml@21.0.5
j  com.sun.org.apache.xerces.internal.parsers.DOMParser.<init>(Lcom/sun/org/apache/xerces/internal/util/SymbolTable;Lcom/sun/org/apache/xerces/internal/xni/grammars/XMLGrammarPool;)V+5 java.xml@21.0.5
j  com.sun.org.apache.xerces.internal.parsers.DOMParser.<init>()V+3 java.xml@21.0.5
j  com.sun.org.apache.xerces.internal.jaxp.DocumentBuilderImpl.<init>(Lcom/sun/org/apache/xerces/internal/jaxp/DocumentBuilderFactoryImpl;Ljava/util/Map;Ljava/util/Map;Z)V+9 java.xml@21.0.5
j  com.sun.org.apache.xerces.internal.jaxp.DocumentBuilderFactoryImpl.newDocumentBuilder()Ljavax/xml/parsers/DocumentBuilder;+105 java.xml@21.0.5
j  org.eclipse.core.internal.runtime.XmlProcessorFactory.createDocumentBuilderWithErrorOnDOCTYPE()Ljavax/xml/parsers/DocumentBuilder;+3
j  org.eclipse.debug.internal.core.LaunchManager.getDocument()Lorg/w3c/dom/Document;+0
j  org.eclipse.debug.core.DebugPlugin.newDocument()Lorg/w3c/dom/Document;+0
j  org.eclipse.jdt.internal.launching.LaunchingPlugin.writeInstallInfo()V+9
j  org.eclipse.jdt.internal.launching.LaunchingPlugin$1$1.saving(Lorg/eclipse/core/resources/ISaveContext;)V+23
j  org.eclipse.core.internal.resources.SaveManager.executeLifecycle(ILorg/eclipse/core/resources/ISaveParticipant;Lorg/eclipse/core/internal/resources/SaveContext;)V+54
j  org.eclipse.core.internal.resources.SaveManager$1.run()V+16
j  org.eclipse.core.runtime.SafeRunner.run(Lorg/eclipse/core/runtime/ISafeRunnable;)V+5
j  org.eclipse.core.internal.resources.SaveManager.broadcastLifecycle(ILjava/util/Map;Lorg/eclipse/core/runtime/MultiStatus;Lorg/eclipse/core/runtime/IProgressMonitor;)V+115
j  org.eclipse.core.internal.resources.SaveManager.save(IZLorg/eclipse/core/internal/resources/Project;Lorg/eclipse/core/runtime/IProgressMonitor;)Lorg/eclipse/core/runtime/IStatus;+144
j  org.eclipse.core.internal.resources.SaveManager.save(ILorg/eclipse/core/internal/resources/Project;Lorg/eclipse/core/runtime/IProgressMonitor;)Lorg/eclipse/core/runtime/IStatus;+5
j  org.eclipse.core.internal.resources.DelayedSnapshotJob.run(Lorg/eclipse/core/runtime/IProgressMonitor;)Lorg/eclipse/core/runtime/IStatus;+37
j  org.eclipse.core.internal.jobs.Worker.run()V+32
v  ~StubRoutines::call_stub 0x00007b7ee926bcc4
V  [libjvm.so+0x912795]  JavaCalls::call_helper(JavaValue*, methodHandle const&, JavaCallArguments*, JavaThread*)+0x2e5
V  [libjvm.so+0x914112]  JavaCalls::call_virtual(JavaValue*, Handle, Klass*, Symbol*, Symbol*, JavaThread*)+0x1d2
V  [libjvm.so+0x9ebd8e]  thread_entry(JavaThread*, JavaThread*)+0x8e
V  [libjvm.so+0x92a798]  JavaThread::thread_main_inner()+0x1d8
V  [libjvm.so+0xf7eeb8]  Thread::call_run()+0xa8
V  [libjvm.so+0xd08a8a]  thread_native_entry(Thread*)+0xda
Java frames: (J=compiled Java code, j=interpreted, Vv=VM code)
j  com.sun.org.apache.xerces.internal.impl.XMLScanner.<init>()V+97 java.xml@21.0.5
j  com.sun.org.apache.xerces.internal.impl.XMLDocumentFragmentScannerImpl.<init>()V+1 java.xml@21.0.5
j  com.sun.org.apache.xerces.internal.impl.XMLDocumentScannerImpl.<init>()V+1 java.xml@21.0.5
j  com.sun.org.apache.xerces.internal.impl.XMLNSDocumentScannerImpl.<init>()V+1 java.xml@21.0.5
j  com.sun.org.apache.xerces.internal.parsers.XML11Configuration.<init>(Lcom/sun/org/apache/xerces/internal/util/SymbolTable;Lcom/sun/org/apache/xerces/internal/xni/grammars/XMLGrammarPool;Lcom/sun/org/apache/xerces/internal/xni/parser/XMLComponentManager;)V+997 java.xml@21.0.5
j  com.sun.org.apache.xerces.internal.parsers.XIncludeAwareParserConfiguration.<init>(Lcom/sun/org/apache/xerces/internal/util/SymbolTable;Lcom/sun/org/apache/xerces/internal/xni/grammars/XMLGrammarPool;Lcom/sun/org/apache/xerces/internal/xni/parser/XMLComponentManager;)V+4 java.xml@21.0.5
j  com.sun.org.apache.xerces.internal.parsers.XIncludeAwareParserConfiguration.<init>()V+4 java.xml@21.0.5
j  com.sun.org.apache.xerces.internal.parsers.DOMParser.<init>(Lcom/sun/org/apache/xerces/internal/util/SymbolTable;Lcom/sun/org/apache/xerces/internal/xni/grammars/XMLGrammarPool;)V+5 java.xml@21.0.5
j  com.sun.org.apache.xerces.internal.parsers.DOMParser.<init>()V+3 java.xml@21.0.5
j  com.sun.org.apache.xerces.internal.jaxp.DocumentBuilderImpl.<init>(Lcom/sun/org/apache/xerces/internal/jaxp/DocumentBuilderFactoryImpl;Ljava/util/Map;Ljava/util/Map;Z)V+9 java.xml@21.0.5
j  com.sun.org.apache.xerces.internal.jaxp.DocumentBuilderFactoryImpl.newDocumentBuilder()Ljavax/xml/parsers/DocumentBuilder;+105 java.xml@21.0.5
j  org.eclipse.core.internal.runtime.XmlProcessorFactory.createDocumentBuilderWithErrorOnDOCTYPE()Ljavax/xml/parsers/DocumentBuilder;+3
j  org.eclipse.debug.internal.core.LaunchManager.getDocument()Lorg/w3c/dom/Document;+0
j  org.eclipse.debug.core.DebugPlugin.newDocument()Lorg/w3c/dom/Document;+0
j  org.eclipse.jdt.internal.launching.LaunchingPlugin.writeInstallInfo()V+9
j  org.eclipse.jdt.internal.launching.LaunchingPlugin$1$1.saving(Lorg/eclipse/core/resources/ISaveContext;)V+23
j  org.eclipse.core.internal.resources.SaveManager.executeLifecycle(ILorg/eclipse/core/resources/ISaveParticipant;Lorg/eclipse/core/internal/resources/SaveContext;)V+54
j  org.eclipse.core.internal.resources.SaveManager$1.run()V+16
j  org.eclipse.core.runtime.SafeRunner.run(Lorg/eclipse/core/runtime/ISafeRunnable;)V+5
j  org.eclipse.core.internal.resources.SaveManager.broadcastLifecycle(ILjava/util/Map;Lorg/eclipse/core/runtime/MultiStatus;Lorg/eclipse/core/runtime/IProgressMonitor;)V+115
j  org.eclipse.core.internal.resources.SaveManager.save(IZLorg/eclipse/core/internal/resources/Project;Lorg/eclipse/core/runtime/IProgressMonitor;)Lorg/eclipse/core/runtime/IStatus;+144
j  org.eclipse.core.internal.resources.SaveManager.save(ILorg/eclipse/core/internal/resources/Project;Lorg/eclipse/core/runtime/IProgressMonitor;)Lorg/eclipse/core/runtime/IStatus;+5
j  org.eclipse.core.internal.resources.DelayedSnapshotJob.run(Lorg/eclipse/core/runtime/IProgressMonitor;)Lorg/eclipse/core/runtime/IStatus;+37
j  org.eclipse.core.internal.jobs.Worker.run()V+32
v  ~StubRoutines::call_stub 0x00007b7ee926bcc4

siginfo: si_signo: 11 (SIGSEGV), si_code: 1 (SEGV_MAPERR), si_addr: 0x0000000000000098

Registers:
RAX=0x0000000000000000, RBX=0x00007b7e7c006be0, RCX=0x0000000000000003, RDX=0x00007b7e7c006be0
RSP=0x00007b7e98614e60, RBP=0x00007b7e98614e90, RSI=0x0000000000000001, RDI=0x00007b7e9a0e01d0
R8 =0x00007b7e9088d9b0, R9 =0x0000000000000004, R10=0x00007b7ef9e8ca00, R11=0x00007b7ef7c82000
R12=0x00007b7e9a0e01d0, R13=0x0000000000000048, R14=0x00007b7e98614e60, R15=0x00007b7e7c006be0
RIP=0x00007b7ef92293ff, EFLAGS=0x0000000000010246, CSGSFS=0x002b000000000033, ERR=0x0000000000000004
  TRAPNO=0x000000000000000e


Register to memory mapping:

RAX=0x0 is null
RBX=0x00007b7e7c006be0 is a thread
RCX=0x0000000000000003 is an unknown value
RDX=0x00007b7e7c006be0 is a thread
RSP=0x00007b7e98614e60 is pointing into the stack for thread: 0x00007b7e7c006be0
RBP=0x00007b7e98614e90 is pointing into the stack for thread: 0x00007b7e7c006be0
RSI=0x0000000000000001 is an unknown value
RDI=0x00007b7e9a0e01d0 is pointing into metadata
R8 =0x00007b7e9088d9b0 is pointing into metadata
R9 =0x0000000000000004 is an unknown value
R10=0x00007b7ef9e8ca00: <offset 0x000000000156ba00> in /home/willsonic3/.vscode/extensions/redhat.java-1.39.0-linux-x64/jre/21.0.5-linux-x86_64/lib/server/libjvm.so at 0x00007b7ef8921000
R11=0x00007b7ef7c82000 is an unknown value
R12=0x00007b7e9a0e01d0 is pointing into metadata
R13=0x0000000000000048 is an unknown value
R14=0x00007b7e98614e60 is pointing into the stack for thread: 0x00007b7e7c006be0
R15=0x00007b7e7c006be0 is a thread

Top of Stack: (sp=0x00007b7e98614e60)
0x00007b7e98614e60:   00007b7e9088d9b0 00007b7e7c006be0
0x00007b7e98614e70:   00000000000000bb 0000000000000000
0x00007b7e98614e80:   00007b7e9088f7e1 00007b7e98614f08
0x00007b7e98614e90:   00007b7e98614ef8 00007b7ee9283400
0x00007b7e98614ea0:   00007b7ee92833c0 00000000ead89d30
0x00007b7e98614eb0:   00007b7e98614eb0 00007b7e9088f7e1
0x00007b7e98614ec0:   0000000000000002 00007b7e90892c20
0x00007b7e98614ed0:   0000000000000000 00000000c060f480
0x00007b7e98614ee0:   00007b7e9088f820 0000000000000000
0x00007b7e98614ef0:   00007b7e98614f08 00007b7e98614f58
0x00007b7e98614f00:   00007b7ee9272e80 00000000ead89d30
0x00007b7e98614f10:   00007b7e98614f10 00007b7e908899b1
0x00007b7e98614f20:   0000000000000002 00007b7e90894048
0x00007b7e98614f30:   0000000000000000 00000000c060f538
0x00007b7e98614f40:   00007b7e90889b00 00007b7e98614f08
0x00007b7e98614f50:   00007b7e98614f68 00007b7e98614fb8
0x00007b7e98614f60:   00007b7ee9272e80 00000000ead89d30
0x00007b7e98614f70:   00007b7e98614f70 00007b7e908847c9
0x00007b7e98614f80:   0000000000000002 00007b7e90896270
0x00007b7e98614f90:   0000000000000000 00000000c060f630
0x00007b7e98614fa0:   00007b7e90884848 00007b7e98614f68
0x00007b7e98614fb0:   00007b7e98614fc8 00007b7e98615018
0x00007b7e98614fc0:   00007b7ee9272e80 00000000ead89d30
0x00007b7e98614fd0:   00007b7e98614fd0 00007b7e908823e9
0x00007b7e98614fe0:   0000000000000002 00007b7e90896fa8
0x00007b7e98614ff0:   0000000000000000 00000000c060f6f0
0x00007b7e98615000:   00007b7e908823f8 00007b7e98614fc8
0x00007b7e98615010:   00007b7e98615028 00007b7e98615088
0x00007b7e98615020:   00007b7ee9272e80 00000000ead89d30
0x00007b7e98615030:   00000000ead89d30 00000000ead880f8
0x00007b7e98615040:   00007b7e98615040 00007b7e90857445
0x00007b7e98615050:   000000000000000b 00007b7e9085b4f0 

Instructions: (pc=0x00007b7ef92293ff)
0x00007b7ef92292ff:   48 83 ec 10 0f 29 45 d0 c7 87 44 04 00 00 06 00
0x00007b7ef922930f:   00 00 48 85 f6 74 25 4c 8b b7 28 03 00 00 49 89
0x00007b7ef922931f:   f4 49 63 06 41 3b 46 04 0f 84 7b 01 00 00 8d 50
0x00007b7ef922932f:   01 41 89 16 49 8b 56 08 4c 89 24 c2 4c 8d 75 d0
0x00007b7ef922933f:   48 89 da 44 89 ee 4c 89 f7 e8 63 58 d9 ff 4c 89
0x00007b7ef922934f:   f7 49 89 c4 e8 c8 67 f9 ff 48 83 7b 08 00 0f 84
0x00007b7ef922935f:   8d 00 00 00 4c 8b a3 98 01 00 00 49 8b 44 24 10
0x00007b7ef922936f:   48 83 38 00 74 0d 4c 89 e7 e8 a3 69 f9 ff 49 8b
0x00007b7ef922937f:   44 24 10 49 8b 54 24 08 48 89 42 10 49 8b 44 24
0x00007b7ef922938f:   08 49 8b 54 24 18 48 89 50 18 49 8b 44 24 08 49
0x00007b7ef922939f:   8b 54 24 20 48 89 50 20 83 bb c0 04 00 00 02 0f
0x00007b7ef92293af:   84 dc 00 00 00 48 8b 83 48 04 00 00 a8 01 0f 85
0x00007b7ef92293bf:   b5 00 00 00 8b 83 40 04 00 00 a8 0c 0f 85 97 00
0x00007b7ef92293cf:   00 00 c7 83 44 04 00 00 08 00 00 00 48 83 c4 10
0x00007b7ef92293df:   5b 41 5c 41 5d 41 5e 5d c3 0f 1f 84 00 00 00 00
0x00007b7ef92293ef:   00 49 8b 04 24 48 89 da be 01 00 00 00 4c 89 e7
0x00007b7ef92293ff:   ff 90 98 00 00 00 48 83 7b 08 00 0f 85 53 ff ff
0x00007b7ef922940f:   ff 49 8b 04 24 48 89 de 4c 89 e7 ff 90 b0 00 00
0x00007b7ef922941f:   00 48 83 7b 08 00 0f 85 38 ff ff ff 48 89 de 4c
0x00007b7ef922942f:   89 e7 e8 4a dc fd ff 48 83 7b 08 00 0f 85 22 ff
0x00007b7ef922943f:   ff ff 4c 8b a3 98 01 00 00 48 89 83 f0 03 00 00
0x00007b7ef922944f:   49 8b 44 24 10 48 83 38 00 0f 85 17 ff ff ff e9
0x00007b7ef922945f:   1f ff ff ff 0f 1f 44 00 00 48 89 df e8 a0 2d 02
0x00007b7ef922946f:   00 e9 5c ff ff ff 0f 1f 00 ba 01 00 00 00 be 01
0x00007b7ef922947f:   00 00 00 48 89 df e8 66 57 4b 00 e9 34 ff ff ff
0x00007b7ef922948f:   90 48 8d bb c0 04 00 00 e8 e4 58 58 00 e9 13 ff
0x00007b7ef922949f:   ff ff 0f 1f 80 00 00 00 00 8d 70 01 85 f6 7e 19
0x00007b7ef92294af:   85 c6 75 15 4c 89 f7 e8 55 cb 9d ff 49 63 06 e9
0x00007b7ef92294bf:   6a fe ff ff 0f 1f 44 00 00 0f bd f6 b9 20 00 00
0x00007b7ef92294cf:   00 83 f6 1f 29 f1 be 01 00 00 00 d3 e6 eb d5 66
0x00007b7ef92294df:   90 55 66 0f ef c0 48 89 e5 41 57 41 56 4c 8d 75
0x00007b7ef92294ef:   90 4c 8d bd 50 ff ff ff 41 55 41 54 53 48 89 fb 


Stack slot to memory mapping:

stack at sp + 0 slots: 0x00007b7e9088d9b0 is pointing into metadata
stack at sp + 1 slots: 0x00007b7e7c006be0 is a thread
stack at sp + 2 slots: 0x00000000000000bb is an unknown value
stack at sp + 3 slots: 0x0 is null
stack at sp + 4 slots: 0x00007b7e9088f7e1 is pointing into metadata
stack at sp + 5 slots: 0x00007b7e98614f08 is pointing into the stack for thread: 0x00007b7e7c006be0
stack at sp + 6 slots: 0x00007b7e98614ef8 is pointing into the stack for thread: 0x00007b7e7c006be0
stack at sp + 7 slots: 0x00007b7ee9283400 is at code_begin+352 in an Interpreter codelet
new  187 new  [0x00007b7ee92832a0, 0x00007b7ee9283468]  456 bytes


---------------  P R O C E S S  ---------------

Threads class SMR info:
_java_thread_list=0x00007b7e70506b50, length=26, elements={
0x00007b7ef402afb0, 0x00007b7ef40ae7f0, 0x00007b7ef40afd20, 0x00007b7ef40b1470,
0x00007b7ef40b2a70, 0x00007b7ef40b3fd0, 0x00007b7ef40b5ad0, 0x00007b7ef40b7150,
0x00007b7ef40d76e0, 0x00007b7ef41882f0, 0x00007b7ef42e3200, 0x00007b7ef415c280,
0x00005c3ebd623a70, 0x00007b7ef4361dd0, 0x00007b7e6037e3a0, 0x00007b7e6047a0d0,
0x00007b7e6041c030, 0x00007b7e780012e0, 0x00007b7e7c006be0, 0x00007b7e609f8a20,
0x00007b7ef4342420, 0x00007b7ef43db620, 0x00007b7ef43dc790, 0x00007b7e7c163de0,
0x00007b7e941fc3a0, 0x00007b7e8454ea90
}

Java Threads: ( => current thread )
  0x00007b7ef402afb0 JavaThread "main"                              [_thread_blocked, id=19942, stack(0x00007b7ef86d2000,0x00007b7ef87d3000) (1028K)]
  0x00007b7ef40ae7f0 JavaThread "Reference Handler"          daemon [_thread_blocked, id=19946, stack(0x00007b7ee0e26000,0x00007b7ee0f27000) (1028K)]
  0x00007b7ef40afd20 JavaThread "Finalizer"                  daemon [_thread_blocked, id=19947, stack(0x00007b7ee0d25000,0x00007b7ee0e26000) (1028K)]
  0x00007b7ef40b1470 JavaThread "Signal Dispatcher"          daemon [_thread_blocked, id=19948, stack(0x00007b7ee0c24000,0x00007b7ee0d25000) (1028K)]
  0x00007b7ef40b2a70 JavaThread "Service Thread"             daemon [_thread_blocked, id=19949, stack(0x00007b7ee0b23000,0x00007b7ee0c24000) (1028K)]
  0x00007b7ef40b3fd0 JavaThread "Monitor Deflation Thread"   daemon [_thread_blocked, id=19950, stack(0x00007b7ee0a22000,0x00007b7ee0b23000) (1028K)]
  0x00007b7ef40b5ad0 JavaThread "C2 CompilerThread0"         daemon [_thread_in_native, id=19951, stack(0x00007b7ee0921000,0x00007b7ee0a22000) (1028K)]
  0x00007b7ef40b7150 JavaThread "C1 CompilerThread0"         daemon [_thread_blocked, id=19952, stack(0x00007b7ee0820000,0x00007b7ee0921000) (1028K)]
  0x00007b7ef40d76e0 JavaThread "Common-Cleaner"             daemon [_thread_blocked, id=19953, stack(0x00007b7ee071f000,0x00007b7ee0820000) (1028K)]
  0x00007b7ef41882f0 JavaThread "Notification Thread"        daemon [_thread_blocked, id=19954, stack(0x00007b7ee05e3000,0x00007b7ee06e4000) (1028K)]
  0x00007b7ef42e3200 JavaThread "Active Thread: Equinox Container: 29e9fd99-1bd5-4bd7-a567-f186d3a71c42"        [_thread_blocked, id=19965, stack(0x00007b7ee03e1000,0x00007b7ee04e2000) (1028K)]
  0x00007b7ef415c280 JavaThread "Refresh Thread: Equinox Container: 29e9fd99-1bd5-4bd7-a567-f186d3a71c42" daemon [_thread_blocked, id=19966, stack(0x00007b7ee02e0000,0x00007b7ee03e1000) (1028K)]
  0x00005c3ebd623a70 JavaThread "Framework Event Dispatcher: Equinox Container: 29e9fd99-1bd5-4bd7-a567-f186d3a71c42" daemon [_thread_blocked, id=19967, stack(0x00007b7ee01df000,0x00007b7ee02e0000) (1028K)]
  0x00007b7ef4361dd0 JavaThread "Start Level: Equinox Container: 29e9fd99-1bd5-4bd7-a567-f186d3a71c42" daemon [_thread_blocked, id=19968, stack(0x00007b7ee00de000,0x00007b7ee01df000) (1028K)]
  0x00007b7e6037e3a0 JavaThread "Bundle File Closer"         daemon [_thread_blocked, id=19969, stack(0x00007b7e98eff000,0x00007b7e99000000) (1028K)]
  0x00007b7e6047a0d0 JavaThread "SCR Component Actor"        daemon [_thread_blocked, id=19970, stack(0x00007b7e98dfe000,0x00007b7e98eff000) (1028K)]
  0x00007b7e6041c030 JavaThread "Worker-JM"                         [_thread_blocked, id=19976, stack(0x00007b7e98bfc000,0x00007b7e98cfd000) (1028K)]
  0x00007b7e780012e0 JavaThread "Worker-2"                          [_thread_blocked, id=19983, stack(0x00007b7e988f9000,0x00007b7e989fa000) (1028K)]
=>0x00007b7e7c006be0 JavaThread "Worker-3: Periodic workspace save."        [_thread_in_vm, id=19984, stack(0x00007b7e98516000,0x00007b7e98617000) (1028K)]
  0x00007b7e609f8a20 JavaThread "Java indexing"              daemon [_thread_blocked, id=19986, stack(0x00007b7e98cfd000,0x00007b7e98dfe000) (1028K)]
  0x00007b7ef4342420 JavaThread "pool-2-thread-1"                   [_thread_blocked, id=19989, stack(0x00007b7e98314000,0x00007b7e98415000) (1028K)]
  0x00007b7ef43db620 JavaThread "WorkspaceEventsHandler"            [_thread_blocked, id=19990, stack(0x00007b7e98213000,0x00007b7e98314000) (1028K)]
  0x00007b7ef43dc790 JavaThread "pool-1-thread-1"                   [_thread_in_native, id=19991, stack(0x00007b7e98112000,0x00007b7e98213000) (1028K)]
  0x00007b7e7c163de0 JavaThread "Worker-8"                          [_thread_blocked, id=19997, stack(0x00007b7e5774a000,0x00007b7e5784b000) (1028K)]
  0x00007b7e941fc3a0 JavaThread "Compiler Class File Writer" daemon [_thread_blocked, id=20071, stack(0x00007b7e5715e000,0x00007b7e5725f000) (1028K)]
  0x00007b7e8454ea90 JavaThread "Attach Listener"            daemon [_thread_blocked, id=20199, stack(0x00007b7e55e4b000,0x00007b7e55f4c000) (1028K)]
Total: 26

Other Threads:
  0x00007b7ef40a50c0 VMThread "VM Thread"                           [id=19945, stack(0x00007b7ee120f000,0x00007b7ee130f000) (1024K)]
  0x00007b7ef4051150 WatcherThread "VM Periodic Task Thread"        [id=19944, stack(0x00007b7ee1916000,0x00007b7ee1a16000) (1024K)]
  0x00007b7ef4042320 WorkerThread "GC Thread#0"                     [id=19943, stack(0x00007b7ef8182000,0x00007b7ef8282000) (1024K)]
  0x00007b7e88000f50 WorkerThread "GC Thread#1"                     [id=19960, stack(0x00007b7ee04e3000,0x00007b7ee05e3000) (1024K)]
Total: 4

Threads with active compile tasks:
C2 CompilerThread0  337949 11694       4       jdk.internal.org.objectweb.asm.Frame::getAbstractTypeFromDescriptor (415 bytes)
Total: 1

VM state: not at safepoint (normal execution)

VM Mutex/Monitor currently owned by a thread: None

Heap address: 0x00000000c0000000, size: 1024 MB, Compressed Oops mode: 32-bit

CDS archive(s) mapped at: [0x00007b7e99000000-0x00007b7e99bb8000-0x00007b7e99bb8000), size 12288000, SharedBaseAddress: 0x00007b7e99000000, ArchiveRelocationMode: 1.
Compressed class space mapped at: 0x00007b7e9a000000-0x00007b7eda000000, reserved size: 1073741824
Narrow klass base: 0x00007b7e99000000, Narrow klass shift: 0, Narrow klass range: 0x100000000

GC Precious Log:
 CardTable entry size: 512
 CPUs: 2 total, 2 available
 Memory: 2835M
 Large Page Support: Disabled
 NUMA Support: Disabled
 Compressed Oops: Enabled (32-bit)
 Alignments: Space 512K, Generation 512K, Heap 2M
 Heap Min Capacity: 100M
 Heap Initial Capacity: 100M
 Heap Max Capacity: 1G
 Pre-touch: Disabled
 Parallel Workers: 2

Heap:
 PSYoungGen      total 5632K, used 3944K [0x00000000eab00000, 0x00000000eb300000, 0x0000000100000000)
  eden space 4096K, 63% used [0x00000000eab00000,0x00000000ead8a4e8,0x00000000eaf00000)
  from space 1536K, 87% used [0x00000000eb180000,0x00000000eb2cfe58,0x00000000eb300000)
  to   space 1536K, 0% used [0x00000000eb000000,0x00000000eb000000,0x00000000eb180000)
 ParOldGen       total 635392K, used 635169K [0x00000000c0000000, 0x00000000e6c80000, 0x00000000eab00000)
  object space 635392K, 99% used [0x00000000c0000000,0x00000000e6c48720,0x00000000e6c80000)
 Metaspace       used 63875K, committed 65344K, reserved 1114112K
  class space    used 6620K, committed 7232K, reserved 1048576K

Card table byte_map: [0x00007b7ef8282000,0x00007b7ef8483000] _byte_map_base: 0x00007b7ef7c82000

Marking Bits: (ParMarkBitMap*) 0x00007b7ef9e72080
 Begin Bits: [0x00007b7eda000000, 0x00007b7edb000000)
 End Bits:   [0x00007b7edb000000, 0x00007b7edc000000)

Polling page: 0x00007b7efa0a5000

Metaspace:

Usage:
  Non-class:     55.91 MB used.
      Class:      6.47 MB used.
       Both:     62.38 MB used.

Virtual space:
  Non-class space:       64.00 MB reserved,      56.75 MB ( 89%) committed,  1 nodes.
      Class space:        1.00 GB reserved,       7.06 MB ( <1%) committed,  1 nodes.
             Both:        1.06 GB reserved,      63.81 MB (  6%) committed. 

Chunk freelists:
   Non-Class:  6.47 MB
       Class:  8.81 MB
        Both:  15.28 MB

MaxMetaspaceSize: unlimited
CompressedClassSpaceSize: 1.00 GB
Initial GC threshold: 21.00 MB
Current GC threshold: 97.31 MB
CDS: on
 - commit_granule_bytes: 65536.
 - commit_granule_words: 8192.
 - virtual_space_node_default_size: 8388608.
 - enlarge_chunks_in_place: 1.
 - use_allocation_guard: 0.


Internal statistics:

num_allocs_failed_limit: 11.
num_arena_births: 1230.
num_arena_deaths: 18.
num_vsnodes_births: 2.
num_vsnodes_deaths: 0.
num_space_committed: 1021.
num_space_uncommitted: 0.
num_chunks_returned_to_freelist: 30.
num_chunks_taken_from_freelist: 4501.
num_chunk_merges: 14.
num_chunk_splits: 2618.
num_chunks_enlarged: 1271.
num_inconsistent_stats: 0.

CodeHeap 'non-profiled nmethods': size=120036Kb used=5161Kb max_used=5161Kb free=114874Kb
 bounds [0x00007b7ee97fa000, 0x00007b7ee9d0a000, 0x00007b7ef0d33000]
CodeHeap 'profiled nmethods': size=120032Kb used=20720Kb max_used=20720Kb free=99311Kb
 bounds [0x00007b7ee1d33000, 0x00007b7ee3173000, 0x00007b7ee926b000]
CodeHeap 'non-nmethods': size=5692Kb used=1418Kb max_used=1481Kb free=4273Kb
 bounds [0x00007b7ee926b000, 0x00007b7ee94db000, 0x00007b7ee97fa000]
 total_blobs=10749 nmethods=10005 adapters=651
 compilation: enabled
              stopped_count=0, restarted_count=0
 full_count=0

Compilation events (20 events):
Event: 322.033 Thread 0x00007b7ef40b7150 11677   !   3       org.eclipse.jdt.internal.core.index.Index::getMetaIndexQualifications (152 bytes)
Event: 322.037 Thread 0x00007b7ef40b5ad0 11678   !   4       org.eclipse.jdt.internal.core.index.Index::query (203 bytes)
Event: 322.047 Thread 0x00007b7ef40b7150 nmethod 11677 0x00007b7ee315f510 code [0x00007b7ee315f800, 0x00007b7ee3160b68]
Event: 322.150 Thread 0x00007b7ef40b5ad0 nmethod 11678 0x00007b7ee9cfba90 code [0x00007b7ee9cfbc60, 0x00007b7ee9cfc158]
Event: 322.151 Thread 0x00007b7ef40b5ad0 11679 %     4       org.eclipse.jdt.internal.core.index.DiskIndex::addQueryResults @ 97 (739 bytes)
Event: 322.220 Thread 0x00007b7ef40b7150 11681   !   3       java.io.FileInputStream::close (69 bytes)
Event: 322.221 Thread 0x00007b7ef40b7150 nmethod 11681 0x00007b7ee3161690 code [0x00007b7ee3161880, 0x00007b7ee3161d70]
Event: 322.478 Thread 0x00007b7ef40b5ad0 nmethod 11679% 0x00007b7ee9cfc890 code [0x00007b7ee9cfcb60, 0x00007b7ee9cfdf40]
Event: 330.409 Thread 0x00007b7ef40b7150 11682       3       java.util.HashMap$Node::setValue (12 bytes)
Event: 330.410 Thread 0x00007b7ef40b7150 nmethod 11682 0x00007b7ee3161f10 code [0x00007b7ee31620a0, 0x00007b7ee31621c0]
Event: 330.412 Thread 0x00007b7ef40b7150 11683       3       org.eclipse.core.internal.utils.StringPool::add (50 bytes)
Event: 330.414 Thread 0x00007b7ef40b7150 nmethod 11683 0x00007b7ee3162290 code [0x00007b7ee3162460, 0x00007b7ee3162928]
Event: 337.562 Thread 0x00007b7ef40b5ad0 11684       4       jdk.internal.org.objectweb.asm.SymbolTable::put (150 bytes)
Event: 337.565 Thread 0x00007b7ef40b7150 11686       3       java.lang.invoke.MethodHandles::argumentsWithCombinerChecks (197 bytes)
Event: 337.576 Thread 0x00007b7ef40b7150 nmethod 11686 0x00007b7ee3162b10 code [0x00007b7ee3162f40, 0x00007b7ee31647a8]
Event: 337.576 Thread 0x00007b7ef40b7150 11695       3       java.lang.invoke.InvokerBytecodeGenerator::clinit (351 bytes)
Event: 337.584 Thread 0x00007b7ef40b7150 nmethod 11695 0x00007b7ee3165290 code [0x00007b7ee3165780, 0x00007b7ee3167a88]
Event: 337.584 Thread 0x00007b7ef40b7150 11688       3       java.lang.invoke.InvokerBytecodeGenerator::loadMethod (39 bytes)
Event: 337.586 Thread 0x00007b7ef40b7150 nmethod 11688 0x00007b7ee3168490 code [0x00007b7ee3168680, 0x00007b7ee3168978]
Event: 337.586 Thread 0x00007b7ef40b7150 11689       3       java.lang.invoke.InvokerBytecodeGenerator::classDataValues (260 bytes)

GC Heap History (20 events):
Event: 319.313 GC heap before
{Heap before GC invocations=680 (full 3):
 PSYoungGen      total 9216K, used 9184K [0x00000000eab00000, 0x00000000eb700000, 0x0000000100000000)
  eden space 8704K, 100% used [0x00000000eab00000,0x00000000eb380000,0x00000000eb380000)
  from space 512K, 93% used [0x00000000eb680000,0x00000000eb6f8000,0x00000000eb700000)
  to   space 1024K, 0% used [0x00000000eb500000,0x00000000eb500000,0x00000000eb600000)
 ParOldGen       total 616960K, used 616810K [0x00000000c0000000, 0x00000000e5a80000, 0x00000000eab00000)
  object space 616960K, 99% used [0x00000000c0000000,0x00000000e5a5aac8,0x00000000e5a80000)
 Metaspace       used 63787K, committed 65216K, reserved 1114112K
  class space    used 6614K, committed 7168K, reserved 1048576K
}
Event: 319.344 GC heap after
{Heap after GC invocations=680 (full 3):
 PSYoungGen      total 9728K, used 1024K [0x00000000eab00000, 0x00000000eb700000, 0x0000000100000000)
  eden space 8704K, 0% used [0x00000000eab00000,0x00000000eab00000,0x00000000eb380000)
  from space 1024K, 100% used [0x00000000eb500000,0x00000000eb600000,0x00000000eb600000)
  to   space 1024K, 0% used [0x00000000eb600000,0x00000000eb600000,0x00000000eb700000)
 ParOldGen       total 617472K, used 616995K [0x00000000c0000000, 0x00000000e5b00000, 0x00000000eab00000)
  object space 617472K, 99% used [0x00000000c0000000,0x00000000e5a88c20,0x00000000e5b00000)
 Metaspace       used 63787K, committed 65216K, reserved 1114112K
  class space    used 6614K, committed 7168K, reserved 1048576K
}
Event: 319.588 GC heap before
{Heap before GC invocations=681 (full 3):
 PSYoungGen      total 9728K, used 9728K [0x00000000eab00000, 0x00000000eb700000, 0x0000000100000000)
  eden space 8704K, 100% used [0x00000000eab00000,0x00000000eb380000,0x00000000eb380000)
  from space 1024K, 100% used [0x00000000eb500000,0x00000000eb600000,0x00000000eb600000)
  to   space 1024K, 0% used [0x00000000eb600000,0x00000000eb600000,0x00000000eb700000)
 ParOldGen       total 617472K, used 616995K [0x00000000c0000000, 0x00000000e5b00000, 0x00000000eab00000)
  object space 617472K, 99% used [0x00000000c0000000,0x00000000e5a88c20,0x00000000e5b00000)
 Metaspace       used 63788K, committed 65216K, reserved 1114112K
  class space    used 6614K, committed 7168K, reserved 1048576K
}
Event: 319.616 GC heap after
{Heap after GC invocations=681 (full 3):
 PSYoungGen      total 9728K, used 1008K [0x00000000eab00000, 0x00000000eb700000, 0x0000000100000000)
  eden space 8704K, 0% used [0x00000000eab00000,0x00000000eab00000,0x00000000eb380000)
  from space 1024K, 98% used [0x00000000eb600000,0x00000000eb6fc270,0x00000000eb700000)
  to   space 1536K, 0% used [0x00000000eb400000,0x00000000eb400000,0x00000000eb580000)
 ParOldGen       total 617472K, used 617219K [0x00000000c0000000, 0x00000000e5b00000, 0x00000000eab00000)
  object space 617472K, 99% used [0x00000000c0000000,0x00000000e5ac0c20,0x00000000e5b00000)
 Metaspace       used 63788K, committed 65216K, reserved 1114112K
  class space    used 6614K, committed 7168K, reserved 1048576K
}
Event: 319.976 GC heap before
{Heap before GC invocations=682 (full 3):
 PSYoungGen      total 9728K, used 9712K [0x00000000eab00000, 0x00000000eb700000, 0x0000000100000000)
  eden space 8704K, 100% used [0x00000000eab00000,0x00000000eb380000,0x00000000eb380000)
  from space 1024K, 98% used [0x00000000eb600000,0x00000000eb6fc270,0x00000000eb700000)
  to   space 1536K, 0% used [0x00000000eb400000,0x00000000eb400000,0x00000000eb580000)
 ParOldGen       total 617472K, used 617219K [0x00000000c0000000, 0x00000000e5b00000, 0x00000000eab00000)
  object space 617472K, 99% used [0x00000000c0000000,0x00000000e5ac0c20,0x00000000e5b00000)
 Metaspace       used 63796K, committed 65216K, reserved 1114112K
  class space    used 6614K, committed 7168K, reserved 1048576K
}
Event: 320.074 GC heap after
{Heap after GC invocations=682 (full 3):
 PSYoungGen      total 10240K, used 1511K [0x00000000eab00000, 0x00000000eba80000, 0x0000000100000000)
  eden space 8704K, 0% used [0x00000000eab00000,0x00000000eab00000,0x00000000eb380000)
  from space 1536K, 98% used [0x00000000eb400000,0x00000000eb579e58,0x00000000eb580000)
  to   space 3584K, 0% used [0x00000000eb700000,0x00000000eb700000,0x00000000eba80000)
 ParOldGen       total 619008K, used 618867K [0x00000000c0000000, 0x00000000e5c80000, 0x00000000eab00000)
  object space 619008K, 99% used [0x00000000c0000000,0x00000000e5c5cc20,0x00000000e5c80000)
 Metaspace       used 63796K, committed 65216K, reserved 1114112K
  class space    used 6614K, committed 7168K, reserved 1048576K
}
Event: 320.518 GC heap before
{Heap before GC invocations=683 (full 3):
 PSYoungGen      total 10240K, used 10215K [0x00000000eab00000, 0x00000000eba80000, 0x0000000100000000)
  eden space 8704K, 100% used [0x00000000eab00000,0x00000000eb380000,0x00000000eb380000)
  from space 1536K, 98% used [0x00000000eb400000,0x00000000eb579e58,0x00000000eb580000)
  to   space 3584K, 0% used [0x00000000eb700000,0x00000000eb700000,0x00000000eba80000)
 ParOldGen       total 619008K, used 618867K [0x00000000c0000000, 0x00000000e5c80000, 0x00000000eab00000)
  object space 619008K, 99% used [0x00000000c0000000,0x00000000e5c5cc20,0x00000000e5c80000)
 Metaspace       used 63799K, committed 65216K, reserved 1114112K
  class space    used 6614K, committed 7168K, reserved 1048576K
}
Event: 320.704 GC heap after
{Heap after GC invocations=683 (full 3):
 PSYoungGen      total 5120K, used 3562K [0x00000000eab00000, 0x00000000ec880000, 0x0000000100000000)
  eden space 1536K, 0% used [0x00000000eab00000,0x00000000eab00000,0x00000000eac80000)
  from space 3584K, 99% used [0x00000000eb700000,0x00000000eba7ab80,0x00000000eba80000)
  to   space 10752K, 0% used [0x00000000eac80000,0x00000000eac80000,0x00000000eb700000)
 ParOldGen       total 625152K, used 624834K [0x00000000c0000000, 0x00000000e6280000, 0x00000000eab00000)
  object space 625152K, 99% used [0x00000000c0000000,0x00000000e6230800,0x00000000e6280000)
 Metaspace       used 63799K, committed 65216K, reserved 1114112K
  class space    used 6614K, committed 7168K, reserved 1048576K
}
Event: 320.769 GC heap before
{Heap before GC invocations=684 (full 3):
 PSYoungGen      total 5120K, used 5098K [0x00000000eab00000, 0x00000000ec880000, 0x0000000100000000)
  eden space 1536K, 100% used [0x00000000eab00000,0x00000000eac80000,0x00000000eac80000)
  from space 3584K, 99% used [0x00000000eb700000,0x00000000eba7ab80,0x00000000eba80000)
  to   space 10752K, 0% used [0x00000000eac80000,0x00000000eac80000,0x00000000eb700000)
 ParOldGen       total 625152K, used 624834K [0x00000000c0000000, 0x00000000e6280000, 0x00000000eab00000)
  object space 625152K, 99% used [0x00000000c0000000,0x00000000e6230800,0x00000000e6280000)
 Metaspace       used 63813K, committed 65216K, reserved 1114112K
  class space    used 6614K, committed 7168K, reserved 1048576K
}
Event: 320.863 GC heap after
{Heap after GC invocations=684 (full 3):
 PSYoungGen      total 3072K, used 1526K [0x00000000eab00000, 0x00000000eb780000, 0x0000000100000000)
  eden space 1536K, 0% used [0x00000000eab00000,0x00000000eab00000,0x00000000eac80000)
  from space 1536K, 99% used [0x00000000eac80000,0x00000000eadfd920,0x00000000eae00000)
  to   space 4608K, 0% used [0x00000000eb300000,0x00000000eb300000,0x00000000eb780000)
 ParOldGen       total 628224K, used 628195K [0x00000000c0000000, 0x00000000e6580000, 0x00000000eab00000)
  object space 628224K, 99% used [0x00000000c0000000,0x00000000e6578f00,0x00000000e6580000)
 Metaspace       used 63813K, committed 65216K, reserved 1114112K
  class space    used 6614K, committed 7168K, reserved 1048576K
}
Event: 320.887 GC heap before
{Heap before GC invocations=685 (full 3):
 PSYoungGen      total 3072K, used 3062K [0x00000000eab00000, 0x00000000eb780000, 0x0000000100000000)
  eden space 1536K, 100% used [0x00000000eab00000,0x00000000eac80000,0x00000000eac80000)
  from space 1536K, 99% used [0x00000000eac80000,0x00000000eadfd920,0x00000000eae00000)
  to   space 4608K, 0% used [0x00000000eb300000,0x00000000eb300000,0x00000000eb780000)
 ParOldGen       total 628224K, used 628195K [0x00000000c0000000, 0x00000000e6580000, 0x00000000eab00000)
  object space 628224K, 99% used [0x00000000c0000000,0x00000000e6578f00,0x00000000e6580000)
 Metaspace       used 63813K, committed 65216K, reserved 1114112K
  class space    used 6614K, committed 7168K, reserved 1048576K
}
Event: 320.931 GC heap after
{Heap after GC invocations=685 (full 3):
 PSYoungGen      total 3584K, used 1517K [0x00000000eab00000, 0x00000000eb480000, 0x0000000100000000)
  eden space 2048K, 0% used [0x00000000eab00000,0x00000000eab00000,0x00000000ead00000)
  from space 1536K, 98% used [0x00000000eb300000,0x00000000eb47b7a8,0x00000000eb480000)
  to   space 2048K, 0% used [0x00000000eb080000,0x00000000eb080000,0x00000000eb280000)
 ParOldGen       total 628736K, used 628651K [0x00000000c0000000, 0x00000000e6600000, 0x00000000eab00000)
  object space 628736K, 99% used [0x00000000c0000000,0x00000000e65eaf00,0x00000000e6600000)
 Metaspace       used 63813K, committed 65216K, reserved 1114112K
  class space    used 6614K, committed 7168K, reserved 1048576K
}
Event: 320.994 GC heap before
{Heap before GC invocations=686 (full 3):
 PSYoungGen      total 3584K, used 3565K [0x00000000eab00000, 0x00000000eb480000, 0x0000000100000000)
  eden space 2048K, 100% used [0x00000000eab00000,0x00000000ead00000,0x00000000ead00000)
  from space 1536K, 98% used [0x00000000eb300000,0x00000000eb47b7a8,0x00000000eb480000)
  to   space 2048K, 0% used [0x00000000eb080000,0x00000000eb080000,0x00000000eb280000)
 ParOldGen       total 628736K, used 628651K [0x00000000c0000000, 0x00000000e6600000, 0x00000000eab00000)
  object space 628736K, 99% used [0x00000000c0000000,0x00000000e65eaf00,0x00000000e6600000)
 Metaspace       used 63814K, committed 65216K, reserved 1114112K
  class space    used 6614K, committed 7168K, reserved 1048576K
}
Event: 321.031 GC heap after
{Heap after GC invocations=686 (full 3):
 PSYoungGen      total 4608K, used 2048K [0x00000000eab00000, 0x00000000eb380000, 0x0000000100000000)
  eden space 2560K, 0% used [0x00000000eab00000,0x00000000eab00000,0x00000000ead80000)
  from space 2048K, 100% used [0x00000000eb080000,0x00000000eb280000,0x00000000eb280000)
  to   space 1024K, 0% used [0x00000000eb280000,0x00000000eb280000,0x00000000eb380000)
 ParOldGen       total 630272K, used 630177K [0x00000000c0000000, 0x00000000e6780000, 0x00000000eab00000)
  object space 630272K, 99% used [0x00000000c0000000,0x00000000e67686a8,0x00000000e6780000)
 Metaspace       used 63814K, committed 65216K, reserved 1114112K
  class space    used 6614K, committed 7168K, reserved 1048576K
}
Event: 321.117 GC heap before
{Heap before GC invocations=687 (full 3):
 PSYoungGen      total 4608K, used 4351K [0x00000000eab00000, 0x00000000eb380000, 0x0000000100000000)
  eden space 2560K, 89% used [0x00000000eab00000,0x00000000ead3ff18,0x00000000ead80000)
  from space 2048K, 100% used [0x00000000eb080000,0x00000000eb280000,0x00000000eb280000)
  to   space 1024K, 0% used [0x00000000eb280000,0x00000000eb280000,0x00000000eb380000)
 ParOldGen       total 630272K, used 630177K [0x00000000c0000000, 0x00000000e6780000, 0x00000000eab00000)
  object space 630272K, 99% used [0x00000000c0000000,0x00000000e67686a8,0x00000000e6780000)
 Metaspace       used 63818K, committed 65216K, reserved 1114112K
  class space    used 6614K, committed 7168K, reserved 1048576K
}
Event: 321.338 GC heap after
{Heap after GC invocations=687 (full 3):
 PSYoungGen      total 4096K, used 1020K [0x00000000eab00000, 0x00000000eb700000, 0x0000000100000000)
  eden space 3072K, 0% used [0x00000000eab00000,0x00000000eab00000,0x00000000eae00000)
  from space 1024K, 99% used [0x00000000eb280000,0x00000000eb37f328,0x00000000eb380000)
  to   space 4608K, 0% used [0x00000000eae00000,0x00000000eae00000,0x00000000eb280000)
 ParOldGen       total 633344K, used 633157K [0x00000000c0000000, 0x00000000e6a80000, 0x00000000eab00000)
  object space 633344K, 99% used [0x00000000c0000000,0x00000000e6a51778,0x00000000e6a80000)
 Metaspace       used 63818K, committed 65216K, reserved 1114112K
  class space    used 6614K, committed 7168K, reserved 1048576K
}
Event: 321.974 GC heap before
{Heap before GC invocations=688 (full 3):
 PSYoungGen      total 4096K, used 4092K [0x00000000eab00000, 0x00000000eb700000, 0x0000000100000000)
  eden space 3072K, 100% used [0x00000000eab00000,0x00000000eae00000,0x00000000eae00000)
  from space 1024K, 99% used [0x00000000eb280000,0x00000000eb37f328,0x00000000eb380000)
  to   space 4608K, 0% used [0x00000000eae00000,0x00000000eae00000,0x00000000eb280000)
 ParOldGen       total 633344K, used 633157K [0x00000000c0000000, 0x00000000e6a80000, 0x00000000eab00000)
  object space 633344K, 99% used [0x00000000c0000000,0x00000000e6a51778,0x00000000e6a80000)
 Metaspace       used 63826K, committed 65216K, reserved 1114112K
  class space    used 6614K, committed 7168K, reserved 1048576K
}
Event: 322.024 GC heap after
{Heap after GC invocations=688 (full 3):
 PSYoungGen      total 4608K, used 1305K [0x00000000eab00000, 0x00000000eb400000, 0x0000000100000000)
  eden space 3072K, 0% used [0x00000000eab00000,0x00000000eab00000,0x00000000eae00000)
  from space 1536K, 84% used [0x00000000eae00000,0x00000000eaf46440,0x00000000eaf80000)
  to   space 2560K, 0% used [0x00000000eb180000,0x00000000eb180000,0x00000000eb400000)
 ParOldGen       total 634368K, used 633888K [0x00000000c0000000, 0x00000000e6b80000, 0x00000000eab00000)
  object space 634368K, 99% used [0x00000000c0000000,0x00000000e6b082e0,0x00000000e6b80000)
 Metaspace       used 63826K, committed 65216K, reserved 1114112K
  class space    used 6614K, committed 7168K, reserved 1048576K
}
Event: 322.106 GC heap before
{Heap before GC invocations=689 (full 3):
 PSYoungGen      total 4608K, used 4377K [0x00000000eab00000, 0x00000000eb400000, 0x0000000100000000)
  eden space 3072K, 100% used [0x00000000eab00000,0x00000000eae00000,0x00000000eae00000)
  from space 1536K, 84% used [0x00000000eae00000,0x00000000eaf46440,0x00000000eaf80000)
  to   space 2560K, 0% used [0x00000000eb180000,0x00000000eb180000,0x00000000eb400000)
 ParOldGen       total 634368K, used 633888K [0x00000000c0000000, 0x00000000e6b80000, 0x00000000eab00000)
  object space 634368K, 99% used [0x00000000c0000000,0x00000000e6b082e0,0x00000000e6b80000)
 Metaspace       used 63826K, committed 65216K, reserved 1114112K
  class space    used 6614K, committed 7168K, reserved 1048576K
}
Event: 322.149 GC heap after
{Heap after GC invocations=689 (full 3):
 PSYoungGen      total 5632K, used 1343K [0x00000000eab00000, 0x00000000eb300000, 0x0000000100000000)
  eden space 4096K, 0% used [0x00000000eab00000,0x00000000eab00000,0x00000000eaf00000)
  from space 1536K, 87% used [0x00000000eb180000,0x00000000eb2cfe58,0x00000000eb300000)
  to   space 1536K, 0% used [0x00000000eb000000,0x00000000eb000000,0x00000000eb180000)
 ParOldGen       total 635392K, used 635169K [0x00000000c0000000, 0x00000000e6c80000, 0x00000000eab00000)
  object space 635392K, 99% used [0x00000000c0000000,0x00000000e6c48720,0x00000000e6c80000)
 Metaspace       used 63826K, committed 65216K, reserved 1114112K
  class space    used 6614K, committed 7168K, reserved 1048576K
}

Dll operation events (9 events):
Event: 0.024 Loaded shared library /home/willsonic3/.vscode/extensions/redhat.java-1.39.0-linux-x64/jre/21.0.5-linux-x86_64/lib/libjava.so
Event: 0.343 Loaded shared library /home/willsonic3/.vscode/extensions/redhat.java-1.39.0-linux-x64/jre/21.0.5-linux-x86_64/lib/libzip.so
Event: 0.533 Loaded shared library /home/willsonic3/.vscode/extensions/redhat.java-1.39.0-linux-x64/jre/21.0.5-linux-x86_64/lib/libinstrument.so
Event: 0.550 Loaded shared library /home/willsonic3/.vscode/extensions/redhat.java-1.39.0-linux-x64/jre/21.0.5-linux-x86_64/lib/libnio.so
Event: 0.605 Loaded shared library /home/willsonic3/.vscode/extensions/redhat.java-1.39.0-linux-x64/jre/21.0.5-linux-x86_64/lib/libzip.so
Event: 0.778 Loaded shared library /home/willsonic3/.vscode/extensions/redhat.java-1.39.0-linux-x64/jre/21.0.5-linux-x86_64/lib/libjimage.so
Event: 1.659 Loaded shared library /home/willsonic3/.vscode/extensions/redhat.java-1.39.0-linux-x64/jre/21.0.5-linux-x86_64/lib/libverify.so
Event: 8.029 Loaded shared library /home/willsonic3/.vscode/extensions/redhat.java-1.39.0-linux-x64/jre/21.0.5-linux-x86_64/lib/libnet.so
Event: 13.128 Loading shared library /home/willsonic3/.config/Code/User/globalStorage/redhat.java/1.39.0/config_linux/org.eclipse.equinox.launcher/org.eclipse.equinox.launcher.gtk.linux.x86_64_1.2.1300.v20241223-1657/eclipse_11906.so failed, /lib/x86_64-linux-gnu/libc.

Deoptimization events (20 events):
Event: 320.291 Thread 0x00007b7e609f8a20 DEOPT PACKING pc=0x00007b7ee30d37ae sp=0x00007b7e98dfc3b0
Event: 320.291 Thread 0x00007b7e609f8a20 DEOPT UNPACKING pc=0x00007b7ee92beb10 sp=0x00007b7e98dfb898 mode 0
Event: 320.293 Thread 0x00007b7e609f8a20 DEOPT PACKING pc=0x00007b7ee30d37ae sp=0x00007b7e98dfc3b0
Event: 320.293 Thread 0x00007b7e609f8a20 DEOPT UNPACKING pc=0x00007b7ee92beb10 sp=0x00007b7e98dfb898 mode 0
Event: 320.295 Thread 0x00007b7e609f8a20 DEOPT PACKING pc=0x00007b7ee30d37ae sp=0x00007b7e98dfc3b0
Event: 320.295 Thread 0x00007b7e609f8a20 DEOPT UNPACKING pc=0x00007b7ee92beb10 sp=0x00007b7e98dfb898 mode 0
Event: 320.329 Thread 0x00007b7e609f8a20 DEOPT PACKING pc=0x00007b7ee30d37ae sp=0x00007b7e98dfc3b0
Event: 320.329 Thread 0x00007b7e609f8a20 DEOPT UNPACKING pc=0x00007b7ee92beb10 sp=0x00007b7e98dfb898 mode 0
Event: 320.341 Thread 0x00007b7e609f8a20 DEOPT PACKING pc=0x00007b7ee30d37ae sp=0x00007b7e98dfc3b0
Event: 320.341 Thread 0x00007b7e609f8a20 DEOPT UNPACKING pc=0x00007b7ee92beb10 sp=0x00007b7e98dfb898 mode 0
Event: 320.344 Thread 0x00007b7e609f8a20 DEOPT PACKING pc=0x00007b7ee30d37ae sp=0x00007b7e98dfc3b0
Event: 320.344 Thread 0x00007b7e609f8a20 DEOPT UNPACKING pc=0x00007b7ee92beb10 sp=0x00007b7e98dfb898 mode 0
Event: 320.346 Thread 0x00007b7e609f8a20 DEOPT PACKING pc=0x00007b7ee30d37ae sp=0x00007b7e98dfc3b0
Event: 320.346 Thread 0x00007b7e609f8a20 DEOPT UNPACKING pc=0x00007b7ee92beb10 sp=0x00007b7e98dfb898 mode 0
Event: 320.349 Thread 0x00007b7e609f8a20 DEOPT PACKING pc=0x00007b7ee30d37ae sp=0x00007b7e98dfc3b0
Event: 320.349 Thread 0x00007b7e609f8a20 DEOPT UNPACKING pc=0x00007b7ee92beb10 sp=0x00007b7e98dfb898 mode 0
Event: 322.036 Thread 0x00007b7e609f8a20 DEOPT PACKING pc=0x00007b7ee3140bb0 sp=0x00007b7e98dfc560
Event: 322.036 Thread 0x00007b7e609f8a20 DEOPT UNPACKING pc=0x00007b7ee92beb10 sp=0x00007b7e98dfba50 mode 0
Event: 322.153 Thread 0x00007b7e609f8a20 DEOPT PACKING pc=0x00007b7ee3140bb0 sp=0x00007b7e98dfc5e0
Event: 322.153 Thread 0x00007b7e609f8a20 DEOPT UNPACKING pc=0x00007b7ee92beb10 sp=0x00007b7e98dfbad0 mode 0

Classes loaded (20 events):
Event: 105.935 Loading class java/lang/invoke/MethodHandleImpl$CountingWrapper$1
Event: 105.935 Loading class java/lang/invoke/MethodHandleImpl$CountingWrapper$1 done
Event: 122.954 Loading class java/util/stream/ReferencePipeline$4
Event: 122.968 Loading class java/util/stream/IntPipeline$StatelessOp
Event: 122.968 Loading class java/util/stream/IntPipeline
Event: 122.970 Loading class java/util/stream/IntStream
Event: 122.985 Loading class java/util/stream/IntStream done
Event: 122.985 Loading class java/util/stream/IntPipeline done
Event: 122.985 Loading class java/util/stream/IntPipeline$StatelessOp done
Event: 122.985 Loading class java/util/stream/ReferencePipeline$4 done
Event: 123.002 Loading class java/util/stream/Nodes$IntFixedNodeBuilder
Event: 123.003 Loading class java/util/stream/Node$Builder$OfInt
Event: 123.010 Loading class java/util/stream/Sink$OfInt
Event: 123.011 Loading class java/util/stream/Sink$OfInt done
Event: 123.011 Loading class java/util/stream/Node$Builder$OfInt done
Event: 123.011 Loading class java/util/stream/Nodes$IntArrayNode
Event: 123.011 Loading class java/util/stream/Nodes$IntArrayNode done
Event: 123.011 Loading class java/util/stream/Nodes$IntFixedNodeBuilder done
Event: 123.012 Loading class java/util/stream/ReferencePipeline$4$1
Event: 123.012 Loading class java/util/stream/ReferencePipeline$4$1 done

Classes unloaded (9 events):
Event: 36.305 Thread 0x00007b7ef40a50c0 Unloading class 0x00007b7e9a198c00 'java/lang/invoke/LambdaForm$MH+0x00007b7e9a198c00'
Event: 36.305 Thread 0x00007b7ef40a50c0 Unloading class 0x00007b7e9a198800 'java/lang/invoke/LambdaForm$MH+0x00007b7e9a198800'
Event: 36.305 Thread 0x00007b7ef40a50c0 Unloading class 0x00007b7e9a198400 'java/lang/invoke/LambdaForm$MH+0x00007b7e9a198400'
Event: 36.305 Thread 0x00007b7ef40a50c0 Unloading class 0x00007b7e9a198000 'java/lang/invoke/LambdaForm$MH+0x00007b7e9a198000'
Event: 36.305 Thread 0x00007b7ef40a50c0 Unloading class 0x00007b7e9a197c00 'java/lang/invoke/LambdaForm$BMH+0x00007b7e9a197c00'
Event: 36.305 Thread 0x00007b7ef40a50c0 Unloading class 0x00007b7e9a197800 'java/lang/invoke/LambdaForm$DMH+0x00007b7e9a197800'
Event: 36.305 Thread 0x00007b7ef40a50c0 Unloading class 0x00007b7e9a196400 'java/lang/invoke/LambdaForm$DMH+0x00007b7e9a196400'
Event: 96.756 Thread 0x00007b7ef40a50c0 Unloading class 0x00007b7e9a654800 'java/lang/invoke/LambdaForm$DMH+0x00007b7e9a654800'
Event: 96.756 Thread 0x00007b7ef40a50c0 Unloading class 0x00007b7e9a654000 'java/lang/invoke/LambdaForm$DMH+0x00007b7e9a654000'

Classes redefined (0 events):
No events

Internal exceptions (20 events):
Event: 232.625 Thread 0x00007b7e609f8a20 Exception <a 'sun/nio/fs/UnixException'{0x00000000eb4c2408}> (0x00000000eb4c2408) 
thrown [src/hotspot/share/prims/jni.cpp, line 520]
Event: 233.511 Thread 0x00007b7e609f8a20 Exception <a 'sun/nio/fs/UnixException'{0x00000000eab302c8}> (0x00000000eab302c8) 
thrown [src/hotspot/share/prims/jni.cpp, line 520]
Event: 233.651 Thread 0x00007b7e7c163de0 Exception <a 'sun/nio/fs/UnixException'{0x00000000eac29a98}> (0x00000000eac29a98) 
thrown [src/hotspot/share/prims/jni.cpp, line 520]
Event: 233.672 Thread 0x00007b7e7c163de0 Exception <a 'sun/nio/fs/UnixException'{0x00000000eac2b290}> (0x00000000eac2b290) 
thrown [src/hotspot/share/prims/jni.cpp, line 520]
Event: 305.108 Thread 0x00007b7e609f8a20 Exception <a 'sun/nio/fs/UnixException'{0x00000000ead79798}> (0x00000000ead79798) 
thrown [src/hotspot/share/prims/jni.cpp, line 520]
Event: 305.532 Thread 0x00007b7e609f8a20 Exception <a 'sun/nio/fs/UnixException'{0x00000000eab072f0}> (0x00000000eab072f0) 
thrown [src/hotspot/share/prims/jni.cpp, line 520]
Event: 309.829 Thread 0x00007b7e609f8a20 Exception <a 'sun/nio/fs/UnixException'{0x00000000eb017800}> (0x00000000eb017800) 
thrown [src/hotspot/share/prims/jni.cpp, line 520]
Event: 309.860 Thread 0x00007b7e609f8a20 Exception <a 'sun/nio/fs/UnixException'{0x00000000eb01ef78}> (0x00000000eb01ef78) 
thrown [src/hotspot/share/prims/jni.cpp, line 520]
Event: 310.054 Thread 0x00007b7e609f8a20 Exception <a 'sun/nio/fs/UnixException'{0x00000000ead4e7d0}> (0x00000000ead4e7d0) 
thrown [src/hotspot/share/prims/jni.cpp, line 520]
Event: 310.083 Thread 0x00007b7e609f8a20 Exception <a 'sun/nio/fs/UnixException'{0x00000000ead560f8}> (0x00000000ead560f8) 
thrown [src/hotspot/share/prims/jni.cpp, line 520]
Event: 315.260 Thread 0x00007b7e609f8a20 Exception <a 'sun/nio/fs/UnixException'{0x00000000eacda2e8}> (0x00000000eacda2e8) 
thrown [src/hotspot/share/prims/jni.cpp, line 520]
Event: 315.276 Thread 0x00007b7e609f8a20 Exception <a 'sun/nio/fs/UnixException'{0x00000000eace1c50}> (0x00000000eace1c50) 
thrown [src/hotspot/share/prims/jni.cpp, line 520]
Event: 316.896 Thread 0x00007b7e609f8a20 Exception <a 'sun/nio/fs/UnixException'{0x00000000eb0ed4b0}> (0x00000000eb0ed4b0) 
thrown [src/hotspot/share/prims/jni.cpp, line 520]
Event: 318.848 Thread 0x00007b7e609f8a20 Exception <a 'sun/nio/fs/UnixException'{0x00000000eb10b268}> (0x00000000eb10b268) 
thrown [src/hotspot/share/prims/jni.cpp, line 520]
Event: 318.882 Thread 0x00007b7e609f8a20 Exception <a 'sun/nio/fs/UnixException'{0x00000000eb16c030}> (0x00000000eb16c030) 
thrown [src/hotspot/share/prims/jni.cpp, line 520]
Event: 319.013 Thread 0x00007b7e609f8a20 Exception <a 'sun/nio/fs/UnixException'{0x00000000eac2d6e8}> (0x00000000eac2d6e8) 
thrown [src/hotspot/share/prims/jni.cpp, line 520]
Event: 319.046 Thread 0x00007b7e609f8a20 Exception <a 'sun/nio/fs/UnixException'{0x00000000eac50188}> (0x00000000eac50188) 
thrown [src/hotspot/share/prims/jni.cpp, line 520]
Event: 319.434 Thread 0x00007b7e609f8a20 Exception <a 'sun/nio/fs/UnixException'{0x00000000eac68338}> (0x00000000eac68338) 
thrown [src/hotspot/share/prims/jni.cpp, line 520]
Event: 319.642 Thread 0x00007b7e609f8a20 Exception <a 'sun/nio/fs/UnixException'{0x00000000eab46070}> (0x00000000eab46070) 
thrown [src/hotspot/share/prims/jni.cpp, line 520]
Event: 319.831 Thread 0x00007b7e609f8a20 Exception <a 'sun/nio/fs/UnixException'{0x00000000eab5f070}> (0x00000000eab5f070) 
thrown [src/hotspot/share/prims/jni.cpp, line 520]

ZGC Phase Switch (0 events):
No events

VM Operations (20 events):
Event: 319.976 Executing VM operation: ParallelGCFailedAllocation (Allocation Failure)
Event: 320.074 Executing VM operation: ParallelGCFailedAllocation (Allocation Failure) done
Event: 320.518 Executing VM operation: ParallelGCFailedAllocation (Allocation Failure)
Event: 320.704 Executing VM operation: ParallelGCFailedAllocation (Allocation Failure) done
Event: 320.769 Executing VM operation: ParallelGCFailedAllocation (Allocation Failure)
Event: 320.863 Executing VM operation: ParallelGCFailedAllocation (Allocation Failure) done
Event: 320.887 Executing VM operation: ParallelGCFailedAllocation (Allocation Failure)
Event: 320.931 Executing VM operation: ParallelGCFailedAllocation (Allocation Failure) done
Event: 320.994 Executing VM operation: ParallelGCFailedAllocation (Allocation Failure)
Event: 321.031 Executing VM operation: ParallelGCFailedAllocation (Allocation Failure) done
Event: 321.090 Executing VM operation: ParallelGCFailedAllocation (Allocation Failure)
Event: 321.339 Executing VM operation: ParallelGCFailedAllocation (Allocation Failure) done
Event: 321.974 Executing VM operation: ParallelGCFailedAllocation (Allocation Failure)
Event: 322.024 Executing VM operation: ParallelGCFailedAllocation (Allocation Failure) done
Event: 322.106 Executing VM operation: ParallelGCFailedAllocation (Allocation Failure)
Event: 322.149 Executing VM operation: ParallelGCFailedAllocation (Allocation Failure) done
Event: 323.154 Executing VM operation: Cleanup
Event: 323.154 Executing VM operation: Cleanup done
Event: 331.156 Executing VM operation: Cleanup
Event: 331.156 Executing VM operation: Cleanup done

Memory protections (20 events):
Event: 96.084 Protecting memory [0x00007b7e55e4b000,0x00007b7e55e4f000] with protection modes 0
Event: 101.592 Protecting memory [0x00007b7e5624f000,0x00007b7e56253000] with protection modes 0
Event: 102.166 Protecting memory [0x00007b7e56552000,0x00007b7e56556000] with protection modes 0
Event: 102.551 Protecting memory [0x00007b7e55f4c000,0x00007b7e55f50000] with protection modes 0
Event: 102.589 Protecting memory [0x00007b7e55e4b000,0x00007b7e55e4f000] with protection modes 0
Event: 103.283 Protecting memory [0x00007b7e56552000,0x00007b7e56556000] with protection modes 0
Event: 103.310 Protecting memory [0x00007b7e55f4c000,0x00007b7e55f50000] with protection modes 0
Event: 103.463 Protecting memory [0x00007b7e5604d000,0x00007b7e56051000] with protection modes 0
Event: 103.497 Protecting memory [0x00007b7e55f4c000,0x00007b7e55f50000] with protection modes 0
Event: 103.798 Protecting memory [0x00007b7e5624f000,0x00007b7e56253000] with protection modes 0
Event: 103.811 Protecting memory [0x00007b7e56653000,0x00007b7e56657000] with protection modes 0
Event: 104.513 Protecting memory [0x00007b7e55f4c000,0x00007b7e55f50000] with protection modes 0
Event: 104.523 Protecting memory [0x00007b7e5624f000,0x00007b7e56253000] with protection modes 0
Event: 104.978 Protecting memory [0x00007b7e5624f000,0x00007b7e56253000] with protection modes 0
Event: 115.875 Protecting memory [0x00007b7e5624f000,0x00007b7e56253000] with protection modes 0
Event: 122.269 Protecting memory [0x00007b7e55e4b000,0x00007b7e55e4f000] with protection modes 0
Event: 127.402 Protecting memory [0x00007b7e56552000,0x00007b7e56556000] with protection modes 0
Event: 189.351 Protecting memory [0x00007b7e57360000,0x00007b7e57364000] with protection modes 0
Event: 233.530 Protecting memory [0x00007b7e57360000,0x00007b7e57364000] with protection modes 0
Event: 233.533 Protecting memory [0x00007b7e989fa000,0x00007b7e989fe000] with protection modes 0

Nmethod flushes (20 events):
Event: 96.866 Thread 0x00007b7ef40a50c0 flushing  nmethod 0x00007b7ee25e6c10
Event: 96.866 Thread 0x00007b7ef40a50c0 flushing  nmethod 0x00007b7ee25eac90
Event: 96.866 Thread 0x00007b7ef40a50c0 flushing  nmethod 0x00007b7ee2603990
Event: 96.866 Thread 0x00007b7ef40a50c0 flushing  nmethod 0x00007b7ee260f110
Event: 96.866 Thread 0x00007b7ef40a50c0 flushing  nmethod 0x00007b7ee2622990
Event: 96.866 Thread 0x00007b7ef40a50c0 flushing  nmethod 0x00007b7ee263a490
Event: 96.866 Thread 0x00007b7ef40a50c0 flushing  nmethod 0x00007b7ee263ad10
Event: 96.866 Thread 0x00007b7ef40a50c0 flushing  nmethod 0x00007b7ee263b910
Event: 96.866 Thread 0x00007b7ef40a50c0 flushing  nmethod 0x00007b7ee263bd10
Event: 96.866 Thread 0x00007b7ef40a50c0 flushing  nmethod 0x00007b7ee263c290
Event: 96.866 Thread 0x00007b7ef40a50c0 flushing  nmethod 0x00007b7ee263c810
Event: 96.866 Thread 0x00007b7ef40a50c0 flushing  nmethod 0x00007b7ee263d710
Event: 96.866 Thread 0x00007b7ef40a50c0 flushing  nmethod 0x00007b7ee263dc90
Event: 96.866 Thread 0x00007b7ef40a50c0 flushing  nmethod 0x00007b7ee263e210
Event: 96.866 Thread 0x00007b7ef40a50c0 flushing  nmethod 0x00007b7ee263ea90
Event: 96.866 Thread 0x00007b7ef40a50c0 flushing  nmethod 0x00007b7ee263ee10
Event: 96.866 Thread 0x00007b7ef40a50c0 flushing  nmethod 0x00007b7ee2644510
Event: 96.866 Thread 0x00007b7ef40a50c0 flushing  nmethod 0x00007b7ee2644890
Event: 96.866 Thread 0x00007b7ef40a50c0 flushing  nmethod 0x00007b7ee265a410
Event: 96.866 Thread 0x00007b7ef40a50c0 flushing  nmethod 0x00007b7ee266c910

Events (20 events):
Event: 122.269 Thread 0x00007b7ef40b1470 Thread added: 0x00007b7e8454ea90
Event: 127.402 Thread 0x00007b7ef43dc790 Thread added: 0x00007b7e6406c250
Event: 127.977 Thread 0x00007b7e6406c250 Thread exited: 0x00007b7e6406c250
Event: 128.502 Thread 0x00007b7e940c5f60 Thread exited: 0x00007b7e940c5f60
Event: 128.964 Thread 0x00007b7e640b5fe0 Thread exited: 0x00007b7e640b5fe0
Event: 161.808 Thread 0x00007b7e941c7170 Thread exited: 0x00007b7e941c7170
Event: 175.419 Thread 0x00007b7e8c00cfa0 Thread exited: 0x00007b7e8c00cfa0
Event: 175.471 Thread 0x00007b7e6027ad40 Thread exited: 0x00007b7e6027ad40
Event: 175.866 Thread 0x00007b7e940011b0 Thread exited: 0x00007b7e940011b0
Event: 175.885 Thread 0x00007b7e78074450 Thread exited: 0x00007b7e78074450
Event: 179.574 Thread 0x00007b7e80001980 Thread exited: 0x00007b7e80001980
Event: 179.611 Thread 0x00007b7e7c163160 Thread exited: 0x00007b7e7c163160
Event: 179.612 Thread 0x00007b7e60289900 Thread exited: 0x00007b7e60289900
Event: 188.502 Thread 0x00007b7e6800a9e0 Thread exited: 0x00007b7e6800a9e0
Event: 189.350 Thread 0x00007b7ef43dc790 Thread added: 0x00007b7e6406c250
Event: 189.921 Thread 0x00007b7e6406c250 Thread exited: 0x00007b7e6406c250
Event: 233.529 Thread 0x00007b7e780012e0 Thread added: 0x00007b7e8459e770
Event: 233.532 Thread 0x00007b7e7c163de0 Thread added: 0x00007b7e6c0a7ff0
Event: 293.623 Thread 0x00007b7e6c0a7ff0 Thread exited: 0x00007b7e6c0a7ff0
Event: 293.720 Thread 0x00007b7e8459e770 Thread exited: 0x00007b7e8459e770


Dynamic libraries:
c0000000-e6c80000 rw-p 00000000 00:00 0 
e6c80000-eab00000 ---p 00000000 00:00 0 
eab00000-eb300000 rw-p 00000000 00:00 0 
eb300000-100000000 ---p 00000000 00:00 0 
5c3ebb7dd000-5c3ebb7de000 r-xp 00000000 00:2a 62033                      /home/willsonic3/.vscode/extensions/redhat.java-1.39.0-linux-x64/jre/21.0.5-linux-x86_64/bin/java
5c3ebb7df000-5c3ebb7e0000 r--p 00001000 00:2a 62033                      /home/willsonic3/.vscode/extensions/redhat.java-1.39.0-linux-x64/jre/21.0.5-linux-x86_64/bin/java
5c3ebb7e0000-5c3ebb7e1000 rw-p 00002000 00:2a 62033                      /home/willsonic3/.vscode/extensions/redhat.java-1.39.0-linux-x64/jre/21.0.5-linux-x86_64/bin/java
5c3ebd5f2000-5c3ebd65e000 rw-p 00000000 00:00 0                          [heap]
7b7e55b6b000-7b7e55e4b000 rw-p 00000000 00:00 0 
7b7e55e4b000-7b7e55e4f000 ---p 00000000 00:00 0 
7b7e55e4f000-7b7e55f4c000 rw-p 00000000 00:00 0 
7b7e55f4c000-7b7e55f50000 ---p 00000000 00:00 0 
7b7e55f50000-7b7e5604d000 rw-p 00000000 00:00 0 
7b7e5604d000-7b7e56051000 ---p 00000000 00:00 0 
7b7e56051000-7b7e5614e000 rw-p 00000000 00:00 0 
7b7e5614e000-7b7e56152000 ---p 00000000 00:00 0 
7b7e56152000-7b7e5624f000 rw-p 00000000 00:00 0 
7b7e5624f000-7b7e56253000 ---p 00000000 00:00 0 
7b7e56253000-7b7e56350000 rw-p 00000000 00:00 0 
7b7e56350000-7b7e56354000 ---p 00000000 00:00 0 
7b7e56354000-7b7e56451000 rw-p 00000000 00:00 0 
7b7e56451000-7b7e56455000 ---p 00000000 00:00 0 
7b7e56455000-7b7e56552000 rw-p 00000000 00:00 0 
7b7e56552000-7b7e56556000 ---p 00000000 00:00 0 
7b7e56556000-7b7e56653000 rw-p 00000000 00:00 0 
7b7e56653000-7b7e56657000 ---p 00000000 00:00 0 
7b7e56657000-7b7e56754000 rw-p 00000000 00:00 0 
7b7e56754000-7b7e56758000 ---p 00000000 00:00 0 
7b7e56758000-7b7e56855000 rw-p 00000000 00:00 0 
7b7e56855000-7b7e56859000 ---p 00000000 00:00 0 
7b7e56859000-7b7e56956000 rw-p 00000000 00:00 0 
7b7e56956000-7b7e5695a000 ---p 00000000 00:00 0 
7b7e5695a000-7b7e56a57000 rw-p 00000000 00:00 0 
7b7e56a57000-7b7e56a5b000 ---p 00000000 00:00 0 
7b7e56a5b000-7b7e56b58000 rw-p 00000000 00:00 0 
7b7e56b58000-7b7e56b5c000 ---p 00000000 00:00 0 
7b7e56b5c000-7b7e56c59000 rw-p 00000000 00:00 0 
7b7e56c59000-7b7e56c5d000 ---p 00000000 00:00 0 
7b7e56c5d000-7b7e56d5a000 rw-p 00000000 00:00 0 
7b7e56d5a000-7b7e56d5e000 ---p 00000000 00:00 0 
7b7e56d5e000-7b7e56e5b000 rw-p 00000000 00:00 0 
7b7e56e5b000-7b7e56e5f000 ---p 00000000 00:00 0 
7b7e56e5f000-7b7e56f5c000 rw-p 00000000 00:00 0 
7b7e56f5c000-7b7e56f60000 ---p 00000000 00:00 0 
7b7e56f60000-7b7e5705d000 rw-p 00000000 00:00 0 
7b7e5705d000-7b7e57061000 ---p 00000000 00:00 0 
7b7e57061000-7b7e5715e000 rw-p 00000000 00:00 0 
7b7e5715e000-7b7e57162000 ---p 00000000 00:00 0 
7b7e57162000-7b7e5725f000 rw-p 00000000 00:00 0 
7b7e5725f000-7b7e57263000 ---p 00000000 00:00 0 
7b7e57263000-7b7e57360000 rw-p 00000000 00:00 0 
7b7e57360000-7b7e57364000 ---p 00000000 00:00 0 
7b7e57364000-7b7e57461000 rw-p 00000000 00:00 0 
7b7e57461000-7b7e57465000 ---p 00000000 00:00 0 
7b7e57465000-7b7e57562000 rw-p 00000000 00:00 0 
7b7e5774a000-7b7e5774e000 ---p 00000000 00:00 0 
7b7e5774e000-7b7e5784b000 rw-p 00000000 00:00 0 
7b7e5784b000-7b7e60000000 r--s 00000000 00:2a 87410                      /usr/lib/jvm/jdk-23.0.2-oracle-x64/lib/modules
7b7e60000000-7b7e60a81000 rw-p 00000000 00:00 0 
7b7e60a81000-7b7e64000000 ---p 00000000 00:00 0 
7b7e64000000-7b7e640da000 rw-p 00000000 00:00 0 
7b7e640da000-7b7e68000000 ---p 00000000 00:00 0 
7b7e68000000-7b7e68021000 rw-p 00000000 00:00 0 
7b7e68021000-7b7e6c000000 ---p 00000000 00:00 0 
7b7e6c000000-7b7e6c0c8000 rw-p 00000000 00:00 0 
7b7e6c0c8000-7b7e70000000 ---p 00000000 00:00 0 
7b7e70000000-7b7e72bd4000 rw-p 00000000 00:00 0 
7b7e72bd4000-7b7e74000000 ---p 00000000 00:00 0 
7b7e74000000-7b7e74bce000 rw-p 00000000 00:00 0 
7b7e74bce000-7b7e78000000 ---p 00000000 00:00 0 
7b7e78000000-7b7e781be000 rw-p 00000000 00:00 0 
7b7e781be000-7b7e7c000000 ---p 00000000 00:00 0 
7b7e7c000000-7b7e7c174000 rw-p 00000000 00:00 0 
7b7e7c174000-7b7e80000000 ---p 00000000 00:00 0 
7b7e80000000-7b7e8028c000 rw-p 00000000 00:00 0 
7b7e8028c000-7b7e84000000 ---p 00000000 00:00 0 
7b7e84000000-7b7e845fa000 rw-p 00000000 00:00 0 
7b7e845fa000-7b7e88000000 ---p 00000000 00:00 0 
7b7e88000000-7b7e880d6000 rw-p 00000000 00:00 0 
7b7e880d6000-7b7e8c000000 ---p 00000000 00:00 0 
7b7e8c000000-7b7e8c0fb000 rw-p 00000000 00:00 0 
7b7e8c0fb000-7b7e90000000 ---p 00000000 00:00 0 
7b7e90000000-7b7e90400000 rw-p 00000000 00:00 0 
7b7e90400000-7b7e907e0000 rw-p 00000000 00:00 0 
7b7e907e0000-7b7e90900000 rw-p 00000000 00:00 0 
7b7e90900000-7b7e90b00000 rw-p 00000000 00:00 0 
7b7e90b00000-7b7e90c00000 rw-p 00000000 00:00 0 
7b7e90c00000-7b7e91180000 rw-p 00000000 00:00 0 
7b7e91180000-7b7e91200000 rw-p 00000000 00:00 0 
7b7e91200000-7b7e91700000 rw-p 00000000 00:00 0 
7b7e91700000-7b7e91e00000 rw-p 00000000 00:00 0 
7b7e91e00000-7b7e921c0000 rw-p 00000000 00:00 0 
7b7e921c0000-7b7e92200000 rw-p 00000000 00:00 0 
7b7e92200000-7b7e92500000 rw-p 00000000 00:00 0 
7b7e92500000-7b7e92600000 rw-p 00000000 00:00 0 
7b7e92600000-7b7e93700000 rw-p 00000000 00:00 0 
7b7e93700000-7b7e93730000 rw-p 00000000 00:00 0 
7b7e93730000-7b7e93800000 ---p 00000000 00:00 0 
7b7e93800000-7b7e93990000 rw-p 00000000 00:00 0 
7b7e93990000-7b7e94000000 ---p 00000000 00:00 0 
7b7e94000000-7b7e9438f000 rw-p 00000000 00:00 0 
7b7e9438f000-7b7e98000000 ---p 00000000 00:00 0 
7b7e98011000-7b7e98015000 ---p 00000000 00:00 0 
7b7e98015000-7b7e98112000 rw-p 00000000 00:00 0 
7b7e98112000-7b7e98116000 ---p 00000000 00:00 0 
7b7e98116000-7b7e98213000 rw-p 00000000 00:00 0 
7b7e98213000-7b7e98217000 ---p 00000000 00:00 0 
7b7e98217000-7b7e98314000 rw-p 00000000 00:00 0 
7b7e98314000-7b7e98318000 ---p 00000000 00:00 0 
7b7e98318000-7b7e98415000 rw-p 00000000 00:00 0 
7b7e98415000-7b7e98419000 ---p 00000000 00:00 0 
7b7e98419000-7b7e98516000 rw-p 00000000 00:00 0 
7b7e98516000-7b7e9851a000 ---p 00000000 00:00 0 
7b7e9851a000-7b7e98617000 rw-p 00000000 00:00 0 
7b7e986f7000-7b7e986fb000 ---p 00000000 00:00 0 
7b7e986fb000-7b7e987f8000 rw-p 00000000 00:00 0 
7b7e987f8000-7b7e987fc000 ---p 00000000 00:00 0 
7b7e987fc000-7b7e988f9000 rw-p 00000000 00:00 0 
7b7e988f9000-7b7e988fd000 ---p 00000000 00:00 0 
7b7e988fd000-7b7e989fa000 rw-p 00000000 00:00 0 
7b7e989fa000-7b7e989fe000 ---p 00000000 00:00 0 
7b7e989fe000-7b7e98afb000 rw-p 00000000 00:00 0 
7b7e98afb000-7b7e98aff000 ---p 00000000 00:00 0 
7b7e98aff000-7b7e98bfc000 rw-p 00000000 00:00 0 
7b7e98bfc000-7b7e98c00000 ---p 00000000 00:00 0 
7b7e98c00000-7b7e98cfd000 rw-p 00000000 00:00 0 
7b7e98cfd000-7b7e98d01000 ---p 00000000 00:00 0 
7b7e98d01000-7b7e98dfe000 rw-p 00000000 00:00 0 
7b7e98dfe000-7b7e98e02000 ---p 00000000 00:00 0 
7b7e98e02000-7b7e98eff000 rw-p 00000000 00:00 0 
7b7e98eff000-7b7e98f03000 ---p 00000000 00:00 0 
7b7e98f03000-7b7e99000000 rw-p 00000000 00:00 0 
7b7e99000000-7b7e99bb8000 rw-p 00001000 00:2a 65996                      /home/willsonic3/.vscode/extensions/redhat.java-1.39.0-linux-x64/jre/21.0.5-linux-x86_64/lib/server/classes.jsa
7b7e99bb8000-7b7e9a000000 ---p 00000000 00:00 0 
7b7e9a000000-7b7e9a040000 rw-p 00000000 00:00 0 
7b7e9a040000-7b7e9a0c0000 rw-p 00000000 00:00 0 
7b7e9a0c0000-7b7e9a100000 rw-p 00000000 00:00 0 
7b7e9a100000-7b7e9a240000 rw-p 00000000 00:00 0 
7b7e9a240000-7b7e9a280000 rw-p 00000000 00:00 0 
7b7e9a280000-7b7e9a540000 rw-p 00000000 00:00 0 
7b7e9a540000-7b7e9a550000 rw-p 00000000 00:00 0 
7b7e9a550000-7b7e9a580000 ---p 00000000 00:00 0 
7b7e9a580000-7b7e9a740000 rw-p 00000000 00:00 0 
7b7e9a740000-7b7eda000000 ---p 00000000 00:00 0 
7b7eda000000-7b7edc000000 rw-p 00000000 00:00 0 
7b7edc000000-7b7edc04c000 rw-p 00000000 00:00 0 
7b7edc04c000-7b7ee0000000 ---p 00000000 00:00 0 
7b7ee00de000-7b7ee00e2000 ---p 00000000 00:00 0 
7b7ee00e2000-7b7ee01df000 rw-p 00000000 00:00 0 
7b7ee01df000-7b7ee01e3000 ---p 00000000 00:00 0 
7b7ee01e3000-7b7ee02e0000 rw-p 00000000 00:00 0 
7b7ee02e0000-7b7ee02e4000 ---p 00000000 00:00 0 
7b7ee02e4000-7b7ee03e1000 rw-p 00000000 00:00 0 
7b7ee03e1000-7b7ee03e5000 ---p 00000000 00:00 0 
7b7ee03e5000-7b7ee04e2000 rw-p 00000000 00:00 0 
7b7ee04e2000-7b7ee04e3000 ---p 00000000 00:00 0 
7b7ee04e3000-7b7ee05e3000 rw-p 00000000 00:00 0 
7b7ee05e3000-7b7ee05e7000 ---p 00000000 00:00 0 
7b7ee05e7000-7b7ee06e4000 rw-p 00000000 00:00 0 
7b7ee06e4000-7b7ee06f1000 r-xp 00000000 00:2a 63831                      /home/willsonic3/.vscode/extensions/redhat.java-1.39.0-linux-x64/jre/21.0.5-linux-x86_64/lib/libverify.so
7b7ee06f1000-7b7ee06f3000 r--p 0000c000 00:2a 63831                      /home/willsonic3/.vscode/extensions/redhat.java-1.39.0-linux-x64/jre/21.0.5-linux-x86_64/lib/libverify.so
7b7ee06f3000-7b7ee06f4000 rw-p 0000e000 00:2a 63831                      /home/willsonic3/.vscode/extensions/redhat.java-1.39.0-linux-x64/jre/21.0.5-linux-x86_64/lib/libverify.so
7b7ee06f4000-7b7ee0700000 r-xp 00000000 00:2a 63806                      /home/willsonic3/.vscode/extensions/redhat.java-1.39.0-linux-x64/jre/21.0.5-linux-x86_64/lib/libnet.so
7b7ee0700000-7b7ee0701000 r--p 0000b000 00:2a 63806                      /home/willsonic3/.vscode/extensions/redhat.java-1.39.0-linux-x64/jre/21.0.5-linux-x86_64/lib/libnet.so
7b7ee0701000-7b7ee0702000 rw-p 0000c000 00:2a 63806                      /home/willsonic3/.vscode/extensions/redhat.java-1.39.0-linux-x64/jre/21.0.5-linux-x86_64/lib/libnet.so
7b7ee0702000-7b7ee071d000 r-xp 00000000 00:2a 63834                      /home/willsonic3/.vscode/extensions/redhat.java-1.39.0-linux-x64/jre/21.0.5-linux-x86_64/lib/libzip.so
7b7ee071d000-7b7ee071e000 r--p 0001a000 00:2a 63834                      /home/willsonic3/.vscode/extensions/redhat.java-1.39.0-linux-x64/jre/21.0.5-linux-x86_64/lib/libzip.so
7b7ee071e000-7b7ee071f000 rw-p 0001b000 00:2a 63834                      /home/willsonic3/.vscode/extensions/redhat.java-1.39.0-linux-x64/jre/21.0.5-linux-x86_64/lib/libzip.so
7b7ee071f000-7b7ee0723000 ---p 00000000 00:00 0 
7b7ee0723000-7b7ee0820000 rw-p 00000000 00:00 0 
7b7ee0820000-7b7ee0824000 ---p 00000000 00:00 0 
7b7ee0824000-7b7ee0921000 rw-p 00000000 00:00 0 
7b7ee0921000-7b7ee0925000 ---p 00000000 00:00 0 
7b7ee0925000-7b7ee0a22000 rw-p 00000000 00:00 0 
7b7ee0a22000-7b7ee0a26000 ---p 00000000 00:00 0 
7b7ee0a26000-7b7ee0b23000 rw-p 00000000 00:00 0 
7b7ee0b23000-7b7ee0b27000 ---p 00000000 00:00 0 
7b7ee0b27000-7b7ee0c24000 rw-p 00000000 00:00 0 
7b7ee0c24000-7b7ee0c28000 ---p 00000000 00:00 0 
7b7ee0c28000-7b7ee0d25000 rw-p 00000000 00:00 0 
7b7ee0d25000-7b7ee0d29000 ---p 00000000 00:00 0 
7b7ee0d29000-7b7ee0e26000 rw-p 00000000 00:00 0 
7b7ee0e26000-7b7ee0e2a000 ---p 00000000 00:00 0 
7b7ee0e2a000-7b7ee0f27000 rw-p 00000000 00:00 0 
7b7ee0f27000-7b7ee120e000 r--p 00000000 00:2a 2162                       /usr/lib/locale/locale-archive
7b7ee120e000-7b7ee120f000 ---p 00000000 00:00 0 
7b7ee120f000-7b7ee1915000 rw-p 00000000 00:00 0 
7b7ee1915000-7b7ee1916000 ---p 00000000 00:00 0 
7b7ee1916000-7b7ee1d33000 rw-p 00000000 00:00 0 
7b7ee1d33000-7b7ee3173000 rwxp 00000000 00:00 0 
7b7ee3173000-7b7ee926b000 ---p 00000000 00:00 0 
7b7ee926b000-7b7ee94db000 rwxp 00000000 00:00 0 
7b7ee94db000-7b7ee97fa000 ---p 00000000 00:00 0 
7b7ee97fa000-7b7ee9d0a000 rwxp 00000000 00:00 0 
7b7ee9d0a000-7b7ef0d33000 ---p 00000000 00:00 0 
7b7ef0d33000-7b7ef4000000 r--s 00000000 00:2a 63838                      /home/willsonic3/.vscode/extensions/redhat.java-1.39.0-linux-x64/jre/21.0.5-linux-x86_64/lib/modules
7b7ef4000000-7b7ef4412000 rw-p 00000000 00:00 0 
7b7ef4412000-7b7ef8000000 ---p 00000000 00:00 0 
7b7ef8001000-7b7ef8015000 r-xp 00000000 00:2a 63808                      /home/willsonic3/.vscode/extensions/redhat.java-1.39.0-linux-x64/jre/21.0.5-linux-x86_64/lib/libnio.so
7b7ef8015000-7b7ef8016000 r--p 00013000 00:2a 63808                      /home/willsonic3/.vscode/extensions/redhat.java-1.39.0-linux-x64/jre/21.0.5-linux-x86_64/lib/libnio.so
7b7ef8016000-7b7ef8017000 rw-p 00014000 00:2a 63808                      /home/willsonic3/.vscode/extensions/redhat.java-1.39.0-linux-x64/jre/21.0.5-linux-x86_64/lib/libnio.so
7b7ef8017000-7b7ef8162000 rw-p 00000000 00:00 0 
7b7ef8162000-7b7ef8181000 ---p 00000000 00:00 0 
7b7ef8181000-7b7ef8182000 ---p 00000000 00:00 0 
7b7ef8182000-7b7ef83b9000 rw-p 00000000 00:00 0 
7b7ef83b9000-7b7ef83d7000 ---p 00000000 00:00 0 
7b7ef83d7000-7b7ef83dc000 rw-p 00000000 00:00 0 
7b7ef83dc000-7b7ef8483000 ---p 00000000 00:00 0 
7b7ef8483000-7b7ef848e000 rw-p 00000000 00:00 0 
7b7ef848e000-7b7ef856e000 ---p 00000000 00:00 0 
7b7ef856e000-7b7ef8597000 rw-p 00000000 00:00 0 
7b7ef8597000-7b7ef8659000 ---p 00000000 00:00 0 
7b7ef8659000-7b7ef865e000 rw-p 00000000 00:00 0 
7b7ef865e000-7b7ef8665000 ---p 00000000 00:00 0 
7b7ef8665000-7b7ef8668000 r--p 00000000 00:2a 102437                     /usr/lib/x86_64-linux-gnu/libnss_files-2.31.so
7b7ef8668000-7b7ef866f000 r-xp 00003000 00:2a 102437                     /usr/lib/x86_64-linux-gnu/libnss_files-2.31.so
7b7ef866f000-7b7ef8671000 r--p 0000a000 00:2a 102437                     /usr/lib/x86_64-linux-gnu/libnss_files-2.31.so
7b7ef8671000-7b7ef8672000 r--p 0000b000 00:2a 102437                     /usr/lib/x86_64-linux-gnu/libnss_files-2.31.so
7b7ef8672000-7b7ef8673000 rw-p 0000c000 00:2a 102437                     /usr/lib/x86_64-linux-gnu/libnss_files-2.31.so
7b7ef8673000-7b7ef8679000 rw-p 00000000 00:00 0 
7b7ef867a000-7b7ef8682000 rw-s 00000000 00:2a 146394                     /tmp/hsperfdata_willsonic3/19941
7b7ef8682000-7b7ef86a2000 r-xp 00000000 00:2a 63741                      /home/willsonic3/.vscode/extensions/redhat.java-1.39.0-linux-x64/jre/21.0.5-linux-x86_64/lib/libjava.so
7b7ef86a2000-7b7ef86a3000 ---p 00020000 00:2a 63741                      /home/willsonic3/.vscode/extensions/redhat.java-1.39.0-linux-x64/jre/21.0.5-linux-x86_64/lib/libjava.so
7b7ef86a3000-7b7ef86a4000 r--p 00020000 00:2a 63741                      /home/willsonic3/.vscode/extensions/redhat.java-1.39.0-linux-x64/jre/21.0.5-linux-x86_64/lib/libjava.so
7b7ef86a4000-7b7ef86a5000 rw-p 00021000 00:2a 63741                      /home/willsonic3/.vscode/extensions/redhat.java-1.39.0-linux-x64/jre/21.0.5-linux-x86_64/lib/libjava.so
7b7ef86a5000-7b7ef86a6000 rw-p 00000000 00:00 0 
7b7ef86a6000-7b7ef86b0000 r-xp 00000000 00:2a 63719                      /home/willsonic3/.vscode/extensions/redhat.java-1.39.0-linux-x64/jre/21.0.5-linux-x86_64/lib/libinstrument.so
7b7ef86b0000-7b7ef86b1000 ---p 0000a000 00:2a 63719                      /home/willsonic3/.vscode/extensions/redhat.java-1.39.0-linux-x64/jre/21.0.5-linux-x86_64/lib/libinstrument.so
7b7ef86b1000-7b7ef86b2000 r--p 0000a000 00:2a 63719                      /home/willsonic3/.vscode/extensions/redhat.java-1.39.0-linux-x64/jre/21.0.5-linux-x86_64/lib/libinstrument.so
7b7ef86b2000-7b7ef86b3000 rw-p 0000b000 00:2a 63719                      /home/willsonic3/.vscode/extensions/redhat.java-1.39.0-linux-x64/jre/21.0.5-linux-x86_64/lib/libinstrument.so
7b7ef86b3000-7b7ef86ce000 r-xp 00000000 00:2a 63762                      /home/willsonic3/.vscode/extensions/redhat.java-1.39.0-linux-x64/jre/21.0.5-linux-x86_64/lib/libjimage.so
7b7ef86ce000-7b7ef86cf000 ---p 0001b000 00:2a 63762                      /home/willsonic3/.vscode/extensions/redhat.java-1.39.0-linux-x64/jre/21.0.5-linux-x86_64/lib/libjimage.so
7b7ef86cf000-7b7ef86d1000 r--p 0001b000 00:2a 63762                      /home/willsonic3/.vscode/extensions/redhat.java-1.39.0-linux-x64/jre/21.0.5-linux-x86_64/lib/libjimage.so
7b7ef86d1000-7b7ef86d2000 rw-p 0001d000 00:2a 63762                      /home/willsonic3/.vscode/extensions/redhat.java-1.39.0-linux-x64/jre/21.0.5-linux-x86_64/lib/libjimage.so
7b7ef86d2000-7b7ef86d6000 ---p 00000000 00:00 0 
7b7ef86d6000-7b7ef87d3000 rw-p 00000000 00:00 0 
7b7ef87d3000-7b7ef87e0000 r--p 00000000 00:2a 102431                     /usr/lib/x86_64-linux-gnu/libm-2.31.so
7b7ef87e0000-7b7ef887a000 r-xp 0000d000 00:2a 102431                     /usr/lib/x86_64-linux-gnu/libm-2.31.so
7b7ef887a000-7b7ef8915000 r--p 000a7000 00:2a 102431                     /usr/lib/x86_64-linux-gnu/libm-2.31.so
7b7ef8915000-7b7ef8916000 r--p 00141000 00:2a 102431                     /usr/lib/x86_64-linux-gnu/libm-2.31.so
7b7ef8916000-7b7ef8917000 rw-p 00142000 00:2a 102431                     /usr/lib/x86_64-linux-gnu/libm-2.31.so
7b7ef8917000-7b7ef8919000 r--p 00000000 00:2a 102442                     /usr/lib/x86_64-linux-gnu/librt-2.31.so
7b7ef8919000-7b7ef891d000 r-xp 00002000 00:2a 102442                     /usr/lib/x86_64-linux-gnu/librt-2.31.so
7b7ef891d000-7b7ef891f000 r--p 00006000 00:2a 102442                     /usr/lib/x86_64-linux-gnu/librt-2.31.so
7b7ef891f000-7b7ef8920000 r--p 00007000 00:2a 102442                     /usr/lib/x86_64-linux-gnu/librt-2.31.so
7b7ef8920000-7b7ef8921000 rw-p 00008000 00:2a 102442                     /usr/lib/x86_64-linux-gnu/librt-2.31.so
7b7ef8921000-7b7ef9d35000 r-xp 00000000 00:2a 66317                      /home/willsonic3/.vscode/extensions/redhat.java-1.39.0-linux-x64/jre/21.0.5-linux-x86_64/lib/server/libjvm.so
7b7ef9d35000-7b7ef9d36000 ---p 01414000 00:2a 66317                      /home/willsonic3/.vscode/extensions/redhat.java-1.39.0-linux-x64/jre/21.0.5-linux-x86_64/lib/server/libjvm.so
7b7ef9d36000-7b7ef9e0a000 r--p 01414000 00:2a 66317                      /home/willsonic3/.vscode/extensions/redhat.java-1.39.0-linux-x64/jre/21.0.5-linux-x86_64/lib/server/libjvm.so
7b7ef9e0a000-7b7ef9e3a000 rw-p 014e8000 00:2a 66317                      /home/willsonic3/.vscode/extensions/redhat.java-1.39.0-linux-x64/jre/21.0.5-linux-x86_64/lib/server/libjvm.so
7b7ef9e3a000-7b7ef9ea2000 rw-p 00000000 00:00 0 
7b7ef9ea2000-7b7ef9ec4000 r--p 00000000 00:2a 102429                     /usr/lib/x86_64-linux-gnu/libc-2.31.so
7b7ef9ec4000-7b7efa01d000 r-xp 00022000 00:2a 102429                     /usr/lib/x86_64-linux-gnu/libc-2.31.so
7b7efa01d000-7b7efa06c000 r--p 0017b000 00:2a 102429                     /usr/lib/x86_64-linux-gnu/libc-2.31.so
7b7efa06c000-7b7efa070000 r--p 001c9000 00:2a 102429                     /usr/lib/x86_64-linux-gnu/libc-2.31.so
7b7efa070000-7b7efa072000 rw-p 001cd000 00:2a 102429                     /usr/lib/x86_64-linux-gnu/libc-2.31.so
7b7efa072000-7b7efa076000 rw-p 00000000 00:00 0 
7b7efa076000-7b7efa077000 r--p 00000000 00:2a 102430                     /usr/lib/x86_64-linux-gnu/libdl-2.31.so
7b7efa077000-7b7efa079000 r-xp 00001000 00:2a 102430                     /usr/lib/x86_64-linux-gnu/libdl-2.31.so
7b7efa079000-7b7efa07a000 r--p 00003000 00:2a 102430                     /usr/lib/x86_64-linux-gnu/libdl-2.31.so
7b7efa07a000-7b7efa07b000 r--p 00003000 00:2a 102430                     /usr/lib/x86_64-linux-gnu/libdl-2.31.so
7b7efa07b000-7b7efa07c000 rw-p 00004000 00:2a 102430                     /usr/lib/x86_64-linux-gnu/libdl-2.31.so
7b7efa07c000-7b7efa082000 r--p 00000000 00:2a 102440                     /usr/lib/x86_64-linux-gnu/libpthread-2.31.so
7b7efa082000-7b7efa092000 r-xp 00006000 00:2a 102440                     /usr/lib/x86_64-linux-gnu/libpthread-2.31.so
7b7efa092000-7b7efa098000 r--p 00016000 00:2a 102440                     /usr/lib/x86_64-linux-gnu/libpthread-2.31.so
7b7efa098000-7b7efa099000 r--p 0001b000 00:2a 102440                     /usr/lib/x86_64-linux-gnu/libpthread-2.31.so
7b7efa099000-7b7efa09a000 rw-p 0001c000 00:2a 102440                     /usr/lib/x86_64-linux-gnu/libpthread-2.31.so
7b7efa09a000-7b7efa09e000 rw-p 00000000 00:00 0 
7b7efa09e000-7b7efa0a5000 r--s 00000000 00:2a 102694                     /usr/lib/x86_64-linux-gnu/gconv/gconv-modules.cache
7b7efa0a5000-7b7efa0a6000 ---p 00000000 00:00 0 
7b7efa0a6000-7b7efa0a7000 r--p 00000000 00:00 0 
7b7efa0a7000-7b7efa0c0000 r-xp 00000000 00:2a 63765                      /home/willsonic3/.vscode/extensions/redhat.java-1.39.0-linux-x64/jre/21.0.5-linux-x86_64/lib/libjli.so
7b7efa0c0000-7b7efa0c1000 r--p 00018000 00:2a 63765                      /home/willsonic3/.vscode/extensions/redhat.java-1.39.0-linux-x64/jre/21.0.5-linux-x86_64/lib/libjli.so
7b7efa0c1000-7b7efa0c2000 rw-p 00019000 00:2a 63765                      /home/willsonic3/.vscode/extensions/redhat.java-1.39.0-linux-x64/jre/21.0.5-linux-x86_64/lib/libjli.so
7b7efa0c2000-7b7efa0c4000 rw-p 00000000 00:00 0 
7b7efa0c4000-7b7efa0c5000 r--p 00000000 00:2a 102425                     /usr/lib/x86_64-linux-gnu/ld-2.31.so
7b7efa0c5000-7b7efa0e5000 r-xp 00001000 00:2a 102425                     /usr/lib/x86_64-linux-gnu/ld-2.31.so
7b7efa0e5000-7b7efa0ed000 r--p 00021000 00:2a 102425                     /usr/lib/x86_64-linux-gnu/ld-2.31.so
7b7efa0ed000-7b7efa0ee000 ---p 00000000 00:00 0 
7b7efa0ee000-7b7efa0ef000 r--p 00029000 00:2a 102425                     /usr/lib/x86_64-linux-gnu/ld-2.31.so
7b7efa0ef000-7b7efa0f0000 rw-p 0002a000 00:2a 102425                     /usr/lib/x86_64-linux-gnu/ld-2.31.so
7b7efa0f0000-7b7efa0f1000 rw-p 00000000 00:00 0 
7ffc19f54000-7ffc19f75000 rw-p 00000000 00:00 0                          [stack]
7ffc19fe0000-7ffc19fe4000 r--p 00000000 00:00 0                          [vvar]
7ffc19fe4000-7ffc19fe6000 r-xp 00000000 00:00 0                          [vdso]
ffffffffff600000-ffffffffff601000 --xp 00000000 00:00 0                  [vsyscall]
Total number of mappings: 286


VM Arguments:
jvm_args: --add-modules=ALL-SYSTEM --add-opens=java.base/java.util=ALL-UNNAMED --add-opens=java.base/java.lang=ALL-UNNAMED --add-opens=java.base/sun.nio.fs=ALL-UNNAMED -Declipse.application=org.eclipse.jdt.ls.core.id1 -Dosgi.bundles.defaultStartLevel=4 -Declipse.product=org.eclipse.jdt.ls.core.product -Djava.import.generatesMetadataFilesAtProjectRoot=false -DDetectVMInstallationsJob.disabled=true -Dfile.encoding=utf8 -XX:+UseParallelGC -XX:GCTimeRatio=4 -XX:AdaptiveSizePolicyWeight=90 -Dsun.zip.disableMemoryMapping=true -Xmx1G -Xms100m -Xlog:disable -javaagent:/home/willsonic3/.vscode/extensions/redhat.java-1.39.0-linux-x64/lombok/lombok-1.18.34.jar -XX:+HeapDumpOnOutOfMemoryError -XX:HeapDumpPath=/home/willsonic3/.config/Code/User/workspaceStorage/6d8234357a5991e2a9fefcf8a362a54d/redhat.java -Daether.dependencyCollector.impl=bf 
java_command: /home/willsonic3/.vscode/extensions/redhat.java-1.39.0-linux-x64/server/plugins/org.eclipse.equinox.launcher_1.6.900.v20240613-2009.jar -configuration /home/willsonic3/.config/Code/User/globalStorage/redhat.java/1.39.0/config_linux -data /home/willsonic3/.config/Code/User/workspaceStorage/6d8234357a5991e2a9fefcf8a362a54d/redhat.java/jdt_ws --pipe=/run/user/1000/lsp-9e89a15ee8675817137c8baed8f3256d.sock
java_class_path (initial): /home/willsonic3/.vscode/extensions/redhat.java-1.39.0-linux-x64/server/plugins/org.eclipse.equinox.launcher_1.6.900.v20240613-2009.jar
Launcher Type: SUN_STANDARD

[Global flags]
    uintx AdaptiveSizePolicyWeight                 = 90                                        {product} {command line}
     intx CICompilerCount                          = 2                                         {product} {ergonomic}
    uintx GCTimeRatio                              = 4                                         {product} {command line}
     bool HeapDumpOnOutOfMemoryError               = true                                   {manageable} {command line}
    ccstr HeapDumpPath                             = /home/willsonic3/.config/Code/User/workspaceStorage/6d8234357a5991e2a9fefcf8a362a54d/redhat.java         {manageable} {command line}
   size_t InitialHeapSize                          = 104857600                                 {product} {command line}
   size_t MaxHeapSize                              = 1073741824                                {product} {command line}
   size_t MaxNewSize                               = 357564416                                 {product} {ergonomic}
   size_t MinHeapDeltaBytes                        = 524288                                    {product} {ergonomic}
   size_t MinHeapSize                              = 104857600                                 {product} {command line}
   size_t NewSize                                  = 34603008                                  {product} {ergonomic}
    uintx NonNMethodCodeHeapSize                   = 5826188                                {pd product} {ergonomic}
    uintx NonProfiledCodeHeapSize                  = 122916026                              {pd product} {ergonomic}
   size_t OldSize                                  = 70254592                                  {product} {ergonomic}
    uintx ProfiledCodeHeapSize                     = 122916026                              {pd product} {ergonomic}
    uintx ReservedCodeCacheSize                    = 251658240                              {pd product} {ergonomic}
     bool SegmentedCodeCache                       = true                                      {product} {ergonomic}
   size_t SoftMaxHeapSize                          = 1073741824                             {manageable} {ergonomic}
     bool UseCompressedOops                        = true                           {product lp64_product} {ergonomic}
     bool UseParallelGC                            = true                                      {product} {command line}

Logging:
Log output configuration:
 #0: stdout all=off uptime,level,tags foldmultilines=false
 #1: stderr all=off uptime,level,tags foldmultilines=false

Environment Variables:
PATH=/home/willsonic3/BRICK-BREAKER-JAVA/Maven/apache-maven-3.9.9/bin:/usr/local/bin:/usr/bin:/bin:/usr/local/games:/usr/games
XDG_CONFIG_HOME=/home/willsonic3/.config
SHELL=/bin/bash
DISPLAY=:0
LANG=en_US.UTF-8

Active Locale:
LC_ALL=en_US.UTF-8
LC_COLLATE=en_US.UTF-8
LC_CTYPE=en_US.UTF-8
LC_MESSAGES=en_US.UTF-8
LC_MONETARY=en_US.UTF-8
LC_NUMERIC=en_US.UTF-8
LC_TIME=en_US.UTF-8

Signal Handlers:
   SIGSEGV: crash_handler in libjvm.so, mask=11100100010111111101111111111110, flags=SA_RESTART|SA_SIGINFO, unblocked
    SIGBUS: crash_handler in libjvm.so, mask=11100100010111111101111111111110, flags=SA_RESTART|SA_SIGINFO, unblocked
    SIGFPE: crash_handler in libjvm.so, mask=11100100010111111101111111111110, flags=SA_RESTART|SA_SIGINFO, unblocked
   SIGPIPE: javaSignalHandler in libjvm.so, mask=11100100010111111101111111111110, flags=SA_RESTART|SA_SIGINFO, blocked
   SIGXFSZ: javaSignalHandler in libjvm.so, mask=11100100010111111101111111111110, flags=SA_RESTART|SA_SIGINFO, blocked
    SIGILL: crash_handler in libjvm.so, mask=11100100010111111101111111111110, flags=SA_RESTART|SA_SIGINFO, unblocked
   SIGUSR2: SR_handler in libjvm.so, mask=00000000000000000000000000000000, flags=SA_RESTART|SA_SIGINFO, blocked
    SIGHUP: UserHandler in libjvm.so, mask=11100100010111111101111111111110, flags=SA_RESTART|SA_SIGINFO, blocked
    SIGINT: UserHandler in libjvm.so, mask=11100100010111111101111111111110, flags=SA_RESTART|SA_SIGINFO, blocked
   SIGTERM: UserHandler in libjvm.so, mask=11100100010111111101111111111110, flags=SA_RESTART|SA_SIGINFO, blocked
   SIGQUIT: UserHandler in libjvm.so, mask=11100100010111111101111111111110, flags=SA_RESTART|SA_SIGINFO, blocked
   SIGTRAP: crash_handler in libjvm.so, mask=11100100010111111101111111111110, flags=SA_RESTART|SA_SIGINFO, unblocked


Periodic native trim disabled

---------------  S Y S T E M  ---------------

OS:
PRETTY_NAME="Debian GNU/Linux 11 (bullseye)"
NAME="Debian GNU/Linux"
VERSION_ID="11"
VERSION="11 (bullseye)"
VERSION_CODENAME=bullseye
ID=debian
HOME_URL="https://www.debian.org/"
SUPPORT_URL="https://www.debian.org/support"
BUG_REPORT_URL="https://bugs.debian.org/"
uname: Linux 5.10.114-16025-ge75506b9d98e #1 SMP PREEMPT Sat Jul 16 18:54:29 PDT 2022 x86_64
OS uptime: 0 days 1:28 hours
libc: glibc 2.31 NPTL 2.31 
rlimit (soft/hard): STACK 8192k/infinity , CORE 0k/infinity , NPROC 11324/11324 , NOFILE 1048576/1048576 , AS infinity/infinity , CPU infinity/infinity , DATA infinity/infinity , FSIZE infinity/infinity , MEMLOCK infinity/infinity
load average: 4.93 6.64 5.47

/proc/meminfo:
MemTotal:        2903816 kB
MemFree:         2885164 kB
MemAvailable:    2899288 kB
Buffers:               0 kB
Cached:            14124 kB
SwapCached:            0 kB
Active:            10336 kB
Inactive:           6816 kB
Active(anon):          0 kB
Inactive(anon):     3036 kB
Active(file):      10336 kB
Inactive(file):     3780 kB
Unevictable:           0 kB
Mlocked:               0 kB
SwapTotal:             0 kB
SwapFree:              0 kB
Dirty:               404 kB
Writeback:             0 kB
AnonPages:       1590000 kB
Mapped:           403604 kB
Shmem:                 0 kB
KReclaimable:      29236 kB
Slab:               0 kB
SReclaimable:          0 kB
SUnreclaim:            0 kB
KernelStack:        5888 kB
PageTables:        14508 kB
NFS_Unstable:          0 kB
Bounce:                0 kB
WritebackTmp:          0 kB
CommitLimit:     1451908 kB
Committed_AS:    7406812 kB
VmallocTotal:   34359738367 kB
VmallocUsed:        8648 kB
VmallocChunk:          0 kB
Percpu:              840 kB
AnonHugePages:         0 kB
ShmemHugePages:        0 kB
ShmemPmdMapped:        0 kB
FileHugePages:         0 kB
FilePmdMapped:         0 kB
HugePages_Total:       0
HugePages_Free:        0
HugePages_Rsvd:        0
HugePages_Surp:        0
Hugepagesize:       2048 kB
Hugetlb:               0 kB
DirectMap4k:      114688 kB
DirectMap2M:     3295232 kB

/sys/kernel/mm/transparent_hugepage/enabled: always [madvise] never
/sys/kernel/mm/transparent_hugepage/hpage_pmd_size: 2097152
/sys/kernel/mm/transparent_hugepage/defrag (defrag/compaction efforts parameter): always defer defer+madvise [madvise] never

Process Memory:
Virtual Size: 3737996K (peak: 3740492K)
Resident Set Size: 1006084K (peak: 1006084K) (anon: 840308K, file: 165776K, shmem: 0K)
Swapped out: 0K
C-Heap outstanding allocations: 49688K, retained: 44255K
glibc malloc tunables: (default)

/proc/sys/kernel/threads-max (system-wide limit on the number of threads): 22648
/proc/sys/vm/max_map_count (maximum number of memory map areas a process may have): 262144
/proc/sys/vm/swappiness (control to define how aggressively the kernel swaps out anonymous memory): 60
/proc/sys/kernel/pid_max (system-wide limit on number of process identifiers): 32768

container (cgroup) information:
container_type: cgroupv1
cpu_cpuset_cpus: 0-1
cpu_memory_nodes: 0
active_processor_count: 2
cpu_quota: no quota
cpu_period: 100000
cpu_shares: no shares
memory_limit_in_bytes: unlimited
memory_and_swap_limit_in_bytes: unlimited
memory_soft_limit_in_bytes: unlimited
memory_usage_in_bytes: 2285816 k
memory_max_usage_in_bytes: 2382100 k
kernel_memory_usage_in_bytes: 32824 k
kernel_memory_max_usage_in_bytes: unlimited
kernel_memory_limit_in_bytes: 36088 k
maximum number of tasks: unlimited
current number of tasks: 217

KVM virtualization detected
Steal ticks since vm start: 16880
Steal ticks percentage since vm start:  0.251

CPU: total 2 (initial active 2) (2 cores per cpu, 1 threads per core) family 6 model 76 stepping 4 microcode 0x1, cx8, cmov, fxsr, mmx, 3dnowpref, sse, sse2, sse3, ssse3, sse4.1, sse4.2, popcnt, tsc, tscinvbit, aes, erms, clmul, clflush, hv, rdtscp
CPU Model and flags from /proc/cpuinfo:
model name	: Intel(R) Celeron(R) CPU  N3060  @ 1.60GHz
flags		: fpu vme de pse tsc msr pae mce cx8 apic sep mtrr pge mca cmov pat pse36 clflush mmx fxsr sse sse2 ss ht syscall nx rdtscp lm constant_tsc arch_perfmon rep_good nopl xtopology nonstop_tsc cpuid tsc_known_freq pni pclmulqdq vmx ssse3 cx16 sse4_1 sse4_2 x2apic movbe popcnt tsc_deadline_timer aes rdrand hypervisor lahf_lm 3dnowprefetch cpuid_fault pti ibrs ibpb stibp tpr_shadow vnmi flexpriority ept vpid tsc_adjust smep erms arat umip md_clear arch_capabilities

Online cpus: 0-1
Offline cpus: 
BIOS frequency limitation: <Not Available>
Frequency switch latency (ns): <Not Available>
Available cpu frequencies: <Not Available>
Current governor: <Not Available>
Core performance/turbo boost: <Not Available>

Memory: 4k page, physical 2903816k(2899288k free), swap 0k(0k free)
Page Sizes: 4k

vm_info: OpenJDK 64-Bit Server VM (21.0.5+11-LTS) for linux-amd64 JRE (21.0.5+11-LTS), built on 2024-10-15T00:00:00Z by "admin" with gcc 11.3.0

END.
