#
# A fatal error has been detected by the Java Runtime Environment:
#
#  SIGSEGV (0xb) at pc=0x00007d275d6d91ff, pid=894, tid=897
#
# JRE version: OpenJDK Runtime Environment Temurin-21.0.5+11 (21.0.5+11) (build 21.0.5+11-LTS)
# Java VM: OpenJDK 64-Bit Server VM Temurin-21.0.5+11 (21.0.5+11-LTS, mixed mode, sharing, tiered, compressed oops, compressed class ptrs, parallel gc, linux-amd64)
# Problematic frame:
# V  [libjvm.so+0xd691ff]  PSCardTable::scavenge_contents_parallel(ObjectStartArray*, HeapWordImpl**, HeapWordImpl**, PSPromotionManager*, unsigned int, unsigned int)+0x2df
#
# Core dump will be written. Default location: Core dumps may be processed with "/sbin/crash_reporter --user=%P:%s:%u:%g:%f" (or dumping to /home/willsonic3/BRICK-BREAKER-JAVA/brick-breaker-java/core.894)
#
# If you would like to submit a bug report, please visit:
#   https://github.com/adoptium/adoptium-support/issues
#

---------------  S U M M A R Y ------------

Command Line: --add-modules=ALL-SYSTEM --add-opens=java.base/java.util=ALL-UNNAMED --add-opens=java.base/java.lang=ALL-UNNAMED --add-opens=java.base/sun.nio.fs=ALL-UNNAMED -Declipse.application=org.eclipse.jdt.ls.core.id1 -Dosgi.bundles.defaultStartLevel=4 -Declipse.product=org.eclipse.jdt.ls.core.product -Djava.import.generatesMetadataFilesAtProjectRoot=false -DDetectVMInstallationsJob.disabled=true -Dfile.encoding=utf8 -XX:+UseParallelGC -XX:GCTimeRatio=4 -XX:AdaptiveSizePolicyWeight=90 -Dsun.zip.disableMemoryMapping=true -Xmx1G -Xms100m -Xlog:disable -javaagent:/home/willsonic3/.vscode/extensions/redhat.java-1.39.0-linux-x64/lombok/lombok-1.18.34.jar -XX:+HeapDumpOnOutOfMemoryError -XX:HeapDumpPath=/home/willsonic3/.config/Code/User/workspaceStorage/6d8234357a5991e2a9fefcf8a362a54d/redhat.java -Daether.dependencyCollector.impl=bf /home/willsonic3/.vscode/extensions/redhat.java-1.39.0-linux-x64/server/plugins/org.eclipse.equinox.launcher_1.6.900.v20240613-2009.jar -configuration /home/willsonic3/.config/Code/User/globalStorage/redhat.java/1.39.0/config_linux -data /home/willsonic3/.config/Code/User/workspaceStorage/6d8234357a5991e2a9fefcf8a362a54d/redhat.java/jdt_ws --pipe=/run/user/1000/lsp-9306bf160a5811424a4c6ec97fcde61e.sock

Host: Intel(R) Celeron(R) CPU  N3060  @ 1.60GHz, 2 cores, 2G, Debian GNU/Linux 11 (bullseye)
Time: Tue Feb 25 22:51:03 2025 WAT elapsed time: 4050.269844 seconds (0d 1h 7m 30s)

---------------  T H R E A D  ---------------

Current thread (0x00007d2758042130):  WorkerThread "GC Thread#0"    [id=897, stack(0x00007d275c1d1000,0x00007d275c2d1000) (1024K)]

Stack: [0x00007d275c1d1000,0x00007d275c2d1000],  sp=0x00007d275c2cfb40,  free space=1018k
Native frames: (J=compiled Java code, j=interpreted, Vv=VM code, C=native code)
V  [libjvm.so+0xd691ff]  PSCardTable::scavenge_contents_parallel(ObjectStartArray*, HeapWordImpl**, HeapWordImpl**, PSPromotionManager*, unsigned int, unsigned int)+0x2df
V  [libjvm.so+0xd89c54]  ScavengeRootsTask::work(unsigned int)+0x3d4
V  [libjvm.so+0x103c540]  WorkerThread::run()+0x80
V  [libjvm.so+0xf7eeb8]  Thread::call_run()+0xa8
V  [libjvm.so+0xd08a8a]  thread_native_entry(Thread*)+0xda

siginfo: si_signo: 11 (SIGSEGV), si_code: 1 (SEGV_MAPERR), si_addr: 0x0000000000000100

Registers:
RAX=0x0000000000000000, RBX=0x0000000000000100, RCX=0x0000000000000000, RDX=0x0000000000000100
RSP=0x00007d275c2cfb40, RBP=0x00007d275c2cfcf0, RSI=0x0000000000000001, RDI=0x00007d26fd000000
R8 =0x00007d2758041fb0, R9 =0x00000000cab3ffe0, R10=0x00007d275c3380ce, R11=0x00000000cab3fe00
R12=0x00000000cab40000, R13=0x00007d275c3380ce, R14=0x00007d275cc55730, R15=0x00007d275c326a00
RIP=0x00007d275d6d91ff, EFLAGS=0x0000000000010246, CSGSFS=0x002b000000000033, ERR=0x0000000000000004
  TRAPNO=0x000000000000000e


Register to memory mapping:

RAX=0x0 is null
RBX=0x0000000000000100 is an unknown value
RCX=0x0 is null
RDX=0x0000000000000100 is an unknown value
RSP=0x00007d275c2cfb40 points into unknown readable memory: 0x00007d27580a2880 | 80 28 0a 58 27 7d 00 00
RBP=0x00007d275c2cfcf0 points into unknown readable memory: 0x00007d275c2cfe10 | 10 fe 2c 5c 27 7d 00 00
RSI=0x0000000000000001 is an unknown value
RDI=0x00007d26fd000000 is pointing into metadata
R8 =0x00007d2758041fb0 points into unknown readable memory: 0x00007d275de52b70 | 70 2b e5 5d 27 7d 00 00
R9 =
[error occurred during error reporting (printing register info), id 0xb, SIGSEGV (0xb) at pc=0x00007d275d6a16a3]
R10=0x00007d275c3380ce points into unknown readable memory: ff ff
R11=
[error occurred during error reporting (printing register info, attempt 2), id 0xb, SIGSEGV (0xb) at pc=0x00007d275d6a16a3]
R12=
[error occurred during error reporting (printing register info, attempt 3), id 0xb, SIGSEGV (0xb) at pc=0x00007d275d6a16a3]
Top of Stack: (sp=0x00007d275c2cfb40)
0x00007d275c2cfb40:   00007d27580a2880 00007d27580a2880
0x00007d275c2cfb50:   0000000000000004 00007d2758041fb0
0x00007d275c2cfb60:   00007d275c2cfbc0 00000000cce19b68
0x00007d275c2cfb70:   00007d2758004230 00000000cab1ffc0
0x00007d275c2cfb80:   00007d275c2cfc00 00000000eb410b38
0x00007d275c2cfb90:   00007d2758041fb0 00007d2758041fb0
0x00007d275c2cfba0:   00000000c0000000 0000000000000000
0x00007d275c2cfbb0:   0000000000000002 00007d27580a2880
0x00007d275c2cfbc0:   00007d275de5f890 00007d2758004230
0x00007d275c2cfbd0:   00007d275dd99640 00007d2758060c50
0x00007d275c2cfbe0:   00007d275dec1460 00000000eb410000
0x00007d275c2cfbf0:   0000000000000000 0000000000000001
0x00007d275c2cfc00:   00007d275dd99640 00007d2758060c50
0x00007d275c2cfc10:   00007d27580a2880 00007d27580a2880
0x00007d275c2cfc20:   00007d275c2cfca0 00007d274534e6a8
0x00007d275c2cfc30:   00007d274534e7b8 0000000000000000
0x00007d275c2cfc40:   0000000000000001 00007d275d8b7b20
0x00007d275c2cfc50:   00007d2758042130 00007d275d6f541c
0x00007d275c2cfc60:   ffffffffffffffff 00007d275de5e030
0x00007d275c2cfc70:   0000000034a9d74c 00007d275c2cfdc0
0x00007d275c2cfc80:   00007d275c2cfcd0 00007d2758042130
0x00007d275c2cfc90:   0000000000000000 00007d275de6c710
0x00007d275c2cfca0:   0000000000000001 00007d275dfb3121
0x00007d275c2cfcb0:   00007d275c2cfd00 eab4e6dd4ea86600
0x00007d275c2cfcc0:   00007d275c2cfe2c 00007d274534e550
0x00007d275c2cfcd0:   00007d27580a2880 00007d2758042130
0x00007d275c2cfce0:   0000000000000001 0000000000000000
0x00007d275c2cfcf0:   00007d275c2cfe10 00007d275d6f9c54
0x00007d275c2cfd00:   0000000000000002 00007d275d6f9c17
0x00007d275c2cfd10:   00007d275803bab0 00007d275803bac0
0x00007d275c2cfd20:   0000000000000000 00007d275803bab0
0x00007d275c2cfd30:   00007d275803bac0 00000000000003d8 

Instructions: (pc=0x00007d275d6d91ff)
0x00007d275d6d90ff:   4c 39 f0 0f 85 22 0b 00 00 c1 f9 03 48 63 c1 49
0x00007d275d6d910f:   8d 04 c1 49 39 c4 72 72 49 89 c1 40 84 f6 0f 84
0x00007d275d6d911f:   d0 00 00 00 48 8d 05 f6 4e 78 00 41 8b 79 08 8b
0x00007d275d6d912f:   48 08 48 d3 e7 48 03 38 8b 4f 08 85 c9 7f b2 0f
0x00007d275d6d913f:   84 b8 00 00 00 48 8d 05 e1 59 78 00 40 80 fe 01
0x00007d275d6d914f:   4d 19 d2 8b 38 41 83 e2 04 89 c8 4f 63 54 11 0c
0x00007d275d6d915f:   c1 f8 10 44 8d 5f ff 0f b6 c0 f7 df 4d 63 db 49
0x00007d275d6d916f:   d3 e2 48 63 cf 4c 01 d8 4c 01 d0 48 21 c8 48 83
0x00007d275d6d917f:   e0 f8 4c 01 c8 49 39 c4 73 8e 48 89 da 4d 89 ea
0x00007d275d6d918f:   4c 89 8d 88 fe ff ff 4d 89 fd 4c 89 cb 4c 8b bd
0x00007d275d6d919f:   d8 fe ff ff 40 84 f6 0f 84 db 0a 00 00 48 8d 05
0x00007d275d6d91af:   6d 4e 78 00 41 8b 79 08 8b 48 08 48 d3 e7 48 03
0x00007d275d6d91bf:   38 8b 4f 08 85 c9 0f 8e 77 0a 00 00 f6 c1 01 74
0x00007d275d6d91cf:   13 48 8b 07 48 8b 80 00 01 00 00 4c 39 f0 0f 85
0x00007d275d6d91df:   09 0b 00 00 89 c8 c1 f8 03 48 98 48 8d 34 c3 e9
0x00007d275d6d91ef:   ed fd ff ff 49 8b 79 08 e9 3b ff ff ff 48 8b 07
0x00007d275d6d91ff:   48 8b 88 00 01 00 00 4c 89 c8 4c 39 f1 0f 84 00
0x00007d275d6d920f:   ff ff ff 4c 89 85 a0 fe ff ff 4c 89 ce 4c 89 8d
0x00007d275d6d921f:   a8 fe ff ff ff d1 48 8b b5 d0 fe ff ff 4c 8b 8d
0x00007d275d6d922f:   a8 fe ff ff 4c 8b 85 a0 fe ff ff 0f b6 36 49 8d
0x00007d275d6d923f:   04 c1 e9 cc fe ff ff 48 8b 43 08 e9 b9 fd ff ff
0x00007d275d6d924f:   4c 8b b5 68 fe ff ff b8 ff ff ff ff 49 8d 56 68
0x00007d275d6d925f:   f0 0f c1 02 b9 e8 03 00 00 ba 40 00 00 00 be 00
0x00007d275d6d926f:   10 00 00 48 8d 9d 00 ff ff ff 48 89 df e8 1f 05
0x00007d275d6d927f:   11 00 41 8b 46 68 85 c0 7f 23 eb 45 0f 1f 44 00
0x00007d275d6d928f:   00 83 c0 01 89 85 10 ff ff ff e8 52 88 e2 ff 48
0x00007d275d6d929f:   8b 85 68 fe ff ff 8b 40 68 85 c0 7e 24 8b 85 10
0x00007d275d6d92af:   ff ff ff 3b 85 18 ff ff ff 72 d6 48 89 df e8 1e
0x00007d275d6d92bf:   05 11 00 48 8b 85 68 fe ff ff 8b 40 68 85 c0 7f
0x00007d275d6d92cf:   dc 48 8d 05 21 68 7b 00 48 8b 9d b0 fe ff ff 48
0x00007d275d6d92df:   c7 85 88 fe ff ff 00 00 00 00 8b 00 48 89 9d 90
0x00007d275d6d92ef:   fe ff ff 48 c1 e0 0a 48 89 c6 48 89 85 60 fe ff 


Stack slot to memory mapping:

stack at sp + 0 slots: 0x00007d27580a2880 points into unknown readable memory: 0x00007d275de52c90 | 90 2c e5 5d 27 7d 00 00
stack at sp + 1 slots: 0x00007d27580a2880 points into unknown readable memory: 0x00007d275de52c90 | 90 2c e5 5d 27 7d 00 00
stack at sp + 2 slots: 0x0000000000000004 is an unknown value
stack at sp + 3 slots: 0x00007d2758041fb0 points into unknown readable memory: 0x00007d275de52b70 | 70 2b e5 5d 27 7d 00 00
stack at sp + 4 slots: 0x00007d275c2cfbc0 points into unknown readable memory: 0x00007d275de5f890 | 90 f8 e5 5d 27 7d 00 00
stack at sp + 5 slots: 
[error occurred during error reporting (inspecting top of stack), id 0xb, SIGSEGV (0xb) at pc=0x00007d275d6a16a3]
stack at sp + 6 slots: 0x00007d2758004230 points into unknown readable memory: 0x7115824ed5ba505a | 5a 50 ba d5 4e 82 15 71
stack at sp + 7 slots: 0x00000000cab1ffc0 is an oop: [C 
{0x00000000cab1ffc0} - klass: {type array char}
 - length: 63


---------------  P R O C E S S  ---------------

Threads class SMR info:
_java_thread_list=0x00007d26e800b550, length=26, elements={
0x00007d275802af30, 0x00007d27580ae600, 0x00007d27580afb30, 0x00007d27580b1280,
0x00007d27580b2880, 0x00007d27580b3de0, 0x00007d27580b58e0, 0x00007d27580b6f60,
0x00007d27580cf210, 0x00007d2758184bd0, 0x00007d2758301480, 0x00007d2758367ba0,
0x00005900478c2a70, 0x00007d275836a3a0, 0x00007d26c4411de0, 0x00007d26c447bab0,
0x00007d26c4186710, 0x00007d26c498fb70, 0x00007d26dc002690, 0x00007d275819cea0,
0x00007d2758428ef0, 0x00007d275842a020, 0x00007d26e80016e0, 0x00007d26d8312030,
0x00007d26f823f1e0, 0x00007d275840d8e0
}

Java Threads: ( => current thread )
  0x00007d275802af30 JavaThread "main"                              [_thread_blocked, id=896, stack(0x00007d275c721000,0x00007d275c822000) (1028K)]
  0x00007d27580ae600 JavaThread "Reference Handler"          daemon [_thread_blocked, id=901, stack(0x00007d2744e67000,0x00007d2744f68000) (1028K)]
  0x00007d27580afb30 JavaThread "Finalizer"                  daemon [_thread_blocked, id=902, stack(0x00007d2744d66000,0x00007d2744e67000) (1028K)]
  0x00007d27580b1280 JavaThread "Signal Dispatcher"          daemon [_thread_blocked, id=903, stack(0x00007d2744c65000,0x00007d2744d66000) (1028K)]
  0x00007d27580b2880 JavaThread "Service Thread"             daemon [_thread_blocked, id=904, stack(0x00007d2744b64000,0x00007d2744c65000) (1028K)]
  0x00007d27580b3de0 JavaThread "Monitor Deflation Thread"   daemon [_thread_blocked, id=905, stack(0x00007d2744a63000,0x00007d2744b64000) (1028K)]
  0x00007d27580b58e0 JavaThread "C2 CompilerThread0"         daemon [_thread_blocked, id=906, stack(0x00007d2744962000,0x00007d2744a63000) (1028K)]
  0x00007d27580b6f60 JavaThread "C1 CompilerThread0"         daemon [_thread_blocked, id=907, stack(0x00007d2744861000,0x00007d2744962000) (1028K)]
  0x00007d27580cf210 JavaThread "Common-Cleaner"             daemon [_thread_blocked, id=908, stack(0x00007d2744760000,0x00007d2744861000) (1028K)]
  0x00007d2758184bd0 JavaThread "Notification Thread"        daemon [_thread_blocked, id=919, stack(0x00007d274462b000,0x00007d274472c000) (1028K)]
  0x00007d2758301480 JavaThread "Active Thread: Equinox Container: c4cdf41b-5900-4943-89d8-f28a054f8193"        [_thread_blocked, id=933, stack(0x00007d2744429000,0x00007d274452a000) (1028K)]
  0x00007d2758367ba0 JavaThread "Refresh Thread: Equinox Container: c4cdf41b-5900-4943-89d8-f28a054f8193" daemon [_thread_blocked, id=934, stack(0x00007d2744328000,0x00007d2744429000) (1028K)]
  0x00005900478c2a70 JavaThread "Framework Event Dispatcher: Equinox Container: c4cdf41b-5900-4943-89d8-f28a054f8193" daemon [_thread_blocked, id=935, stack(0x00007d2744227000,0x00007d2744328000) (1028K)]
  0x00007d275836a3a0 JavaThread "Start Level: Equinox Container: c4cdf41b-5900-4943-89d8-f28a054f8193" daemon [_thread_blocked, id=936, stack(0x00007d2744126000,0x00007d2744227000) (1028K)]
  0x00007d26c4411de0 JavaThread "Bundle File Closer"         daemon [_thread_blocked, id=940, stack(0x00007d2744025000,0x00007d2744126000) (1028K)]
  0x00007d26c447bab0 JavaThread "SCR Component Actor"        daemon [_thread_blocked, id=941, stack(0x00007d26fceff000,0x00007d26fd000000) (1028K)]
  0x00007d26c4186710 JavaThread "Worker-JM"                         [_thread_blocked, id=945, stack(0x00007d26fccfd000,0x00007d26fcdfe000) (1028K)]
  0x00007d26c498fb70 JavaThread "Java indexing"              daemon [_thread_blocked, id=959, stack(0x00007d26fcafb000,0x00007d26fcbfc000) (1028K)]
  0x00007d26dc002690 JavaThread "Worker-3: Shutdown..."             [_thread_blocked, id=962, stack(0x00007d26fc8f9000,0x00007d26fc9fa000) (1028K)]
  0x00007d275819cea0 JavaThread "pool-2-thread-1"                   [_thread_blocked, id=964, stack(0x00007d26fc6f7000,0x00007d26fc7f8000) (1028K)]
  0x00007d2758428ef0 JavaThread "WorkspaceEventsHandler"            [_thread_blocked, id=978, stack(0x00007d26fc4f5000,0x00007d26fc5f6000) (1028K)]
  0x00007d275842a020 JavaThread "pool-1-thread-1"                   [_thread_blocked, id=979, stack(0x00007d26fc3f4000,0x00007d26fc4f5000) (1028K)]
  0x00007d26e80016e0 JavaThread "Attach Listener"            daemon [_thread_blocked, id=1390, stack(0x00007d26fc9fa000,0x00007d26fcafb000) (1028K)]
  0x00007d26d8312030 JavaThread "Cleaner-0"                  daemon [_thread_blocked, id=5240, stack(0x00007d26fcbfc000,0x00007d26fccfd000) (1028K)]
  0x00007d26f823f1e0 JavaThread "Worker-17"                         [_thread_blocked, id=16372, stack(0x00007d26bac3f000,0x00007d26bad40000) (1028K)]
  0x00007d275840d8e0 JavaThread "pool-5-thread-1"                   [_thread_blocked, id=18065, stack(0x00007d26bae41000,0x00007d26baf42000) (1028K)]
Total: 26

Other Threads:
  0x00007d27580a4ed0 VMThread "VM Thread"                           [id=899, stack(0x00007d2745250000,0x00007d2745350000) (1024K)]
  0x00007d2758050f60 WatcherThread "VM Periodic Task Thread"        [id=898, stack(0x00007d2745957000,0x00007d2745a57000) (1024K)]
=>0x00007d2758042130 WorkerThread "GC Thread#0"                     [id=897, stack(0x00007d275c1d1000,0x00007d275c2d1000) (1024K)]
  0x00007d26ec000f50 WorkerThread "GC Thread#1"                     [id=929, stack(0x00007d274452b000,0x00007d274462b000) (1024K)]
Total: 4

Threads with active compile tasks:
C2 CompilerThread0  4050441 26472 % !   4       org.eclipse.osgi.internal.loader.classpath.ClasspathManager::defineClass @ 268 (636 bytes)
Total: 1

VM state: at safepoint (normal execution)

VM Mutex/Monitor currently owned by a thread:  ([mutex/lock_event])
[0x00007d275debae38] Threads_lock - owner thread: 0x00007d27580a4ed0
[0x00007d275debad38] Heap_lock - owner thread: 0x00007d26dc002690

Heap address: 0x00000000c0000000, size: 1024 MB, Compressed Oops mode: 32-bit

CDS archive(s) mapped at: [0x00007d26fd000000-0x00007d26fdbb8000-0x00007d26fdbb8000), size 12288000, SharedBaseAddress: 0x00007d26fd000000, ArchiveRelocationMode: 1.
Compressed class space mapped at: 0x00007d26fe000000-0x00007d273e000000, reserved size: 1073741824
Narrow klass base: 0x00007d26fd000000, Narrow klass shift: 0, Narrow klass range: 0x100000000

GC Precious Log:
 CardTable entry size: 512
 CPUs: 2 total, 2 available
 Memory: 2835M
 Large Page Support: Disabled
 NUMA Support: Disabled
 Compressed Oops: Enabled (32-bit)
 Alignments: Space 512K, Generation 512K, Heap 2M
 Heap Min Capacity: 100M
 Heap Initial Capacity: 100M
 Heap Max Capacity: 1G
 Pre-touch: Disabled
 Parallel Workers: 2

Heap:
 PSYoungGen      total 4608K, used 4191K [0x00000000eab00000, 0x00000000eb500000, 0x0000000100000000)
  eden space 4096K, 99% used [0x00000000eab00000,0x00000000eaeffea8,0x00000000eaf00000)
  from space 512K, 18% used [0x00000000eb400000,0x00000000eb418000,0x00000000eb480000)
  to   space 512K, 0% used [0x00000000eb480000,0x00000000eb480000,0x00000000eb500000)
 ParOldGen       total 211456K, used 211046K [0x00000000c0000000, 0x00000000cce80000, 0x00000000eab00000)
  object space 211456K, 99% used [0x00000000c0000000,0x00000000cce19b68,0x00000000cce80000)
 Metaspace       used 82997K, committed 84416K, reserved 1179648K
  class space    used 7967K, committed 8640K, reserved 1048576K

Card table byte_map: [0x00007d275c2d1000,0x00007d275c4d2000] _byte_map_base: 0x00007d275bcd1000

Marking Bits: (ParMarkBitMap*) 0x00007d275dec1080
 Begin Bits: [0x00007d273e000000, 0x00007d273f000000)
 End Bits:   [0x00007d273f000000, 0x00007d2740000000)

Polling page: 0x00007d275e0f4000

Metaspace:

Usage:
  Non-class:     73.27 MB used.
      Class:      7.78 MB used.
       Both:     81.05 MB used.

Virtual space:
  Non-class space:      128.00 MB reserved,      74.00 MB ( 58%) committed,  2 nodes.
      Class space:        1.00 GB reserved,       8.44 MB ( <1%) committed,  1 nodes.
             Both:        1.12 GB reserved,      82.44 MB (  7%) committed. 

Chunk freelists:
   Non-Class:  5.91 MB
       Class:  7.57 MB
        Both:  13.48 MB

MaxMetaspaceSize: unlimited
CompressedClassSpaceSize: 1.00 GB
Initial GC threshold: 21.00 MB
Current GC threshold: 137.44 MB
CDS: on
 - commit_granule_bytes: 65536.
 - commit_granule_words: 8192.
 - virtual_space_node_default_size: 8388608.
 - enlarge_chunks_in_place: 1.
 - use_allocation_guard: 0.


Internal statistics:

num_allocs_failed_limit: 13.
num_arena_births: 1856.
num_arena_deaths: 566.
num_vsnodes_births: 3.
num_vsnodes_deaths: 0.
num_space_committed: 1319.
num_space_uncommitted: 0.
num_chunks_returned_to_freelist: 725.
num_chunks_taken_from_freelist: 6538.
num_chunk_merges: 207.
num_chunk_splits: 3573.
num_chunks_enlarged: 1677.
num_inconsistent_stats: 0.

CodeHeap 'non-profiled nmethods': size=120036Kb used=13524Kb max_used=14856Kb free=106512Kb
 bounds [0x00007d274d7fa000, 0x00007d274e68a000, 0x00007d2754d33000]
CodeHeap 'profiled nmethods': size=120032Kb used=37073Kb max_used=46223Kb free=82958Kb
 bounds [0x00007d2745d33000, 0x00007d2748a63000, 0x00007d274d26b000]
CodeHeap 'non-nmethods': size=5692Kb used=1459Kb max_used=1529Kb free=4232Kb
 bounds [0x00007d274d26b000, 0x00007d274d4db000, 0x00007d274d7fa000]
 total_blobs=17142 nmethods=16355 adapters=693
 compilation: enabled
              stopped_count=0, restarted_count=0
 full_count=0

Compilation events (20 events):
Event: 4049.449 Thread 0x00007d27580b6f60 nmethod 26460 0x00007d27468c5f10 code [0x00007d27468c61a0, 0x00007d27468c6e98]
Event: 4049.453 Thread 0x00007d27580b6f60 26461       3       java.io.ObjectStreamClass::getSerialVersionUID (42 bytes)
Event: 4049.458 Thread 0x00007d27580b6f60 nmethod 26461 0x00007d2746975d10 code [0x00007d2746975f40, 0x00007d2746976590]
Event: 4049.483 Thread 0x00007d27580b58e0 26462   !   4       java.io.BufferedOutputStream::write (62 bytes)
Event: 4049.529 Thread 0x00007d27580b6f60 26464   !   3       org.eclipse.core.internal.localstore.SafeFileOutputStream::write (20 bytes)
Event: 4049.530 Thread 0x00007d27580b6f60 nmethod 26464 0x00007d2746021a10 code [0x00007d2746021bc0, 0x00007d2746021dd0]
Event: 4049.530 Thread 0x00007d27580b6f60 26465       3       org.eclipse.core.internal.dtree.DataTreeWriter::writeNumber (47 bytes)
Event: 4049.532 Thread 0x00007d27580b6f60 nmethod 26465 0x00007d2745e78490 code [0x00007d2745e78660, 0x00007d2745e78a78]
Event: 4049.532 Thread 0x00007d27580b6f60 26467       3       java.io.OutputStream::write (34 bytes)
Event: 4049.537 Thread 0x00007d27580b6f60 nmethod 26467 0x00007d274609fa10 code [0x00007d274609fbe0, 0x00007d27460a0038]
Event: 4049.537 Thread 0x00007d27580b6f60 26468   !   3       java.io.BufferedOutputStream::flush (60 bytes)
Event: 4049.562 Thread 0x00007d27580b58e0 nmethod 26462 0x00007d274e11f410 code [0x00007d274e11f640, 0x00007d274e11fb78]
Event: 4049.562 Thread 0x00007d27580b58e0 26466       4       java.io.DataOutputStream::writeByte (14 bytes)
Event: 4049.573 Thread 0x00007d27580b6f60 nmethod 26468 0x00007d2747362390 code [0x00007d27473626a0, 0x00007d2747363820]
Event: 4049.573 Thread 0x00007d27580b6f60 26469       2       sun.util.locale.LocaleUtils::isUpper (18 bytes)
Event: 4049.573 Thread 0x00007d27580b6f60 nmethod 26469 0x00007d2745d81890 code [0x00007d2745d81a20, 0x00007d2745d81b20]
Event: 4049.615 Thread 0x00007d27580b58e0 nmethod 26466 0x00007d274df6ce90 code [0x00007d274df6d0c0, 0x00007d274df6d6b0]
Event: 4049.616 Thread 0x00007d27580b58e0 26463       4       java.io.BufferedOutputStream::implWrite (40 bytes)
Event: 4049.632 Thread 0x00007d27580b58e0 nmethod 26463 0x00007d274d8ea690 code [0x00007d274d8ea820, 0x00007d274d8ea9d0]
Event: 4049.837 Thread 0x00007d27580b58e0 26472 % !   4       org.eclipse.osgi.internal.loader.classpath.ClasspathManager::defineClass @ 268 (636 bytes)

GC Heap History (20 events):
Event: 3867.753 GC heap after
{Heap after GC invocations=1304 (full 6):
 PSYoungGen      total 6144K, used 1006K [0x00000000eab00000, 0x00000000eb500000, 0x0000000100000000)
  eden space 5120K, 0% used [0x00000000eab00000,0x00000000eab00000,0x00000000eb000000)
  from space 1024K, 98% used [0x00000000eb400000,0x00000000eb4fb8c0,0x00000000eb500000)
  to   space 1536K, 0% used [0x00000000eb200000,0x00000000eb200000,0x00000000eb380000)
 ParOldGen       total 197632K, used 197537K [0x00000000c0000000, 0x00000000cc100000, 0x00000000eab00000)
  object space 197632K, 99% used [0x00000000c0000000,0x00000000cc0e8770,0x00000000cc100000)
 Metaspace       used 82770K, committed 84416K, reserved 1179648K
  class space    used 7931K, committed 8640K, reserved 1048576K
}
Event: 3867.889 GC heap before
{Heap before GC invocations=1305 (full 6):
 PSYoungGen      total 6144K, used 6126K [0x00000000eab00000, 0x00000000eb500000, 0x0000000100000000)
  eden space 5120K, 99% used [0x00000000eab00000,0x00000000eafffff0,0x00000000eb000000)
  from space 1024K, 98% used [0x00000000eb400000,0x00000000eb4fb8c0,0x00000000eb500000)
  to   space 1536K, 0% used [0x00000000eb200000,0x00000000eb200000,0x00000000eb380000)
 ParOldGen       total 197632K, used 197537K [0x00000000c0000000, 0x00000000cc100000, 0x00000000eab00000)
  object space 197632K, 99% used [0x00000000c0000000,0x00000000cc0e8770,0x00000000cc100000)
 Metaspace       used 82771K, committed 84416K, reserved 1179648K
  class space    used 7931K, committed 8640K, reserved 1048576K
}
Event: 3868.042 GC heap after
{Heap after GC invocations=1305 (full 6):
 PSYoungGen      total 7680K, used 1536K [0x00000000eab00000, 0x00000000ebd00000, 0x0000000100000000)
  eden space 6144K, 0% used [0x00000000eab00000,0x00000000eab00000,0x00000000eb100000)
  from space 1536K, 100% used [0x00000000eb200000,0x00000000eb380000,0x00000000eb380000)
  to   space 6144K, 0% used [0x00000000eb700000,0x00000000eb700000,0x00000000ebd00000)
 ParOldGen       total 201216K, used 201016K [0x00000000c0000000, 0x00000000cc480000, 0x00000000eab00000)
  object space 201216K, 99% used [0x00000000c0000000,0x00000000cc44e030,0x00000000cc480000)
 Metaspace       used 82771K, committed 84416K, reserved 1179648K
  class space    used 7931K, committed 8640K, reserved 1048576K
}
Event: 3868.201 GC heap before
{Heap before GC invocations=1306 (full 6):
 PSYoungGen      total 7680K, used 7680K [0x00000000eab00000, 0x00000000ebd00000, 0x0000000100000000)
  eden space 6144K, 100% used [0x00000000eab00000,0x00000000eb100000,0x00000000eb100000)
  from space 1536K, 100% used [0x00000000eb200000,0x00000000eb380000,0x00000000eb380000)
  to   space 6144K, 0% used [0x00000000eb700000,0x00000000eb700000,0x00000000ebd00000)
 ParOldGen       total 201216K, used 201016K [0x00000000c0000000, 0x00000000cc480000, 0x00000000eab00000)
  object space 201216K, 99% used [0x00000000c0000000,0x00000000cc44e030,0x00000000cc480000)
 Metaspace       used 82773K, committed 84416K, reserved 1179648K
  class space    used 7931K, committed 8640K, reserved 1048576K
}
Event: 3868.294 GC heap after
{Heap after GC invocations=1306 (full 6):
 PSYoungGen      total 10752K, used 2734K [0x00000000eab00000, 0x00000000eba00000, 0x0000000100000000)
  eden space 7680K, 0% used [0x00000000eab00000,0x00000000eab00000,0x00000000eb280000)
  from space 3072K, 89% used [0x00000000eb700000,0x00000000eb9abb88,0x00000000eba00000)
  to   space 3584K, 0% used [0x00000000eb300000,0x00000000eb300000,0x00000000eb680000)
 ParOldGen       total 202752K, used 202560K [0x00000000c0000000, 0x00000000cc600000, 0x00000000eab00000)
  object space 202752K, 99% used [0x00000000c0000000,0x00000000cc5d0030,0x00000000cc600000)
 Metaspace       used 82773K, committed 84416K, reserved 1179648K
  class space    used 7931K, committed 8640K, reserved 1048576K
}
Event: 3868.997 GC heap before
{Heap before GC invocations=1307 (full 6):
 PSYoungGen      total 10752K, used 10414K [0x00000000eab00000, 0x00000000eba00000, 0x0000000100000000)
  eden space 7680K, 100% used [0x00000000eab00000,0x00000000eb280000,0x00000000eb280000)
  from space 3072K, 89% used [0x00000000eb700000,0x00000000eb9abb88,0x00000000eba00000)
  to   space 3584K, 0% used [0x00000000eb300000,0x00000000eb300000,0x00000000eb680000)
 ParOldGen       total 202752K, used 202560K [0x00000000c0000000, 0x00000000cc600000, 0x00000000eab00000)
  object space 202752K, 99% used [0x00000000c0000000,0x00000000cc5d0030,0x00000000cc600000)
 Metaspace       used 82781K, committed 84416K, reserved 1179648K
  class space    used 7931K, committed 8640K, reserved 1048576K
}
Event: 3869.079 GC heap after
{Heap after GC invocations=1307 (full 6):
 PSYoungGen      total 11776K, used 2836K [0x00000000eab00000, 0x00000000eba00000, 0x0000000100000000)
  eden space 8192K, 0% used [0x00000000eab00000,0x00000000eab00000,0x00000000eb300000)
  from space 3584K, 79% used [0x00000000eb300000,0x00000000eb5c50c0,0x00000000eb680000)
  to   space 3072K, 0% used [0x00000000eb700000,0x00000000eb700000,0x00000000eba00000)
 ParOldGen       total 204288K, used 203928K [0x00000000c0000000, 0x00000000cc780000, 0x00000000eab00000)
  object space 204288K, 99% used [0x00000000c0000000,0x00000000cc726030,0x00000000cc780000)
 Metaspace       used 82781K, committed 84416K, reserved 1179648K
  class space    used 7931K, committed 8640K, reserved 1048576K
}
Event: 3871.041 GC heap before
{Heap before GC invocations=1308 (full 6):
 PSYoungGen      total 11776K, used 11028K [0x00000000eab00000, 0x00000000eba00000, 0x0000000100000000)
  eden space 8192K, 99% used [0x00000000eab00000,0x00000000eb2ffff0,0x00000000eb300000)
  from space 3584K, 79% used [0x00000000eb300000,0x00000000eb5c50c0,0x00000000eb680000)
  to   space 3072K, 0% used [0x00000000eb700000,0x00000000eb700000,0x00000000eba00000)
 ParOldGen       total 204288K, used 203928K [0x00000000c0000000, 0x00000000cc780000, 0x00000000eab00000)
  object space 204288K, 99% used [0x00000000c0000000,0x00000000cc726030,0x00000000cc780000)
 Metaspace       used 82781K, committed 84416K, reserved 1179648K
  class space    used 7931K, committed 8640K, reserved 1048576K
}
Event: 3871.119 GC heap after
{Heap after GC invocations=1308 (full 6):
 PSYoungGen      total 7168K, used 3072K [0x00000000eab00000, 0x00000000ec300000, 0x0000000100000000)
  eden space 4096K, 0% used [0x00000000eab00000,0x00000000eab00000,0x00000000eaf00000)
  from space 3072K, 100% used [0x00000000eb700000,0x00000000eba00000,0x00000000eba00000)
  to   space 8192K, 0% used [0x00000000eaf00000,0x00000000eaf00000,0x00000000eb700000)
 ParOldGen       total 208384K, used 207936K [0x00000000c0000000, 0x00000000ccb80000, 0x00000000eab00000)
  object space 208384K, 99% used [0x00000000c0000000,0x00000000ccb10110,0x00000000ccb80000)
 Metaspace       used 82781K, committed 84416K, reserved 1179648K
  class space    used 7931K, committed 8640K, reserved 1048576K
}
Event: 3871.547 GC heap before
{Heap before GC invocations=1309 (full 6):
 PSYoungGen      total 7168K, used 7164K [0x00000000eab00000, 0x00000000ec300000, 0x0000000100000000)
  eden space 4096K, 99% used [0x00000000eab00000,0x00000000eaeff140,0x00000000eaf00000)
  from space 3072K, 100% used [0x00000000eb700000,0x00000000eba00000,0x00000000eba00000)
  to   space 8192K, 0% used [0x00000000eaf00000,0x00000000eaf00000,0x00000000eb700000)
 ParOldGen       total 208384K, used 207936K [0x00000000c0000000, 0x00000000ccb80000, 0x00000000eab00000)
  object space 208384K, 99% used [0x00000000c0000000,0x00000000ccb10110,0x00000000ccb80000)
 Metaspace       used 82781K, committed 84416K, reserved 1179648K
  class space    used 7931K, committed 8640K, reserved 1048576K
}
Event: 3871.563 GC heap after
{Heap after GC invocations=1309 (full 6):
 PSYoungGen      total 4608K, used 64K [0x00000000eab00000, 0x00000000eb780000, 0x0000000100000000)
  eden space 4096K, 0% used [0x00000000eab00000,0x00000000eab00000,0x00000000eaf00000)
  from space 512K, 12% used [0x00000000eaf00000,0x00000000eaf10000,0x00000000eaf80000)
  to   space 3072K, 0% used [0x00000000eb480000,0x00000000eb480000,0x00000000eb780000)
 ParOldGen       total 211456K, used 210990K [0x00000000c0000000, 0x00000000cce80000, 0x00000000eab00000)
  object space 211456K, 99% used [0x00000000c0000000,0x00000000cce0bb68,0x00000000cce80000)
 Metaspace       used 82781K, committed 84416K, reserved 1179648K
  class space    used 7931K, committed 8640K, reserved 1048576K
}
Event: 3878.257 GC heap before
{Heap before GC invocations=1310 (full 6):
 PSYoungGen      total 4608K, used 4160K [0x00000000eab00000, 0x00000000eb780000, 0x0000000100000000)
  eden space 4096K, 100% used [0x00000000eab00000,0x00000000eaf00000,0x00000000eaf00000)
  from space 512K, 12% used [0x00000000eaf00000,0x00000000eaf10000,0x00000000eaf80000)
  to   space 3072K, 0% used [0x00000000eb480000,0x00000000eb480000,0x00000000eb780000)
 ParOldGen       total 211456K, used 210990K [0x00000000c0000000, 0x00000000cce80000, 0x00000000eab00000)
  object space 211456K, 99% used [0x00000000c0000000,0x00000000cce0bb68,0x00000000cce80000)
 Metaspace       used 82781K, committed 84416K, reserved 1179648K
  class space    used 7931K, committed 8640K, reserved 1048576K
}
Event: 3878.263 GC heap after
{Heap after GC invocations=1310 (full 6):
 PSYoungGen      total 5120K, used 608K [0x00000000eab00000, 0x00000000eb580000, 0x0000000100000000)
  eden space 4096K, 0% used [0x00000000eab00000,0x00000000eab00000,0x00000000eaf00000)
  from space 1024K, 59% used [0x00000000eb480000,0x00000000eb518020,0x00000000eb580000)
  to   space 1024K, 0% used [0x00000000eb380000,0x00000000eb380000,0x00000000eb480000)
 ParOldGen       total 211456K, used 211014K [0x00000000c0000000, 0x00000000cce80000, 0x00000000eab00000)
  object space 211456K, 99% used [0x00000000c0000000,0x00000000cce11b68,0x00000000cce80000)
 Metaspace       used 82781K, committed 84416K, reserved 1179648K
  class space    used 7931K, committed 8640K, reserved 1048576K
}
Event: 3888.604 GC heap before
{Heap before GC invocations=1311 (full 6):
 PSYoungGen      total 5120K, used 4704K [0x00000000eab00000, 0x00000000eb580000, 0x0000000100000000)
  eden space 4096K, 100% used [0x00000000eab00000,0x00000000eaf00000,0x00000000eaf00000)
  from space 1024K, 59% used [0x00000000eb480000,0x00000000eb518020,0x00000000eb580000)
  to   space 1024K, 0% used [0x00000000eb380000,0x00000000eb380000,0x00000000eb480000)
 ParOldGen       total 211456K, used 211014K [0x00000000c0000000, 0x00000000cce80000, 0x00000000eab00000)
  object space 211456K, 99% used [0x00000000c0000000,0x00000000cce11b68,0x00000000cce80000)
 Metaspace       used 82781K, committed 84416K, reserved 1179648K
  class space    used 7931K, committed 8640K, reserved 1048576K
}
Event: 3888.612 GC heap after
{Heap after GC invocations=1311 (full 6):
 PSYoungGen      total 5120K, used 64K [0x00000000eab00000, 0x00000000eb500000, 0x0000000100000000)
  eden space 4096K, 0% used [0x00000000eab00000,0x00000000eab00000,0x00000000eaf00000)
  from space 1024K, 6% used [0x00000000eb380000,0x00000000eb390000,0x00000000eb480000)
  to   space 512K, 0% used [0x00000000eb480000,0x00000000eb480000,0x00000000eb500000)
 ParOldGen       total 211456K, used 211030K [0x00000000c0000000, 0x00000000cce80000, 0x00000000eab00000)
  object space 211456K, 99% used [0x00000000c0000000,0x00000000cce15b68,0x00000000cce80000)
 Metaspace       used 82781K, committed 84416K, reserved 1179648K
  class space    used 7931K, committed 8640K, reserved 1048576K
}
Event: 3892.202 GC heap before
{Heap before GC invocations=1312 (full 6):
 PSYoungGen      total 5120K, used 4159K [0x00000000eab00000, 0x00000000eb500000, 0x0000000100000000)
  eden space 4096K, 99% used [0x00000000eab00000,0x00000000eaeffed8,0x00000000eaf00000)
  from space 1024K, 6% used [0x00000000eb380000,0x00000000eb390000,0x00000000eb480000)
  to   space 512K, 0% used [0x00000000eb480000,0x00000000eb480000,0x00000000eb500000)
 ParOldGen       total 211456K, used 211030K [0x00000000c0000000, 0x00000000cce80000, 0x00000000eab00000)
  object space 211456K, 99% used [0x00000000c0000000,0x00000000cce15b68,0x00000000cce80000)
 Metaspace       used 82781K, committed 84416K, reserved 1179648K
  class space    used 7931K, committed 8640K, reserved 1048576K
}
Event: 3892.236 GC heap after
{Heap after GC invocations=1312 (full 6):
 PSYoungGen      total 4608K, used 192K [0x00000000eab00000, 0x00000000eb500000, 0x0000000100000000)
  eden space 4096K, 0% used [0x00000000eab00000,0x00000000eab00000,0x00000000eaf00000)
  from space 512K, 37% used [0x00000000eb480000,0x00000000eb4b0020,0x00000000eb500000)
  to   space 512K, 0% used [0x00000000eb400000,0x00000000eb400000,0x00000000eb480000)
 ParOldGen       total 211456K, used 211046K [0x00000000c0000000, 0x00000000cce80000, 0x00000000eab00000)
  object space 211456K, 99% used [0x00000000c0000000,0x00000000cce19b68,0x00000000cce80000)
 Metaspace       used 82781K, committed 84416K, reserved 1179648K
  class space    used 7931K, committed 8640K, reserved 1048576K
}
Event: 3903.085 GC heap before
{Heap before GC invocations=1313 (full 6):
 PSYoungGen      total 4608K, used 4288K [0x00000000eab00000, 0x00000000eb500000, 0x0000000100000000)
  eden space 4096K, 100% used [0x00000000eab00000,0x00000000eaf00000,0x00000000eaf00000)
  from space 512K, 37% used [0x00000000eb480000,0x00000000eb4b0020,0x00000000eb500000)
  to   space 512K, 0% used [0x00000000eb400000,0x00000000eb400000,0x00000000eb480000)
 ParOldGen       total 211456K, used 211046K [0x00000000c0000000, 0x00000000cce80000, 0x00000000eab00000)
  object space 211456K, 99% used [0x00000000c0000000,0x00000000cce19b68,0x00000000cce80000)
 Metaspace       used 82781K, committed 84416K, reserved 1179648K
  class space    used 7931K, committed 8640K, reserved 1048576K
}
Event: 3903.093 GC heap after
{Heap after GC invocations=1313 (full 6):
 PSYoungGen      total 4608K, used 96K [0x00000000eab00000, 0x00000000eb500000, 0x0000000100000000)
  eden space 4096K, 0% used [0x00000000eab00000,0x00000000eab00000,0x00000000eaf00000)
  from space 512K, 18% used [0x00000000eb400000,0x00000000eb418000,0x00000000eb480000)
  to   space 512K, 0% used [0x00000000eb480000,0x00000000eb480000,0x00000000eb500000)
 ParOldGen       total 211456K, used 211046K [0x00000000c0000000, 0x00000000cce80000, 0x00000000eab00000)
  object space 211456K, 99% used [0x00000000c0000000,0x00000000cce19b68,0x00000000cce80000)
 Metaspace       used 82781K, committed 84416K, reserved 1179648K
  class space    used 7931K, committed 8640K, reserved 1048576K
}
Event: 4049.952 GC heap before
{Heap before GC invocations=1314 (full 6):
 PSYoungGen      total 4608K, used 4191K [0x00000000eab00000, 0x00000000eb500000, 0x0000000100000000)
  eden space 4096K, 99% used [0x00000000eab00000,0x00000000eaeffea8,0x00000000eaf00000)
  from space 512K, 18% used [0x00000000eb400000,0x00000000eb418000,0x00000000eb480000)
  to   space 512K, 0% used [0x00000000eb480000,0x00000000eb480000,0x00000000eb500000)
 ParOldGen       total 211456K, used 211046K [0x00000000c0000000, 0x00000000cce80000, 0x00000000eab00000)
  object space 211456K, 99% used [0x00000000c0000000,0x00000000cce19b68,0x00000000cce80000)
 Metaspace       used 82997K, committed 84416K, reserved 1179648K
  class space    used 7967K, committed 8640K, reserved 1048576K
}

Dll operation events (9 events):
Event: 0.060 Loaded shared library /home/willsonic3/.vscode/extensions/redhat.java-1.39.0-linux-x64/jre/21.0.5-linux-x86_64/lib/libjava.so
Event: 1.429 Loaded shared library /home/willsonic3/.vscode/extensions/redhat.java-1.39.0-linux-x64/jre/21.0.5-linux-x86_64/lib/libzip.so
Event: 2.044 Loaded shared library /home/willsonic3/.vscode/extensions/redhat.java-1.39.0-linux-x64/jre/21.0.5-linux-x86_64/lib/libinstrument.so
Event: 2.088 Loaded shared library /home/willsonic3/.vscode/extensions/redhat.java-1.39.0-linux-x64/jre/21.0.5-linux-x86_64/lib/libnio.so
Event: 2.148 Loaded shared library /home/willsonic3/.vscode/extensions/redhat.java-1.39.0-linux-x64/jre/21.0.5-linux-x86_64/lib/libzip.so
Event: 2.618 Loaded shared library /home/willsonic3/.vscode/extensions/redhat.java-1.39.0-linux-x64/jre/21.0.5-linux-x86_64/lib/libjimage.so
Event: 4.733 Loaded shared library /home/willsonic3/.vscode/extensions/redhat.java-1.39.0-linux-x64/jre/21.0.5-linux-x86_64/lib/libverify.so
Event: 18.595 Loaded shared library /home/willsonic3/.vscode/extensions/redhat.java-1.39.0-linux-x64/jre/21.0.5-linux-x86_64/lib/libnet.so
Event: 25.608 Loading shared library /home/willsonic3/.config/Code/User/globalStorage/redhat.java/1.39.0/config_linux/org.eclipse.equinox.launcher/org.eclipse.equinox.launcher.gtk.linux.x86_64_1.2.1300.v20241223-1657/eclipse_11906.so failed, /lib/x86_64-linux-gnu/libc.

Deoptimization events (20 events):
Event: 4049.490 Thread 0x00007d26dc002690 Uncommon trap: trap_request=0xffffffc6 fr.pc=0x00007d274e544df4 relative=0x0000000000000414
Event: 4049.490 Thread 0x00007d26dc002690 Uncommon trap: reason=bimorphic_or_optimized_type_check action=maybe_recompile pc=0x00007d274e544df4 method=java.io.DataOutputStream.writeByte(I)V @ 5 c2
Event: 4049.490 Thread 0x00007d26dc002690 DEOPT PACKING pc=0x00007d274e544df4 sp=0x00007d26fc9f8490
Event: 4049.490 Thread 0x00007d26dc002690 DEOPT UNPACKING pc=0x00007d274d2be393 sp=0x00007d26fc9f8468 mode 2
Event: 4049.490 Thread 0x00007d26dc002690 Uncommon trap: trap_request=0xffffffc6 fr.pc=0x00007d274e544df4 relative=0x0000000000000414
Event: 4049.490 Thread 0x00007d26dc002690 Uncommon trap: reason=bimorphic_or_optimized_type_check action=maybe_recompile pc=0x00007d274e544df4 method=java.io.DataOutputStream.writeByte(I)V @ 5 c2
Event: 4049.490 Thread 0x00007d26dc002690 DEOPT PACKING pc=0x00007d274e544df4 sp=0x00007d26fc9f8490
Event: 4049.490 Thread 0x00007d26dc002690 DEOPT UNPACKING pc=0x00007d274d2be393 sp=0x00007d26fc9f8468 mode 2
Event: 4049.507 Thread 0x00007d26dc002690 Uncommon trap: trap_request=0xffffffc6 fr.pc=0x00007d274e544df4 relative=0x0000000000000414
Event: 4049.507 Thread 0x00007d26dc002690 Uncommon trap: reason=bimorphic_or_optimized_type_check action=maybe_recompile pc=0x00007d274e544df4 method=java.io.DataOutputStream.writeByte(I)V @ 5 c2
Event: 4049.507 Thread 0x00007d26dc002690 DEOPT PACKING pc=0x00007d274e544df4 sp=0x00007d26fc9f83f0
Event: 4049.507 Thread 0x00007d26dc002690 DEOPT UNPACKING pc=0x00007d274d2be393 sp=0x00007d26fc9f83c8 mode 2
Event: 4049.508 Thread 0x00007d26dc002690 Uncommon trap: trap_request=0xffffffc6 fr.pc=0x00007d274e544df4 relative=0x0000000000000414
Event: 4049.508 Thread 0x00007d26dc002690 Uncommon trap: reason=bimorphic_or_optimized_type_check action=maybe_recompile pc=0x00007d274e544df4 method=java.io.DataOutputStream.writeByte(I)V @ 5 c2
Event: 4049.508 Thread 0x00007d26dc002690 DEOPT PACKING pc=0x00007d274e544df4 sp=0x00007d26fc9f83f0
Event: 4049.508 Thread 0x00007d26dc002690 DEOPT UNPACKING pc=0x00007d274d2be393 sp=0x00007d26fc9f83c8 mode 2
Event: 4049.540 Thread 0x00007d26dc002690 Uncommon trap: trap_request=0xffffff45 fr.pc=0x00007d274db495e4 relative=0x0000000000000ba4
Event: 4049.540 Thread 0x00007d26dc002690 Uncommon trap: reason=unstable_if action=reinterpret pc=0x00007d274db495e4 method=org.eclipse.core.runtime.Path.toString()Ljava/lang/String; @ 101 c2
Event: 4049.541 Thread 0x00007d26dc002690 DEOPT PACKING pc=0x00007d274db495e4 sp=0x00007d26fc9f8690
Event: 4049.541 Thread 0x00007d26dc002690 DEOPT UNPACKING pc=0x00007d274d2be393 sp=0x00007d26fc9f8658 mode 2

Classes loaded (20 events):
Event: 1184.141 Loading class java/util/stream/Sink$ChainedInt done
Event: 1184.141 Loading class java/util/stream/IntPipeline$1$1 done
Event: 1186.765 Loading class java/util/function/IntPredicate
Event: 1186.766 Loading class java/util/function/IntPredicate done
Event: 1186.783 Loading class java/util/stream/IntPipeline$10
Event: 1186.784 Loading class java/util/stream/IntPipeline$10 done
Event: 1186.784 Loading class java/util/stream/Nodes$IntSpinedNodeBuilder
Event: 1186.784 Loading class java/util/stream/SpinedBuffer$OfInt
Event: 1186.797 Loading class java/util/stream/SpinedBuffer$OfPrimitive
Event: 1186.797 Loading class java/util/stream/SpinedBuffer$OfPrimitive done
Event: 1186.798 Loading class java/util/stream/SpinedBuffer$OfInt done
Event: 1186.815 Loading class java/util/stream/Nodes$IntSpinedNodeBuilder done
Event: 1186.867 Loading class java/util/stream/IntPipeline$10$1
Event: 1186.867 Loading class java/util/stream/IntPipeline$10$1 done
Event: 4048.736 Loading class java/util/concurrent/Executors$DelegatedScheduledExecutorService
Event: 4048.740 Loading class java/util/concurrent/Executors$DelegatedExecutorService
Event: 4048.753 Loading class java/util/concurrent/Executors$DelegatedExecutorService done
Event: 4048.753 Loading class java/util/concurrent/Executors$DelegatedScheduledExecutorService done
Event: 4049.533 Loading class java/util/Collections$EmptyListIterator
Event: 4049.534 Loading class java/util/Collections$EmptyListIterator done

Classes unloaded (20 events):
Event: 3815.999 Thread 0x00007d27580a4ed0 Unloading class 0x00007d26fe170800 'java/lang/invoke/LambdaForm$MH+0x00007d26fe170800'
Event: 3815.999 Thread 0x00007d27580a4ed0 Unloading class 0x00007d26fe16d400 'java/lang/invoke/LambdaForm$MH+0x00007d26fe16d400'
Event: 3815.999 Thread 0x00007d27580a4ed0 Unloading class 0x00007d26fe16cc00 'java/lang/invoke/LambdaForm$MH+0x00007d26fe16cc00'
Event: 3815.999 Thread 0x00007d27580a4ed0 Unloading class 0x00007d26fe16c800 'java/lang/invoke/LambdaForm$MH+0x00007d26fe16c800'
Event: 3815.999 Thread 0x00007d27580a4ed0 Unloading class 0x00007d26fe16c400 'java/lang/invoke/LambdaForm$MH+0x00007d26fe16c400'
Event: 3815.999 Thread 0x00007d27580a4ed0 Unloading class 0x00007d26fe168400 'java/lang/invoke/LambdaForm$MH+0x00007d26fe168400'
Event: 3815.999 Thread 0x00007d27580a4ed0 Unloading class 0x00007d26fe167c00 'java/lang/invoke/LambdaForm$MH+0x00007d26fe167c00'
Event: 3815.999 Thread 0x00007d27580a4ed0 Unloading class 0x00007d26fe167800 'java/lang/invoke/LambdaForm$MH+0x00007d26fe167800'
Event: 3815.999 Thread 0x00007d27580a4ed0 Unloading class 0x00007d26fe167400 'java/lang/invoke/LambdaForm$MH+0x00007d26fe167400'
Event: 3815.999 Thread 0x00007d27580a4ed0 Unloading class 0x00007d26fe167000 'java/lang/invoke/LambdaForm$MH+0x00007d26fe167000'
Event: 3815.999 Thread 0x00007d27580a4ed0 Unloading class 0x00007d26fe166800 'java/lang/invoke/LambdaForm$MH+0x00007d26fe166800'
Event: 3815.999 Thread 0x00007d27580a4ed0 Unloading class 0x00007d26fe166400 'java/lang/invoke/LambdaForm$MH+0x00007d26fe166400'
Event: 3815.999 Thread 0x00007d27580a4ed0 Unloading class 0x00007d26fe166000 'java/lang/invoke/LambdaForm$MH+0x00007d26fe166000'
Event: 3815.999 Thread 0x00007d27580a4ed0 Unloading class 0x00007d26fe122400 'java/lang/invoke/LambdaForm$MH+0x00007d26fe122400'
Event: 3815.999 Thread 0x00007d27580a4ed0 Unloading class 0x00007d26fe121400 'java/lang/invoke/LambdaForm$MH+0x00007d26fe121400'
Event: 3815.999 Thread 0x00007d27580a4ed0 Unloading class 0x00007d26fe121000 'java/lang/invoke/LambdaForm$MH+0x00007d26fe121000'
Event: 3815.999 Thread 0x00007d27580a4ed0 Unloading class 0x00007d26fe120800 'java/lang/invoke/LambdaForm$MH+0x00007d26fe120800'
Event: 3815.999 Thread 0x00007d27580a4ed0 Unloading class 0x00007d26fe11d800 'java/lang/invoke/LambdaForm$MH+0x00007d26fe11d800'
Event: 3815.999 Thread 0x00007d27580a4ed0 Unloading class 0x00007d26fe014800 'java/lang/invoke/LambdaForm$MH+0x00007d26fe014800'
Event: 3815.999 Thread 0x00007d27580a4ed0 Unloading class 0x00007d26fe000400 'java/lang/invoke/LambdaForm$MH+0x00007d26fe000400'

Classes redefined (0 events):
No events

Internal exceptions (20 events):
Event: 3790.340 Thread 0x00007d26c498fb70 Exception <a 'sun/nio/fs/UnixException'{0x00000000eae837c0}> (0x00000000eae837c0) 
thrown [src/hotspot/share/prims/jni.cpp, line 520]
Event: 3804.091 Thread 0x00007d26c498fb70 Exception <a 'sun/nio/fs/UnixException'{0x00000000eadf6b08}> (0x00000000eadf6b08) 
thrown [src/hotspot/share/prims/jni.cpp, line 520]
Event: 3805.239 Thread 0x00007d26c498fb70 Exception <a 'sun/nio/fs/UnixException'{0x00000000eae70ce0}> (0x00000000eae70ce0) 
thrown [src/hotspot/share/prims/jni.cpp, line 520]
Event: 3806.390 Thread 0x00007d26c498fb70 Exception <a 'sun/nio/fs/UnixException'{0x00000000eacf4860}> (0x00000000eacf4860) 
thrown [src/hotspot/share/prims/jni.cpp, line 520]
Event: 3809.232 Thread 0x00007d26c498fb70 Exception <a 'sun/nio/fs/UnixException'{0x00000000ead8a9b0}> (0x00000000ead8a9b0) 
thrown [src/hotspot/share/prims/jni.cpp, line 520]
Event: 3813.079 Thread 0x00007d26c498fb70 Exception <a 'sun/nio/fs/UnixException'{0x00000000ead87310}> (0x00000000ead87310) 
thrown [src/hotspot/share/prims/jni.cpp, line 520]
Event: 3820.116 Thread 0x00007d26c498fb70 Exception <a 'sun/nio/fs/UnixException'{0x00000000eac92150}> (0x00000000eac92150) 
thrown [src/hotspot/share/prims/jni.cpp, line 520]
Event: 3854.382 Thread 0x00007d26c498fb70 Exception <a 'sun/nio/fs/UnixException'{0x00000000eae71870}> (0x00000000eae71870) 
thrown [src/hotspot/share/prims/jni.cpp, line 520]
Event: 3855.841 Thread 0x00007d26c498fb70 Exception <a 'sun/nio/fs/UnixException'{0x00000000eab4d3c8}> (0x00000000eab4d3c8) 
thrown [src/hotspot/share/prims/jni.cpp, line 520]
Event: 3857.571 Thread 0x00007d26c498fb70 Exception <a 'sun/nio/fs/UnixException'{0x00000000ead30b18}> (0x00000000ead30b18) 
thrown [src/hotspot/share/prims/jni.cpp, line 520]
Event: 3858.968 Thread 0x00007d26c498fb70 Exception <a 'sun/nio/fs/UnixException'{0x00000000eac66848}> (0x00000000eac66848) 
thrown [src/hotspot/share/prims/jni.cpp, line 520]
Event: 3861.290 Thread 0x00007d26c498fb70 Exception <a 'sun/nio/fs/UnixException'{0x00000000eab1e408}> (0x00000000eab1e408) 
thrown [src/hotspot/share/prims/jni.cpp, line 520]
Event: 3863.087 Thread 0x00007d26c498fb70 Exception <a 'sun/nio/fs/UnixException'{0x00000000eaebfa38}> (0x00000000eaebfa38) 
thrown [src/hotspot/share/prims/jni.cpp, line 520]
Event: 3867.698 Thread 0x00007d26c498fb70 Exception <a 'sun/nio/fs/UnixException'{0x00000000eaeef940}> (0x00000000eaeef940) 
thrown [src/hotspot/share/prims/jni.cpp, line 520]
Event: 3869.467 Thread 0x00007d26c498fb70 Exception <a 'sun/nio/fs/UnixException'{0x00000000eaefb0c0}> (0x00000000eaefb0c0) 
thrown [src/hotspot/share/prims/jni.cpp, line 520]
Event: 4012.035 Thread 0x00007d26f823f1e0 Exception <a 'java/lang/NoSuchMethodError'{0x00000000eacdfd48}: static Lorg/eclipse/m2e/core/internal/lifecyclemapping/model/PluginExecutionMetadata;.<clinit>()V> (0x00000000eacdfd48) 
thrown [src/hotspot/share/prims/jni.cpp, line 1111]
Event: 4012.052 Thread 0x00007d26f823f1e0 Exception <a 'java/lang/NoSuchMethodError'{0x00000000ead029c0}: static Lorg/eclipse/m2e/core/internal/lifecyclemapping/model/PluginExecutionFilter;.<clinit>()V> (0x00000000ead029c0) 
thrown [src/hotspot/share/prims/jni.cpp, line 1111]
Event: 4012.057 Thread 0x00007d26f823f1e0 Exception <a 'java/lang/NoSuchMethodError'{0x00000000ead193e8}: static Lorg/eclipse/m2e/core/internal/project/registry/MavenProjectFacade$MavenProjectConfiguration;.<clinit>()V> (0x00000000ead193e8) 
thrown [src/hotspot/share/prims/jni.cpp, line 1111]
Event: 4012.067 Thread 0x00007d26f823f1e0 Exception <a 'java/lang/NoSuchMethodError'{0x00000000ead34978}: static [J.<clinit>()V> (0x00000000ead34978) 
thrown [src/hotspot/share/prims/jni.cpp, line 1111]
Event: 4049.682 Thread 0x00007d26dc002690 Exception <a 'java/lang/NoSuchMethodError'{0x00000000eae8e870}: 'java.lang.Object java.lang.invoke.DirectMethodHandle$Holder.newInvokeSpecial(java.lang.Object, java.lang.Object, java.lang.Object, java.lang.Object, java.lang.Object, java.lang.Object, java.lang.Object, java.lang.Object, java.lang.Object, java.lang.Object)'> (0x00000000eae8e870) 
thrown [src/hotspot/share/interpreter/linkResolver.cpp, line 772]

ZGC Phase Switch (0 events):
No events

VM Operations (20 events):
Event: 3903.093 Executing VM operation: ParallelGCFailedAllocation (Allocation Failure) done
Event: 3904.094 Executing VM operation: Cleanup
Event: 3904.094 Executing VM operation: Cleanup done
Event: 3908.964 Executing VM operation: HandshakeAllThreads (HandshakeForDeflation)
Event: 3908.964 Executing VM operation: HandshakeAllThreads (HandshakeForDeflation) done
Event: 3908.964 Executing VM operation: RendezvousGCThreads
Event: 3908.964 Executing VM operation: RendezvousGCThreads done
Event: 3947.053 Executing VM operation: Cleanup
Event: 3947.058 Executing VM operation: Cleanup done
Event: 4012.104 Executing VM operation: Cleanup
Event: 4012.104 Executing VM operation: Cleanup done
Event: 4029.255 Executing VM operation: HandshakeAllThreads (HandshakeForDeflation)
Event: 4029.257 Executing VM operation: HandshakeAllThreads (HandshakeForDeflation) done
Event: 4029.257 Executing VM operation: RendezvousGCThreads
Event: 4029.257 Executing VM operation: RendezvousGCThreads done
Event: 4049.003 Executing VM operation: HandshakeAllThreads (Deoptimize)
Event: 4049.004 Executing VM operation: HandshakeAllThreads (Deoptimize) done
Event: 4049.004 Executing VM operation: Cleanup
Event: 4049.004 Executing VM operation: Cleanup done
Event: 4049.952 Executing VM operation: ParallelGCFailedAllocation (Allocation Failure)

Memory protections (20 events):
Event: 3888.955 Protecting memory [0x00007d26fcdfe000,0x00007d26fce02000] with protection modes 0
Event: 3889.160 Protecting memory [0x00007d26fcdfe000,0x00007d26fce02000] with protection modes 0
Event: 3889.341 Protecting memory [0x00007d26fcdfe000,0x00007d26fce02000] with protection modes 0
Event: 3889.431 Protecting memory [0x00007d26fcdfe000,0x00007d26fce02000] with protection modes 0
Event: 3889.512 Protecting memory [0x00007d26fcdfe000,0x00007d26fce02000] with protection modes 0
Event: 3892.181 Protecting memory [0x00007d26fcdfe000,0x00007d26fce02000] with protection modes 0
Event: 3892.261 Protecting memory [0x00007d26fcdfe000,0x00007d26fce02000] with protection modes 0
Event: 3892.382 Protecting memory [0x00007d26fcdfe000,0x00007d26fce02000] with protection modes 0
Event: 3893.015 Protecting memory [0x00007d26fcdfe000,0x00007d26fce02000] with protection modes 0
Event: 3894.774 Protecting memory [0x00007d26fcdfe000,0x00007d26fce02000] with protection modes 0
Event: 3895.665 Protecting memory [0x00007d26fcdfe000,0x00007d26fce02000] with protection modes 0
Event: 3901.067 Protecting memory [0x00007d26fcdfe000,0x00007d26fce02000] with protection modes 0
Event: 3901.075 Protecting memory [0x00007d26fcdfe000,0x00007d26fce02000] with protection modes 0
Event: 3901.235 Protecting memory [0x00007d26fcdfe000,0x00007d26fce02000] with protection modes 0
Event: 3901.684 Protecting memory [0x00007d26fcdfe000,0x00007d26fce02000] with protection modes 0
Event: 3903.063 Protecting memory [0x00007d26fcdfe000,0x00007d26fce02000] with protection modes 0
Event: 4011.626 Protecting memory [0x00007d26bae41000,0x00007d26bae45000] with protection modes 0
Event: 4049.055 Protecting memory [0x00007d26bae41000,0x00007d26bae45000] with protection modes 0
Event: 4049.399 Protecting memory [0x00007d26fc5f6000,0x00007d26fc5fa000] with protection modes 0
Event: 4049.756 Protecting memory [0x00007d26fc5f6000,0x00007d26fc5fa000] with protection modes 0

Nmethod flushes (20 events):
Event: 3816.505 Thread 0x00007d27580a4ed0 flushing  nmethod 0x00007d2748396810
Event: 3816.505 Thread 0x00007d27580a4ed0 flushing  nmethod 0x00007d27483aaf10
Event: 3816.505 Thread 0x00007d27580a4ed0 flushing  nmethod 0x00007d27483abf10
Event: 3816.505 Thread 0x00007d27580a4ed0 flushing  nmethod 0x00007d27483d1290
Event: 3816.505 Thread 0x00007d27580a4ed0 flushing  nmethod 0x00007d2748403090
Event: 3816.505 Thread 0x00007d27580a4ed0 flushing  nmethod 0x00007d2748404090
Event: 3816.505 Thread 0x00007d27580a4ed0 flushing  nmethod 0x00007d2748413490
Event: 3816.505 Thread 0x00007d27580a4ed0 flushing  nmethod 0x00007d2748440690
Event: 3816.505 Thread 0x00007d27580a4ed0 flushing  nmethod 0x00007d2748478790
Event: 3816.505 Thread 0x00007d27580a4ed0 flushing  nmethod 0x00007d2748484210
Event: 3816.505 Thread 0x00007d27580a4ed0 flushing  nmethod 0x00007d2748496710
Event: 3816.505 Thread 0x00007d27580a4ed0 flushing  nmethod 0x00007d274849a610
Event: 3816.505 Thread 0x00007d27580a4ed0 flushing  nmethod 0x00007d274849b310
Event: 3816.505 Thread 0x00007d27580a4ed0 flushing  nmethod 0x00007d274849ff90
Event: 3816.505 Thread 0x00007d27580a4ed0 flushing  nmethod 0x00007d27484ad990
Event: 3816.505 Thread 0x00007d27580a4ed0 flushing  nmethod 0x00007d27484df910
Event: 3816.505 Thread 0x00007d27580a4ed0 flushing  nmethod 0x00007d274857b090
Event: 3816.505 Thread 0x00007d27580a4ed0 flushing  nmethod 0x00007d27485e6c10
Event: 3816.505 Thread 0x00007d27580a4ed0 flushing  nmethod 0x00007d2748601b90
Event: 3816.505 Thread 0x00007d27580a4ed0 flushing  nmethod 0x00007d2748a24b90

Events (20 events):
Event: 3901.082 Thread 0x00007d26c4c2d420 Thread exited: 0x00007d26c4c2d420
Event: 3901.234 Thread 0x00007d275842a020 Thread added: 0x00007d26c4c2d420
Event: 3901.242 Thread 0x00007d26c4c2d420 Thread exited: 0x00007d26c4c2d420
Event: 3901.684 Thread 0x00007d275842a020 Thread added: 0x00007d26c4c2d420
Event: 3901.727 Thread 0x00007d26c4c2d420 Thread exited: 0x00007d26c4c2d420
Event: 3903.062 Thread 0x00007d275842a020 Thread added: 0x00007d26c4c2d420
Event: 3903.145 Thread 0x00007d26c4c2d420 Thread exited: 0x00007d26c4c2d420
Event: 3917.095 Thread 0x00007d26e4017ec0 Thread exited: 0x00007d26e4017ec0
Event: 3924.231 Thread 0x00007d26c4b57c50 Thread exited: 0x00007d26c4b57c50
Event: 3928.444 Thread 0x00007d26f00f5ee0 Thread exited: 0x00007d26f00f5ee0
Event: 3930.966 Thread 0x00007d26f8252af0 Thread exited: 0x00007d26f8252af0
Event: 3930.967 Thread 0x00007d26dc086f80 Thread exited: 0x00007d26dc086f80
Event: 3930.976 Thread 0x00007d26d53b9460 Thread exited: 0x00007d26d53b9460
Event: 4011.626 Thread 0x00007d26f823f1e0 Thread added: 0x00007d26d53b9460
Event: 4011.636 Thread 0x00007d26d53b9460 Thread exited: 0x00007d26d53b9460
Event: 4049.051 Thread 0x00007d275819cea0 Thread added: 0x00007d275840d8e0
Event: 4049.398 Thread 0x00007d26dc002690 Thread added: 0x00007d26f822ffb0
Event: 4049.421 Thread 0x00007d26f822ffb0 Thread exited: 0x00007d26f822ffb0
Event: 4049.756 Thread 0x00007d26dc002690 Thread added: 0x00007d26f822ffb0
Event: 4049.798 Thread 0x00007d26f822ffb0 Thread exited: 0x00007d26f822ffb0


Dynamic libraries:
c0000000-cce80000 rw-p 00000000 00:00 0 
cce80000-eab00000 ---p 00000000 00:00 0 
eab00000-eb500000 rw-p 00000000 00:00 0 
eb500000-100000000 ---p 00000000 00:00 0 
590046a5c000-590046a5d000 r-xp 00000000 00:2a 62033                      /home/willsonic3/.vscode/extensions/redhat.java-1.39.0-linux-x64/jre/21.0.5-linux-x86_64/bin/java
590046a5e000-590046a5f000 r--p 00001000 00:2a 62033                      /home/willsonic3/.vscode/extensions/redhat.java-1.39.0-linux-x64/jre/21.0.5-linux-x86_64/bin/java
590046a5f000-590046a60000 rw-p 00002000 00:2a 62033                      /home/willsonic3/.vscode/extensions/redhat.java-1.39.0-linux-x64/jre/21.0.5-linux-x86_64/bin/java
590047891000-590047a18000 rw-p 00000000 00:00 0                          [heap]
7d26b6000000-7d26b6580000 rw-p 00000000 00:00 0 
7d26b6580000-7d26b65e0000 rw-p 00000000 00:00 0 
7d26b65e0000-7d26b6600000 ---p 00000000 00:00 0 
7d26b6600000-7d26b6a20000 rw-p 00000000 00:00 0 
7d26b6a20000-7d26ba000000 ---p 00000000 00:00 0 
7d26ba538000-7d26ba53c000 ---p 00000000 00:00 0 
7d26ba53c000-7d26ba639000 rw-p 00000000 00:00 0 
7d26ba639000-7d26ba63d000 ---p 00000000 00:00 0 
7d26ba63d000-7d26ba73a000 rw-p 00000000 00:00 0 
7d26ba73a000-7d26ba73e000 ---p 00000000 00:00 0 
7d26ba73e000-7d26ba83b000 rw-p 00000000 00:00 0 
7d26ba83b000-7d26ba83f000 ---p 00000000 00:00 0 
7d26ba83f000-7d26ba93c000 rw-p 00000000 00:00 0 
7d26ba93c000-7d26ba940000 ---p 00000000 00:00 0 
7d26ba940000-7d26baa3d000 rw-p 00000000 00:00 0 
7d26baa3d000-7d26baa41000 ---p 00000000 00:00 0 
7d26baa41000-7d26bab3e000 rw-p 00000000 00:00 0 
7d26bab3e000-7d26bab42000 ---p 00000000 00:00 0 
7d26bab42000-7d26bac3f000 rw-p 00000000 00:00 0 
7d26bac3f000-7d26bac43000 ---p 00000000 00:00 0 
7d26bac43000-7d26bad40000 rw-p 00000000 00:00 0 
7d26bad40000-7d26bad44000 ---p 00000000 00:00 0 
7d26bad44000-7d26bae41000 rw-p 00000000 00:00 0 
7d26bae41000-7d26bae45000 ---p 00000000 00:00 0 
7d26bae45000-7d26baf42000 rw-p 00000000 00:00 0 
7d26baf42000-7d26baf46000 ---p 00000000 00:00 0 
7d26baf46000-7d26bb043000 rw-p 00000000 00:00 0 
7d26bb043000-7d26bb047000 ---p 00000000 00:00 0 
7d26bb047000-7d26bb144000 rw-p 00000000 00:00 0 
7d26bb144000-7d26bb148000 ---p 00000000 00:00 0 
7d26bb148000-7d26bb245000 rw-p 00000000 00:00 0 
7d26bb245000-7d26bb249000 ---p 00000000 00:00 0 
7d26bb249000-7d26bb346000 rw-p 00000000 00:00 0 
7d26bb346000-7d26bb34a000 ---p 00000000 00:00 0 
7d26bb34a000-7d26bb447000 rw-p 00000000 00:00 0 
7d26bb447000-7d26bb44b000 ---p 00000000 00:00 0 
7d26bb44b000-7d26bb548000 rw-p 00000000 00:00 0 
7d26bb548000-7d26bb54c000 ---p 00000000 00:00 0 
7d26bb54c000-7d26bb649000 rw-p 00000000 00:00 0 
7d26bb649000-7d26bb64d000 ---p 00000000 00:00 0 
7d26bb64d000-7d26bb74a000 rw-p 00000000 00:00 0 
7d26bb74a000-7d26bb74e000 ---p 00000000 00:00 0 
7d26bb74e000-7d26bb84b000 rw-p 00000000 00:00 0 
7d26bb84b000-7d26c4000000 r--s 00000000 00:2a 87410                      /usr/lib/jvm/jdk-23.0.2-oracle-x64/lib/modules
7d26c4000000-7d26c4d1d000 rw-p 00000000 00:00 0 
7d26c4d1d000-7d26c8000000 ---p 00000000 00:00 0 
7d26c8000000-7d26c8078000 rw-p 00000000 00:00 0 
7d26c8078000-7d26cc000000 ---p 00000000 00:00 0 
7d26cc000000-7d26cc023000 rw-p 00000000 00:00 0 
7d26cc023000-7d26d0000000 ---p 00000000 00:00 0 
7d26d0000000-7d26d0047000 rw-p 00000000 00:00 0 
7d26d0047000-7d26d4000000 ---p 00000000 00:00 0 
7d26d4000000-7d26d6d95000 rw-p 00000000 00:00 0 
7d26d6d95000-7d26d8000000 ---p 00000000 00:00 0 
7d26d8000000-7d26d94f1000 rw-p 00000000 00:00 0 
7d26d94f1000-7d26dc000000 ---p 00000000 00:00 0 
7d26dc000000-7d26dc0c8000 rw-p 00000000 00:00 0 
7d26dc0c8000-7d26e0000000 ---p 00000000 00:00 0 
7d26e0000000-7d26e0695000 rw-p 00000000 00:00 0 
7d26e0695000-7d26e4000000 ---p 00000000 00:00 0 
7d26e4000000-7d26e404c000 rw-p 00000000 00:00 0 
7d26e404c000-7d26e8000000 ---p 00000000 00:00 0 
7d26e8000000-7d26e8032000 rw-p 00000000 00:00 0 
7d26e8032000-7d26ec000000 ---p 00000000 00:00 0 
7d26ec000000-7d26ec104000 rw-p 00000000 00:00 0 
7d26ec104000-7d26f0000000 ---p 00000000 00:00 0 
7d26f0000000-7d26f015b000 rw-p 00000000 00:00 0 
7d26f015b000-7d26f4000000 ---p 00000000 00:00 0 
7d26f4000000-7d26f4400000 rw-p 00000000 00:00 0 
7d26f4400000-7d26f47e0000 rw-p 00000000 00:00 0 
7d26f47e0000-7d26f4900000 rw-p 00000000 00:00 0 
7d26f4900000-7d26f4b00000 rw-p 00000000 00:00 0 
7d26f4b00000-7d26f4c00000 rw-p 00000000 00:00 0 
7d26f4c00000-7d26f5100000 rw-p 00000000 00:00 0 
7d26f5100000-7d26f5200000 rw-p 00000000 00:00 0 
7d26f5200000-7d26f5b00000 rw-p 00000000 00:00 0 
7d26f5b00000-7d26f5c00000 rw-p 00000000 00:00 0 
7d26f5c00000-7d26f5d00000 rw-p 00000000 00:00 0 
7d26f5d00000-7d26f5e00000 rw-p 00000000 00:00 0 
7d26f5e00000-7d26f6700000 rw-p 00000000 00:00 0 
7d26f6700000-7d26f6800000 rw-p 00000000 00:00 0 
7d26f6800000-7d26f7700000 rw-p 00000000 00:00 0 
7d26f7700000-7d26f7800000 rw-p 00000000 00:00 0 
7d26f7800000-7d26f8000000 rw-p 00000000 00:00 0 
7d26f8000000-7d26f838e000 rw-p 00000000 00:00 0 
7d26f838e000-7d26fc000000 ---p 00000000 00:00 0 
7d26fc00a000-7d26fc00e000 ---p 00000000 00:00 0 
7d26fc00e000-7d26fc10b000 rw-p 00000000 00:00 0 
7d26fc10b000-7d26fc10f000 ---p 00000000 00:00 0 
7d26fc10f000-7d26fc3f4000 rw-p 00000000 00:00 0 
7d26fc3f4000-7d26fc3f8000 ---p 00000000 00:00 0 
7d26fc3f8000-7d26fc4f5000 rw-p 00000000 00:00 0 
7d26fc4f5000-7d26fc4f9000 ---p 00000000 00:00 0 
7d26fc4f9000-7d26fc5f6000 rw-p 00000000 00:00 0 
7d26fc5f6000-7d26fc5fa000 ---p 00000000 00:00 0 
7d26fc5fa000-7d26fc6f7000 rw-p 00000000 00:00 0 
7d26fc6f7000-7d26fc6fb000 ---p 00000000 00:00 0 
7d26fc6fb000-7d26fc7f8000 rw-p 00000000 00:00 0 
7d26fc7f8000-7d26fc7fc000 ---p 00000000 00:00 0 
7d26fc7fc000-7d26fc8f9000 rw-p 00000000 00:00 0 
7d26fc8f9000-7d26fc8fd000 ---p 00000000 00:00 0 
7d26fc8fd000-7d26fc9fa000 rw-p 00000000 00:00 0 
7d26fc9fa000-7d26fc9fe000 ---p 00000000 00:00 0 
7d26fc9fe000-7d26fcafb000 rw-p 00000000 00:00 0 
7d26fcafb000-7d26fcaff000 ---p 00000000 00:00 0 
7d26fcaff000-7d26fcbfc000 rw-p 00000000 00:00 0 
7d26fcbfc000-7d26fcc00000 ---p 00000000 00:00 0 
7d26fcc00000-7d26fccfd000 rw-p 00000000 00:00 0 
7d26fccfd000-7d26fcd01000 ---p 00000000 00:00 0 
7d26fcd01000-7d26fcdfe000 rw-p 00000000 00:00 0 
7d26fcdfe000-7d26fce02000 ---p 00000000 00:00 0 
7d26fce02000-7d26fceff000 rw-p 00000000 00:00 0 
7d26fceff000-7d26fcf03000 ---p 00000000 00:00 0 
7d26fcf03000-7d26fd000000 rw-p 00000000 00:00 0 
7d26fd000000-7d26fdbb8000 rw-p 00001000 00:2a 65996                      /home/willsonic3/.vscode/extensions/redhat.java-1.39.0-linux-x64/jre/21.0.5-linux-x86_64/lib/server/classes.jsa
7d26fdbb8000-7d26fe000000 ---p 00000000 00:00 0 
7d26fe000000-7d26fe040000 rw-p 00000000 00:00 0 
7d26fe040000-7d26fe0c0000 rw-p 00000000 00:00 0 
7d26fe0c0000-7d26fe100000 rw-p 00000000 00:00 0 
7d26fe100000-7d26fe240000 rw-p 00000000 00:00 0 
7d26fe240000-7d26fe280000 rw-p 00000000 00:00 0 
7d26fe280000-7d26fe470000 rw-p 00000000 00:00 0 
7d26fe470000-7d26fe480000 ---p 00000000 00:00 0 
7d26fe480000-7d26fe880000 rw-p 00000000 00:00 0 
7d26fe880000-7d273e000000 ---p 00000000 00:00 0 
7d273e000000-7d2740000000 rw-p 00000000 00:00 0 
7d2740000000-7d27404c0000 rw-p 00000000 00:00 0 
7d27404c0000-7d2744000000 ---p 00000000 00:00 0 
7d2744025000-7d2744029000 ---p 00000000 00:00 0 
7d2744029000-7d2744126000 rw-p 00000000 00:00 0 
7d2744126000-7d274412a000 ---p 00000000 00:00 0 
7d274412a000-7d2744227000 rw-p 00000000 00:00 0 
7d2744227000-7d274422b000 ---p 00000000 00:00 0 
7d274422b000-7d2744328000 rw-p 00000000 00:00 0 
7d2744328000-7d274432c000 ---p 00000000 00:00 0 
7d274432c000-7d2744429000 rw-p 00000000 00:00 0 
7d2744429000-7d274442d000 ---p 00000000 00:00 0 
7d274442d000-7d274452a000 rw-p 00000000 00:00 0 
7d274452a000-7d274452b000 ---p 00000000 00:00 0 
7d274452b000-7d274462b000 rw-p 00000000 00:00 0 
7d274462b000-7d274462f000 ---p 00000000 00:00 0 
7d274462f000-7d274472c000 rw-p 00000000 00:00 0 
7d274472c000-7d2744739000 r-xp 00000000 00:2a 63831                      /home/willsonic3/.vscode/extensions/redhat.java-1.39.0-linux-x64/jre/21.0.5-linux-x86_64/lib/libverify.so
7d2744739000-7d274473b000 r--p 0000c000 00:2a 63831                      /home/willsonic3/.vscode/extensions/redhat.java-1.39.0-linux-x64/jre/21.0.5-linux-x86_64/lib/libverify.so
7d274473b000-7d274473c000 rw-p 0000e000 00:2a 63831                      /home/willsonic3/.vscode/extensions/redhat.java-1.39.0-linux-x64/jre/21.0.5-linux-x86_64/lib/libverify.so
7d274473c000-7d2744748000 r-xp 00000000 00:2a 63806                      /home/willsonic3/.vscode/extensions/redhat.java-1.39.0-linux-x64/jre/21.0.5-linux-x86_64/lib/libnet.so
7d2744748000-7d2744749000 r--p 0000b000 00:2a 63806                      /home/willsonic3/.vscode/extensions/redhat.java-1.39.0-linux-x64/jre/21.0.5-linux-x86_64/lib/libnet.so
7d2744749000-7d274474a000 rw-p 0000c000 00:2a 63806                      /home/willsonic3/.vscode/extensions/redhat.java-1.39.0-linux-x64/jre/21.0.5-linux-x86_64/lib/libnet.so
7d274474a000-7d274475e000 r-xp 00000000 00:2a 63808                      /home/willsonic3/.vscode/extensions/redhat.java-1.39.0-linux-x64/jre/21.0.5-linux-x86_64/lib/libnio.so
7d274475e000-7d274475f000 r--p 00013000 00:2a 63808                      /home/willsonic3/.vscode/extensions/redhat.java-1.39.0-linux-x64/jre/21.0.5-linux-x86_64/lib/libnio.so
7d274475f000-7d2744760000 rw-p 00014000 00:2a 63808                      /home/willsonic3/.vscode/extensions/redhat.java-1.39.0-linux-x64/jre/21.0.5-linux-x86_64/lib/libnio.so
7d2744760000-7d2744764000 ---p 00000000 00:00 0 
7d2744764000-7d2744861000 rw-p 00000000 00:00 0 
7d2744861000-7d2744865000 ---p 00000000 00:00 0 
7d2744865000-7d2744962000 rw-p 00000000 00:00 0 
7d2744962000-7d2744966000 ---p 00000000 00:00 0 
7d2744966000-7d2744a63000 rw-p 00000000 00:00 0 
7d2744a63000-7d2744a67000 ---p 00000000 00:00 0 
7d2744a67000-7d2744b64000 rw-p 00000000 00:00 0 
7d2744b64000-7d2744b68000 ---p 00000000 00:00 0 
7d2744b68000-7d2744c65000 rw-p 00000000 00:00 0 
7d2744c65000-7d2744c69000 ---p 00000000 00:00 0 
7d2744c69000-7d2744d66000 rw-p 00000000 00:00 0 
7d2744d66000-7d2744d6a000 ---p 00000000 00:00 0 
7d2744d6a000-7d2744e67000 rw-p 00000000 00:00 0 
7d2744e67000-7d2744e6b000 ---p 00000000 00:00 0 
7d2744e6b000-7d2744f68000 rw-p 00000000 00:00 0 
7d2744f68000-7d274524f000 r--p 00000000 00:2a 2162                       /usr/lib/locale/locale-archive
7d274524f000-7d2745250000 ---p 00000000 00:00 0 
7d2745250000-7d2745956000 rw-p 00000000 00:00 0 
7d2745956000-7d2745957000 ---p 00000000 00:00 0 
7d2745957000-7d2745d33000 rw-p 00000000 00:00 0 
7d2745d33000-7d2748a63000 rwxp 00000000 00:00 0 
7d2748a63000-7d274d26b000 ---p 00000000 00:00 0 
7d274d26b000-7d274d4db000 rwxp 00000000 00:00 0 
7d274d4db000-7d274d7fa000 ---p 00000000 00:00 0 
7d274d7fa000-7d274e68a000 rwxp 00000000 00:00 0 
7d274e68a000-7d2754d33000 ---p 00000000 00:00 0 
7d2754d33000-7d2758000000 r--s 00000000 00:2a 63838                      /home/willsonic3/.vscode/extensions/redhat.java-1.39.0-linux-x64/jre/21.0.5-linux-x86_64/lib/modules
7d2758000000-7d275845a000 rw-p 00000000 00:00 0 
7d275845a000-7d275c000000 ---p 00000000 00:00 0 
7d275c008000-7d275c023000 r-xp 00000000 00:2a 63834                      /home/willsonic3/.vscode/extensions/redhat.java-1.39.0-linux-x64/jre/21.0.5-linux-x86_64/lib/libzip.so
7d275c023000-7d275c024000 r--p 0001a000 00:2a 63834                      /home/willsonic3/.vscode/extensions/redhat.java-1.39.0-linux-x64/jre/21.0.5-linux-x86_64/lib/libzip.so
7d275c024000-7d275c025000 rw-p 0001b000 00:2a 63834                      /home/willsonic3/.vscode/extensions/redhat.java-1.39.0-linux-x64/jre/21.0.5-linux-x86_64/lib/libzip.so
7d275c025000-7d275c0e2000 rw-p 00000000 00:00 0 
7d275c0e2000-7d275c1d0000 ---p 00000000 00:00 0 
7d275c1d0000-7d275c1d1000 ---p 00000000 00:00 0 
7d275c1d1000-7d275c339000 rw-p 00000000 00:00 0 
7d275c339000-7d275c426000 ---p 00000000 00:00 0 
7d275c426000-7d275c42c000 rw-p 00000000 00:00 0 
7d275c42c000-7d275c4d2000 ---p 00000000 00:00 0 
7d275c4d2000-7d275c4f0000 rw-p 00000000 00:00 0 
7d275c4f0000-7d275c5bd000 ---p 00000000 00:00 0 
7d275c5bd000-7d275c618000 rw-p 00000000 00:00 0 
7d275c618000-7d275c6a8000 ---p 00000000 00:00 0 
7d275c6a8000-7d275c6ad000 rw-p 00000000 00:00 0 
7d275c6ad000-7d275c6b4000 ---p 00000000 00:00 0 
7d275c6b4000-7d275c6b7000 r--p 00000000 00:2a 102437                     /usr/lib/x86_64-linux-gnu/libnss_files-2.31.so
7d275c6b7000-7d275c6be000 r-xp 00003000 00:2a 102437                     /usr/lib/x86_64-linux-gnu/libnss_files-2.31.so
7d275c6be000-7d275c6c0000 r--p 0000a000 00:2a 102437                     /usr/lib/x86_64-linux-gnu/libnss_files-2.31.so
7d275c6c0000-7d275c6c1000 r--p 0000b000 00:2a 102437                     /usr/lib/x86_64-linux-gnu/libnss_files-2.31.so
7d275c6c1000-7d275c6c2000 rw-p 0000c000 00:2a 102437                     /usr/lib/x86_64-linux-gnu/libnss_files-2.31.so
7d275c6c2000-7d275c6c8000 rw-p 00000000 00:00 0 
7d275c6c9000-7d275c6d1000 rw-s 00000000 00:2a 144739                     /tmp/hsperfdata_willsonic3/894
7d275c6d1000-7d275c6f1000 r-xp 00000000 00:2a 63741                      /home/willsonic3/.vscode/extensions/redhat.java-1.39.0-linux-x64/jre/21.0.5-linux-x86_64/lib/libjava.so
7d275c6f1000-7d275c6f2000 ---p 00020000 00:2a 63741                      /home/willsonic3/.vscode/extensions/redhat.java-1.39.0-linux-x64/jre/21.0.5-linux-x86_64/lib/libjava.so
7d275c6f2000-7d275c6f3000 r--p 00020000 00:2a 63741                      /home/willsonic3/.vscode/extensions/redhat.java-1.39.0-linux-x64/jre/21.0.5-linux-x86_64/lib/libjava.so
7d275c6f3000-7d275c6f4000 rw-p 00021000 00:2a 63741                      /home/willsonic3/.vscode/extensions/redhat.java-1.39.0-linux-x64/jre/21.0.5-linux-x86_64/lib/libjava.so
7d275c6f4000-7d275c6f5000 rw-p 00000000 00:00 0 
7d275c6f5000-7d275c6ff000 r-xp 00000000 00:2a 63719                      /home/willsonic3/.vscode/extensions/redhat.java-1.39.0-linux-x64/jre/21.0.5-linux-x86_64/lib/libinstrument.so
7d275c6ff000-7d275c700000 ---p 0000a000 00:2a 63719                      /home/willsonic3/.vscode/extensions/redhat.java-1.39.0-linux-x64/jre/21.0.5-linux-x86_64/lib/libinstrument.so
7d275c700000-7d275c701000 r--p 0000a000 00:2a 63719                      /home/willsonic3/.vscode/extensions/redhat.java-1.39.0-linux-x64/jre/21.0.5-linux-x86_64/lib/libinstrument.so
7d275c701000-7d275c702000 rw-p 0000b000 00:2a 63719                      /home/willsonic3/.vscode/extensions/redhat.java-1.39.0-linux-x64/jre/21.0.5-linux-x86_64/lib/libinstrument.so
7d275c702000-7d275c71d000 r-xp 00000000 00:2a 63762                      /home/willsonic3/.vscode/extensions/redhat.java-1.39.0-linux-x64/jre/21.0.5-linux-x86_64/lib/libjimage.so
7d275c71d000-7d275c71e000 ---p 0001b000 00:2a 63762                      /home/willsonic3/.vscode/extensions/redhat.java-1.39.0-linux-x64/jre/21.0.5-linux-x86_64/lib/libjimage.so
7d275c71e000-7d275c720000 r--p 0001b000 00:2a 63762                      /home/willsonic3/.vscode/extensions/redhat.java-1.39.0-linux-x64/jre/21.0.5-linux-x86_64/lib/libjimage.so
7d275c720000-7d275c721000 rw-p 0001d000 00:2a 63762                      /home/willsonic3/.vscode/extensions/redhat.java-1.39.0-linux-x64/jre/21.0.5-linux-x86_64/lib/libjimage.so
7d275c721000-7d275c725000 ---p 00000000 00:00 0 
7d275c725000-7d275c822000 rw-p 00000000 00:00 0 
7d275c822000-7d275c82f000 r--p 00000000 00:2a 102431                     /usr/lib/x86_64-linux-gnu/libm-2.31.so
7d275c82f000-7d275c8c9000 r-xp 0000d000 00:2a 102431                     /usr/lib/x86_64-linux-gnu/libm-2.31.so
7d275c8c9000-7d275c964000 r--p 000a7000 00:2a 102431                     /usr/lib/x86_64-linux-gnu/libm-2.31.so
7d275c964000-7d275c965000 r--p 00141000 00:2a 102431                     /usr/lib/x86_64-linux-gnu/libm-2.31.so
7d275c965000-7d275c966000 rw-p 00142000 00:2a 102431                     /usr/lib/x86_64-linux-gnu/libm-2.31.so
7d275c966000-7d275c968000 r--p 00000000 00:2a 102442                     /usr/lib/x86_64-linux-gnu/librt-2.31.so
7d275c968000-7d275c96c000 r-xp 00002000 00:2a 102442                     /usr/lib/x86_64-linux-gnu/librt-2.31.so
7d275c96c000-7d275c96e000 r--p 00006000 00:2a 102442                     /usr/lib/x86_64-linux-gnu/librt-2.31.so
7d275c96e000-7d275c96f000 r--p 00007000 00:2a 102442                     /usr/lib/x86_64-linux-gnu/librt-2.31.so
7d275c96f000-7d275c970000 rw-p 00008000 00:2a 102442                     /usr/lib/x86_64-linux-gnu/librt-2.31.so
7d275c970000-7d275dd84000 r-xp 00000000 00:2a 66317                      /home/willsonic3/.vscode/extensions/redhat.java-1.39.0-linux-x64/jre/21.0.5-linux-x86_64/lib/server/libjvm.so
7d275dd84000-7d275dd85000 ---p 01414000 00:2a 66317                      /home/willsonic3/.vscode/extensions/redhat.java-1.39.0-linux-x64/jre/21.0.5-linux-x86_64/lib/server/libjvm.so
7d275dd85000-7d275de59000 r--p 01414000 00:2a 66317                      /home/willsonic3/.vscode/extensions/redhat.java-1.39.0-linux-x64/jre/21.0.5-linux-x86_64/lib/server/libjvm.so
7d275de59000-7d275de89000 rw-p 014e8000 00:2a 66317                      /home/willsonic3/.vscode/extensions/redhat.java-1.39.0-linux-x64/jre/21.0.5-linux-x86_64/lib/server/libjvm.so
7d275de89000-7d275def1000 rw-p 00000000 00:00 0 
7d275def1000-7d275df13000 r--p 00000000 00:2a 102429                     /usr/lib/x86_64-linux-gnu/libc-2.31.so
7d275df13000-7d275e06c000 r-xp 00022000 00:2a 102429                     /usr/lib/x86_64-linux-gnu/libc-2.31.so
7d275e06c000-7d275e0bb000 r--p 0017b000 00:2a 102429                     /usr/lib/x86_64-linux-gnu/libc-2.31.so
7d275e0bb000-7d275e0bf000 r--p 001c9000 00:2a 102429                     /usr/lib/x86_64-linux-gnu/libc-2.31.so
7d275e0bf000-7d275e0c1000 rw-p 001cd000 00:2a 102429                     /usr/lib/x86_64-linux-gnu/libc-2.31.so
7d275e0c1000-7d275e0c5000 rw-p 00000000 00:00 0 
7d275e0c5000-7d275e0c6000 r--p 00000000 00:2a 102430                     /usr/lib/x86_64-linux-gnu/libdl-2.31.so
7d275e0c6000-7d275e0c8000 r-xp 00001000 00:2a 102430                     /usr/lib/x86_64-linux-gnu/libdl-2.31.so
7d275e0c8000-7d275e0c9000 r--p 00003000 00:2a 102430                     /usr/lib/x86_64-linux-gnu/libdl-2.31.so
7d275e0c9000-7d275e0ca000 r--p 00003000 00:2a 102430                     /usr/lib/x86_64-linux-gnu/libdl-2.31.so
7d275e0ca000-7d275e0cb000 rw-p 00004000 00:2a 102430                     /usr/lib/x86_64-linux-gnu/libdl-2.31.so
7d275e0cb000-7d275e0d1000 r--p 00000000 00:2a 102440                     /usr/lib/x86_64-linux-gnu/libpthread-2.31.so
7d275e0d1000-7d275e0e1000 r-xp 00006000 00:2a 102440                     /usr/lib/x86_64-linux-gnu/libpthread-2.31.so
7d275e0e1000-7d275e0e7000 r--p 00016000 00:2a 102440                     /usr/lib/x86_64-linux-gnu/libpthread-2.31.so
7d275e0e7000-7d275e0e8000 r--p 0001b000 00:2a 102440                     /usr/lib/x86_64-linux-gnu/libpthread-2.31.so
7d275e0e8000-7d275e0e9000 rw-p 0001c000 00:2a 102440                     /usr/lib/x86_64-linux-gnu/libpthread-2.31.so
7d275e0e9000-7d275e0ed000 rw-p 00000000 00:00 0 
7d275e0ed000-7d275e0f4000 r--s 00000000 00:2a 102694                     /usr/lib/x86_64-linux-gnu/gconv/gconv-modules.cache
7d275e0f4000-7d275e0f5000 ---p 00000000 00:00 0 
7d275e0f5000-7d275e0f6000 r--p 00000000 00:00 0 
7d275e0f6000-7d275e10f000 r-xp 00000000 00:2a 63765                      /home/willsonic3/.vscode/extensions/redhat.java-1.39.0-linux-x64/jre/21.0.5-linux-x86_64/lib/libjli.so
7d275e10f000-7d275e110000 r--p 00018000 00:2a 63765                      /home/willsonic3/.vscode/extensions/redhat.java-1.39.0-linux-x64/jre/21.0.5-linux-x86_64/lib/libjli.so
7d275e110000-7d275e111000 rw-p 00019000 00:2a 63765                      /home/willsonic3/.vscode/extensions/redhat.java-1.39.0-linux-x64/jre/21.0.5-linux-x86_64/lib/libjli.so
7d275e111000-7d275e113000 rw-p 00000000 00:00 0 
7d275e113000-7d275e114000 r--p 00000000 00:2a 102425                     /usr/lib/x86_64-linux-gnu/ld-2.31.so
7d275e114000-7d275e134000 r-xp 00001000 00:2a 102425                     /usr/lib/x86_64-linux-gnu/ld-2.31.so
7d275e134000-7d275e13c000 r--p 00021000 00:2a 102425                     /usr/lib/x86_64-linux-gnu/ld-2.31.so
7d275e13c000-7d275e13d000 ---p 00000000 00:00 0 
7d275e13d000-7d275e13e000 r--p 00029000 00:2a 102425                     /usr/lib/x86_64-linux-gnu/ld-2.31.so
7d275e13e000-7d275e13f000 rw-p 0002a000 00:2a 102425                     /usr/lib/x86_64-linux-gnu/ld-2.31.so
7d275e13f000-7d275e140000 rw-p 00000000 00:00 0 
7fff67a41000-7fff67a62000 rw-p 00000000 00:00 0                          [stack]
7fff67ac1000-7fff67ac5000 r--p 00000000 00:00 0                          [vvar]
7fff67ac5000-7fff67ac7000 r-xp 00000000 00:00 0                          [vdso]
ffffffffff600000-ffffffffff601000 --xp 00000000 00:00 0                  [vsyscall]
Total number of mappings: 277


VM Arguments:
jvm_args: --add-modules=ALL-SYSTEM --add-opens=java.base/java.util=ALL-UNNAMED --add-opens=java.base/java.lang=ALL-UNNAMED --add-opens=java.base/sun.nio.fs=ALL-UNNAMED -Declipse.application=org.eclipse.jdt.ls.core.id1 -Dosgi.bundles.defaultStartLevel=4 -Declipse.product=org.eclipse.jdt.ls.core.product -Djava.import.generatesMetadataFilesAtProjectRoot=false -DDetectVMInstallationsJob.disabled=true -Dfile.encoding=utf8 -XX:+UseParallelGC -XX:GCTimeRatio=4 -XX:AdaptiveSizePolicyWeight=90 -Dsun.zip.disableMemoryMapping=true -Xmx1G -Xms100m -Xlog:disable -javaagent:/home/willsonic3/.vscode/extensions/redhat.java-1.39.0-linux-x64/lombok/lombok-1.18.34.jar -XX:+HeapDumpOnOutOfMemoryError -XX:HeapDumpPath=/home/willsonic3/.config/Code/User/workspaceStorage/6d8234357a5991e2a9fefcf8a362a54d/redhat.java -Daether.dependencyCollector.impl=bf 
java_command: /home/willsonic3/.vscode/extensions/redhat.java-1.39.0-linux-x64/server/plugins/org.eclipse.equinox.launcher_1.6.900.v20240613-2009.jar -configuration /home/willsonic3/.config/Code/User/globalStorage/redhat.java/1.39.0/config_linux -data /home/willsonic3/.config/Code/User/workspaceStorage/6d8234357a5991e2a9fefcf8a362a54d/redhat.java/jdt_ws --pipe=/run/user/1000/lsp-9306bf160a5811424a4c6ec97fcde61e.sock
java_class_path (initial): /home/willsonic3/.vscode/extensions/redhat.java-1.39.0-linux-x64/server/plugins/org.eclipse.equinox.launcher_1.6.900.v20240613-2009.jar
Launcher Type: SUN_STANDARD

[Global flags]
    uintx AdaptiveSizePolicyWeight                 = 90                                        {product} {command line}
     intx CICompilerCount                          = 2                                         {product} {ergonomic}
    uintx GCTimeRatio                              = 4                                         {product} {command line}
     bool HeapDumpOnOutOfMemoryError               = true                                   {manageable} {command line}
    ccstr HeapDumpPath                             = /home/willsonic3/.config/Code/User/workspaceStorage/6d8234357a5991e2a9fefcf8a362a54d/redhat.java         {manageable} {command line}
   size_t InitialHeapSize                          = 104857600                                 {product} {command line}
   size_t MaxHeapSize                              = 1073741824                                {product} {command line}
   size_t MaxNewSize                               = 357564416                                 {product} {ergonomic}
   size_t MinHeapDeltaBytes                        = 524288                                    {product} {ergonomic}
   size_t MinHeapSize                              = 104857600                                 {product} {command line}
   size_t NewSize                                  = 34603008                                  {product} {ergonomic}
    uintx NonNMethodCodeHeapSize                   = 5826188                                {pd product} {ergonomic}
    uintx NonProfiledCodeHeapSize                  = 122916026                              {pd product} {ergonomic}
   size_t OldSize                                  = 70254592                                  {product} {ergonomic}
    uintx ProfiledCodeHeapSize                     = 122916026                              {pd product} {ergonomic}
    uintx ReservedCodeCacheSize                    = 251658240                              {pd product} {ergonomic}
     bool SegmentedCodeCache                       = true                                      {product} {ergonomic}
   size_t SoftMaxHeapSize                          = 1073741824                             {manageable} {ergonomic}
     bool UseCompressedOops                        = true                           {product lp64_product} {ergonomic}
     bool UseParallelGC                            = true                                      {product} {command line}

Logging:
Log output configuration:
 #0: stdout all=off uptime,level,tags foldmultilines=false
 #1: stderr all=off uptime,level,tags foldmultilines=false

Environment Variables:
PATH=/home/willsonic3/BRICK-BREAKER-JAVA/Maven/apache-maven-3.9.9/bin:/usr/local/bin:/usr/bin:/bin:/usr/local/games:/usr/games
XDG_CONFIG_HOME=/home/willsonic3/.config
SHELL=/bin/bash
DISPLAY=:0
LANG=en_US.UTF-8

Active Locale:
LC_ALL=en_US.UTF-8
LC_COLLATE=en_US.UTF-8
LC_CTYPE=en_US.UTF-8
LC_MESSAGES=en_US.UTF-8
LC_MONETARY=en_US.UTF-8
LC_NUMERIC=en_US.UTF-8
LC_TIME=en_US.UTF-8

Signal Handlers:
   SIGSEGV: crash_handler in libjvm.so, mask=11100100010111111101111111111110, flags=SA_RESTART|SA_SIGINFO, unblocked
    SIGBUS: crash_handler in libjvm.so, mask=11100100010111111101111111111110, flags=SA_RESTART|SA_SIGINFO, unblocked
    SIGFPE: crash_handler in libjvm.so, mask=11100100010111111101111111111110, flags=SA_RESTART|SA_SIGINFO, unblocked
   SIGPIPE: javaSignalHandler in libjvm.so, mask=11100100010111111101111111111110, flags=SA_RESTART|SA_SIGINFO, blocked
   SIGXFSZ: javaSignalHandler in libjvm.so, mask=11100100010111111101111111111110, flags=SA_RESTART|SA_SIGINFO, blocked
    SIGILL: crash_handler in libjvm.so, mask=11100100010111111101111111111110, flags=SA_RESTART|SA_SIGINFO, unblocked
   SIGUSR2: SR_handler in libjvm.so, mask=00000000000000000000000000000000, flags=SA_RESTART|SA_SIGINFO, blocked
    SIGHUP: UserHandler in libjvm.so, mask=11100100010111111101111111111110, flags=SA_RESTART|SA_SIGINFO, blocked
    SIGINT: UserHandler in libjvm.so, mask=11100100010111111101111111111110, flags=SA_RESTART|SA_SIGINFO, blocked
   SIGTERM: UserHandler in libjvm.so, mask=11100100010111111101111111111110, flags=SA_RESTART|SA_SIGINFO, blocked
   SIGQUIT: UserHandler in libjvm.so, mask=11100100010111111101111111111110, flags=SA_RESTART|SA_SIGINFO, blocked
   SIGTRAP: crash_handler in libjvm.so, mask=11100100010111111101111111111110, flags=SA_RESTART|SA_SIGINFO, unblocked


Periodic native trim disabled

---------------  S Y S T E M  ---------------

OS:
PRETTY_NAME="Debian GNU/Linux 11 (bullseye)"
NAME="Debian GNU/Linux"
VERSION_ID="11"
VERSION="11 (bullseye)"
VERSION_CODENAME=bullseye
ID=debian
HOME_URL="https://www.debian.org/"
SUPPORT_URL="https://www.debian.org/support"
BUG_REPORT_URL="https://bugs.debian.org/"
uname: Linux 5.10.114-16025-ge75506b9d98e #1 SMP PREEMPT Sat Jul 16 18:54:29 PDT 2022 x86_64
OS uptime: 0 days 1:10 hours
libc: glibc 2.31 NPTL 2.31 
rlimit (soft/hard): STACK 8192k/infinity , CORE 0k/infinity , NPROC 11324/11324 , NOFILE 1048576/1048576 , AS infinity/infinity , CPU infinity/infinity , DATA infinity/infinity , FSIZE infinity/infinity , MEMLOCK infinity/infinity
load average: 0.68 1.20 1.18

/proc/meminfo:
MemTotal:        2903816 kB
MemFree:         2882108 kB
MemAvailable:    2899268 kB
Buffers:               0 kB
Cached:            17160 kB
SwapCached:            0 kB
Active:            12076 kB
Inactive:           7972 kB
Active(anon):          0 kB
Inactive(anon):     2904 kB
Active(file):      12076 kB
Inactive(file):     5068 kB
Unevictable:           0 kB
Mlocked:               0 kB
SwapTotal:             0 kB
SwapFree:              0 kB
Dirty:               372 kB
Writeback:             0 kB
AnonPages:       1199732 kB
Mapped:           402948 kB
Shmem:                 0 kB
KReclaimable:      29572 kB
Slab:               0 kB
SReclaimable:          0 kB
SUnreclaim:            0 kB
KernelStack:        5696 kB
PageTables:        12824 kB
NFS_Unstable:          0 kB
Bounce:                0 kB
WritebackTmp:          0 kB
CommitLimit:     1451908 kB
Committed_AS:    6354028 kB
VmallocTotal:   34359738367 kB
VmallocUsed:        8424 kB
VmallocChunk:          0 kB
Percpu:              840 kB
AnonHugePages:         0 kB
ShmemHugePages:        0 kB
ShmemPmdMapped:        0 kB
FileHugePages:         0 kB
FilePmdMapped:         0 kB
HugePages_Total:       0
HugePages_Free:        0
HugePages_Rsvd:        0
HugePages_Surp:        0
Hugepagesize:       2048 kB
Hugetlb:               0 kB
DirectMap4k:       98304 kB
DirectMap2M:     3311616 kB

/sys/kernel/mm/transparent_hugepage/enabled: always [madvise] never
/sys/kernel/mm/transparent_hugepage/hpage_pmd_size: 2097152
/sys/kernel/mm/transparent_hugepage/defrag (defrag/compaction efforts parameter): always defer defer+madvise [madvise] never

Process Memory:
Virtual Size: 3798532K (peak: 3806664K)
Resident Set Size: 643992K (peak: 1138856K) (anon: 508972K, file: 135020K, shmem: 0K)
Swapped out: 0K
C-Heap outstanding allocations: 56357K, retained: 52606K
glibc malloc tunables: (default)

/proc/sys/kernel/threads-max (system-wide limit on the number of threads): 22648
/proc/sys/vm/max_map_count (maximum number of memory map areas a process may have): 262144
/proc/sys/vm/swappiness (control to define how aggressively the kernel swaps out anonymous memory): 60
/proc/sys/kernel/pid_max (system-wide limit on number of process identifiers): 32768

container (cgroup) information:
container_type: cgroupv1
cpu_cpuset_cpus: 0-1
cpu_memory_nodes: 0
active_processor_count: 2
cpu_quota: no quota
cpu_period: 100000
cpu_shares: no shares
memory_limit_in_bytes: unlimited
memory_and_swap_limit_in_bytes: unlimited
memory_soft_limit_in_bytes: unlimited
memory_usage_in_bytes: 1840868 k
memory_max_usage_in_bytes: 2382100 k
kernel_memory_usage_in_bytes: 28456 k
kernel_memory_max_usage_in_bytes: unlimited
kernel_memory_limit_in_bytes: 36088 k
maximum number of tasks: unlimited
current number of tasks: 204

KVM virtualization detected
Steal ticks since vm start: 106620
Steal ticks percentage since vm start:  0.132

CPU: total 2 (initial active 2) (2 cores per cpu, 1 threads per core) family 6 model 76 stepping 4 microcode 0x1, cx8, cmov, fxsr, mmx, 3dnowpref, sse, sse2, sse3, ssse3, sse4.1, sse4.2, popcnt, tsc, tscinvbit, aes, erms, clmul, clflush, hv, rdtscp
CPU Model and flags from /proc/cpuinfo:
model name	: Intel(R) Celeron(R) CPU  N3060  @ 1.60GHz
flags		: fpu vme de pse tsc msr pae mce cx8 apic sep mtrr pge mca cmov pat pse36 clflush mmx fxsr sse sse2 ss ht syscall nx rdtscp lm constant_tsc arch_perfmon rep_good nopl xtopology nonstop_tsc cpuid tsc_known_freq pni pclmulqdq vmx ssse3 cx16 sse4_1 sse4_2 x2apic movbe popcnt tsc_deadline_timer aes rdrand hypervisor lahf_lm 3dnowprefetch cpuid_fault pti ibrs ibpb stibp tpr_shadow vnmi flexpriority ept vpid tsc_adjust smep erms arat umip md_clear arch_capabilities

Online cpus: 0-1
Offline cpus: 
BIOS frequency limitation: <Not Available>
Frequency switch latency (ns): <Not Available>
Available cpu frequencies: <Not Available>
Current governor: <Not Available>
Core performance/turbo boost: <Not Available>

Memory: 4k page, physical 2903816k(2899268k free), swap 0k(0k free)
Page Sizes: 4k

vm_info: OpenJDK 64-Bit Server VM (21.0.5+11-LTS) for linux-amd64 JRE (21.0.5+11-LTS), built on 2024-10-15T00:00:00Z by "admin" with gcc 11.3.0

END.
